                  0 XNNNNNNNNNNNUUNX
                  3 TNNNNNNNNNNNUUNT
                 50 TNNNNNNNNNNNDUNT
                 80 TDDDDUUUUDUUDDDT
                 83 LDDDDUUUUDUUDDDL
                100 LDDDDUUUUDUUUDDL
                150 LDDDDUUUUDUUDDDL
                180 LDDDDDUUUDUUDDUL
                200 LDDDDDUUUDUUUDUL
                211 HDDDDDUUUDUUUDUH
                250 HDDDDDUUUDUUDDUH
                280 HDDDDUUUUDUUDDDH
                300 HDDDDUUUUDUUUDDH
                350 HDDDDUUUUDUUDDDH
                380 HDDDDDUUUDUUDDDH
                400 HDDDDDUUUDUUUDDH
                411 LDDDDDUUUDUUUDDL
                450 LDDDDDUUUDUUDDDL
                480 LDDDDUUUUDUUDDDL
                500 LDDDDUUUUDUUUDDL
                550 LDDDDUUUUDUUDDDL
                580 LDDDDUDUUDUUDDUL
                600 LDDDDUDUUDUUUDUL
                650 LDDDDUDUUDUUDDUL
                680 LDDDDUUUUDUUDDDL
                700 LDDDDUUUUDUUUDDL
                750 LDDDDUUUUDUUDDDL
                780 LDDDDUDUUDUUDDDL
                800 LDDDDUDUUDUUUDDL
                850 LDDDDUDUUDUUDDDL
                880 LDDDDUUUUDUUDDDL
                900 LDDDDUUUUDUUUDDL
                950 LDDDDUUUUDUUDDDL
                980 LDDDDUUDUDUUDDUL
               1000 LDDDDUUDUDUUUDUL
               1050 LDDDDUUDUDUUDDUL
               1080 LDDDDUUUUDUUDDDL
               1100 LDDDDUUUUDUUUDDL
               1150 LDDDDUUUUDUUDDDL
               1180 LDDDDUUDUDUUDDDL
               1200 LDDDDUUDUDUUUDDL
               1250 LDDDDUUDUDUUDDDL
               1280 LDDDDUUUUDUUDDDL
               1300 LDDDDUUUUDUUUDDL
               1350 LDDDDUUUUDUUDDDL
               1380 LDDDDUUUDDUUDDUL
               1400 LDDDDUUUDDUUUDUL
               1450 LDDDDUUUDDUUDDUL
               1480 LDDDDUUUUDUUDDDL
               1500 LDDDDUUUUDUUUDDL
               1550 LDDDDUUUUDUUDDDL
               1580 LDDDDUUUDDUUDDDL
               1600 LDDDDUUUDDUUUDDL
               1650 LDDDDUUUDDUUDDDL
               1680 LUDUDUUUUDUUDDDL
               1700 LUDUDUUUUDUUUDDL
               1750 LUDUDUUUUDUUDDDL
               1780 LUDUDDUUUDUUDDUL
               1800 LUDUDDUUUDUUUDUL
               1850 LUDUDDUUUDUUDDUL
               1880 LUDUDUUUUDUUDDDL
               1900 LUDUDUUUUDUUUDDL
               1950 LUDUDUUUUDUUDDDL
               1980 LUDUDDUUUDUUDDDL
               2000 LUDUDDUUUDUUUDDL
               2050 LUDUDDUUUDUUDDDL
               2080 LUDUDUUUUDUUDDDL
               2100 LUDUDUUUUDUUUDDL
               2150 LUDUDUUUUDUUDDDL
               2180 LUDUDUDUUDUUDDUL
               2200 LUDUDUDUUDUUUDUL
               2211 HUDUDUDUUDUUUDUH
               2250 HUDUDUDUUDUUDDUH
               2280 HUDUDUUUUDUUDDDH
               2300 HUDUDUUUUDUUUDDH
               2350 HUDUDUUUUDUUDDDH
               2380 HUDUDUDUUDUUDDDH
               2400 HUDUDUDUUDUUUDDH
               2411 LUDUDUDUUDUUUDDL
               2450 LUDUDUDUUDUUDDDL
               2480 LUDUDUUUUDUUDDDL
               2500 LUDUDUUUUDUUUDDL
               2550 LUDUDUUUUDUUDDDL
               2580 LUDUDUUDUDUUDDUL
               2600 LUDUDUUDUDUUUDUL
               2650 LUDUDUUDUDUUDDUL
               2680 LUDUDUUUUDUUDDDL
               2700 LUDUDUUUUDUUUDDL
               2750 LUDUDUUUUDUUDDDL
               2780 LUDUDUUDUDUUDDDL
               2800 LUDUDUUDUDUUUDDL
               2850 LUDUDUUDUDUUDDDL
               2880 LUDUDUUUUDUUDDDL
               2900 LUDUDUUUUDUUUDDL
               2950 LUDUDUUUUDUUDDDL
               2980 LUDUDUUUDDUUDDUL
               3000 LUDUDUUUDDUUUDUL
               3050 LUDUDUUUDDUUDDUL
               3080 LUDUDUUUUDUUDDDL
               3100 LUDUDUUUUDUUUDDL
               3150 LUDUDUUUUDUUDDDL
               3180 LUDUDUUUDDUUDDDL
               3200 LUDUDUUUDDUUUDDL
               3250 LUDUDUUUDDUUDDDL
               3280 LDUDUUUUUDUUDDDL
               3300 LDUDUUUUUDUUUDDL
               3350 LDUDUUUUUDUUDDDL
               3380 LDUDUDUUUDUUDDUL
               3400 LDUDUDUUUDUUUDUL
               3450 LDUDUDUUUDUUDDUL
               3480 LDUDUUUUUDUUDDDL
               3500 LDUDUUUUUDUUUDDL
               3550 LDUDUUUUUDUUDDDL
               3580 LDUDUDUUUDUUDDDL
               3600 LDUDUDUUUDUUUDDL
               3650 LDUDUDUUUDUUDDDL
               3680 LDUDUUUUUDUUDDDL
               3700 LDUDUUUUUDUUUDDL
               3750 LDUDUUUUUDUUDDDL
               3780 LDUDUUDUUDUUDDUL
               3800 LDUDUUDUUDUUUDUL
               3850 LDUDUUDUUDUUDDUL
               3880 LDUDUUUUUDUUDDDL
               3900 LDUDUUUUUDUUUDDL
               3950 LDUDUUUUUDUUDDDL
               3980 LDUDUUDUUDUUDDDL
               4000 LDUDUUDUUDUUUDDL
               4050 LDUDUUDUUDUUDDDL
               4080 LDUDUUUUUDUUDDDL
               4100 LDUDUUUUUDUUUDDL
               4150 LDUDUUUUUDUUDDDL
               4180 LDUDUUUDUDUUDDUL
               4200 LDUDUUUDUDUUUDUL
               4211 HDUDUUUDUDUUUDUH
               4250 HDUDUUUDUDUUDDUH
               4280 HDUDUUUUUDUUDDDH
               4300 HDUDUUUUUDUUUDDH
               4350 HDUDUUUUUDUUDDDH
               4380 HDUDUUUDUDUUDDDH
               4400 HDUDUUUDUDUUUDDH
               4411 LDUDUUUDUDUUUDDL
               4450 LDUDUUUDUDUUDDDL
               4480 LDUDUUUUUDUUDDDL
               4500 LDUDUUUUUDUUUDDL
               4550 LDUDUUUUUDUUDDDL
               4580 LDUDUUUUDDUUDDUL
               4600 LDUDUUUUDDUUUDUL
               4650 LDUDUUUUDDUUDDUL
               4680 LDUDUUUUUDUUDDDL
               4700 LDUDUUUUUDUUUDDL
               4750 LDUDUUUUUDUUDDDL
               4780 LDUDUUUUDDUUDDDL
               4800 LDUDUUUUDDUUUDDL
               4850 LDUDUUUUDDUUDDDL
               4880 LUUUUUUUUDUUDDDL
               4900 LUUUUUUUUDUUUDDL
               4950 LUUUUUUUUDUUDDDL
               4980 LUUUUDUUUDUUDDUL
               5000 LUUUUDUUUDUUUDUL
               5050 LUUUUDUUUDUUDDUL
               5080 LUUUUUUUUDUUDDDL
               5100 LUUUUUUUUDUUUDDL
               5150 LUUUUUUUUDUUDDDL
               5180 LUUUUDUUUDUUDDDL
               5200 LUUUUDUUUDUUUDDL
               5250 LUUUUDUUUDUUDDDL
               5280 LUUUUUUUUDUUDDDL
               5300 LUUUUUUUUDUUUDDL
               5350 LUUUUUUUUDUUDDDL
               5380 LUUUUUDUUDUUDDUL
               5400 LUUUUUDUUDUUUDUL
               5450 LUUUUUDUUDUUDDUL
               5480 LUUUUUUUUDUUDDDL
               5500 LUUUUUUUUDUUUDDL
               5550 LUUUUUUUUDUUDDDL
               5580 LUUUUUDUUDUUDDDL
               5600 LUUUUUDUUDUUUDDL
               5650 LUUUUUDUUDUUDDDL
               5680 LUUUUUUUUDUUDDDL
               5700 LUUUUUUUUDUUUDDL
               5750 LUUUUUUUUDUUDDDL
               5780 LUUUUUUDUDUUDDUL
               5800 LUUUUUUDUDUUUDUL
               5850 LUUUUUUDUDUUDDUL
               5880 LUUUUUUUUDUUDDDL
               5900 LUUUUUUUUDUUUDDL
               5950 LUUUUUUUUDUUDDDL
               5980 LUUUUUUDUDUUDDDL
               6000 LUUUUUUDUDUUUDDL
               6050 LUUUUUUDUDUUDDDL
               6080 LUUUUUUUUDUUDDDL
               6100 LUUUUUUUUDUUUDDL
               6150 LUUUUUUUUDUUDDDL
               6180 LUUUUUUUDDUUDDUL
               6200 LUUUUUUUDDUUUDUL
               6211 HUUUUUUUDDUUUDUH
               6250 HUUUUUUUDDUUDDUH
               6280 HUUUUUUUUDUUDDDH
               6300 HUUUUUUUUDUUUDDH
               6350 HUUUUUUUUDUUDDDH
               6380 HUUUUUUUDDUUDDDH
               6400 HUUUUUUUDDUUUDDH
               6411 LUUUUUUUDDUUUDDL
               6450 LUUUUUUUDDUUDDDL
               6480 LUUUUUUUDDUUDUDL
               6500 LUUUUUUUDDUUUUDL
               6550 LUUUUUUUDDUUDUDL
               6560 LDDDDUUUUDUUDDDL
               6600 LDDDDUUUUDUUUDDL
               6650 LDDDDUUUUDUUDDDL
               6660 LDDDDDUUUDUUDDUL
               6700 LDDDDDUUUDUUUDUL
               6711 HDDDDDUUUDUUUDUH
               6750 HDDDDDUUUDUUDDUH
               6760 HDDDDUUUUDUUDDDH
               6800 HDDDDUUUUDUUUDDH
               6850 HDDDDUUUUDUUDDDH
               6860 HDDDDDUUUDUUDDDH
               6900 HDDDDDUUUDUUUDDH
               6911 LDDDDDUUUDUUUDDL
               6950 LDDDDDUUUDUUDDDL
               6960 LDDDDUUUUDUUDDDL
               7000 LDDDDUUUUDUUUDDL
