Classic Timing Analyzer report for top_de2
Tue Nov 26 16:09:00 2013
Quartus II Version 10.0 Build 262 08/18/2010 Service Pack 1 SJ Full Version


---------------------
; Table of Contents ;
---------------------
  1. Legal Notice
  2. Classic Timing Analyzer Deprecation
  3. Timing Analyzer Summary
  4. Timing Analyzer Settings
  5. Clock Settings Summary
  6. Parallel Compilation
  7. Clock Setup: 'clock_50mhz'
  8. tsu
  9. tco
 10. th
 11. Timing Analyzer Messages



----------------
; Legal Notice ;
----------------
Copyright (C) 1991-2010 Altera Corporation
Your use of Altera Corporation's design tools, logic functions 
and other software and tools, and its AMPP partner logic 
functions, and any output files from any of the foregoing 
(including device programming or simulation files), and any 
associated documentation or information are expressly subject 
to the terms and conditions of the Altera Program License 
Subscription Agreement, Altera MegaCore Function License 
Agreement, or other applicable license agreement, including, 
without limitation, that your use is for the sole purpose of 
programming logic devices manufactured by Altera and sold by 
Altera or its authorized distributors.  Please refer to the 
applicable agreement for further details.



---------------------------------------
; Classic Timing Analyzer Deprecation ;
---------------------------------------
Classic Timing Analyzer will not be available in a future release of the Quartus II software. Use the TimeQuest Timing Analyzer to run timing analysis on your design. Convert all the project settings and the timing constraints to TimeQuest Timing Analyzer equivalents.


+---------------------------------------------------------------------------------------------------------------------------------------------------------------------------------------------------------------------------------+
; Timing Analyzer Summary                                                                                                                                                                                                         ;
+------------------------------+-------+---------------+----------------------------------+-----------------------------------------------+--------------------------------------------+-------------+-------------+--------------+
; Type                         ; Slack ; Required Time ; Actual Time                      ; From                                          ; To                                         ; From Clock  ; To Clock    ; Failed Paths ;
+------------------------------+-------+---------------+----------------------------------+-----------------------------------------------+--------------------------------------------+-------------+-------------+--------------+
; Worst-case tsu               ; N/A   ; None          ; -1.372 ns                        ; data                                          ; vga:inst3|vga_read:read_and_output|red_out ; --          ; clock_50mhz ; 0            ;
; Worst-case tco               ; N/A   ; None          ; 9.977 ns                         ; vga:inst3|vga_read:read_and_output|h_sync_out ; vga_hsync                                  ; clock_50mhz ; --          ; 0            ;
; Worst-case th                ; N/A   ; None          ; 1.602 ns                         ; data                                          ; vga:inst3|vga_read:read_and_output|red_out ; --          ; clock_50mhz ; 0            ;
; Clock Setup: 'clock_50mhz'   ; N/A   ; None          ; 357.14 MHz ( period = 2.800 ns ) ; vga:inst3|vga_counter:counter|pos_x[0]        ; vga:inst3|vga_counter:counter|pos_y[8]     ; clock_50mhz ; clock_50mhz ; 0            ;
; Total number of failed paths ;       ;               ;                                  ;                                               ;                                            ;             ;             ; 0            ;
+------------------------------+-------+---------------+----------------------------------+-----------------------------------------------+--------------------------------------------+-------------+-------------+--------------+


+-----------------------------------------------------------------------------------------------------------------------------------------------------+
; Timing Analyzer Settings                                                                                                                            ;
+------------------------------------------------------------------------------------------------------+--------------------+------+----+-------------+
; Option                                                                                               ; Setting            ; From ; To ; Entity Name ;
+------------------------------------------------------------------------------------------------------+--------------------+------+----+-------------+
; Device Name                                                                                          ; EP2C35F672C6       ;      ;    ;             ;
; Timing Models                                                                                        ; Final              ;      ;    ;             ;
; Default hold multicycle                                                                              ; Same as Multicycle ;      ;    ;             ;
; Cut paths between unrelated clock domains                                                            ; On                 ;      ;    ;             ;
; Cut off read during write signal paths                                                               ; On                 ;      ;    ;             ;
; Cut off feedback from I/O pins                                                                       ; On                 ;      ;    ;             ;
; Report Combined Fast/Slow Timing                                                                     ; Off                ;      ;    ;             ;
; Ignore Clock Settings                                                                                ; Off                ;      ;    ;             ;
; Analyze latches as synchronous elements                                                              ; On                 ;      ;    ;             ;
; Enable Recovery/Removal analysis                                                                     ; Off                ;      ;    ;             ;
; Enable Clock Latency                                                                                 ; Off                ;      ;    ;             ;
; Use TimeQuest Timing Analyzer                                                                        ; Off                ;      ;    ;             ;
; Minimum Core Junction Temperature                                                                    ; 0                  ;      ;    ;             ;
; Maximum Core Junction Temperature                                                                    ; 85                 ;      ;    ;             ;
; Number of source nodes to report per destination node                                                ; 10                 ;      ;    ;             ;
; Number of destination nodes to report                                                                ; 10                 ;      ;    ;             ;
; Number of paths to report                                                                            ; 200                ;      ;    ;             ;
; Report Minimum Timing Checks                                                                         ; Off                ;      ;    ;             ;
; Use Fast Timing Models                                                                               ; Off                ;      ;    ;             ;
; Report IO Paths Separately                                                                           ; Off                ;      ;    ;             ;
; Perform Multicorner Analysis                                                                         ; On                 ;      ;    ;             ;
; Reports the worst-case path for each clock domain and analysis                                       ; Off                ;      ;    ;             ;
; Reports worst-case timing paths for each clock domain and analysis                                   ; On                 ;      ;    ;             ;
; Specifies the maximum number of worst-case timing paths to report for each clock domain and analysis ; 100                ;      ;    ;             ;
; Removes common clock path pessimism (CCPP) during slack computation                                  ; Off                ;      ;    ;             ;
+------------------------------------------------------------------------------------------------------+--------------------+------+----+-------------+


+------------------------------------------------------------------------------------------------------------------------------------------------------------------------------------+
; Clock Settings Summary                                                                                                                                                             ;
+-----------------+--------------------+----------+------------------+---------------+--------------+----------+-----------------------+---------------------+--------+--------------+
; Clock Node Name ; Clock Setting Name ; Type     ; Fmax Requirement ; Early Latency ; Late Latency ; Based on ; Multiply Base Fmax by ; Divide Base Fmax by ; Offset ; Phase offset ;
+-----------------+--------------------+----------+------------------+---------------+--------------+----------+-----------------------+---------------------+--------+--------------+
; clock_50mhz     ;                    ; User Pin ; None             ; 0.000 ns      ; 0.000 ns     ; --       ; N/A                   ; N/A                 ; N/A    ;              ;
+-----------------+--------------------+----------+------------------+---------------+--------------+----------+-----------------------+---------------------+--------+--------------+


+------------------------------------------+
; Parallel Compilation                     ;
+----------------------------+-------------+
; Processors                 ; Number      ;
+----------------------------+-------------+
; Number detected on machine ; 8           ;
; Maximum allowed            ; 8           ;
;                            ;             ;
; Average used               ; 1.00        ;
; Maximum used               ; 1           ;
;                            ;             ;
; Usage by Processor         ; % Time Used ;
;     1 processor            ; 100.0%      ;
;     2-8 processors         ;   0.0%      ;
+----------------------------+-------------+


+--------------------------------------------------------------------------------------------------------------------------------------------------------------------------------------------------------------------------------------------------------------------------------------+
; Clock Setup: 'clock_50mhz'                                                                                                                                                                                                                                                           ;
+-------+------------------------------------------------+------------------------------------------------------+------------------------------------------------------+-------------+-------------+-----------------------------+---------------------------+-------------------------+
; Slack ; Actual fmax (period)                           ; From                                                 ; To                                                   ; From Clock  ; To Clock    ; Required Setup Relationship ; Required Longest P2P Time ; Actual Longest P2P Time ;
+-------+------------------------------------------------+------------------------------------------------------+------------------------------------------------------+-------------+-------------+-----------------------------+---------------------------+-------------------------+
; N/A   ; 357.14 MHz ( period = 2.800 ns )               ; vga:inst3|vga_counter:counter|pos_x[0]               ; vga:inst3|vga_counter:counter|pos_y[1]               ; clock_50mhz ; clock_50mhz ; None                        ; None                      ; 2.585 ns                ;
; N/A   ; 357.14 MHz ( period = 2.800 ns )               ; vga:inst3|vga_counter:counter|pos_x[0]               ; vga:inst3|vga_counter:counter|pos_y[3]               ; clock_50mhz ; clock_50mhz ; None                        ; None                      ; 2.585 ns                ;
; N/A   ; 357.14 MHz ( period = 2.800 ns )               ; vga:inst3|vga_counter:counter|pos_x[0]               ; vga:inst3|vga_counter:counter|pos_y[2]               ; clock_50mhz ; clock_50mhz ; None                        ; None                      ; 2.585 ns                ;
; N/A   ; 357.14 MHz ( period = 2.800 ns )               ; vga:inst3|vga_counter:counter|pos_x[0]               ; vga:inst3|vga_counter:counter|pos_y[7]               ; clock_50mhz ; clock_50mhz ; None                        ; None                      ; 2.585 ns                ;
; N/A   ; 357.14 MHz ( period = 2.800 ns )               ; vga:inst3|vga_counter:counter|pos_x[0]               ; vga:inst3|vga_counter:counter|pos_y[6]               ; clock_50mhz ; clock_50mhz ; None                        ; None                      ; 2.585 ns                ;
; N/A   ; 357.14 MHz ( period = 2.800 ns )               ; vga:inst3|vga_counter:counter|pos_x[0]               ; vga:inst3|vga_counter:counter|pos_y[5]               ; clock_50mhz ; clock_50mhz ; None                        ; None                      ; 2.585 ns                ;
; N/A   ; 357.14 MHz ( period = 2.800 ns )               ; vga:inst3|vga_counter:counter|pos_x[0]               ; vga:inst3|vga_counter:counter|pos_y[4]               ; clock_50mhz ; clock_50mhz ; None                        ; None                      ; 2.585 ns                ;
; N/A   ; 357.14 MHz ( period = 2.800 ns )               ; vga:inst3|vga_counter:counter|pos_x[0]               ; vga:inst3|vga_counter:counter|pos_y[8]               ; clock_50mhz ; clock_50mhz ; None                        ; None                      ; 2.585 ns                ;
; N/A   ; 384.02 MHz ( period = 2.604 ns )               ; vga:inst3|vga_counter:counter|pos_x[1]               ; vga:inst3|vga_counter:counter|pos_y[1]               ; clock_50mhz ; clock_50mhz ; None                        ; None                      ; 2.389 ns                ;
; N/A   ; 384.02 MHz ( period = 2.604 ns )               ; vga:inst3|vga_counter:counter|pos_x[1]               ; vga:inst3|vga_counter:counter|pos_y[3]               ; clock_50mhz ; clock_50mhz ; None                        ; None                      ; 2.389 ns                ;
; N/A   ; 384.02 MHz ( period = 2.604 ns )               ; vga:inst3|vga_counter:counter|pos_x[1]               ; vga:inst3|vga_counter:counter|pos_y[2]               ; clock_50mhz ; clock_50mhz ; None                        ; None                      ; 2.389 ns                ;
; N/A   ; 384.02 MHz ( period = 2.604 ns )               ; vga:inst3|vga_counter:counter|pos_x[1]               ; vga:inst3|vga_counter:counter|pos_y[7]               ; clock_50mhz ; clock_50mhz ; None                        ; None                      ; 2.389 ns                ;
; N/A   ; 384.02 MHz ( period = 2.604 ns )               ; vga:inst3|vga_counter:counter|pos_x[1]               ; vga:inst3|vga_counter:counter|pos_y[6]               ; clock_50mhz ; clock_50mhz ; None                        ; None                      ; 2.389 ns                ;
; N/A   ; 384.02 MHz ( period = 2.604 ns )               ; vga:inst3|vga_counter:counter|pos_x[1]               ; vga:inst3|vga_counter:counter|pos_y[5]               ; clock_50mhz ; clock_50mhz ; None                        ; None                      ; 2.389 ns                ;
; N/A   ; 384.02 MHz ( period = 2.604 ns )               ; vga:inst3|vga_counter:counter|pos_x[1]               ; vga:inst3|vga_counter:counter|pos_y[4]               ; clock_50mhz ; clock_50mhz ; None                        ; None                      ; 2.389 ns                ;
; N/A   ; 384.02 MHz ( period = 2.604 ns )               ; vga:inst3|vga_counter:counter|pos_x[1]               ; vga:inst3|vga_counter:counter|pos_y[8]               ; clock_50mhz ; clock_50mhz ; None                        ; None                      ; 2.389 ns                ;
; N/A   ; 405.68 MHz ( period = 2.465 ns )               ; vga:inst3|vga_counter:counter|pos_x[2]               ; vga:inst3|vga_counter:counter|pos_y[1]               ; clock_50mhz ; clock_50mhz ; None                        ; None                      ; 2.250 ns                ;
; N/A   ; 405.68 MHz ( period = 2.465 ns )               ; vga:inst3|vga_counter:counter|pos_x[2]               ; vga:inst3|vga_counter:counter|pos_y[3]               ; clock_50mhz ; clock_50mhz ; None                        ; None                      ; 2.250 ns                ;
; N/A   ; 405.68 MHz ( period = 2.465 ns )               ; vga:inst3|vga_counter:counter|pos_x[2]               ; vga:inst3|vga_counter:counter|pos_y[2]               ; clock_50mhz ; clock_50mhz ; None                        ; None                      ; 2.250 ns                ;
; N/A   ; 405.68 MHz ( period = 2.465 ns )               ; vga:inst3|vga_counter:counter|pos_x[2]               ; vga:inst3|vga_counter:counter|pos_y[7]               ; clock_50mhz ; clock_50mhz ; None                        ; None                      ; 2.250 ns                ;
; N/A   ; 405.68 MHz ( period = 2.465 ns )               ; vga:inst3|vga_counter:counter|pos_x[2]               ; vga:inst3|vga_counter:counter|pos_y[6]               ; clock_50mhz ; clock_50mhz ; None                        ; None                      ; 2.250 ns                ;
; N/A   ; 405.68 MHz ( period = 2.465 ns )               ; vga:inst3|vga_counter:counter|pos_x[2]               ; vga:inst3|vga_counter:counter|pos_y[5]               ; clock_50mhz ; clock_50mhz ; None                        ; None                      ; 2.250 ns                ;
; N/A   ; 405.68 MHz ( period = 2.465 ns )               ; vga:inst3|vga_counter:counter|pos_x[2]               ; vga:inst3|vga_counter:counter|pos_y[4]               ; clock_50mhz ; clock_50mhz ; None                        ; None                      ; 2.250 ns                ;
; N/A   ; 405.68 MHz ( period = 2.465 ns )               ; vga:inst3|vga_counter:counter|pos_x[2]               ; vga:inst3|vga_counter:counter|pos_y[8]               ; clock_50mhz ; clock_50mhz ; None                        ; None                      ; 2.250 ns                ;
; N/A   ; 406.67 MHz ( period = 2.459 ns )               ; vga:inst3|vga_counter:counter|pos_x[3]               ; vga:inst3|vga_counter:counter|pos_y[1]               ; clock_50mhz ; clock_50mhz ; None                        ; None                      ; 2.244 ns                ;
; N/A   ; 406.67 MHz ( period = 2.459 ns )               ; vga:inst3|vga_counter:counter|pos_x[3]               ; vga:inst3|vga_counter:counter|pos_y[3]               ; clock_50mhz ; clock_50mhz ; None                        ; None                      ; 2.244 ns                ;
; N/A   ; 406.67 MHz ( period = 2.459 ns )               ; vga:inst3|vga_counter:counter|pos_x[3]               ; vga:inst3|vga_counter:counter|pos_y[2]               ; clock_50mhz ; clock_50mhz ; None                        ; None                      ; 2.244 ns                ;
; N/A   ; 406.67 MHz ( period = 2.459 ns )               ; vga:inst3|vga_counter:counter|pos_x[3]               ; vga:inst3|vga_counter:counter|pos_y[7]               ; clock_50mhz ; clock_50mhz ; None                        ; None                      ; 2.244 ns                ;
; N/A   ; 406.67 MHz ( period = 2.459 ns )               ; vga:inst3|vga_counter:counter|pos_x[3]               ; vga:inst3|vga_counter:counter|pos_y[6]               ; clock_50mhz ; clock_50mhz ; None                        ; None                      ; 2.244 ns                ;
; N/A   ; 406.67 MHz ( period = 2.459 ns )               ; vga:inst3|vga_counter:counter|pos_x[3]               ; vga:inst3|vga_counter:counter|pos_y[5]               ; clock_50mhz ; clock_50mhz ; None                        ; None                      ; 2.244 ns                ;
; N/A   ; 406.67 MHz ( period = 2.459 ns )               ; vga:inst3|vga_counter:counter|pos_x[3]               ; vga:inst3|vga_counter:counter|pos_y[4]               ; clock_50mhz ; clock_50mhz ; None                        ; None                      ; 2.244 ns                ;
; N/A   ; 406.67 MHz ( period = 2.459 ns )               ; vga:inst3|vga_counter:counter|pos_x[3]               ; vga:inst3|vga_counter:counter|pos_y[8]               ; clock_50mhz ; clock_50mhz ; None                        ; None                      ; 2.244 ns                ;
; N/A   ; 413.22 MHz ( period = 2.420 ns )               ; vga:inst3|vga_counter:counter|pos_x[6]               ; vga:inst3|vga_counter:counter|pos_y[1]               ; clock_50mhz ; clock_50mhz ; None                        ; None                      ; 2.205 ns                ;
; N/A   ; 413.22 MHz ( period = 2.420 ns )               ; vga:inst3|vga_counter:counter|pos_x[6]               ; vga:inst3|vga_counter:counter|pos_y[3]               ; clock_50mhz ; clock_50mhz ; None                        ; None                      ; 2.205 ns                ;
; N/A   ; 413.22 MHz ( period = 2.420 ns )               ; vga:inst3|vga_counter:counter|pos_x[6]               ; vga:inst3|vga_counter:counter|pos_y[2]               ; clock_50mhz ; clock_50mhz ; None                        ; None                      ; 2.205 ns                ;
; N/A   ; 413.22 MHz ( period = 2.420 ns )               ; vga:inst3|vga_counter:counter|pos_x[6]               ; vga:inst3|vga_counter:counter|pos_y[7]               ; clock_50mhz ; clock_50mhz ; None                        ; None                      ; 2.205 ns                ;
; N/A   ; 413.22 MHz ( period = 2.420 ns )               ; vga:inst3|vga_counter:counter|pos_x[6]               ; vga:inst3|vga_counter:counter|pos_y[6]               ; clock_50mhz ; clock_50mhz ; None                        ; None                      ; 2.205 ns                ;
; N/A   ; 413.22 MHz ( period = 2.420 ns )               ; vga:inst3|vga_counter:counter|pos_x[6]               ; vga:inst3|vga_counter:counter|pos_y[5]               ; clock_50mhz ; clock_50mhz ; None                        ; None                      ; 2.205 ns                ;
; N/A   ; 413.22 MHz ( period = 2.420 ns )               ; vga:inst3|vga_counter:counter|pos_x[6]               ; vga:inst3|vga_counter:counter|pos_y[4]               ; clock_50mhz ; clock_50mhz ; None                        ; None                      ; 2.205 ns                ;
; N/A   ; 413.22 MHz ( period = 2.420 ns )               ; vga:inst3|vga_counter:counter|pos_x[6]               ; vga:inst3|vga_counter:counter|pos_y[8]               ; clock_50mhz ; clock_50mhz ; None                        ; None                      ; 2.205 ns                ;
; N/A   ; Restricted to 420.17 MHz ( period = 2.380 ns ) ; vga:inst3|vga_counter:counter|pos_x[0]               ; vga:inst3|vga_counter:counter|pos_x[7]               ; clock_50mhz ; clock_50mhz ; None                        ; None                      ; 2.160 ns                ;
; N/A   ; Restricted to 420.17 MHz ( period = 2.380 ns ) ; vga:inst3|vga_counter:counter|pos_x[5]               ; vga:inst3|vga_counter:counter|pos_y[1]               ; clock_50mhz ; clock_50mhz ; None                        ; None                      ; 2.119 ns                ;
; N/A   ; Restricted to 420.17 MHz ( period = 2.380 ns ) ; vga:inst3|vga_counter:counter|pos_x[5]               ; vga:inst3|vga_counter:counter|pos_y[3]               ; clock_50mhz ; clock_50mhz ; None                        ; None                      ; 2.119 ns                ;
; N/A   ; Restricted to 420.17 MHz ( period = 2.380 ns ) ; vga:inst3|vga_counter:counter|pos_x[5]               ; vga:inst3|vga_counter:counter|pos_y[2]               ; clock_50mhz ; clock_50mhz ; None                        ; None                      ; 2.119 ns                ;
; N/A   ; Restricted to 420.17 MHz ( period = 2.380 ns ) ; vga:inst3|vga_counter:counter|pos_x[5]               ; vga:inst3|vga_counter:counter|pos_y[7]               ; clock_50mhz ; clock_50mhz ; None                        ; None                      ; 2.119 ns                ;
; N/A   ; Restricted to 420.17 MHz ( period = 2.380 ns ) ; vga:inst3|vga_counter:counter|pos_x[5]               ; vga:inst3|vga_counter:counter|pos_y[6]               ; clock_50mhz ; clock_50mhz ; None                        ; None                      ; 2.119 ns                ;
; N/A   ; Restricted to 420.17 MHz ( period = 2.380 ns ) ; vga:inst3|vga_counter:counter|pos_x[5]               ; vga:inst3|vga_counter:counter|pos_y[5]               ; clock_50mhz ; clock_50mhz ; None                        ; None                      ; 2.119 ns                ;
; N/A   ; Restricted to 420.17 MHz ( period = 2.380 ns ) ; vga:inst3|vga_counter:counter|pos_x[5]               ; vga:inst3|vga_counter:counter|pos_y[4]               ; clock_50mhz ; clock_50mhz ; None                        ; None                      ; 2.119 ns                ;
; N/A   ; Restricted to 420.17 MHz ( period = 2.380 ns ) ; vga:inst3|vga_counter:counter|pos_x[5]               ; vga:inst3|vga_counter:counter|pos_y[8]               ; clock_50mhz ; clock_50mhz ; None                        ; None                      ; 2.119 ns                ;
; N/A   ; Restricted to 420.17 MHz ( period = 2.380 ns ) ; vga:inst3|vga_counter:counter|pos_x[1]               ; vga:inst3|vga_counter:counter|pos_x[7]               ; clock_50mhz ; clock_50mhz ; None                        ; None                      ; 2.105 ns                ;
; N/A   ; Restricted to 420.17 MHz ( period = 2.380 ns ) ; vga:inst3|vga_counter:counter|pos_x[4]               ; vga:inst3|vga_counter:counter|pos_y[1]               ; clock_50mhz ; clock_50mhz ; None                        ; None                      ; 2.096 ns                ;
; N/A   ; Restricted to 420.17 MHz ( period = 2.380 ns ) ; vga:inst3|vga_counter:counter|pos_x[4]               ; vga:inst3|vga_counter:counter|pos_y[3]               ; clock_50mhz ; clock_50mhz ; None                        ; None                      ; 2.096 ns                ;
; N/A   ; Restricted to 420.17 MHz ( period = 2.380 ns ) ; vga:inst3|vga_counter:counter|pos_x[4]               ; vga:inst3|vga_counter:counter|pos_y[2]               ; clock_50mhz ; clock_50mhz ; None                        ; None                      ; 2.096 ns                ;
; N/A   ; Restricted to 420.17 MHz ( period = 2.380 ns ) ; vga:inst3|vga_counter:counter|pos_x[4]               ; vga:inst3|vga_counter:counter|pos_y[7]               ; clock_50mhz ; clock_50mhz ; None                        ; None                      ; 2.096 ns                ;
; N/A   ; Restricted to 420.17 MHz ( period = 2.380 ns ) ; vga:inst3|vga_counter:counter|pos_x[4]               ; vga:inst3|vga_counter:counter|pos_y[6]               ; clock_50mhz ; clock_50mhz ; None                        ; None                      ; 2.096 ns                ;
; N/A   ; Restricted to 420.17 MHz ( period = 2.380 ns ) ; vga:inst3|vga_counter:counter|pos_x[4]               ; vga:inst3|vga_counter:counter|pos_y[5]               ; clock_50mhz ; clock_50mhz ; None                        ; None                      ; 2.096 ns                ;
; N/A   ; Restricted to 420.17 MHz ( period = 2.380 ns ) ; vga:inst3|vga_counter:counter|pos_x[4]               ; vga:inst3|vga_counter:counter|pos_y[4]               ; clock_50mhz ; clock_50mhz ; None                        ; None                      ; 2.096 ns                ;
; N/A   ; Restricted to 420.17 MHz ( period = 2.380 ns ) ; vga:inst3|vga_counter:counter|pos_x[4]               ; vga:inst3|vga_counter:counter|pos_y[8]               ; clock_50mhz ; clock_50mhz ; None                        ; None                      ; 2.096 ns                ;
; N/A   ; Restricted to 420.17 MHz ( period = 2.380 ns ) ; vga:inst3|vga_counter:counter|pos_x[2]               ; vga:inst3|vga_counter:counter|pos_x[7]               ; clock_50mhz ; clock_50mhz ; None                        ; None                      ; 2.038 ns                ;
; N/A   ; Restricted to 420.17 MHz ( period = 2.380 ns ) ; vga:inst3|vga_counter:counter|pos_x[3]               ; vga:inst3|vga_counter:counter|pos_x[7]               ; clock_50mhz ; clock_50mhz ; None                        ; None                      ; 2.023 ns                ;
; N/A   ; Restricted to 420.17 MHz ( period = 2.380 ns ) ; vga:inst3|vga_counter:counter|pos_x[7]               ; vga:inst3|vga_counter:counter|pos_y[1]               ; clock_50mhz ; clock_50mhz ; None                        ; None                      ; 1.966 ns                ;
; N/A   ; Restricted to 420.17 MHz ( period = 2.380 ns ) ; vga:inst3|vga_counter:counter|pos_x[7]               ; vga:inst3|vga_counter:counter|pos_y[3]               ; clock_50mhz ; clock_50mhz ; None                        ; None                      ; 1.966 ns                ;
; N/A   ; Restricted to 420.17 MHz ( period = 2.380 ns ) ; vga:inst3|vga_counter:counter|pos_x[7]               ; vga:inst3|vga_counter:counter|pos_y[2]               ; clock_50mhz ; clock_50mhz ; None                        ; None                      ; 1.966 ns                ;
; N/A   ; Restricted to 420.17 MHz ( period = 2.380 ns ) ; vga:inst3|vga_counter:counter|pos_x[7]               ; vga:inst3|vga_counter:counter|pos_y[7]               ; clock_50mhz ; clock_50mhz ; None                        ; None                      ; 1.966 ns                ;
; N/A   ; Restricted to 420.17 MHz ( period = 2.380 ns ) ; vga:inst3|vga_counter:counter|pos_x[7]               ; vga:inst3|vga_counter:counter|pos_y[6]               ; clock_50mhz ; clock_50mhz ; None                        ; None                      ; 1.966 ns                ;
; N/A   ; Restricted to 420.17 MHz ( period = 2.380 ns ) ; vga:inst3|vga_counter:counter|pos_x[7]               ; vga:inst3|vga_counter:counter|pos_y[5]               ; clock_50mhz ; clock_50mhz ; None                        ; None                      ; 1.966 ns                ;
; N/A   ; Restricted to 420.17 MHz ( period = 2.380 ns ) ; vga:inst3|vga_counter:counter|pos_x[7]               ; vga:inst3|vga_counter:counter|pos_y[4]               ; clock_50mhz ; clock_50mhz ; None                        ; None                      ; 1.966 ns                ;
; N/A   ; Restricted to 420.17 MHz ( period = 2.380 ns ) ; vga:inst3|vga_counter:counter|pos_x[7]               ; vga:inst3|vga_counter:counter|pos_y[8]               ; clock_50mhz ; clock_50mhz ; None                        ; None                      ; 1.966 ns                ;
; N/A   ; Restricted to 420.17 MHz ( period = 2.380 ns ) ; vga:inst3|vga_counter:counter|pos_x[0]               ; vga:inst3|vga_counter:counter|pos_x[6]               ; clock_50mhz ; clock_50mhz ; None                        ; None                      ; 1.954 ns                ;
; N/A   ; Restricted to 420.17 MHz ( period = 2.380 ns ) ; vga:inst3|vga_counter:counter|pos_y[0]               ; vga:inst3|vga_counter:counter|pos_y[8]               ; clock_50mhz ; clock_50mhz ; None                        ; None                      ; 1.920 ns                ;
; N/A   ; Restricted to 420.17 MHz ( period = 2.380 ns ) ; vga:inst3|vga_counter:counter|pos_x[1]               ; vga:inst3|vga_counter:counter|pos_x[6]               ; clock_50mhz ; clock_50mhz ; None                        ; None                      ; 1.899 ns                ;
; N/A   ; Restricted to 420.17 MHz ( period = 2.380 ns ) ; vga:inst3|vga_counter:counter|pos_x[4]               ; vga:inst3|vga_counter:counter|pos_x[7]               ; clock_50mhz ; clock_50mhz ; None                        ; None                      ; 1.897 ns                ;
; N/A   ; Restricted to 420.17 MHz ( period = 2.380 ns ) ; vga:inst3|vga_counter:counter|pos_x[5]               ; vga:inst3|vga_counter:counter|pos_x[7]               ; clock_50mhz ; clock_50mhz ; None                        ; None                      ; 1.864 ns                ;
; N/A   ; Restricted to 420.17 MHz ( period = 2.380 ns ) ; vga:inst3|vga_counter:counter|pos_y[0]               ; vga:inst3|vga_counter:counter|pos_y[7]               ; clock_50mhz ; clock_50mhz ; None                        ; None                      ; 1.849 ns                ;
; N/A   ; Restricted to 420.17 MHz ( period = 2.380 ns ) ; vga:inst3|vga_counter:counter|pos_x[0]               ; vga:inst3|vga_counter:counter|pos_y[0]               ; clock_50mhz ; clock_50mhz ; None                        ; None                      ; 1.841 ns                ;
; N/A   ; Restricted to 420.17 MHz ( period = 2.380 ns ) ; vga:inst3|vga_counter:counter|pos_x[2]               ; vga:inst3|vga_counter:counter|pos_x[6]               ; clock_50mhz ; clock_50mhz ; None                        ; None                      ; 1.832 ns                ;
; N/A   ; Restricted to 420.17 MHz ( period = 2.380 ns ) ; vga:inst3|vga_counter:counter|pos_x[3]               ; vga:inst3|vga_counter:counter|pos_x[6]               ; clock_50mhz ; clock_50mhz ; None                        ; None                      ; 1.817 ns                ;
; N/A   ; Restricted to 420.17 MHz ( period = 2.380 ns ) ; vga:inst3|vga_counter:counter|pos_y[5]               ; vga:inst3|vga_field_check:field_check|in_field_state ; clock_50mhz ; clock_50mhz ; None                        ; None                      ; 1.788 ns                ;
; N/A   ; Restricted to 420.17 MHz ( period = 2.380 ns ) ; vga:inst3|vga_counter:counter|pos_x[6]               ; vga:inst3|vga_counter:counter|pos_x[7]               ; clock_50mhz ; clock_50mhz ; None                        ; None                      ; 1.760 ns                ;
; N/A   ; Restricted to 420.17 MHz ( period = 2.380 ns ) ; vga:inst3|vga_counter:counter|pos_x[0]               ; vga:inst3|vga_counter:counter|pos_x[3]               ; clock_50mhz ; clock_50mhz ; None                        ; None                      ; 1.744 ns                ;
; N/A   ; Restricted to 420.17 MHz ( period = 2.380 ns ) ; vga:inst3|vga_counter:counter|pos_x[3]               ; vga:inst3|vga_counter:counter|pos_y[0]               ; clock_50mhz ; clock_50mhz ; None                        ; None                      ; 1.736 ns                ;
; N/A   ; Restricted to 420.17 MHz ( period = 2.380 ns ) ; vga:inst3|vga_counter:counter|pos_y[1]               ; vga:inst3|vga_counter:counter|pos_y[8]               ; clock_50mhz ; clock_50mhz ; None                        ; None                      ; 1.727 ns                ;
; N/A   ; Restricted to 420.17 MHz ( period = 2.380 ns ) ; vga:inst3|vga_counter:counter|pos_x[6]               ; vga:inst3|vga_counter:counter|pos_y[0]               ; clock_50mhz ; clock_50mhz ; None                        ; None                      ; 1.697 ns                ;
; N/A   ; Restricted to 420.17 MHz ( period = 2.380 ns ) ; vga:inst3|vga_counter:counter|pos_y[2]               ; vga:inst3|vga_counter:counter|pos_y[8]               ; clock_50mhz ; clock_50mhz ; None                        ; None                      ; 1.692 ns                ;
; N/A   ; Restricted to 420.17 MHz ( period = 2.380 ns ) ; vga:inst3|vga_counter:counter|pos_x[4]               ; vga:inst3|vga_counter:counter|pos_x[6]               ; clock_50mhz ; clock_50mhz ; None                        ; None                      ; 1.691 ns                ;
; N/A   ; Restricted to 420.17 MHz ( period = 2.380 ns ) ; vga:inst3|vga_counter:counter|pos_y[0]               ; vga:inst3|vga_counter:counter|pos_y[6]               ; clock_50mhz ; clock_50mhz ; None                        ; None                      ; 1.690 ns                ;
; N/A   ; Restricted to 420.17 MHz ( period = 2.380 ns ) ; vga:inst3|vga_counter:counter|pos_x[1]               ; vga:inst3|vga_counter:counter|pos_x[3]               ; clock_50mhz ; clock_50mhz ; None                        ; None                      ; 1.689 ns                ;
; N/A   ; Restricted to 420.17 MHz ( period = 2.380 ns ) ; gen6mhz:inst1|count[0]                               ; gen6mhz:inst1|count[2]                               ; clock_50mhz ; clock_50mhz ; None                        ; None                      ; 0.849 ns                ;
; N/A   ; Restricted to 420.17 MHz ( period = 2.380 ns ) ; vga:inst3|vga_counter:counter|pos_x[5]               ; vga:inst3|vga_counter:counter|pos_x[6]               ; clock_50mhz ; clock_50mhz ; None                        ; None                      ; 1.658 ns                ;
; N/A   ; Restricted to 420.17 MHz ( period = 2.380 ns ) ; vga:inst3|vga_counter:counter|pos_y[1]               ; vga:inst3|vga_counter:counter|pos_y[7]               ; clock_50mhz ; clock_50mhz ; None                        ; None                      ; 1.656 ns                ;
; N/A   ; Restricted to 420.17 MHz ( period = 2.380 ns ) ; vga:inst3|vga_counter:counter|pos_x[1]               ; vga:inst3|vga_counter:counter|pos_y[0]               ; clock_50mhz ; clock_50mhz ; None                        ; None                      ; 1.645 ns                ;
; N/A   ; Restricted to 420.17 MHz ( period = 2.380 ns ) ; vga:inst3|vga_counter:counter|pos_y[6]               ; vga:inst3|vga_field_check:field_check|in_field_state ; clock_50mhz ; clock_50mhz ; None                        ; None                      ; 1.638 ns                ;
; N/A   ; Restricted to 420.17 MHz ( period = 2.380 ns ) ; vga:inst3|vga_counter:counter|pos_x[2]               ; vga:inst3|vga_counter:counter|pos_x[3]               ; clock_50mhz ; clock_50mhz ; None                        ; None                      ; 1.622 ns                ;
; N/A   ; Restricted to 420.17 MHz ( period = 2.380 ns ) ; vga:inst3|vga_counter:counter|pos_y[2]               ; vga:inst3|vga_counter:counter|pos_y[7]               ; clock_50mhz ; clock_50mhz ; None                        ; None                      ; 1.621 ns                ;
; N/A   ; Restricted to 420.17 MHz ( period = 2.380 ns ) ; vga:inst3|vga_counter:counter|pos_y[0]               ; vga:inst3|vga_counter:counter|pos_y[5]               ; clock_50mhz ; clock_50mhz ; None                        ; None                      ; 1.619 ns                ;
; N/A   ; Restricted to 420.17 MHz ( period = 2.380 ns ) ; vga:inst3|vga_counter:counter|pos_x[4]               ; vga:inst3|vga_counter:counter|pos_y[0]               ; clock_50mhz ; clock_50mhz ; None                        ; None                      ; 1.588 ns                ;
; N/A   ; Restricted to 420.17 MHz ( period = 2.380 ns ) ; vga:inst3|vga_counter:counter|pos_y[3]               ; vga:inst3|vga_counter:counter|pos_y[8]               ; clock_50mhz ; clock_50mhz ; None                        ; None                      ; 1.585 ns                ;
; N/A   ; Restricted to 420.17 MHz ( period = 2.380 ns ) ; vga:inst3|vga_counter:counter|pos_x[3]               ; vga:inst3|vga_counter:counter|pos_x[3]               ; clock_50mhz ; clock_50mhz ; None                        ; None                      ; 1.568 ns                ;
; N/A   ; Restricted to 420.17 MHz ( period = 2.380 ns ) ; vga:inst3|vga_counter:counter|pos_y[4]               ; vga:inst3|vga_counter:counter|pos_y[8]               ; clock_50mhz ; clock_50mhz ; None                        ; None                      ; 1.550 ns                ;
; N/A   ; Restricted to 420.17 MHz ( period = 2.380 ns ) ; vga:inst3|vga_counter:counter|pos_y[0]               ; vga:inst3|vga_counter:counter|pos_y[4]               ; clock_50mhz ; clock_50mhz ; None                        ; None                      ; 1.548 ns                ;
; N/A   ; Restricted to 420.17 MHz ( period = 2.380 ns ) ; vga:inst3|vga_counter:counter|pos_x[6]               ; vga:inst3|vga_counter:counter|pos_x[3]               ; clock_50mhz ; clock_50mhz ; None                        ; None                      ; 1.529 ns                ;
; N/A   ; Restricted to 420.17 MHz ( period = 2.380 ns ) ; vga:inst3|vga_counter:counter|pos_x[6]               ; vga:inst3|vga_counter:counter|pos_x[6]               ; clock_50mhz ; clock_50mhz ; None                        ; None                      ; 1.529 ns                ;
; N/A   ; Restricted to 420.17 MHz ( period = 2.380 ns ) ; vga:inst3|vga_counter:counter|pos_y[5]               ; vga:inst3|vga_sync:sync|v_sync_state                 ; clock_50mhz ; clock_50mhz ; None                        ; None                      ; 1.525 ns                ;
; N/A   ; Restricted to 420.17 MHz ( period = 2.380 ns ) ; vga:inst3|vga_counter:counter|pos_y[3]               ; vga:inst3|vga_counter:counter|pos_y[7]               ; clock_50mhz ; clock_50mhz ; None                        ; None                      ; 1.514 ns                ;
; N/A   ; Restricted to 420.17 MHz ( period = 2.380 ns ) ; vga:inst3|vga_counter:counter|pos_x[2]               ; vga:inst3|vga_counter:counter|pos_y[0]               ; clock_50mhz ; clock_50mhz ; None                        ; None                      ; 1.506 ns                ;
; N/A   ; Restricted to 420.17 MHz ( period = 2.380 ns ) ; vga:inst3|vga_counter:counter|pos_y[4]               ; vga:inst3|vga_field_check:field_check|in_field_state ; clock_50mhz ; clock_50mhz ; None                        ; None                      ; 1.505 ns                ;
; N/A   ; Restricted to 420.17 MHz ( period = 2.380 ns ) ; vga:inst3|vga_counter:counter|pos_y[1]               ; vga:inst3|vga_counter:counter|pos_y[6]               ; clock_50mhz ; clock_50mhz ; None                        ; None                      ; 1.497 ns                ;
; N/A   ; Restricted to 420.17 MHz ( period = 2.380 ns ) ; vga:inst3|vga_counter:counter|pos_y[4]               ; vga:inst3|vga_counter:counter|pos_y[7]               ; clock_50mhz ; clock_50mhz ; None                        ; None                      ; 1.479 ns                ;
; N/A   ; Restricted to 420.17 MHz ( period = 2.380 ns ) ; vga:inst3|vga_counter:counter|pos_y[5]               ; vga:inst3|vga_counter:counter|pos_y[8]               ; clock_50mhz ; clock_50mhz ; None                        ; None                      ; 1.479 ns                ;
; N/A   ; Restricted to 420.17 MHz ( period = 2.380 ns ) ; vga:inst3|vga_counter:counter|pos_x[0]               ; vga:inst3|vga_counter:counter|pos_x[5]               ; clock_50mhz ; clock_50mhz ; None                        ; None                      ; 1.478 ns                ;
; N/A   ; Restricted to 420.17 MHz ( period = 2.380 ns ) ; vga:inst3|vga_counter:counter|pos_y[0]               ; vga:inst3|vga_counter:counter|pos_y[3]               ; clock_50mhz ; clock_50mhz ; None                        ; None                      ; 1.477 ns                ;
; N/A   ; Restricted to 420.17 MHz ( period = 2.380 ns ) ; vga:inst3|vga_counter:counter|pos_y[2]               ; vga:inst3|vga_counter:counter|pos_y[6]               ; clock_50mhz ; clock_50mhz ; None                        ; None                      ; 1.462 ns                ;
; N/A   ; Restricted to 420.17 MHz ( period = 2.380 ns ) ; vga:inst3|vga_counter:counter|pos_x[7]               ; vga:inst3|vga_counter:counter|pos_y[0]               ; clock_50mhz ; clock_50mhz ; None                        ; None                      ; 1.458 ns                ;
; N/A   ; Restricted to 420.17 MHz ( period = 2.380 ns ) ; vga:inst3|vga_counter:counter|pos_x[3]               ; vga:inst3|vga_sync:sync|h_sync_state                 ; clock_50mhz ; clock_50mhz ; None                        ; None                      ; 1.453 ns                ;
; N/A   ; Restricted to 420.17 MHz ( period = 2.380 ns ) ; vga:inst3|vga_counter:counter|pos_x[5]               ; vga:inst3|vga_field_check:field_check|in_field_state ; clock_50mhz ; clock_50mhz ; None                        ; None                      ; 1.452 ns                ;
; N/A   ; Restricted to 420.17 MHz ( period = 2.380 ns ) ; vga:inst3|vga_counter:counter|pos_y[1]               ; vga:inst3|vga_counter:counter|pos_y[5]               ; clock_50mhz ; clock_50mhz ; None                        ; None                      ; 1.426 ns                ;
; N/A   ; Restricted to 420.17 MHz ( period = 2.380 ns ) ; vga:inst3|vga_counter:counter|pos_x[2]               ; vga:inst3|vga_sync:sync|h_sync_state                 ; clock_50mhz ; clock_50mhz ; None                        ; None                      ; 1.426 ns                ;
; N/A   ; Restricted to 420.17 MHz ( period = 2.380 ns ) ; vga:inst3|vga_counter:counter|pos_x[1]               ; vga:inst3|vga_counter:counter|pos_x[5]               ; clock_50mhz ; clock_50mhz ; None                        ; None                      ; 1.423 ns                ;
; N/A   ; Restricted to 420.17 MHz ( period = 2.380 ns ) ; vga:inst3|vga_counter:counter|pos_x[4]               ; vga:inst3|vga_counter:counter|pos_x[3]               ; clock_50mhz ; clock_50mhz ; None                        ; None                      ; 1.420 ns                ;
; N/A   ; Restricted to 420.17 MHz ( period = 2.380 ns ) ; vga:inst3|vga_counter:counter|pos_y[5]               ; vga:inst3|vga_counter:counter|pos_y[7]               ; clock_50mhz ; clock_50mhz ; None                        ; None                      ; 1.408 ns                ;
; N/A   ; Restricted to 420.17 MHz ( period = 2.380 ns ) ; vga:inst3|vga_counter:counter|pos_x[0]               ; vga:inst3|vga_counter:counter|pos_x[4]               ; clock_50mhz ; clock_50mhz ; None                        ; None                      ; 1.407 ns                ;
; N/A   ; Restricted to 420.17 MHz ( period = 2.380 ns ) ; vga:inst3|vga_counter:counter|pos_y[0]               ; vga:inst3|vga_counter:counter|pos_y[2]               ; clock_50mhz ; clock_50mhz ; None                        ; None                      ; 1.406 ns                ;
; N/A   ; Restricted to 420.17 MHz ( period = 2.380 ns ) ; vga:inst3|vga_counter:counter|pos_x[7]               ; vga:inst3|vga_sync:sync|h_sync_state                 ; clock_50mhz ; clock_50mhz ; None                        ; None                      ; 1.406 ns                ;
; N/A   ; Restricted to 420.17 MHz ( period = 2.380 ns ) ; vga:inst3|vga_counter:counter|pos_y[2]               ; vga:inst3|vga_counter:counter|pos_y[5]               ; clock_50mhz ; clock_50mhz ; None                        ; None                      ; 1.391 ns                ;
; N/A   ; Restricted to 420.17 MHz ( period = 2.380 ns ) ; vga:inst3|vga_counter:counter|pos_y[6]               ; vga:inst3|vga_counter:counter|pos_y[8]               ; clock_50mhz ; clock_50mhz ; None                        ; None                      ; 1.377 ns                ;
; N/A   ; Restricted to 420.17 MHz ( period = 2.380 ns ) ; vga:inst3|vga_counter:counter|pos_x[7]               ; vga:inst3|vga_field_check:field_check|in_field_state ; clock_50mhz ; clock_50mhz ; None                        ; None                      ; 1.376 ns                ;
; N/A   ; Restricted to 420.17 MHz ( period = 2.380 ns ) ; vga:inst3|vga_counter:counter|pos_x[5]               ; vga:inst3|vga_counter:counter|pos_y[0]               ; clock_50mhz ; clock_50mhz ; None                        ; None                      ; 1.375 ns                ;
; N/A   ; Restricted to 420.17 MHz ( period = 2.380 ns ) ; vga:inst3|vga_counter:counter|pos_y[6]               ; vga:inst3|vga_sync:sync|v_sync_state                 ; clock_50mhz ; clock_50mhz ; None                        ; None                      ; 1.375 ns                ;
; N/A   ; Restricted to 420.17 MHz ( period = 2.380 ns ) ; vga:inst3|vga_counter:counter|pos_y[8]               ; vga:inst3|vga_field_check:field_check|in_field_state ; clock_50mhz ; clock_50mhz ; None                        ; None                      ; 1.363 ns                ;
; N/A   ; Restricted to 420.17 MHz ( period = 2.380 ns ) ; vga:inst3|vga_counter:counter|pos_x[2]               ; vga:inst3|vga_counter:counter|pos_x[5]               ; clock_50mhz ; clock_50mhz ; None                        ; None                      ; 1.356 ns                ;
; N/A   ; Restricted to 420.17 MHz ( period = 2.380 ns ) ; vga:inst3|vga_counter:counter|pos_y[3]               ; vga:inst3|vga_counter:counter|pos_y[6]               ; clock_50mhz ; clock_50mhz ; None                        ; None                      ; 1.355 ns                ;
; N/A   ; Restricted to 420.17 MHz ( period = 2.380 ns ) ; vga:inst3|vga_counter:counter|pos_y[1]               ; vga:inst3|vga_counter:counter|pos_y[4]               ; clock_50mhz ; clock_50mhz ; None                        ; None                      ; 1.355 ns                ;
; N/A   ; Restricted to 420.17 MHz ( period = 2.380 ns ) ; vga:inst3|vga_counter:counter|pos_x[1]               ; vga:inst3|vga_counter:counter|pos_x[4]               ; clock_50mhz ; clock_50mhz ; None                        ; None                      ; 1.352 ns                ;
; N/A   ; Restricted to 420.17 MHz ( period = 2.380 ns ) ; gen6mhz:inst1|count[1]                               ; gen6mhz:inst1|count[2]                               ; clock_50mhz ; clock_50mhz ; None                        ; None                      ; 0.534 ns                ;
; N/A   ; Restricted to 420.17 MHz ( period = 2.380 ns ) ; vga:inst3|vga_counter:counter|pos_x[3]               ; vga:inst3|vga_counter:counter|pos_x[5]               ; clock_50mhz ; clock_50mhz ; None                        ; None                      ; 1.341 ns                ;
; N/A   ; Restricted to 420.17 MHz ( period = 2.380 ns ) ; vga:inst3|vga_counter:counter|pos_y[4]               ; vga:inst3|vga_counter:counter|pos_y[6]               ; clock_50mhz ; clock_50mhz ; None                        ; None                      ; 1.320 ns                ;
; N/A   ; Restricted to 420.17 MHz ( period = 2.380 ns ) ; vga:inst3|vga_counter:counter|pos_y[2]               ; vga:inst3|vga_counter:counter|pos_y[4]               ; clock_50mhz ; clock_50mhz ; None                        ; None                      ; 1.320 ns                ;
; N/A   ; Restricted to 420.17 MHz ( period = 2.380 ns ) ; vga:inst3|vga_counter:counter|pos_x[4]               ; vga:inst3|vga_field_check:field_check|in_field_state ; clock_50mhz ; clock_50mhz ; None                        ; None                      ; 1.313 ns                ;
; N/A   ; Restricted to 420.17 MHz ( period = 2.380 ns ) ; vga:inst3|vga_counter:counter|pos_y[6]               ; vga:inst3|vga_counter:counter|pos_y[7]               ; clock_50mhz ; clock_50mhz ; None                        ; None                      ; 1.306 ns                ;
; N/A   ; Restricted to 420.17 MHz ( period = 2.380 ns ) ; vga:inst3|vga_counter:counter|pos_x[4]               ; vga:inst3|vga_sync:sync|h_sync_state                 ; clock_50mhz ; clock_50mhz ; None                        ; None                      ; 1.303 ns                ;
; N/A   ; Restricted to 420.17 MHz ( period = 2.380 ns ) ; vga:inst3|vga_counter:counter|pos_x[7]               ; vga:inst3|vga_counter:counter|pos_x[3]               ; clock_50mhz ; clock_50mhz ; None                        ; None                      ; 1.290 ns                ;
; N/A   ; Restricted to 420.17 MHz ( period = 2.380 ns ) ; vga:inst3|vga_counter:counter|pos_x[7]               ; vga:inst3|vga_counter:counter|pos_x[6]               ; clock_50mhz ; clock_50mhz ; None                        ; None                      ; 1.290 ns                ;
; N/A   ; Restricted to 420.17 MHz ( period = 2.380 ns ) ; vga:inst3|vga_counter:counter|pos_x[2]               ; vga:inst3|vga_counter:counter|pos_x[4]               ; clock_50mhz ; clock_50mhz ; None                        ; None                      ; 1.285 ns                ;
; N/A   ; Restricted to 420.17 MHz ( period = 2.380 ns ) ; vga:inst3|vga_counter:counter|pos_x[3]               ; vga:inst3|vga_field_check:field_check|in_field_state ; clock_50mhz ; clock_50mhz ; None                        ; None                      ; 1.284 ns                ;
; N/A   ; Restricted to 420.17 MHz ( period = 2.380 ns ) ; vga:inst3|vga_counter:counter|pos_y[1]               ; vga:inst3|vga_counter:counter|pos_y[3]               ; clock_50mhz ; clock_50mhz ; None                        ; None                      ; 1.284 ns                ;
; N/A   ; Restricted to 420.17 MHz ( period = 2.380 ns ) ; vga:inst3|vga_counter:counter|pos_y[3]               ; vga:inst3|vga_counter:counter|pos_y[5]               ; clock_50mhz ; clock_50mhz ; None                        ; None                      ; 1.284 ns                ;
; N/A   ; Restricted to 420.17 MHz ( period = 2.380 ns ) ; vga:inst3|vga_counter:counter|pos_x[5]               ; vga:inst3|vga_counter:counter|pos_x[3]               ; clock_50mhz ; clock_50mhz ; None                        ; None                      ; 1.276 ns                ;
; N/A   ; Restricted to 420.17 MHz ( period = 2.380 ns ) ; vga:inst3|vga_counter:counter|pos_x[3]               ; vga:inst3|vga_counter:counter|pos_x[4]               ; clock_50mhz ; clock_50mhz ; None                        ; None                      ; 1.270 ns                ;
; N/A   ; Restricted to 420.17 MHz ( period = 2.380 ns ) ; vga:inst3|vga_counter:counter|pos_x[0]               ; vga:inst3|vga_counter:counter|pos_x[2]               ; clock_50mhz ; clock_50mhz ; None                        ; None                      ; 1.265 ns                ;
; N/A   ; Restricted to 420.17 MHz ( period = 2.380 ns ) ; vga:inst3|vga_counter:counter|pos_y[2]               ; vga:inst3|vga_sync:sync|v_sync_state                 ; clock_50mhz ; clock_50mhz ; None                        ; None                      ; 1.253 ns                ;
; N/A   ; Restricted to 420.17 MHz ( period = 2.380 ns ) ; vga:inst3|vga_counter:counter|pos_y[2]               ; vga:inst3|vga_counter:counter|pos_y[3]               ; clock_50mhz ; clock_50mhz ; None                        ; None                      ; 1.249 ns                ;
; N/A   ; Restricted to 420.17 MHz ( period = 2.380 ns ) ; vga:inst3|vga_counter:counter|pos_y[5]               ; vga:inst3|vga_counter:counter|pos_y[6]               ; clock_50mhz ; clock_50mhz ; None                        ; None                      ; 1.249 ns                ;
; N/A   ; Restricted to 420.17 MHz ( period = 2.380 ns ) ; vga:inst3|vga_counter:counter|pos_y[4]               ; vga:inst3|vga_counter:counter|pos_y[5]               ; clock_50mhz ; clock_50mhz ; None                        ; None                      ; 1.249 ns                ;
; N/A   ; Restricted to 420.17 MHz ( period = 2.380 ns ) ; vga:inst3|vga_counter:counter|pos_y[7]               ; vga:inst3|vga_counter:counter|pos_y[8]               ; clock_50mhz ; clock_50mhz ; None                        ; None                      ; 1.242 ns                ;
; N/A   ; Restricted to 420.17 MHz ( period = 2.380 ns ) ; vga:inst3|vga_counter:counter|pos_y[4]               ; vga:inst3|vga_sync:sync|v_sync_state                 ; clock_50mhz ; clock_50mhz ; None                        ; None                      ; 1.242 ns                ;
; N/A   ; Restricted to 420.17 MHz ( period = 2.380 ns ) ; vga:inst3|vga_read:read_and_output|in_field_buf      ; vga:inst3|vga_read:read_and_output|red_out           ; clock_50mhz ; clock_50mhz ; None                        ; None                      ; 1.235 ns                ;
; N/A   ; Restricted to 420.17 MHz ( period = 2.380 ns ) ; vga:inst3|vga_counter:counter|pos_y[3]               ; vga:inst3|vga_sync:sync|v_sync_state                 ; clock_50mhz ; clock_50mhz ; None                        ; None                      ; 1.222 ns                ;
; N/A   ; Restricted to 420.17 MHz ( period = 2.380 ns ) ; vga:inst3|vga_counter:counter|pos_y[7]               ; vga:inst3|vga_field_check:field_check|in_field_state ; clock_50mhz ; clock_50mhz ; None                        ; None                      ; 1.217 ns                ;
; N/A   ; Restricted to 420.17 MHz ( period = 2.380 ns ) ; vga:inst3|vga_counter:counter|pos_x[4]               ; vga:inst3|vga_counter:counter|pos_x[5]               ; clock_50mhz ; clock_50mhz ; None                        ; None                      ; 1.215 ns                ;
; N/A   ; Restricted to 420.17 MHz ( period = 2.380 ns ) ; vga:inst3|vga_counter:counter|pos_y[1]               ; vga:inst3|vga_counter:counter|pos_y[2]               ; clock_50mhz ; clock_50mhz ; None                        ; None                      ; 1.213 ns                ;
; N/A   ; Restricted to 420.17 MHz ( period = 2.380 ns ) ; vga:inst3|vga_counter:counter|pos_y[3]               ; vga:inst3|vga_counter:counter|pos_y[4]               ; clock_50mhz ; clock_50mhz ; None                        ; None                      ; 1.213 ns                ;
; N/A   ; Restricted to 420.17 MHz ( period = 2.380 ns ) ; vga:inst3|vga_counter:counter|pos_x[1]               ; vga:inst3|vga_counter:counter|pos_x[2]               ; clock_50mhz ; clock_50mhz ; None                        ; None                      ; 1.210 ns                ;
; N/A   ; Restricted to 420.17 MHz ( period = 2.380 ns ) ; vga:inst3|vga_counter:counter|pos_x[0]               ; vga:inst3|vga_counter:counter|pos_x[1]               ; clock_50mhz ; clock_50mhz ; None                        ; None                      ; 1.194 ns                ;
; N/A   ; Restricted to 420.17 MHz ( period = 2.380 ns ) ; vga:inst3|vga_counter:counter|pos_x[7]               ; vga:inst3|vga_counter:counter|pos_x[7]               ; clock_50mhz ; clock_50mhz ; None                        ; None                      ; 1.105 ns                ;
; N/A   ; Restricted to 420.17 MHz ( period = 2.380 ns ) ; vga:inst3|vga_counter:counter|pos_y[7]               ; vga:inst3|vga_sync:sync|v_sync_state                 ; clock_50mhz ; clock_50mhz ; None                        ; None                      ; 1.078 ns                ;
; N/A   ; Restricted to 420.17 MHz ( period = 2.380 ns ) ; vga:inst3|vga_counter:counter|pos_x[5]               ; vga:inst3|vga_sync:sync|h_sync_state                 ; clock_50mhz ; clock_50mhz ; None                        ; None                      ; 1.027 ns                ;
; N/A   ; Restricted to 420.17 MHz ( period = 2.380 ns ) ; vga:inst3|vga_counter:counter|pos_y[0]               ; vga:inst3|vga_counter:counter|pos_y[1]               ; clock_50mhz ; clock_50mhz ; None                        ; None                      ; 1.019 ns                ;
; N/A   ; Restricted to 420.17 MHz ( period = 2.380 ns ) ; gen6mhz:inst1|count[0]                               ; gen6mhz:inst1|count[1]                               ; clock_50mhz ; clock_50mhz ; None                        ; None                      ; 0.993 ns                ;
; N/A   ; Restricted to 420.17 MHz ( period = 2.380 ns ) ; vga:inst3|vga_read:read_and_output|in_field_buf      ; vga:inst3|vga_read:read_and_output|blue_out          ; clock_50mhz ; clock_50mhz ; None                        ; None                      ; 0.960 ns                ;
; N/A   ; Restricted to 420.17 MHz ( period = 2.380 ns ) ; vga:inst3|vga_counter:counter|pos_y[8]               ; vga:inst3|vga_sync:sync|v_sync_state                 ; clock_50mhz ; clock_50mhz ; None                        ; None                      ; 0.948 ns                ;
; N/A   ; Restricted to 420.17 MHz ( period = 2.380 ns ) ; vga:inst3|vga_counter:counter|pos_x[6]               ; vga:inst3|vga_field_check:field_check|in_field_state ; clock_50mhz ; clock_50mhz ; None                        ; None                      ; 0.920 ns                ;
; N/A   ; Restricted to 420.17 MHz ( period = 2.380 ns ) ; vga:inst3|vga_counter:counter|pos_x[5]               ; vga:inst3|vga_counter:counter|pos_x[5]               ; clock_50mhz ; clock_50mhz ; None                        ; None                      ; 0.867 ns                ;
; N/A   ; Restricted to 420.17 MHz ( period = 2.380 ns ) ; vga:inst3|vga_counter:counter|pos_y[2]               ; vga:inst3|vga_counter:counter|pos_y[2]               ; clock_50mhz ; clock_50mhz ; None                        ; None                      ; 0.863 ns                ;
; N/A   ; Restricted to 420.17 MHz ( period = 2.380 ns ) ; vga:inst3|vga_counter:counter|pos_y[5]               ; vga:inst3|vga_counter:counter|pos_y[5]               ; clock_50mhz ; clock_50mhz ; None                        ; None                      ; 0.863 ns                ;
; N/A   ; Restricted to 420.17 MHz ( period = 2.380 ns ) ; vga:inst3|vga_counter:counter|pos_y[4]               ; vga:inst3|vga_counter:counter|pos_y[4]               ; clock_50mhz ; clock_50mhz ; None                        ; None                      ; 0.863 ns                ;
; N/A   ; Restricted to 420.17 MHz ( period = 2.380 ns ) ; vga:inst3|vga_counter:counter|pos_y[7]               ; vga:inst3|vga_counter:counter|pos_y[7]               ; clock_50mhz ; clock_50mhz ; None                        ; None                      ; 0.856 ns                ;
; N/A   ; Restricted to 420.17 MHz ( period = 2.380 ns ) ; vga:inst3|vga_counter:counter|pos_x[4]               ; vga:inst3|vga_counter:counter|pos_x[4]               ; clock_50mhz ; clock_50mhz ; None                        ; None                      ; 0.832 ns                ;
; N/A   ; Restricted to 420.17 MHz ( period = 2.380 ns ) ; vga:inst3|vga_counter:counter|pos_x[2]               ; vga:inst3|vga_counter:counter|pos_x[2]               ; clock_50mhz ; clock_50mhz ; None                        ; None                      ; 0.831 ns                ;
; N/A   ; Restricted to 420.17 MHz ( period = 2.380 ns ) ; vga:inst3|vga_counter:counter|pos_y[6]               ; vga:inst3|vga_counter:counter|pos_y[6]               ; clock_50mhz ; clock_50mhz ; None                        ; None                      ; 0.831 ns                ;
; N/A   ; Restricted to 420.17 MHz ( period = 2.380 ns ) ; vga:inst3|vga_counter:counter|pos_y[1]               ; vga:inst3|vga_counter:counter|pos_y[1]               ; clock_50mhz ; clock_50mhz ; None                        ; None                      ; 0.830 ns                ;
; N/A   ; Restricted to 420.17 MHz ( period = 2.380 ns ) ; vga:inst3|vga_counter:counter|pos_y[3]               ; vga:inst3|vga_counter:counter|pos_y[3]               ; clock_50mhz ; clock_50mhz ; None                        ; None                      ; 0.830 ns                ;
; N/A   ; Restricted to 420.17 MHz ( period = 2.380 ns ) ; vga:inst3|vga_counter:counter|pos_x[1]               ; vga:inst3|vga_counter:counter|pos_x[1]               ; clock_50mhz ; clock_50mhz ; None                        ; None                      ; 0.827 ns                ;
; N/A   ; Restricted to 420.17 MHz ( period = 2.380 ns ) ; vga:inst3|vga_counter:counter|pos_x[0]               ; vga:inst3|vga_counter:counter|pos_x[0]               ; clock_50mhz ; clock_50mhz ; None                        ; None                      ; 0.811 ns                ;
; N/A   ; Restricted to 420.17 MHz ( period = 2.380 ns ) ; vga:inst3|vga_counter:counter|pos_x[6]               ; vga:inst3|vga_sync:sync|h_sync_state                 ; clock_50mhz ; clock_50mhz ; None                        ; None                      ; 0.786 ns                ;
; N/A   ; Restricted to 420.17 MHz ( period = 2.380 ns ) ; vga:inst3|vga_read:read_and_output|v_sync_buf        ; vga:inst3|vga_read:read_and_output|v_sync_out        ; clock_50mhz ; clock_50mhz ; None                        ; None                      ; 0.712 ns                ;
; N/A   ; Restricted to 420.17 MHz ( period = 2.380 ns ) ; vga:inst3|vga_counter:counter|pos_y[1]               ; vga:inst3|vga_sync:sync|v_sync_state                 ; clock_50mhz ; clock_50mhz ; None                        ; None                      ; 0.658 ns                ;
; N/A   ; Restricted to 420.17 MHz ( period = 2.380 ns ) ; vga:inst3|vga_counter:counter|pos_y[8]               ; vga:inst3|vga_counter:counter|pos_y[8]               ; clock_50mhz ; clock_50mhz ; None                        ; None                      ; 0.553 ns                ;
; N/A   ; Restricted to 420.17 MHz ( period = 2.380 ns ) ; vga:inst3|vga_field_check:field_check|in_field_state ; vga:inst3|vga_read:read_and_output|in_field_buf      ; clock_50mhz ; clock_50mhz ; None                        ; None                      ; 0.535 ns                ;
; N/A   ; Restricted to 420.17 MHz ( period = 2.380 ns ) ; vga:inst3|vga_read:read_and_output|h_sync_buf        ; vga:inst3|vga_read:read_and_output|h_sync_out        ; clock_50mhz ; clock_50mhz ; None                        ; None                      ; 0.534 ns                ;
; N/A   ; Restricted to 420.17 MHz ( period = 2.380 ns ) ; vga:inst3|vga_sync:sync|v_sync_state                 ; vga:inst3|vga_read:read_and_output|v_sync_buf        ; clock_50mhz ; clock_50mhz ; None                        ; None                      ; 0.534 ns                ;
; N/A   ; Restricted to 420.17 MHz ( period = 2.380 ns ) ; vga:inst3|vga_sync:sync|h_sync_state                 ; vga:inst3|vga_read:read_and_output|h_sync_buf        ; clock_50mhz ; clock_50mhz ; None                        ; None                      ; 0.532 ns                ;
; N/A   ; Restricted to 420.17 MHz ( period = 2.380 ns ) ; gen6mhz:inst1|count[2]                               ; gen6mhz:inst1|count[2]                               ; clock_50mhz ; clock_50mhz ; None                        ; None                      ; 0.407 ns                ;
; N/A   ; Restricted to 420.17 MHz ( period = 2.380 ns ) ; vga:inst3|vga_counter:counter|pos_y[0]               ; vga:inst3|vga_counter:counter|pos_y[0]               ; clock_50mhz ; clock_50mhz ; None                        ; None                      ; 0.407 ns                ;
; N/A   ; Restricted to 420.17 MHz ( period = 2.380 ns ) ; gen6mhz:inst1|count[0]                               ; gen6mhz:inst1|count[0]                               ; clock_50mhz ; clock_50mhz ; None                        ; None                      ; 0.407 ns                ;
; N/A   ; Restricted to 420.17 MHz ( period = 2.380 ns ) ; gen6mhz:inst1|count[1]                               ; gen6mhz:inst1|count[1]                               ; clock_50mhz ; clock_50mhz ; None                        ; None                      ; 0.407 ns                ;
+-------+------------------------------------------------+------------------------------------------------------+------------------------------------------------------+-------------+-------------+-----------------------------+---------------------------+-------------------------+


+-----------------------------------------------------------------------------------------------------+
; tsu                                                                                                 ;
+-------+--------------+------------+------+--------------------------------------------+-------------+
; Slack ; Required tsu ; Actual tsu ; From ; To                                         ; To Clock    ;
+-------+--------------+------------+------+--------------------------------------------+-------------+
; N/A   ; None         ; -1.372 ns  ; data ; vga:inst3|vga_read:read_and_output|red_out ; clock_50mhz ;
+-------+--------------+------------+------+--------------------------------------------+-------------+


+---------------------------------------------------------------------------------------------------------------+
; tco                                                                                                           ;
+-------+--------------+------------+-----------------------------------------------+-------------+-------------+
; Slack ; Required tco ; Actual tco ; From                                          ; To          ; From Clock  ;
+-------+--------------+------------+-----------------------------------------------+-------------+-------------+
; N/A   ; None         ; 9.977 ns   ; vga:inst3|vga_read:read_and_output|h_sync_out ; vga_hsync   ; clock_50mhz ;
; N/A   ; None         ; 9.698 ns   ; vga:inst3|vga_read:read_and_output|v_sync_out ; vga_vsync   ; clock_50mhz ;
; N/A   ; None         ; 9.647 ns   ; vga:inst3|vga_read:read_and_output|blue_out   ; debug_data  ; clock_50mhz ;
; N/A   ; None         ; 9.028 ns   ; vga:inst3|vga_read:read_and_output|h_sync_out ; debug_hsync ; clock_50mhz ;
; N/A   ; None         ; 8.851 ns   ; vga:inst3|vga_read:read_and_output|red_out    ; vga_r[1]    ; clock_50mhz ;
; N/A   ; None         ; 8.851 ns   ; vga:inst3|vga_read:read_and_output|red_out    ; vga_r[2]    ; clock_50mhz ;
; N/A   ; None         ; 8.818 ns   ; vga:inst3|vga_read:read_and_output|blue_out   ; vga_b[4]    ; clock_50mhz ;
; N/A   ; None         ; 8.808 ns   ; vga:inst3|vga_read:read_and_output|blue_out   ; vga_b[5]    ; clock_50mhz ;
; N/A   ; None         ; 8.804 ns   ; vga:inst3|vga_read:read_and_output|red_out    ; vga_r[5]    ; clock_50mhz ;
; N/A   ; None         ; 8.798 ns   ; vga:inst3|vga_read:read_and_output|red_out    ; vga_g[0]    ; clock_50mhz ;
; N/A   ; None         ; 8.798 ns   ; vga:inst3|vga_read:read_and_output|red_out    ; vga_g[1]    ; clock_50mhz ;
; N/A   ; None         ; 8.794 ns   ; vga:inst3|vga_read:read_and_output|red_out    ; vga_r[3]    ; clock_50mhz ;
; N/A   ; None         ; 8.794 ns   ; vga:inst3|vga_read:read_and_output|red_out    ; vga_r[4]    ; clock_50mhz ;
; N/A   ; None         ; 8.791 ns   ; vga:inst3|vga_read:read_and_output|red_out    ; vga_r[7]    ; clock_50mhz ;
; N/A   ; None         ; 8.791 ns   ; vga:inst3|vga_read:read_and_output|red_out    ; vga_g[4]    ; clock_50mhz ;
; N/A   ; None         ; 8.791 ns   ; vga:inst3|vga_read:read_and_output|red_out    ; vga_g[5]    ; clock_50mhz ;
; N/A   ; None         ; 8.788 ns   ; vga:inst3|vga_read:read_and_output|red_out    ; vga_r[0]    ; clock_50mhz ;
; N/A   ; None         ; 8.788 ns   ; vga:inst3|vga_read:read_and_output|red_out    ; vga_g[2]    ; clock_50mhz ;
; N/A   ; None         ; 8.788 ns   ; vga:inst3|vga_read:read_and_output|red_out    ; vga_g[3]    ; clock_50mhz ;
; N/A   ; None         ; 8.787 ns   ; vga:inst3|vga_read:read_and_output|blue_out   ; vga_b[0]    ; clock_50mhz ;
; N/A   ; None         ; 8.787 ns   ; vga:inst3|vga_read:read_and_output|blue_out   ; vga_b[1]    ; clock_50mhz ;
; N/A   ; None         ; 8.781 ns   ; vga:inst3|vga_read:read_and_output|red_out    ; vga_r[6]    ; clock_50mhz ;
; N/A   ; None         ; 8.771 ns   ; vga:inst3|vga_read:read_and_output|red_out    ; vga_r[8]    ; clock_50mhz ;
; N/A   ; None         ; 8.771 ns   ; vga:inst3|vga_read:read_and_output|red_out    ; vga_r[9]    ; clock_50mhz ;
; N/A   ; None         ; 8.771 ns   ; vga:inst3|vga_read:read_and_output|red_out    ; vga_g[7]    ; clock_50mhz ;
; N/A   ; None         ; 8.764 ns   ; vga:inst3|vga_read:read_and_output|red_out    ; vga_g[8]    ; clock_50mhz ;
; N/A   ; None         ; 8.764 ns   ; vga:inst3|vga_read:read_and_output|red_out    ; vga_g[9]    ; clock_50mhz ;
; N/A   ; None         ; 8.758 ns   ; vga:inst3|vga_read:read_and_output|blue_out   ; vga_b[2]    ; clock_50mhz ;
; N/A   ; None         ; 8.751 ns   ; vga:inst3|vga_read:read_and_output|red_out    ; vga_g[6]    ; clock_50mhz ;
; N/A   ; None         ; 8.748 ns   ; vga:inst3|vga_read:read_and_output|blue_out   ; vga_b[3]    ; clock_50mhz ;
; N/A   ; None         ; 8.557 ns   ; vga:inst3|vga_read:read_and_output|blue_out   ; vga_b[6]    ; clock_50mhz ;
; N/A   ; None         ; 8.557 ns   ; vga:inst3|vga_read:read_and_output|blue_out   ; vga_b[7]    ; clock_50mhz ;
; N/A   ; None         ; 8.542 ns   ; vga:inst3|vga_read:read_and_output|blue_out   ; vga_b[8]    ; clock_50mhz ;
; N/A   ; None         ; 8.542 ns   ; vga:inst3|vga_read:read_and_output|blue_out   ; vga_b[9]    ; clock_50mhz ;
; N/A   ; None         ; 8.378 ns   ; vga:inst3|vga_read:read_and_output|v_sync_out ; debug_vsync ; clock_50mhz ;
; N/A   ; None         ; 7.299 ns   ; gen6mhz:inst1|count[2]                        ; vga_clk     ; clock_50mhz ;
+-------+--------------+------------+-----------------------------------------------+-------------+-------------+


+-----------------------------------------------------------------------------------------------------------+
; th                                                                                                        ;
+---------------+-------------+-----------+------+--------------------------------------------+-------------+
; Minimum Slack ; Required th ; Actual th ; From ; To                                         ; To Clock    ;
+---------------+-------------+-----------+------+--------------------------------------------+-------------+
; N/A           ; None        ; 1.602 ns  ; data ; vga:inst3|vga_read:read_and_output|red_out ; clock_50mhz ;
+---------------+-------------+-----------+------+--------------------------------------------+-------------+


+--------------------------+
; Timing Analyzer Messages ;
+--------------------------+
Info: *******************************************************************
Info: Running Quartus II Classic Timing Analyzer
    Info: Version 10.0 Build 262 08/18/2010 Service Pack 1 SJ Full Version
    Info: Processing started: Tue Nov 26 16:08:57 2013
Info: Command: quartus_tan --read_settings_files=off --write_settings_files=off de2 -c top_de2 --timing_analysis_only
Warning: Classic Timing Analyzer will not be available in a future release of the Quartus II software. Use the TimeQuest Timing Analyzer to run timing analysis on your design. Convert all the project settings and the timing constraints to TimeQuest Timing Analyzer equivalents.
Info: Parallel compilation is enabled and will use 8 of the 8 processors detected
Warning: Found pins functioning as undefined clocks and/or memory enables
    Info: Assuming node "clock_50mhz" is an undefined clock
Warning: Found 1 node(s) in clock paths which may be acting as ripple and/or gated clocks -- node(s) analyzed as buffer(s) resulting in clock skew
    Info: Detected ripple clock "gen6mhz:inst1|count[2]" as buffer
Info: Clock "clock_50mhz" has Internal fmax of 357.14 MHz between source register "vga:inst3|vga_counter:counter|pos_x[0]" and destination register "vga:inst3|vga_counter:counter|pos_y[1]" (period= 2.8 ns)
    Info: + Longest register to register delay is 2.585 ns
        Info: 1: + IC(0.000 ns) + CELL(0.000 ns) = 0.000 ns; Loc. = LCFF_X42_Y32_N1; Fanout = 3; REG Node = 'vga:inst3|vga_counter:counter|pos_x[0]'
        Info: 2: + IC(0.509 ns) + CELL(0.437 ns) = 0.946 ns; Loc. = LCCOMB_X42_Y32_N20; Fanout = 5; COMB Node = 'vga:inst3|vga_counter:counter|Equal0~1'
        Info: 3: + IC(0.292 ns) + CELL(0.271 ns) = 1.509 ns; Loc. = LCCOMB_X42_Y32_N22; Fanout = 8; COMB Node = 'vga:inst3|vga_counter:counter|Equal0~2'
        Info: 4: + IC(0.416 ns) + CELL(0.660 ns) = 2.585 ns; Loc. = LCFF_X41_Y32_N5; Fanout = 3; REG Node = 'vga:inst3|vga_counter:counter|pos_y[1]'
        Info: Total cell delay = 1.368 ns ( 52.92 % )
        Info: Total interconnect delay = 1.217 ns ( 47.08 % )
    Info: - Smallest clock skew is -0.001 ns
        Info: + Shortest clock path from clock "clock_50mhz" to destination register is 4.311 ns
            Info: 1: + IC(0.000 ns) + CELL(0.999 ns) = 0.999 ns; Loc. = PIN_N2; Fanout = 2; CLK Node = 'clock_50mhz'
            Info: 2: + IC(0.331 ns) + CELL(0.787 ns) = 2.117 ns; Loc. = LCFF_X1_Y18_N21; Fanout = 3; REG Node = 'gen6mhz:inst1|count[2]'
            Info: 3: + IC(0.633 ns) + CELL(0.000 ns) = 2.750 ns; Loc. = CLKCTRL_G0; Fanout = 27; COMB Node = 'gen6mhz:inst1|count[2]~clkctrl'
            Info: 4: + IC(1.024 ns) + CELL(0.537 ns) = 4.311 ns; Loc. = LCFF_X41_Y32_N5; Fanout = 3; REG Node = 'vga:inst3|vga_counter:counter|pos_y[1]'
            Info: Total cell delay = 2.323 ns ( 53.89 % )
            Info: Total interconnect delay = 1.988 ns ( 46.11 % )
        Info: - Longest clock path from clock "clock_50mhz" to source register is 4.312 ns
            Info: 1: + IC(0.000 ns) + CELL(0.999 ns) = 0.999 ns; Loc. = PIN_N2; Fanout = 2; CLK Node = 'clock_50mhz'
            Info: 2: + IC(0.331 ns) + CELL(0.787 ns) = 2.117 ns; Loc. = LCFF_X1_Y18_N21; Fanout = 3; REG Node = 'gen6mhz:inst1|count[2]'
            Info: 3: + IC(0.633 ns) + CELL(0.000 ns) = 2.750 ns; Loc. = CLKCTRL_G0; Fanout = 27; COMB Node = 'gen6mhz:inst1|count[2]~clkctrl'
            Info: 4: + IC(1.025 ns) + CELL(0.537 ns) = 4.312 ns; Loc. = LCFF_X42_Y32_N1; Fanout = 3; REG Node = 'vga:inst3|vga_counter:counter|pos_x[0]'
            Info: Total cell delay = 2.323 ns ( 53.87 % )
            Info: Total interconnect delay = 1.989 ns ( 46.13 % )
    Info: + Micro clock to output delay of source is 0.250 ns
    Info: + Micro setup delay of destination is -0.036 ns
Info: tsu for register "vga:inst3|vga_read:read_and_output|red_out" (data pin = "data", clock pin = "clock_50mhz") is -1.372 ns
    Info: + Longest pin to register delay is 2.970 ns
        Info: 1: + IC(0.000 ns) + CELL(0.999 ns) = 0.999 ns; Loc. = PIN_N26; Fanout = 1; PIN Node = 'data'
        Info: 2: + IC(1.737 ns) + CELL(0.150 ns) = 2.886 ns; Loc. = LCCOMB_X38_Y32_N2; Fanout = 1; COMB Node = 'vga:inst3|vga_read:read_and_output|green_next~0'
        Info: 3: + IC(0.000 ns) + CELL(0.084 ns) = 2.970 ns; Loc. = LCFF_X38_Y32_N3; Fanout = 20; REG Node = 'vga:inst3|vga_read:read_and_output|red_out'
        Info: Total cell delay = 1.233 ns ( 41.52 % )
        Info: Total interconnect delay = 1.737 ns ( 58.48 % )
    Info: + Micro setup delay of destination is -0.036 ns
    Info: - Shortest clock path from clock "clock_50mhz" to destination register is 4.306 ns
        Info: 1: + IC(0.000 ns) + CELL(0.999 ns) = 0.999 ns; Loc. = PIN_N2; Fanout = 2; CLK Node = 'clock_50mhz'
        Info: 2: + IC(0.331 ns) + CELL(0.787 ns) = 2.117 ns; Loc. = LCFF_X1_Y18_N21; Fanout = 3; REG Node = 'gen6mhz:inst1|count[2]'
        Info: 3: + IC(0.633 ns) + CELL(0.000 ns) = 2.750 ns; Loc. = CLKCTRL_G0; Fanout = 27; COMB Node = 'gen6mhz:inst1|count[2]~clkctrl'
        Info: 4: + IC(1.019 ns) + CELL(0.537 ns) = 4.306 ns; Loc. = LCFF_X38_Y32_N3; Fanout = 20; REG Node = 'vga:inst3|vga_read:read_and_output|red_out'
        Info: Total cell delay = 2.323 ns ( 53.95 % )
        Info: Total interconnect delay = 1.983 ns ( 46.05 % )
Info: tco from clock "clock_50mhz" to destination pin "vga_hsync" through register "vga:inst3|vga_read:read_and_output|h_sync_out" is 9.977 ns
    Info: + Longest clock path from clock "clock_50mhz" to source register is 4.312 ns
        Info: 1: + IC(0.000 ns) + CELL(0.999 ns) = 0.999 ns; Loc. = PIN_N2; Fanout = 2; CLK Node = 'clock_50mhz'
        Info: 2: + IC(0.331 ns) + CELL(0.787 ns) = 2.117 ns; Loc. = LCFF_X1_Y18_N21; Fanout = 3; REG Node = 'gen6mhz:inst1|count[2]'
        Info: 3: + IC(0.633 ns) + CELL(0.000 ns) = 2.750 ns; Loc. = CLKCTRL_G0; Fanout = 27; COMB Node = 'gen6mhz:inst1|count[2]~clkctrl'
        Info: 4: + IC(1.025 ns) + CELL(0.537 ns) = 4.312 ns; Loc. = LCFF_X43_Y32_N17; Fanout = 2; REG Node = 'vga:inst3|vga_read:read_and_output|h_sync_out'
        Info: Total cell delay = 2.323 ns ( 53.87 % )
        Info: Total interconnect delay = 1.989 ns ( 46.13 % )
    Info: + Micro clock to output delay of source is 0.250 ns
    Info: + Longest register to pin delay is 5.415 ns
        Info: 1: + IC(0.000 ns) + CELL(0.000 ns) = 0.000 ns; Loc. = LCFF_X43_Y32_N17; Fanout = 2; REG Node = 'vga:inst3|vga_read:read_and_output|h_sync_out'
        Info: 2: + IC(2.607 ns) + CELL(2.808 ns) = 5.415 ns; Loc. = PIN_A7; Fanout = 0; PIN Node = 'vga_hsync'
        Info: Total cell delay = 2.808 ns ( 51.86 % )
        Info: Total interconnect delay = 2.607 ns ( 48.14 % )
Info: th for register "vga:inst3|vga_read:read_and_output|red_out" (data pin = "data", clock pin = "clock_50mhz") is 1.602 ns
    Info: + Longest clock path from clock "clock_50mhz" to destination register is 4.306 ns
        Info: 1: + IC(0.000 ns) + CELL(0.999 ns) = 0.999 ns; Loc. = PIN_N2; Fanout = 2; CLK Node = 'clock_50mhz'
        Info: 2: + IC(0.331 ns) + CELL(0.787 ns) = 2.117 ns; Loc. = LCFF_X1_Y18_N21; Fanout = 3; REG Node = 'gen6mhz:inst1|count[2]'
        Info: 3: + IC(0.633 ns) + CELL(0.000 ns) = 2.750 ns; Loc. = CLKCTRL_G0; Fanout = 27; COMB Node = 'gen6mhz:inst1|count[2]~clkctrl'
        Info: 4: + IC(1.019 ns) + CELL(0.537 ns) = 4.306 ns; Loc. = LCFF_X38_Y32_N3; Fanout = 20; REG Node = 'vga:inst3|vga_read:read_and_output|red_out'
        Info: Total cell delay = 2.323 ns ( 53.95 % )
        Info: Total interconnect delay = 1.983 ns ( 46.05 % )
    Info: + Micro hold delay of destination is 0.266 ns
    Info: - Shortest pin to register delay is 2.970 ns
        Info: 1: + IC(0.000 ns) + CELL(0.999 ns) = 0.999 ns; Loc. = PIN_N26; Fanout = 1; PIN Node = 'data'
        Info: 2: + IC(1.737 ns) + CELL(0.150 ns) = 2.886 ns; Loc. = LCCOMB_X38_Y32_N2; Fanout = 1; COMB Node = 'vga:inst3|vga_read:read_and_output|green_next~0'
        Info: 3: + IC(0.000 ns) + CELL(0.084 ns) = 2.970 ns; Loc. = LCFF_X38_Y32_N3; Fanout = 20; REG Node = 'vga:inst3|vga_read:read_and_output|red_out'
        Info: Total cell delay = 1.233 ns ( 41.52 % )
        Info: Total interconnect delay = 1.737 ns ( 58.48 % )
Info: Quartus II Classic Timing Analyzer was successful. 0 errors, 3 warnings
    Info: Peak virtual memory: 193 megabytes
    Info: Processing ended: Tue Nov 26 16:09:00 2013
    Info: Elapsed time: 00:00:03
    Info: Total CPU time (on all processors): 00:00:00


