                  0 UUDUTTTTTTTTTTLH
                160 DUDUTTTTTTTTTTLH
                300 DDDUTTTTTTTTTTLH
                320 UDDUTTTTTTTTTTLH
                480 DDDUTTTTTTTTTTLH
                640 UDDUTTTTTTTTTTLH
                800 DDDUTTTTTTTTTTLH
                960 UDDUTTTTTTTTTTLH
               1000 UDUUTTTTTTTTTTLH
               1120 DDUUTTTTTTTTTTLH
               1280 UDUUTLLLLLLLLLLH
               1440 DDUUTLLLLLLLLLLH
               1600 UDUUTLLLLLLLLLLL
               1760 DDUUTLLLLLLLLLLL
               1920 UDUUTLLLLLLLLLLL
               2080 DDUUTLLLLLLLLLLL
               2240 UDUUTLLLLLLLHLLL
               2400 DDUUTLLLLLLLHLLL
               2560 UDUUTLLLLLLLHLLL
               2720 DDUUTLLLLLLLHLLL
               2880 UDUUTLLLLLLLHLLL
               3040 DDUUTLLLLLLLHLLL
               3200 UDUUTLLLLLLHLLLL
               3360 DDUUTLLLLLLHLLLL
               3520 UDUUTLLLLLLHLLLL
               3680 DDUUTLLLLLLHLLLL
               3840 UDUUTLLLLLLHLLLL
               4000 DDUUTLLLLLLHLLLL
               4160 UDUUTLLLLLLHHLLL
               4320 DDUUTLLLLLLHHLLL
               4480 UDUUTLLLLLLHHLLL
               4640 DDUUTLLLLLLHHLLL
               4800 UDUUTLLLLLLHHLLL
               4960 DDUUTLLLLLLHHLLL
               5120 UDUUTLLLLLHLLLLL
               5280 DDUUTLLLLLHLLLLL
               5440 UDUUTLLLLLHLLLLL
               5600 DDUUTLLLLLHLLLLL
               5760 UDUUTLLLLLHLLLLL
               5920 DDUUTLLLLLHLLLLL
               6080 UDUUTLLLLLHLHLLL
               6240 DDUUTLLLLLHLHLLL
               6400 UDUUTLLLLLHLHLLL
               6560 DDUUTLLLLLHLHLLL
               6720 UDUUTLLLLLHLHLLL
               6880 DDUUTLLLLLHLHLLL
               7040 UDUUTLLLLLHHLLLL
               7200 DDUUTLLLLLHHLLLL
               7360 UDUUTLLLLLHHLLLL
               7520 DDUUTLLLLLHHLLLL
               7680 UDUUTLLLLLHHLLLL
               7840 DDUUTLLLLLHHLLLL
               8000 UDUUTLLLLLHHHLLL
               8160 DDUUTLLLLLHHHLLL
               8320 UDUUTLLLLLHHHLLL
               8480 DDUUTLLLLLHHHLLL
               8640 UDUUTLLLLLHHHLLL
               8800 DDUUTLLLLLHHHLLL
               8960 UDUUTLLLLLLLLLLL
               9120 DDUUTLLLLLLLLLLL
               9280 UDUULLLLLLLLLHHL
               9440 DDUULLLLLLLLLHHL
               9600 UDUULLLLLLLLLLLL
               9760 DDUULLLLLLLLLLLL
               9920 UDUULLLLLLLLHHLL
              10080 DDUULLLLLLLLHHLL
              10240 UDUULLLLLLLLHLLL
              10400 DDUULLLLLLLLHLLL
              10560 UDUULLLLLLLHLHLL
              10720 DDUULLLLLLLHLHLL
              10880 UDUULLLLLLLHLLLL
              11040 DDUULLLLLLLHLLLL
              11200 UDUULLLLLLLHHHLL
              11360 DDUULLLLLLLHHHLL
              11520 UDUULLLLLLLHHLLL
              11680 DDUULLLLLLLHHLLL
              11840 UDUULLLLLLHLLHLL
              12000 DDUULLLLLLHLLHLL
              12160 UDUULLLLLLHLLLLL
              12320 DDUULLLLLLHLLLLL
              12480 UDUULLLLLLHLHHLL
              12640 DDUULLLLLLHLHHLL
              12800 UDUULLLLLLHLHLLL
              12960 DDUULLLLLLHLHLLL
              13120 UDUULLLLLLHHLHLL
              13280 DDUULLLLLLHHLHLL
              13440 UDUULLLLLLHHLLLL
              13600 DDUULLLLLLHHLLLL
              13760 UDUULLLLLLHHHHLL
              13920 DDUULLLLLLHHHHLL
              14080 UDUUTLLLLLLLLLLL
              14240 DDUUTLLLLLLLLLLL
              14400 UDUUTLLLLHLLLLLL
              14560 DDUUTLLLLHLLLLLL
              14720 UDUUTLLLLHLLLLLL
              14880 DDUUTLLLLHLLLLLL
              15040 UDUUTLLLLHLLLLLL
              15200 DDUUTLLLLHLLLLLL
              15360 UDUUTLLLLHLLHLLL
              15520 DDUUTLLLLHLLHLLL
              15680 UDUUTLLLLHLLHLLL
              15840 DDUUTLLLLHLLHLLL
              16000 UDUUTLLLLHLLHLLL
              16160 DDUUTLLLLHLLHLLL
              16320 UDUUTLLLLHLHLLLL
              16480 DDUUTLLLLHLHLLLL
              16640 UDUUTLLLLHLHLLLL
              16800 DDUUTLLLLHLHLLLL
              16960 UDUUTLLLLHLHLLLL
              17120 DDUUTLLLLHLHLLLL
              17280 UDUUTLLLLHLHHLLL
              17440 DDUUTLLLLHLHHLLL
              17600 UDUUTLLLLHLHHLLL
              17760 DDUUTLLLLHLHHLLL
              17920 UDUUTLLLLHLHHLLL
              18080 DDUUTLLLLHLHHLLL
              18240 UDUUTLLLLHHLLLLL
              18400 DDUUTLLLLHHLLLLL
              18560 UDUUTLLLLHHLLLLL
              18720 DDUUTLLLLHHLLLLL
              18880 UDUUTLLLLHHLLLLL
              19040 DDUUTLLLLHHLLLLL
              19200 UDUUTLLLLHHLHLLL
              19360 DDUUTLLLLHHLHLLL
              19520 UDUUTLLLLHHLHLLL
              19680 DDUUTLLLLHHLHLLL
              19840 UDUUTLLLLHHLHLLL
              20000 DDUUTLLLLHHLHLLL
              20160 UDUUTLLLLHHHLLLL
              20320 DDUUTLLLLHHHLLLL
              20480 UDUUTLLLLHHHLLLL
              20640 DDUUTLLLLHHHLLLL
              20800 UDUUTLLLLHHHLLLL
              20960 DDUUTLLLLHHHLLLL
              21120 UDUUTLLLLHHHHLLL
              21280 DDUUTLLLLHHHHLLL
              21440 UDUUTLLLLHHHHLLL
              21600 DDUUTLLLLHHHHLLL
              21760 UDUUTLLLLHHHHLLL
              21920 DDUUTLLLLHHHHLLL
              22080 UDUUTLLLLHLLLLLL
              22240 DDUUTLLLLHLLLLLL
              22400 UDUUTLLLLLLLLLHL
              22560 DDUUTLLLLLLLLLHL
              22720 UDUUTLLLLLLLLLLL
              22880 DDUUTLLLLLLLLLLL
              23040 UDUUHLLLLHLLLHLL
              23200 DDUUHLLLLHLLLHLL
              23360 UDUUTLLLLLLLLLLL
              23520 DDUUTLLLLLLLLLLL
              23680 UDUUTLLLLLLLHLLL
              23840 DDUUTLLLLLLLHLLL
              24000 UDUUTLLLLLLLHLLL
              24160 DDUUTLLLLLLLHLLL
              24320 UDUUHLLLLHLLHHLL
              24480 DDUUHLLLLHLLHHLL
              24640 UDUUTLLLLLLLHLLL
              24800 DDUUTLLLLLLLHLLL
              24960 UDUUTLLLLLLHLLLL
              25120 DDUUTLLLLLLHLLLL
              25280 UDUUTLLLLLLHLLLL
              25440 DDUUTLLLLLLHLLLL
              25600 UDUUHLLLLHLHLHLL
              25760 DDUUHLLLLHLHLHLL
              25920 UDUUTLLLLLLHLLLL
              26080 DDUUTLLLLLLHLLLL
              26240 UDUUTLLLLLLHHLLL
              26400 DDUUTLLLLLLHHLLL
              26560 UDUUTLLLLLLHHLLL
              26720 DDUUTLLLLLLHHLLL
              26880 UDUUHLLLLHLHHHLL
              27040 DDUUHLLLLHLHHHLL
              27200 UDUUTLLLLLLHHLLL
              27360 DDUUTLLLLLLHHLLL
              27520 UDUUTLLLLLHLLLLL
              27680 DDUUTLLLLLHLLLLL
              27840 UDUUTLLLLLHLLLLL
              28000 DDUUTLLLLLHLLLLL
              28160 UDUUHLLLLHHLLHLL
              28320 DDUUHLLLLHHLLHLL
              28480 UDUUTLLLLLHLLLLL
              28640 DDUUTLLLLLHLLLLL
              28800 UDUUTLLLLLHLHLLL
              28960 DDUUTLLLLLHLHLLL
              29120 UDUUTLLLLLHLHLLL
              29280 DDUUTLLLLLHLHLLL
              29440 UDUUHLLLLHHLHHLL
              29600 DDUUHLLLLHHLHHLL
              29760 UDUUTLLLLLHLHLLL
              29920 DDUUTLLLLLHLHLLL
              30080 UDUUTLLLLLHHLLLL
              30240 DDUUTLLLLLHHLLLL
              30400 UDUUTLLLLLHHLLLL
              30560 DDUUTLLLLLHHLLLL
              30720 UDUUHLLLLHHHLHLL
              30880 DDUUHLLLLHHHLHLL
              31040 UDUUTLLLLLHHLLLL
              31200 DDUUTLLLLLHHLLLL
              31360 UDUUTLLLLLHHHLLL
              31520 DDUUTLLLLLHHHLLL
              31680 UDUUTLLLLLHHHLLL
              31840 DDUUTLLLLLHHHLLL
              32000 UDUUHLLLLHHHHHLL
              32160 DDUUHLLLLHHHHHLL
              32320 UDUUTLLLLLHHHLLL
              32480 DDUUTLLLLLHHHLLL
              32640 UDUUTLHHHHLLLLLL
              32800 DDUUTLHHHHLLLLLL
              32960 UDUUTLHHHHLLLLLL
              33120 DDUUTLHHHHLLLLLL
              33280 UDUUHLLLLLLLLHLL
              33440 DDUUHLLLLLLLLHLL
              33600 UDUULLLLLLLLLHLL
              33760 DDUULLLLLLLLLHLL
              33920 UDUULLLLLLLLLLLL
              34080 DDUULLLLLLLLLLLL
              34240 UDUULLLLLLLLHHLL
              34400 DDUULLLLLLLLHHLL
              34560 UDUULLLLLLLLHLLL
              34720 DDUULLLLLLLLHLLL
              34880 UDUULLLLLLLHLHLL
              35040 DDUULLLLLLLHLHLL
              35200 UDUULLLLLLLHLLLL
              35360 DDUULLLLLLLHLLLL
              35520 UDUULLLLLLLHHHLL
              35680 DDUULLLLLLLHHHLL
              35840 UDUULLLLLLLHHLLL
              36000 DDUULLLLLLLHHLLL
              36160 UDUULLLLLLHLLHLL
              36320 DDUULLLLLLHLLHLL
              36480 UDUULLLLLLHLLLLL
              36640 DDUULLLLLLHLLLLL
              36800 UDUULLLLLLHLHHLL
              36960 DDUULLLLLLHLHHLL
              37120 UDUULLLLLLHLHLLL
              37280 DDUULLLLLLHLHLLL
              37440 UDUULLLLLLHHLHLL
              37600 DDUULLLLLLHHLHLL
              37760 UDUULLLLLLHHLLLL
              37920 DDUULLLLLLHHLLLL
              38080 UDUULLLLLLHHHHLL
              38240 DDUULLLLLLHHHHLL
              38400 UDUUTLLLLHLLLLLL
              38560 DDUUTLLLLHLLLLLL
              38720 UDUUTLLLHLLLLLLL
              38880 DDUUTLLLHLLLLLLL
              39040 UDUUTLLLHLLLLLLL
              39200 DDUUTLLLHLLLLLLL
              39360 UDUUTLLLHLLLLLLL
              39520 DDUUTLLLHLLLLLLL
              39680 UDUUTLLLHLLLHLLL
              39840 DDUUTLLLHLLLHLLL
              40000 UDUUTLLLHLLLHLLL
              40160 DDUUTLLLHLLLHLLL
              40320 UDUUTLLLHLLLHLLL
              40480 DDUUTLLLHLLLHLLL
              40640 UDUUTLLLHLLHLLLL
              40800 DDUUTLLLHLLHLLLL
              40960 UDUUTLLLHLLHLLLL
              41120 DDUUTLLLHLLHLLLL
              41280 UDUUTLLLHLLHLLLL
              41440 DDUUTLLLHLLHLLLL
              41600 UDUUTLLLHLLHHLLL
              41760 DDUUTLLLHLLHHLLL
              41920 UDUUTLLLHLLHHLLL
              42080 DDUUTLLLHLLHHLLL
              42240 UDUUTLLLHLLHHLLL
              42400 DDUUTLLLHLLHHLLL
              42560 UDUUTLLLHLHLLLLL
              42720 DDUUTLLLHLHLLLLL
              42880 UDUUTLLLHLHLLLLL
              43040 DDUUTLLLHLHLLLLL
              43200 UDUUTLLLHLHLLLLL
              43360 DDUUTLLLHLHLLLLL
              43520 UDUUTLLLHLHLHLLL
              43680 DDUUTLLLHLHLHLLL
              43840 UDUUTLLLHLHLHLLL
              44000 DDUUTLLLHLHLHLLL
              44160 UDUUTLLLHLHLHLLL
              44320 DDUUTLLLHLHLHLLL
              44480 UDUUTLLLHLHHLLLL
              44640 DDUUTLLLHLHHLLLL
              44800 UDUUTLLLHLHHLLLL
              44960 DDUUTLLLHLHHLLLL
              45120 UDUUTLLLHLHHLLLL
              45280 DDUUTLLLHLHHLLLL
              45440 UDUUTLLLHLHHHLLL
              45600 DDUUTLLLHLHHHLLL
              45760 UDUUTLLLHLHHHLLL
              45920 DDUUTLLLHLHHHLLL
              46080 UDUUTLLLHLHHHLLL
              46240 DDUUTLLLHLHHHLLL
              46400 UDUUTLLLHLLLLLLL
              46560 DDUUTLLLHLLLLLLL
              46720 UDUUTLLLLHLLLLHL
              46880 DDUUTLLLLHLLLLHL
              47040 UDUUTLLLLHLLLLLL
              47200 DDUUTLLLLHLLLLLL
              47360 UDUUHLLLHLLLLHLL
              47520 DDUUHLLLHLLLLHLL
              47680 UDUUTLLLLHLLLLLL
              47840 DDUUTLLLLHLLLLLL
              48000 UDUUTLLLLHLLHLLL
              48160 DDUUTLLLLHLLHLLL
              48320 UDUUTLLLLHLLHLLL
              48480 DDUUTLLLLHLLHLLL
              48640 UDUUHLLLHLLLHHLL
              48800 DDUUHLLLHLLLHHLL
              48960 UDUUTLLLLHLLHLLL
              49120 DDUUTLLLLHLLHLLL
              49280 UDUUTLLLLHLHLLLL
              49440 DDUUTLLLLHLHLLLL
              49600 UDUUTLLLLHLHLLLL
              49760 DDUUTLLLLHLHLLLL
              49920 UDUUHLLLHLLHLHLL
              50080 DDUUHLLLHLLHLHLL
              50240 UDUUTLLLLHLHLLLL
              50400 DDUUTLLLLHLHLLLL
              50560 UDUUTLLLLHLHHLLL
              50720 DDUUTLLLLHLHHLLL
              50880 UDUUTLLLLHLHHLLL
              51040 DDUUTLLLLHLHHLLL
              51200 UDUUHLLLHLLHHHLL
              51360 DDUUHLLLHLLHHHLL
              51520 UDUUTLLLLHLHHLLL
              51680 DDUUTLLLLHLHHLLL
              51840 UDUUTLLLLHHLLLLL
              52000 DDUUTLLLLHHLLLLL
              52160 UDUUTLLLLHHLLLLL
              52320 DDUUTLLLLHHLLLLL
              52480 UDUUHLLLHLHLLHLL
              52640 DDUUHLLLHLHLLHLL
              52800 UDUUTLLLLHHLLLLL
              52960 DDUUTLLLLHHLLLLL
              53120 UDUUTLLLLHHLHLLL
              53280 DDUUTLLLLHHLHLLL
              53440 UDUUTLLLLHHLHLLL
              53600 DDUUTLLLLHHLHLLL
              53760 UDUUHLLLHLHLHHLL
              53920 DDUUHLLLHLHLHHLL
              54080 UDUUTLLLLHHLHLLL
              54240 DDUUTLLLLHHLHLLL
              54400 UDUUTLLLLHHHLLLL
              54560 DDUUTLLLLHHHLLLL
              54720 UDUUTLLLLHHHLLLL
              54880 DDUUTLLLLHHHLLLL
              55040 UDUUHLLLHLHHLHLL
              55200 DDUUHLLLHLHHLHLL
              55360 UDUUTLLLLHHHLLLL
              55520 DDUUTLLLLHHHLLLL
              55680 UDUUTLLLLHHHHLLL
              55840 DDUUTLLLLHHHHLLL
              56000 UDUUTLLLLHHHHLLL
              56160 DDUUTLLLLHHHHLLL
              56320 UDUUHLLLHLHHHHLL
              56480 DDUUHLLLHLHHHHLL
              56640 UDUUTLLLLHHHHLLL
              56800 DDUUTLLLLHHHHLLL
              56960 UDUUTLLLLLLLLLLL
              57120 DDUUTLLLLLLLLLLL
              57280 UDUUTLLLLLLLLLLL
              57440 DDUUTLLLLLLLLLLL
              57600 UDUUHLLLLHLLLHLL
              57760 DDUUHLLLLHLLLHLL
              57920 UDUUTLLLLLLLLLLL
              58080 DDUUTLLLLLLLLLLL
              58240 UDUUTLLLLLLLHLLL
              58400 DDUUTLLLLLLLHLLL
              58560 UDUUTLLLLLLLHLLL
              58720 DDUUTLLLLLLLHLLL
              58880 UDUUHLLLLHLLHHLL
              59040 DDUUHLLLLHLLHHLL
              59200 UDUUTLLLLLLLHLLL
              59360 DDUUTLLLLLLLHLLL
              59520 UDUUTLLLLLLHLLLL
              59680 DDUUTLLLLLLHLLLL
              59840 UDUUTLLLLLLHLLLL
              60000 DDUUTLLLLLLHLLLL
              60160 UDUUHLLLLHLHLHLL
              60320 DDUUHLLLLHLHLHLL
              60480 UDUUTLLLLLLHLLLL
              60640 DDUUTLLLLLLHLLLL
              60800 UDUUTLLLLLLHHLLL
              60960 DDUUTLLLLLLHHLLL
              61120 UDUUTLLLLLLHHLLL
              61280 DDUUTLLLLLLHHLLL
              61440 UDUUHLLLLHLHHHLL
              61600 DDUUHLLLLHLHHHLL
              61760 UDUUTLLLLLLHHLLL
              61920 DDUUTLLLLLLHHLLL
              62080 UDUUTLLLLLHLLLLL
              62240 DDUUTLLLLLHLLLLL
              62400 UDUUTLLLLLHLLLLL
              62560 DDUUTLLLLLHLLLLL
              62720 UDUUHLLLLHHLLHLL
              62880 DDUUHLLLLHHLLHLL
              63040 UDUUTLLLLLHLLLLL
              63200 DDUUTLLLLLHLLLLL
              63360 UDUUTLLLLLHLHLLL
              63520 DDUUTLLLLLHLHLLL
              63680 UDUUTLLLLLHLHLLL
              63840 DDUUTLLLLLHLHLLL
              64000 UDUUHLLLLHHLHHLL
              64160 DDUUHLLLLHHLHHLL
              64320 UDUUTLLLLLHLHLLL
              64480 DDUUTLLLLLHLHLLL
              64640 UDUUTLLLLLHHLLLL
              64800 DDUUTLLLLLHHLLLL
              64960 UDUUTLLLLLHHLLLL
              65120 DDUUTLLLLLHHLLLL
              65280 UDUUHLLLLHHHLHLL
              65440 DDUUHLLLLHHHLHLL
              65600 UDUUTLLLLLHHLLLL
              65760 DDUUTLLLLLHHLLLL
              65920 UDUUTLLLLLHHHLLL
              66080 DDUUTLLLLLHHHLLL
              66240 UDUUTLLLLLHHHLLL
              66400 DDUUTLLLLLHHHLLL
              66560 UDUUHLLLLHHHHHLL
              66720 DDUUHLLLLHHHHHLL
              66880 UDUUTLLLLLHHHLLL
              67040 DDUUTLLLLLHHHLLL
              67200 UDUUTLHHHHLLLLLL
              67360 DDUUTLHHHHLLLLLL
              67520 UDUUTLHHHHLLLLLL
              67680 DDUUTLHHHHLLLLLL
              67840 UDUUHLLLLLLLLHLL
              68000 DDUUHLLLLLLLLHLL
              68160 UDUULLLLLLLLLHLL
              68320 DDUULLLLLLLLLHLL
              68480 UDUULLLLLLLLLLLL
              68640 DDUULLLLLLLLLLLL
              68800 UDUULLLLLLLLHHLL
              68960 DDUULLLLLLLLHHLL
              69120 UDUULLLLLLLLHLLL
              69280 DDUULLLLLLLLHLLL
              69440 UDUULLLLLLLHLHLL
              69600 DDUULLLLLLLHLHLL
              69760 UDUULLLLLLLHLLLL
              69920 DDUULLLLLLLHLLLL
              70080 UDUULLLLLLLHHHLL
              70240 DDUULLLLLLLHHHLL
              70400 UDUULLLLLLLHHLLL
              70560 DDUULLLLLLLHHLLL
              70720 UDUULLLLLLHLLHLL
              70880 DDUULLLLLLHLLHLL
              71040 UDUULLLLLLHLLLLL
              71200 DDUULLLLLLHLLLLL
              71360 UDUULLLLLLHLHHLL
              71520 DDUULLLLLLHLHHLL
              71680 UDUULLLLLLHLHLLL
              71840 DDUULLLLLLHLHLLL
              72000 UDUULLLLLLHHLHLL
              72160 DDUULLLLLLHHLHLL
              72320 UDUULLLLLLHHLLLL
              72480 DDUULLLLLLHHLLLL
              72640 UDUULLLLLLHHHHLL
              72800 DDUULLLLLLHHHHLL
              72960 UDUUTLLLHLLLLLLL
              73120 DDUUTLLLHLLLLLLL
              73280 UDUUTLLLHHLLLLLL
              73440 DDUUTLLLHHLLLLLL
              73600 UDUUTLLLHHLLLLLL
              73760 DDUUTLLLHHLLLLLL
              73920 UDUUTLLLHHLLLLLL
              74080 DDUUTLLLHHLLLLLL
              74240 UDUUTLLLHHLLHLLL
              74400 DDUUTLLLHHLLHLLL
              74560 UDUUTLLLHHLLHLLL
              74720 DDUUTLLLHHLLHLLL
              74880 UDUUTLLLHHLLHLLL
              75040 DDUUTLLLHHLLHLLL
              75200 UDUUTLLLHHLHLLLL
              75360 DDUUTLLLHHLHLLLL
              75520 UDUUTLLLHHLHLLLL
              75680 DDUUTLLLHHLHLLLL
              75840 UDUUTLLLHHLHLLLL
              76000 DDUUTLLLHHLHLLLL
              76160 UDUUTLLLHHLHHLLL
              76320 DDUUTLLLHHLHHLLL
              76480 UDUUTLLLHHLHHLLL
              76640 DDUUTLLLHHLHHLLL
              76800 UDUUTLLLHHLHHLLL
              76960 DDUUTLLLHHLHHLLL
              77120 UDUUTLLLHHHLLLLL
              77280 DDUUTLLLHHHLLLLL
              77440 UDUUTLLLHHHLLLLL
              77600 DDUUTLLLHHHLLLLL
              77760 UDUUTLLLHHHLLLLL
              77920 DDUUTLLLHHHLLLLL
              78080 UDUUTLLLHHHLHLLL
              78240 DDUUTLLLHHHLHLLL
              78400 UDUUTLLLHHHLHLLL
              78560 DDUUTLLLHHHLHLLL
              78720 UDUUTLLLHHHLHLLL
              78880 DDUUTLLLHHHLHLLL
              79040 UDUUTLLLHHHHLLLL
              79200 DDUUTLLLHHHHLLLL
              79360 UDUUTLLLHHHHLLLL
              79520 DDUUTLLLHHHHLLLL
              79680 UDUUTLLLHHHHLLLL
              79840 DDUUTLLLHHHHLLLL
              80000 UDUUTLLLHHHHHLLL
              80160 DDUUTLLLHHHHHLLL
              80320 UDUUTLLLHHHHHLLL
              80480 DDUUTLLLHHHHHLLL
              80640 UDUUTLLLHHHHHLLL
              80800 DDUUTLLLHHHHHLLL
              80960 UDUUTLLLHHLLLLLL
              81120 DDUUTLLLHHLLLLLL
              81280 UDUUTLLLHLLLLLHL
              81440 DDUUTLLLHLLLLLHL
              81600 UDUUTLLLHLLLLLLL
              81760 DDUUTLLLHLLLLLLL
              81920 UDUUHLLLHHLLLHLL
              82080 DDUUHLLLHHLLLHLL
              82240 UDUUTLLLHLLLLLLL
              82400 DDUUTLLLHLLLLLLL
              82560 UDUUTLLLHLLLHLLL
              82720 DDUUTLLLHLLLHLLL
              82880 UDUUTLLLHLLLHLLL
              83040 DDUUTLLLHLLLHLLL
              83200 UDUUHLLLHHLLHHLL
              83360 DDUUHLLLHHLLHHLL
              83520 UDUUTLLLHLLLHLLL
              83680 DDUUTLLLHLLLHLLL
              83840 UDUUTLLLHLLHLLLL
              84000 DDUUTLLLHLLHLLLL
              84160 UDUUTLLLHLLHLLLL
              84320 DDUUTLLLHLLHLLLL
              84480 UDUUHLLLHHLHLHLL
              84640 DDUUHLLLHHLHLHLL
              84800 UDUUTLLLHLLHLLLL
              84960 DDUUTLLLHLLHLLLL
              85120 UDUUTLLLHLLHHLLL
              85280 DDUUTLLLHLLHHLLL
              85440 UDUUTLLLHLLHHLLL
              85600 DDUUTLLLHLLHHLLL
              85760 UDUUHLLLHHLHHHLL
              85920 DDUUHLLLHHLHHHLL
              86080 UDUUTLLLHLLHHLLL
              86240 DDUUTLLLHLLHHLLL
              86400 UDUUTLLLHLHLLLLL
              86560 DDUUTLLLHLHLLLLL
              86720 UDUUTLLLHLHLLLLL
              86880 DDUUTLLLHLHLLLLL
              87040 UDUUHLLLHHHLLHLL
              87200 DDUUHLLLHHHLLHLL
              87360 UDUUTLLLHLHLLLLL
              87520 DDUUTLLLHLHLLLLL
              87680 UDUUTLLLHLHLHLLL
              87840 DDUUTLLLHLHLHLLL
              88000 UDUUTLLLHLHLHLLL
              88160 DDUUTLLLHLHLHLLL
              88320 UDUUHLLLHHHLHHLL
              88480 DDUUHLLLHHHLHHLL
              88640 UDUUTLLLHLHLHLLL
              88800 DDUUTLLLHLHLHLLL
              88960 UDUUTLLLHLHHLLLL
              89120 DDUUTLLLHLHHLLLL
              89280 UDUUTLLLHLHHLLLL
              89440 DDUUTLLLHLHHLLLL
              89600 UDUUHLLLHHHHLHLL
              89760 DDUUHLLLHHHHLHLL
              89920 UDUUTLLLHLHHLLLL
              90080 DDUUTLLLHLHHLLLL
              90240 UDUUTLLLHLHHHLLL
              90400 DDUUTLLLHLHHHLLL
              90560 UDUUTLLLHLHHHLLL
              90720 DDUUTLLLHLHHHLLL
              90880 UDUUHLLLHHHHHHLL
              91040 DDUUHLLLHHHHHHLL
              91200 UDUUTLLLHLHHHLLL
              91360 DDUUTLLLHLHHHLLL
              91520 UDUUTLLLLHLLLLLL
              91680 DDUUTLLLLHLLLLLL
              91840 UDUUTLLLLHLLLLLL
              92000 DDUUTLLLLHLLLLLL
              92160 UDUUHLLLHLLLLHLL
              92320 DDUUHLLLHLLLLHLL
              92480 UDUUTLLLLHLLLLLL
              92640 DDUUTLLLLHLLLLLL
              92800 UDUUTLLLLHLLHLLL
              92960 DDUUTLLLLHLLHLLL
              93120 UDUUTLLLLHLLHLLL
              93280 DDUUTLLLLHLLHLLL
              93440 UDUUHLLLHLLLHHLL
              93600 DDUUHLLLHLLLHHLL
              93760 UDUUTLLLLHLLHLLL
              93920 DDUUTLLLLHLLHLLL
              94080 UDUUTLLLLHLHLLLL
              94240 DDUUTLLLLHLHLLLL
              94400 UDUUTLLLLHLHLLLL
              94560 DDUUTLLLLHLHLLLL
              94720 UDUUHLLLHLLHLHLL
              94880 DDUUHLLLHLLHLHLL
              95040 UDUUTLLLLHLHLLLL
              95200 DDUUTLLLLHLHLLLL
              95360 UDUUTLLLLHLHHLLL
              95520 DDUUTLLLLHLHHLLL
              95680 UDUUTLLLLHLHHLLL
              95840 DDUUTLLLLHLHHLLL
              96000 UDUUHLLLHLLHHHLL
              96160 DDUUHLLLHLLHHHLL
              96320 UDUUTLLLLHLHHLLL
              96480 DDUUTLLLLHLHHLLL
              96640 UDUUTLLLLHHLLLLL
              96800 DDUUTLLLLHHLLLLL
              96960 UDUUTLLLLHHLLLLL
              97120 DDUUTLLLLHHLLLLL
              97280 UDUUHLLLHLHLLHLL
              97440 DDUUHLLLHLHLLHLL
              97600 UDUUTLLLLHHLLLLL
              97760 DDUUTLLLLHHLLLLL
              97920 UDUUTLLLLHHLHLLL
              98080 DDUUTLLLLHHLHLLL
              98240 UDUUTLLLLHHLHLLL
              98400 DDUUTLLLLHHLHLLL
              98560 UDUUHLLLHLHLHHLL
              98720 DDUUHLLLHLHLHHLL
              98880 UDUUTLLLLHHLHLLL
              99040 DDUUTLLLLHHLHLLL
              99200 UDUUTLLLLHHHLLLL
              99360 DDUUTLLLLHHHLLLL
              99520 UDUUTLLLLHHHLLLL
              99680 DDUUTLLLLHHHLLLL
              99840 UDUUHLLLHLHHLHLL
             100000 DDUUHLLLHLHHLHLL
