================================================================================
                                     S L S                                      
                                  version: 3.3                                  
                      S I M U L A T I O N   R E S U L T S                       
================================================================================
 time         | c   r   s   r   r   r   r   r   r   r   r   r   r   r   s   r 
 in 1e-09 sec | l   e   t   a   a   a   a   a   a   a   a   a   a   a   c   e 
              | k   s   a   m   m   m   m   m   m   m   m   m   m   m   o   a 
              |     e   r   _   _   _   _   _   _   _   _   _   _   _   r   d 
              |     t   t   i   o   a   a   a   a   a   a   a   a   w   e   y 
              |             n   u   d   d   d   d   d   d   d   d   r         
              |                 t   d   d   d   d   d   d   d   d   i         
              |                     r   r   r   r   r   r   r   r   t         
              |                     _   _   _   _   _   _   _   _   e         
              |                     7   7   7   7   7   7   7   7             
              |                     _   _   _   _   _   _   _   _             
              |                     0   0   0   0   0   0   0   0             
              |                     _   _   _   _   _   _   _   _             
              |                     7   6   5   4   3   2   1   0             
================================================================================
          0.0 | 1   1   0   1   x   x   x   x   x   x   x   x   x   x   x   x
          0.0 | 1   1   0   1   0   0   0   1   1   0   0   0   1   0   0   1
        160.0 | 0   1   0   1   0   0   0   1   1   0   0   0   1   0   0   1
        300.0 | 0   0   0   1   0   0   0   1   1   0   0   0   1   0   0   1
        320.0 | 1   0   0   1   0   0   0   1   1   0   0   0   1   0   0   1
        480.0 | 0   0   0   1   0   0   0   1   1   0   0   0   1   0   0   1
        640.0 | 1   0   0   1   0   0   0   1   1   0   0   0   1   0   0   1
        800.0 | 0   0   0   1   0   0   0   1   1   0   0   0   1   0   0   1
        960.0 | 1   0   0   1   0   0   0   1   1   0   0   0   1   0   0   1
       1000.0 | 1   0   1   1   0   0   0   1   1   0   0   0   1   0   0   1
       1120.0 | 0   0   1   1   0   0   0   1   1   0   0   0   1   0   0   1
       1280.0 | 1   0   1   1   0   0   0   1   1   0   0   0   1   0   0   1
       1285.7 | 1   0   1   1   0   0   0   0   0   0   0   0   0   0   0   1
       1440.0 | 0   0   1   1   0   0   0   0   0   0   0   0   0   0   0   1
       1600.0 | 1   0   1   1   0   0   0   0   0   0   0   0   0   0   0   1
       1600.7 | 1   0   1   1   0   0   0   0   0   0   0   0   0   0   0   0
       1760.0 | 0   0   1   1   0   0   0   0   0   0   0   0   0   0   0   0
       1920.0 | 1   0   1   1   0   0   0   0   0   0   0   0   0   0   0   0
       2080.0 | 0   0   1   1   0   0   0   0   0   0   0   0   0   0   0   0
       2240.0 | 1   0   1   1   0   0   0   0   0   0   0   0   0   0   0   0
       2242.2 | 1   0   1   1   0   0   0   0   0   0   0   0   1   0   0   0
       2400.0 | 0   0   1   1   0   0   0   0   0   0   0   0   1   0   0   0
       2560.0 | 1   0   1   1   0   0   0   0   0   0   0   0   1   0   0   0
       2720.0 | 0   0   1   1   0   0   0   0   0   0   0   0   1   0   0   0
       2880.0 | 1   0   1   1   0   0   0   0   0   0   0   0   1   0   0   0
       3040.0 | 0   0   1   1   0   0   0   0   0   0   0   0   1   0   0   0
       3200.0 | 1   0   1   1   0   0   0   0   0   0   0   0   1   0   0   0
       3202.1 | 1   0   1   1   0   0   0   0   0   0   0   0   0   0   0   0
       3360.0 | 0   0   1   1   0   0   0   0   0   0   0   0   0   0   0   0
       3520.0 | 1   0   1   1   0   0   0   0   0   0   0   0   0   0   0   0
       3680.0 | 0   0   1   1   0   0   0   0   0   0   0   0   0   0   0   0
       3840.0 | 1   0   1   1   0   0   0   0   0   0   0   0   0   0   0   0
       4000.0 | 0   0   1   1   0   0   0   0   0   0   0   0   0   0   0   0
       4160.0 | 1   0   1   1   0   0   0   0   0   0   0   0   0   0   0   0
       4162.2 | 1   0   1   1   0   0   0   0   0   0   0   0   1   0   0   0
       4320.0 | 0   0   1   1   0   0   0   0   0   0   0   0   1   0   0   0
       4480.0 | 1   0   1   1   0   0   0   0   0   0   0   0   1   0   0   0
       4640.0 | 0   0   1   1   0   0   0   0   0   0   0   0   1   0   0   0
       4800.0 | 1   0   1   1   0   0   0   0   0   0   0   0   1   0   0   0
       4960.0 | 0   0   1   1   0   0   0   0   0   0   0   0   1   0   0   0
       5120.0 | 1   0   1   1   0   0   0   0   0   0   0   0   1   0   0   0
       5122.1 | 1   0   1   1   0   0   0   0   0   0   0   0   0   0   0   0
       5280.0 | 0   0   1   1   0   0   0   0   0   0   0   0   0   0   0   0
       5440.0 | 1   0   1   1   0   0   0   0   0   0   0   0   0   0   0   0
       5600.0 | 0   0   1   1   0   0   0   0   0   0   0   0   0   0   0   0
       5760.0 | 1   0   1   1   0   0   0   0   0   0   0   0   0   0   0   0
       5920.0 | 0   0   1   1   0   0   0   0   0   0   0   0   0   0   0   0
       6080.0 | 1   0   1   1   0   0   0   0   0   0   0   0   0   0   0   0
       6082.2 | 1   0   1   1   0   0   0   0   0   0   0   0   1   0   0   0
       6240.0 | 0   0   1   1   0   0   0   0   0   0   0   0   1   0   0   0
       6400.0 | 1   0   1   1   0   0   0   0   0   0   0   0   1   0   0   0
       6560.0 | 0   0   1   1   0   0   0   0   0   0   0   0   1   0   0   0
       6720.0 | 1   0   1   1   0   0   0   0   0   0   0   0   1   0   0   0
       6880.0 | 0   0   1   1   0   0   0   0   0   0   0   0   1   0   0   0
       7040.0 | 1   0   1   1   0   0   0   0   0   0   0   0   1   0   0   0
       7042.1 | 1   0   1   1   0   0   0   0   0   0   0   0   0   0   0   0
       7200.0 | 0   0   1   1   0   0   0   0   0   0   0   0   0   0   0   0
       7360.0 | 1   0   1   1   0   0   0   0   0   0   0   0   0   0   0   0
       7520.0 | 0   0   1   1   0   0   0   0   0   0   0   0   0   0   0   0
       7680.0 | 1   0   1   1   0   0   0   0   0   0   0   0   0   0   0   0
       7840.0 | 0   0   1   1   0   0   0   0   0   0   0   0   0   0   0   0
       8000.0 | 1   0   1   1   0   0   0   0   0   0   0   0   0   0   0   0
       8002.2 | 1   0   1   1   0   0   0   0   0   0   0   0   1   0   0   0
       8160.0 | 0   0   1   1   0   0   0   0   0   0   0   0   1   0   0   0
       8320.0 | 1   0   1   1   0   0   0   0   0   0   0   0   1   0   0   0
       8480.0 | 0   0   1   1   0   0   0   0   0   0   0   0   1   0   0   0
       8640.0 | 1   0   1   1   0   0   0   0   0   0   0   0   1   0   0   0
       8800.0 | 0   0   1   1   0   0   0   0   0   0   0   0   1   0   0   0
       8960.0 | 1   0   1   1   0   0   0   0   0   0   0   0   1   0   0   0
       8962.1 | 1   0   1   1   0   0   0   0   0   0   0   0   0   0   0   0
       9120.0 | 0   0   1   1   0   0   0   0   0   0   0   0   0   0   0   0
       9280.0 | 1   0   1   1   0   0   0   0   0   0   0   0   0   0   0   0
       9280.8 | 1   0   1   1   0   0   0   0   0   0   0   0   0   0   1   0
       9440.0 | 0   0   1   1   0   0   0   0   0   0   0   0   0   0   1   0
       9600.0 | 1   0   1   1   0   0   0   0   0   0   0   0   0   0   1   0
       9600.7 | 1   0   1   1   0   0   0   0   0   0   0   0   0   0   0   0
       9760.0 | 0   0   1   1   0   0   0   0   0   0   0   0   0   0   0   0
       9920.0 | 1   0   1   1   0   0   0   0   0   0   0   0   0   0   0   0
       9922.2 | 1   0   1   1   0   0   0   0   0   0   0   0   1   0   0   0
       9924.7 | 1   0   1   1   0   0   0   0   0   0   0   0   0   0   0   0
       9925.4 | 1   0   1   1   0   0   0   0   0   0   0   0   1   0   0   0
      10080.0 | 0   0   1   1   0   0   0   0   0   0   0   0   1   0   0   0
      10240.0 | 1   0   1   1   0   0   0   0   0   0   0   0   1   0   0   0
      10400.0 | 0   0   1   1   0   0   0   0   0   0   0   0   1   0   0   0
      10560.0 | 1   0   1   1   0   0   0   0   0   0   0   0   1   0   0   0
      10562.0 | 1   0   1   1   0   0   0   0   0   0   0   0   0   0   0   0
      10720.0 | 0   0   1   1   0   0   0   0   0   0   0   0   0   0   0   0
      10880.0 | 1   0   1   1   0   0   0   0   0   0   0   0   0   0   0   0
      11040.0 | 0   0   1   1   0   0   0   0   0   0   0   0   0   0   0   0
      11200.0 | 1   0   1   1   0   0   0   0   0   0   0   0   0   0   0   0
      11202.2 | 1   0   1   1   0   0   0   0   0   0   0   0   1   0   0   0
      11204.7 | 1   0   1   1   0   0   0   0   0   0   0   0   0   0   0   0
      11205.4 | 1   0   1   1   0   0   0   0   0   0   0   0   1   0   0   0
      11360.0 | 0   0   1   1   0   0   0   0   0   0   0   0   1   0   0   0
      11520.0 | 1   0   1   1   0   0   0   0   0   0   0   0   1   0   0   0
      11680.0 | 0   0   1   1   0   0   0   0   0   0   0   0   1   0   0   0
      11840.0 | 1   0   1   1   0   0   0   0   0   0   0   0   1   0   0   0
      11842.0 | 1   0   1   1   0   0   0   0   0   0   0   0   0   0   0   0
      12000.0 | 0   0   1   1   0   0   0   0   0   0   0   0   0   0   0   0
      12160.0 | 1   0   1   1   0   0   0   0   0   0   0   0   0   0   0   0
      12320.0 | 0   0   1   1   0   0   0   0   0   0   0   0   0   0   0   0
      12480.0 | 1   0   1   1   0   0   0   0   0   0   0   0   0   0   0   0
      12482.2 | 1   0   1   1   0   0   0   0   0   0   0   0   1   0   0   0
      12484.7 | 1   0   1   1   0   0   0   0   0   0   0   0   0   0   0   0
      12485.4 | 1   0   1   1   0   0   0   0   0   0   0   0   1   0   0   0
      12640.0 | 0   0   1   1   0   0   0   0   0   0   0   0   1   0   0   0
      12800.0 | 1   0   1   1   0   0   0   0   0   0   0   0   1   0   0   0
      12960.0 | 0   0   1   1   0   0   0   0   0   0   0   0   1   0   0   0
      13120.0 | 1   0   1   1   0   0   0   0   0   0   0   0   1   0   0   0
      13122.0 | 1   0   1   1   0   0   0   0   0   0   0   0   0   0   0   0
      13280.0 | 0   0   1   1   0   0   0   0   0   0   0   0   0   0   0   0
      13440.0 | 1   0   1   1   0   0   0   0   0   0   0   0   0   0   0   0
      13600.0 | 0   0   1   1   0   0   0   0   0   0   0   0   0   0   0   0
      13760.0 | 1   0   1   1   0   0   0   0   0   0   0   0   0   0   0   0
      13762.2 | 1   0   1   1   0   0   0   0   0   0   0   0   1   0   0   0
      13764.7 | 1   0   1   1   0   0   0   0   0   0   0   0   0   0   0   0
      13765.4 | 1   0   1   1   0   0   0   0   0   0   0   0   1   0   0   0
      13920.0 | 0   0   1   1   0   0   0   0   0   0   0   0   1   0   0   0
      14080.0 | 1   0   1   1   0   0   0   0   0   0   0   0   1   0   0   0
      14085.8 | 1   0   1   1   0   0   0   0   0   0   0   0   0   0   0   0
      14240.0 | 0   0   1   1   0   0   0   0   0   0   0   0   0   0   0   0
      14400.0 | 1   0   1   1   0   0   0   0   0   0   0   0   0   0   0   0
      14402.4 | 1   0   1   1   0   0   0   0   0   1   0   0   0   0   0   0
      14560.0 | 0   0   1   1   0   0   0   0   0   1   0   0   0   0   0   0
      14720.0 | 1   0   1   1   0   0   0   0   0   1   0   0   0   0   0   0
      14880.0 | 0   0   1   1   0   0   0   0   0   1   0   0   0   0   0   0
      15040.0 | 1   0   1   1   0   0   0   0   0   1   0   0   0   0   0   0
      15200.0 | 0   0   1   1   0   0   0   0   0   1   0   0   0   0   0   0
      15360.0 | 1   0   1   1   0   0   0   0   0   1   0   0   0   0   0   0
      15362.2 | 1   0   1   1   0   0   0   0   0   1   0   0   1   0   0   0
      15520.0 | 0   0   1   1   0   0   0   0   0   1   0   0   1   0   0   0
      15680.0 | 1   0   1   1   0   0   0   0   0   1   0   0   1   0   0   0
      15840.0 | 0   0   1   1   0   0   0   0   0   1   0   0   1   0   0   0
      16000.0 | 1   0   1   1   0   0   0   0   0   1   0   0   1   0   0   0
      16160.0 | 0   0   1   1   0   0   0   0   0   1   0   0   1   0   0   0
      16320.0 | 1   0   1   1   0   0   0   0   0   1   0   0   1   0   0   0
      16322.1 | 1   0   1   1   0   0   0   0   0   1   0   0   0   0   0   0
      16480.0 | 0   0   1   1   0   0   0   0   0   1   0   0   0   0   0   0
      16640.0 | 1   0   1   1   0   0   0   0   0   1   0   0   0   0   0   0
      16800.0 | 0   0   1   1   0   0   0   0   0   1   0   0   0   0   0   0
      16960.0 | 1   0   1   1   0   0   0   0   0   1   0   0   0   0   0   0
      17120.0 | 0   0   1   1   0   0   0   0   0   1   0   0   0   0   0   0
      17280.0 | 1   0   1   1   0   0   0   0   0   1   0   0   0   0   0   0
      17282.2 | 1   0   1   1   0   0   0   0   0   1   0   0   1   0   0   0
      17440.0 | 0   0   1   1   0   0   0   0   0   1   0   0   1   0   0   0
      17600.0 | 1   0   1   1   0   0   0   0   0   1   0   0   1   0   0   0
      17760.0 | 0   0   1   1   0   0   0   0   0   1   0   0   1   0   0   0
      17920.0 | 1   0   1   1   0   0   0   0   0   1   0   0   1   0   0   0
      18080.0 | 0   0   1   1   0   0   0   0   0   1   0   0   1   0   0   0
      18240.0 | 1   0   1   1   0   0   0   0   0   1   0   0   1   0   0   0
      18242.1 | 1   0   1   1   0   0   0   0   0   1   0   0   0   0   0   0
      18400.0 | 0   0   1   1   0   0   0   0   0   1   0   0   0   0   0   0
      18560.0 | 1   0   1   1   0   0   0   0   0   1   0   0   0   0   0   0
      18720.0 | 0   0   1   1   0   0   0   0   0   1   0   0   0   0   0   0
      18880.0 | 1   0   1   1   0   0   0   0   0   1   0   0   0   0   0   0
      19040.0 | 0   0   1   1   0   0   0   0   0   1   0   0   0   0   0   0
      19200.0 | 1   0   1   1   0   0   0   0   0   1   0   0   0   0   0   0
      19202.2 | 1   0   1   1   0   0   0   0   0   1   0   0   1   0   0   0
      19360.0 | 0   0   1   1   0   0   0   0   0   1   0   0   1   0   0   0
      19520.0 | 1   0   1   1   0   0   0   0   0   1   0   0   1   0   0   0
      19680.0 | 0   0   1   1   0   0   0   0   0   1   0   0   1   0   0   0
      19840.0 | 1   0   1   1   0   0   0   0   0   1   0   0   1   0   0   0
      20000.0 | 0   0   1   1   0   0   0   0   0   1   0   0   1   0   0   0
      20160.0 | 1   0   1   1   0   0   0   0   0   1   0   0   1   0   0   0
      20162.1 | 1   0   1   1   0   0   0   0   0   1   0   0   0   0   0   0
      20320.0 | 0   0   1   1   0   0   0   0   0   1   0   0   0   0   0   0
      20480.0 | 1   0   1   1   0   0   0   0   0   1   0   0   0   0   0   0
      20640.0 | 0   0   1   1   0   0   0   0   0   1   0   0   0   0   0   0
      20800.0 | 1   0   1   1   0   0   0   0   0   1   0   0   0   0   0   0
      20960.0 | 0   0   1   1   0   0   0   0   0   1   0   0   0   0   0   0
      21120.0 | 1   0   1   1   0   0   0   0   0   1   0   0   0   0   0   0
      21122.2 | 1   0   1   1   0   0   0   0   0   1   0   0   1   0   0   0
      21280.0 | 0   0   1   1   0   0   0   0   0   1   0   0   1   0   0   0
      21440.0 | 1   0   1   1   0   0   0   0   0   1   0   0   1   0   0   0
      21600.0 | 0   0   1   1   0   0   0   0   0   1   0   0   1   0   0   0
      21760.0 | 1   0   1   1   0   0   0   0   0   1   0   0   1   0   0   0
      21920.0 | 0   0   1   1   0   0   0   0   0   1   0   0   1   0   0   0
      22080.0 | 1   0   1   1   0   0   0   0   0   1   0   0   1   0   0   0
      22082.1 | 1   0   1   1   0   0   0   0   0   1   0   0   0   0   0   0
      22240.0 | 0   0   1   1   0   0   0   0   0   1   0   0   0   0   0   0
      22400.0 | 1   0   1   1   0   0   0   0   0   1   0   0   0   0   0   0
      22400.8 | 1   0   1   1   0   0   0   0   0   1   0   0   0   0   1   0
      22406.2 | 1   0   1   1   0   0   0   0   0   0   0   0   0   0   1   0
      22560.0 | 0   0   1   1   0   0   0   0   0   0   0   0   0   0   1   0
      22720.0 | 1   0   1   1   0   0   0   0   0   0   0   0   0   0   1   0
      22720.7 | 1   0   1   1   0   0   0   0   0   0   0   0   0   0   0   0
      22880.0 | 0   0   1   1   0   0   0   0   0   0   0   0   0   0   0   0
      23040.0 | 1   0   1   1   0   0   0   0   0   0   0   0   0   0   0   0
      23045.2 | 1   0   1   1   1   0   0   0   0   0   0   0   0   0   0   0
      23045.7 | 1   0   1   1   1   0   0   0   0   1   0   0   0   0   0   0
      23200.0 | 0   0   1   1   1   0   0   0   0   1   0   0   0   0   0   0
      23360.0 | 1   0   1   1   1   0   0   0   0   1   0   0   0   0   0   0
      23363.1 | 1   0   1   1   0   0   0   0   0   1   0   0   0   0   0   0
      23366.1 | 1   0   1   1   0   0   0   0   0   0   0   0   0   0   0   0
      23520.0 | 0   0   1   1   0   0   0   0   0   0   0   0   0   0   0   0
      23680.0 | 1   0   1   1   0   0   0   0   0   0   0   0   0   0   0   0
      23682.2 | 1   0   1   1   0   0   0   0   0   0   0   0   1   0   0   0
      23840.0 | 0   0   1   1   0   0   0   0   0   0   0   0   1   0   0   0
      24000.0 | 1   0   1   1   0   0   0   0   0   0   0   0   1   0   0   0
      24160.0 | 0   0   1   1   0   0   0   0   0   0   0   0   1   0   0   0
      24320.0 | 1   0   1   1   0   0   0   0   0   0   0   0   1   0   0   0
      24325.2 | 1   0   1   1   1   0   0   0   0   0   0   0   0   0   0   0
      24325.7 | 1   0   1   1   1   0   0   0   0   1   0   0   0   0   0   0
      24325.8 | 1   0   1   1   1   0   0   0   0   1   0   0   1   0   0   0
      24480.0 | 0   0   1   1   1   0   0   0   0   1   0   0   1   0   0   0
      24640.0 | 1   0   1   1   1   0   0   0   0   1   0   0   1   0   0   0
      24643.1 | 1   0   1   1   0   0   0   0   0   1   0   0   1   0   0   0
      24646.1 | 1   0   1   1   0   0   0   0   0   0   0   0   1   0   0   0
      24800.0 | 0   0   1   1   0   0   0   0   0   0   0   0   1   0   0   0
      24960.0 | 1   0   1   1   0   0   0   0   0   0   0   0   1   0   0   0
      24962.0 | 1   0   1   1   0   0   0   0   0   0   0   0   0   0   0   0
      25120.0 | 0   0   1   1   0   0   0   0   0   0   0   0   0   0   0   0
      25280.0 | 1   0   1   1   0   0   0   0   0   0   0   0   0   0   0   0
      25440.0 | 0   0   1   1   0   0   0   0   0   0   0   0   0   0   0   0
      25600.0 | 1   0   1   1   0   0   0   0   0   0   0   0   0   0   0   0
      25605.2 | 1   0   1   1   1   0   0   0   0   0   0   0   0   0   0   0
      25605.7 | 1   0   1   1   1   0   0   0   0   1   0   0   0   0   0   0
      25760.0 | 0   0   1   1   1   0   0   0   0   1   0   0   0   0   0   0
      25920.0 | 1   0   1   1   1   0   0   0   0   1   0   0   0   0   0   0
      25923.1 | 1   0   1   1   0   0   0   0   0   1   0   0   0   0   0   0
      25926.1 | 1   0   1   1   0   0   0   0   0   0   0   0   0   0   0   0
      26080.0 | 0   0   1   1   0   0   0   0   0   0   0   0   0   0   0   0
      26240.0 | 1   0   1   1   0   0   0   0   0   0   0   0   0   0   0   0
      26242.2 | 1   0   1   1   0   0   0   0   0   0   0   0   1   0   0   0
      26400.0 | 0   0   1   1   0   0   0   0   0   0   0   0   1   0   0   0
      26560.0 | 1   0   1   1   0   0   0   0   0   0   0   0   1   0   0   0
      26720.0 | 0   0   1   1   0   0   0   0   0   0   0   0   1   0   0   0
      26880.0 | 1   0   1   1   0   0   0   0   0   0   0   0   1   0   0   0
      26885.2 | 1   0   1   1   1   0   0   0   0   0   0   0   0   0   0   0
      26885.7 | 1   0   1   1   1   0   0   0   0   1   0   0   0   0   0   0
      26885.8 | 1   0   1   1   1   0   0   0   0   1   0   0   1   0   0   0
      27040.0 | 0   0   1   1   1   0   0   0   0   1   0   0   1   0   0   0
      27200.0 | 1   0   1   1   1   0   0   0   0   1   0   0   1   0   0   0
      27203.1 | 1   0   1   1   0   0   0   0   0   1   0   0   1   0   0   0
      27206.1 | 1   0   1   1   0   0   0   0   0   0   0   0   1   0   0   0
      27360.0 | 0   0   1   1   0   0   0   0   0   0   0   0   1   0   0   0
      27520.0 | 1   0   1   1   0   0   0   0   0   0   0   0   1   0   0   0
      27522.0 | 1   0   1   1   0   0   0   0   0   0   0   0   0   0   0   0
      27680.0 | 0   0   1   1   0   0   0   0   0   0   0   0   0   0   0   0
      27840.0 | 1   0   1   1   0   0   0   0   0   0   0   0   0   0   0   0
      28000.0 | 0   0   1   1   0   0   0   0   0   0   0   0   0   0   0   0
      28160.0 | 1   0   1   1   0   0   0   0   0   0   0   0   0   0   0   0
      28165.2 | 1   0   1   1   1   0   0   0   0   0   0   0   0   0   0   0
      28165.7 | 1   0   1   1   1   0   0   0   0   1   0   0   0   0   0   0
      28320.0 | 0   0   1   1   1   0   0   0   0   1   0   0   0   0   0   0
      28480.0 | 1   0   1   1   1   0   0   0   0   1   0   0   0   0   0   0
      28483.1 | 1   0   1   1   0   0   0   0   0   1   0   0   0   0   0   0
      28486.1 | 1   0   1   1   0   0   0   0   0   0   0   0   0   0   0   0
      28640.0 | 0   0   1   1   0   0   0   0   0   0   0   0   0   0   0   0
      28800.0 | 1   0   1   1   0   0   0   0   0   0   0   0   0   0   0   0
      28802.2 | 1   0   1   1   0   0   0   0   0   0   0   0   1   0   0   0
      28960.0 | 0   0   1   1   0   0   0   0   0   0   0   0   1   0   0   0
      29120.0 | 1   0   1   1   0   0   0   0   0   0   0   0   1   0   0   0
      29280.0 | 0   0   1   1   0   0   0   0   0   0   0   0   1   0   0   0
      29440.0 | 1   0   1   1   0   0   0   0   0   0   0   0   1   0   0   0
      29445.2 | 1   0   1   1   1   0   0   0   0   0   0   0   0   0   0   0
      29445.7 | 1   0   1   1   1   0   0   0   0   1   0   0   0   0   0   0
      29445.8 | 1   0   1   1   1   0   0   0   0   1   0   0   1   0   0   0
      29600.0 | 0   0   1   1   1   0   0   0   0   1   0   0   1   0   0   0
      29760.0 | 1   0   1   1   1   0   0   0   0   1   0   0   1   0   0   0
      29763.1 | 1   0   1   1   0   0   0   0   0   1   0   0   1   0   0   0
      29766.1 | 1   0   1   1   0   0   0   0   0   0   0   0   1   0   0   0
      29920.0 | 0   0   1   1   0   0   0   0   0   0   0   0   1   0   0   0
      30080.0 | 1   0   1   1   0   0   0   0   0   0   0   0   1   0   0   0
      30082.0 | 1   0   1   1   0   0   0   0   0   0   0   0   0   0   0   0
      30240.0 | 0   0   1   1   0   0   0   0   0   0   0   0   0   0   0   0
      30400.0 | 1   0   1   1   0   0   0   0   0   0   0   0   0   0   0   0
      30560.0 | 0   0   1   1   0   0   0   0   0   0   0   0   0   0   0   0
      30720.0 | 1   0   1   1   0   0   0   0   0   0   0   0   0   0   0   0
      30725.2 | 1   0   1   1   1   0   0   0   0   0   0   0   0   0   0   0
      30725.7 | 1   0   1   1   1   0   0   0   0   1   0   0   0   0   0   0
      30880.0 | 0   0   1   1   1   0   0   0   0   1   0   0   0   0   0   0
      31040.0 | 1   0   1   1   1   0   0   0   0   1   0   0   0   0   0   0
      31043.1 | 1   0   1   1   0   0   0   0   0   1   0   0   0   0   0   0
      31046.1 | 1   0   1   1   0   0   0   0   0   0   0   0   0   0   0   0
      31200.0 | 0   0   1   1   0   0   0   0   0   0   0   0   0   0   0   0
      31360.0 | 1   0   1   1   0   0   0   0   0   0   0   0   0   0   0   0
      31362.2 | 1   0   1   1   0   0   0   0   0   0   0   0   1   0   0   0
      31520.0 | 0   0   1   1   0   0   0   0   0   0   0   0   1   0   0   0
      31680.0 | 1   0   1   1   0   0   0   0   0   0   0   0   1   0   0   0
      31840.0 | 0   0   1   1   0   0   0   0   0   0   0   0   1   0   0   0
      32000.0 | 1   0   1   1   0   0   0   0   0   0   0   0   1   0   0   0
      32005.2 | 1   0   1   1   1   0   0   0   0   0   0   0   0   0   0   0
      32005.7 | 1   0   1   1   1   0   0   0   0   1   0   0   0   0   0   0
      32005.8 | 1   0   1   1   1   0   0   0   0   1   0   0   1   0   0   0
      32160.0 | 0   0   1   1   1   0   0   0   0   1   0   0   1   0   0   0
      32320.0 | 1   0   1   1   1   0   0   0   0   1   0   0   1   0   0   0
      32323.2 | 1   0   1   1   0   0   0   0   0   1   0   0   1   0   0   0
      32326.2 | 1   0   1   1   0   0   0   0   0   0   0   0   1   0   0   0
      32480.0 | 0   0   1   1   0   0   0   0   0   0   0   0   1   0   0   0
      32640.0 | 1   0   1   1   0   0   0   0   0   0   0   0   1   0   0   0
      32642.0 | 1   0   1   1   0   0   0   0   0   0   0   0   0   0   0   0
      32642.4 | 1   0   1   1   0   0   0   0   0   1   0   0   0   0   0   0
      32643.4 | 1   0   1   1   0   0   0   0   1   1   0   0   0   0   0   0
      32643.7 | 1   0   1   1   0   0   0   1   1   1   0   0   0   0   0   0
      32800.0 | 0   0   1   1   0   0   0   1   1   1   0   0   0   0   0   0
      32960.0 | 1   0   1   1   0   0   0   1   1   1   0   0   0   0   0   0
      33120.0 | 0   0   1   1   0   0   0   1   1   1   0   0   0   0   0   0
      33280.0 | 1   0   1   1   0   0   0   1   1   1   0   0   0   0   0   0
      33283.9 | 1   0   1   1   0   0   0   0   1   0   0   0   0   0   0   0
      33284.1 | 1   0   1   1   0   0   0   0   0   0   0   0   0   0   0   0
      33285.2 | 1   0   1   1   1   0   0   0   0   0   0   0   0   0   0   0
      33440.0 | 0   0   1   1   1   0   0   0   0   0   0   0   0   0   0   0
      33600.0 | 1   0   1   1   1   0   0   0   0   0   0   0   0   0   0   0
      33603.0 | 1   0   1   1   0   0   0   0   0   0   0   0   0   0   0   0
      33760.0 | 0   0   1   1   0   0   0   0   0   0   0   0   0   0   0   0
      33920.0 | 1   0   1   1   0   0   0   0   0   0   0   0   0   0   0   0
      34080.0 | 0   0   1   1   0   0   0   0   0   0   0   0   0   0   0   0
      34240.0 | 1   0   1   1   0   0   0   0   0   0   0   0   0   0   0   0
      34242.2 | 1   0   1   1   0   0   0   0   0   0   0   0   1   0   0   0
      34244.7 | 1   0   1   1   0   0   0   0   0   0   0   0   0   0   0   0
      34245.4 | 1   0   1   1   0   0   0   0   0   0   0   0   1   0   0   0
      34400.0 | 0   0   1   1   0   0   0   0   0   0   0   0   1   0   0   0
      34560.0 | 1   0   1   1   0   0   0   0   0   0   0   0   1   0   0   0
      34720.0 | 0   0   1   1   0   0   0   0   0   0   0   0   1   0   0   0
      34880.0 | 1   0   1   1   0   0   0   0   0   0   0   0   1   0   0   0
      34882.0 | 1   0   1   1   0   0   0   0   0   0   0   0   0   0   0   0
      35040.0 | 0   0   1   1   0   0   0   0   0   0   0   0   0   0   0   0
      35200.0 | 1   0   1   1   0   0   0   0   0   0   0   0   0   0   0   0
      35360.0 | 0   0   1   1   0   0   0   0   0   0   0   0   0   0   0   0
      35520.0 | 1   0   1   1   0   0   0   0   0   0   0   0   0   0   0   0
      35522.2 | 1   0   1   1   0   0   0   0   0   0   0   0   1   0   0   0
      35524.7 | 1   0   1   1   0   0   0   0   0   0   0   0   0   0   0   0
      35525.4 | 1   0   1   1   0   0   0   0   0   0   0   0   1   0   0   0
      35680.0 | 0   0   1   1   0   0   0   0   0   0   0   0   1   0   0   0
      35840.0 | 1   0   1   1   0   0   0   0   0   0   0   0   1   0   0   0
      36000.0 | 0   0   1   1   0   0   0   0   0   0   0   0   1   0   0   0
      36160.0 | 1   0   1   1   0   0   0   0   0   0   0   0   1   0   0   0
      36162.0 | 1   0   1   1   0   0   0   0   0   0   0   0   0   0   0   0
      36320.0 | 0   0   1   1   0   0   0   0   0   0   0   0   0   0   0   0
      36480.0 | 1   0   1   1   0   0   0   0   0   0   0   0   0   0   0   0
      36640.0 | 0   0   1   1   0   0   0   0   0   0   0   0   0   0   0   0
      36800.0 | 1   0   1   1   0   0   0   0   0   0   0   0   0   0   0   0
      36802.2 | 1   0   1   1   0   0   0   0   0   0   0   0   1   0   0   0
      36804.7 | 1   0   1   1   0   0   0   0   0   0   0   0   0   0   0   0
      36805.4 | 1   0   1   1   0   0   0   0   0   0   0   0   1   0   0   0
      36960.0 | 0   0   1   1   0   0   0   0   0   0   0   0   1   0   0   0
      37120.0 | 1   0   1   1   0   0   0   0   0   0   0   0   1   0   0   0
      37280.0 | 0   0   1   1   0   0   0   0   0   0   0   0   1   0   0   0
      37440.0 | 1   0   1   1   0   0   0   0   0   0   0   0   1   0   0   0
      37442.0 | 1   0   1   1   0   0   0   0   0   0   0   0   0   0   0   0
      37600.0 | 0   0   1   1   0   0   0   0   0   0   0   0   0   0   0   0
      37760.0 | 1   0   1   1   0   0   0   0   0   0   0   0   0   0   0   0
      37920.0 | 0   0   1   1   0   0   0   0   0   0   0   0   0   0   0   0
      38080.0 | 1   0   1   1   0   0   0   0   0   0   0   0   0   0   0   0
      38082.2 | 1   0   1   1   0   0   0   0   0   0   0   0   1   0   0   0
      38084.7 | 1   0   1   1   0   0   0   0   0   0   0   0   0   0   0   0
      38085.4 | 1   0   1   1   0   0   0   0   0   0   0   0   1   0   0   0
      38240.0 | 0   0   1   1   0   0   0   0   0   0   0   0   1   0   0   0
      38400.0 | 1   0   1   1   0   0   0   0   0   0   0   0   1   0   0   0
      38403.8 | 1   0   1   1   0   0   0   0   0   1   0   0   1   0   0   0
      38405.8 | 1   0   1   1   0   0   0   0   0   1   0   0   0   0   0   0
      38560.0 | 0   0   1   1   0   0   0   0   0   1   0   0   0   0   0   0
      38720.0 | 1   0   1   1   0   0   0   0   0   1   0   0   0   0   0   0
      38722.3 | 1   0   1   1   0   0   0   0   1   1   0   0   0   0   0   0
      38722.5 | 1   0   1   1   0   0   0   0   1   0   0   0   0   0   0   0
      38880.0 | 0   0   1   1   0   0   0   0   1   0   0   0   0   0   0   0
      39040.0 | 1   0   1   1   0   0   0   0   1   0   0   0   0   0   0   0
      39200.0 | 0   0   1   1   0   0   0   0   1   0   0   0   0   0   0   0
      39360.0 | 1   0   1   1   0   0   0   0   1   0   0   0   0   0   0   0
      39520.0 | 0   0   1   1   0   0   0   0   1   0   0   0   0   0   0   0
      39680.0 | 1   0   1   1   0   0   0   0   1   0   0   0   0   0   0   0
      39682.2 | 1   0   1   1   0   0   0   0   1   0   0   0   1   0   0   0
      39840.0 | 0   0   1   1   0   0   0   0   1   0   0   0   1   0   0   0
      40000.0 | 1   0   1   1   0   0   0   0   1   0   0   0   1   0   0   0
      40160.0 | 0   0   1   1   0   0   0   0   1   0   0   0   1   0   0   0
      40320.0 | 1   0   1   1   0   0   0   0   1   0   0   0   1   0   0   0
      40480.0 | 0   0   1   1   0   0   0   0   1   0   0   0   1   0   0   0
      40640.0 | 1   0   1   1   0   0   0   0   1   0   0   0   1   0   0   0
      40642.1 | 1   0   1   1   0   0   0   0   1   0   0   0   0   0   0   0
      40800.0 | 0   0   1   1   0   0   0   0   1   0   0   0   0   0   0   0
      40960.0 | 1   0   1   1   0   0   0   0   1   0   0   0   0   0   0   0
      41120.0 | 0   0   1   1   0   0   0   0   1   0   0   0   0   0   0   0
      41280.0 | 1   0   1   1   0   0   0   0   1   0   0   0   0   0   0   0
      41440.0 | 0   0   1   1   0   0   0   0   1   0   0   0   0   0   0   0
      41600.0 | 1   0   1   1   0   0   0   0   1   0   0   0   0   0   0   0
      41602.2 | 1   0   1   1   0   0   0   0   1   0   0   0   1   0   0   0
      41760.0 | 0   0   1   1   0   0   0   0   1   0   0   0   1   0   0   0
      41920.0 | 1   0   1   1   0   0   0   0   1   0   0   0   1   0   0   0
      42080.0 | 0   0   1   1   0   0   0   0   1   0   0   0   1   0   0   0
      42240.0 | 1   0   1   1   0   0   0   0   1   0   0   0   1   0   0   0
      42400.0 | 0   0   1   1   0   0   0   0   1   0   0   0   1   0   0   0
      42560.0 | 1   0   1   1   0   0   0   0   1   0   0   0   1   0   0   0
      42562.1 | 1   0   1   1   0   0   0   0   1   0   0   0   0   0   0   0
      42720.0 | 0   0   1   1   0   0   0   0   1   0   0   0   0   0   0   0
      42880.0 | 1   0   1   1   0   0   0   0   1   0   0   0   0   0   0   0
      43040.0 | 0   0   1   1   0   0   0   0   1   0   0   0   0   0   0   0
      43200.0 | 1   0   1   1   0   0   0   0   1   0   0   0   0   0   0   0
      43360.0 | 0   0   1   1   0   0   0   0   1   0   0   0   0   0   0   0
      43520.0 | 1   0   1   1   0   0   0   0   1   0   0   0   0   0   0   0
      43522.2 | 1   0   1   1   0   0   0   0   1   0   0   0   1   0   0   0
      43680.0 | 0   0   1   1   0   0   0   0   1   0   0   0   1   0   0   0
      43840.0 | 1   0   1   1   0   0   0   0   1   0   0   0   1   0   0   0
      44000.0 | 0   0   1   1   0   0   0   0   1   0   0   0   1   0   0   0
      44160.0 | 1   0   1   1   0   0   0   0   1   0   0   0   1   0   0   0
      44320.0 | 0   0   1   1   0   0   0   0   1   0   0   0   1   0   0   0
      44480.0 | 1   0   1   1   0   0   0   0   1   0   0   0   1   0   0   0
      44482.1 | 1   0   1   1   0   0   0   0   1   0   0   0   0   0   0   0
      44640.0 | 0   0   1   1   0   0   0   0   1   0   0   0   0   0   0   0
      44800.0 | 1   0   1   1   0   0   0   0   1   0   0   0   0   0   0   0
      44960.0 | 0   0   1   1   0   0   0   0   1   0   0   0   0   0   0   0
      45120.0 | 1   0   1   1   0   0   0   0   1   0   0   0   0   0   0   0
      45280.0 | 0   0   1   1   0   0   0   0   1   0   0   0   0   0   0   0
      45440.0 | 1   0   1   1   0   0   0   0   1   0   0   0   0   0   0   0
      45442.2 | 1   0   1   1   0   0   0   0   1   0   0   0   1   0   0   0
      45600.0 | 0   0   1   1   0   0   0   0   1   0   0   0   1   0   0   0
      45760.0 | 1   0   1   1   0   0   0   0   1   0   0   0   1   0   0   0
      45920.0 | 0   0   1   1   0   0   0   0   1   0   0   0   1   0   0   0
      46080.0 | 1   0   1   1   0   0   0   0   1   0   0   0   1   0   0   0
      46240.0 | 0   0   1   1   0   0   0   0   1   0   0   0   1   0   0   0
      46400.0 | 1   0   1   1   0   0   0   0   1   0   0   0   1   0   0   0
      46402.1 | 1   0   1   1   0   0   0   0   1   0   0   0   0   0   0   0
      46560.0 | 0   0   1   1   0   0   0   0   1   0   0   0   0   0   0   0
      46720.0 | 1   0   1   1   0   0   0   0   1   0   0   0   0   0   0   0
      46720.8 | 1   0   1   1   0   0   0   0   1   0   0   0   0   0   1   0
      46724.9 | 1   0   1   1   0   0   0   0   1   1   0   0   0   0   1   0
      46726.3 | 1   0   1   1   0   0   0   0   0   1   0   0   0   0   1   0
      46880.0 | 0   0   1   1   0   0   0   0   0   1   0   0   0   0   1   0
      47040.0 | 1   0   1   1   0   0   0   0   0   1   0   0   0   0   1   0
      47040.7 | 1   0   1   1   0   0   0   0   0   1   0   0   0   0   0   0
      47200.0 | 0   0   1   1   0   0   0   0   0   1   0   0   0   0   0   0
      47360.0 | 1   0   1   1   0   0   0   0   0   1   0   0   0   0   0   0
      47363.9 | 1   0   1   1   0   0   0   0   0   0   0   0   0   0   0   0
      47365.2 | 1   0   1   1   1   0   0   0   0   0   0   0   0   0   0   0
      47365.8 | 1   0   1   1   1   0   0   0   1   0   0   0   0   0   0   0
      47520.0 | 0   0   1   1   1   0   0   0   1   0   0   0   0   0   0   0
      47680.0 | 1   0   1   1   1   0   0   0   1   0   0   0   0   0   0   0
      47683.1 | 1   0   1   1   0   0   0   0   1   0   0   0   0   0   0   0
      47684.4 | 1   0   1   1   0   0   0   0   1   1   0   0   0   0   0   0
      47686.2 | 1   0   1   1   0   0   0   0   0   1   0   0   0   0   0   0
      47840.0 | 0   0   1   1   0   0   0   0   0   1   0   0   0   0   0   0
      48000.0 | 1   0   1   1   0   0   0   0   0   1   0   0   0   0   0   0
      48002.2 | 1   0   1   1   0   0   0   0   0   1   0   0   1   0   0   0
      48003.7 | 1   0   1   1   0   0   0   0   0   0   0   0   1   0   0   0
      48004.7 | 1   0   1   1   0   0   0   0   0   1   0   0   1   0   0   0
      48160.0 | 0   0   1   1   0   0   0   0   0   1   0   0   1   0   0   0
      48320.0 | 1   0   1   1   0   0   0   0   0   1   0   0   1   0   0   0
      48480.0 | 0   0   1   1   0   0   0   0   0   1   0   0   1   0   0   0
      48640.0 | 1   0   1   1   0   0   0   0   0   1   0   0   1   0   0   0
      48643.9 | 1   0   1   1   0   0   0   0   0   0   0   0   1   0   0   0
      48645.2 | 1   0   1   1   1   0   0   0   0   0   0   0   0   0   0   0
      48645.8 | 1   0   1   1   1   0   0   0   1   0   0   0   1   0   0   0
      48800.0 | 0   0   1   1   1   0   0   0   1   0   0   0   1   0   0   0
      48960.0 | 1   0   1   1   1   0   0   0   1   0   0   0   1   0   0   0
      48963.1 | 1   0   1   1   0   0   0   0   1   0   0   0   1   0   0   0
      48964.4 | 1   0   1   1   0   0   0   0   1   1   0   0   1   0   0   0
      48966.2 | 1   0   1   1   0   0   0   0   0   1   0   0   1   0   0   0
      49120.0 | 0   0   1   1   0   0   0   0   0   1   0   0   1   0   0   0
      49280.0 | 1   0   1   1   0   0   0   0   0   1   0   0   1   0   0   0
      49282.0 | 1   0   1   1   0   0   0   0   0   1   0   0   0   0   0   0
      49283.7 | 1   0   1   1   0   0   0   0   0   0   0   0   0   0   0   0
      49284.7 | 1   0   1   1   0   0   0   0   0   1   0   0   0   0   0   0
      49440.0 | 0   0   1   1   0   0   0   0   0   1   0   0   0   0   0   0
      49600.0 | 1   0   1   1   0   0   0   0   0   1   0   0   0   0   0   0
      49760.0 | 0   0   1   1   0   0   0   0   0   1   0   0   0   0   0   0
      49920.0 | 1   0   1   1   0   0   0   0   0   1   0   0   0   0   0   0
      49923.9 | 1   0   1   1   0   0   0   0   0   0   0   0   0   0   0   0
      49925.2 | 1   0   1   1   1   0   0   0   0   0   0   0   0   0   0   0
      49925.8 | 1   0   1   1   1   0   0   0   1   0   0   0   0   0   0   0
      50080.0 | 0   0   1   1   1   0   0   0   1   0   0   0   0   0   0   0
      50240.0 | 1   0   1   1   1   0   0   0   1   0   0   0   0   0   0   0
      50243.1 | 1   0   1   1   0   0   0   0   1   0   0   0   0   0   0   0
      50244.4 | 1   0   1   1   0   0   0   0   1   1   0   0   0   0   0   0
      50246.2 | 1   0   1   1   0   0   0   0   0   1   0   0   0   0   0   0
      50400.0 | 0   0   1   1   0   0   0   0   0   1   0   0   0   0   0   0
      50560.0 | 1   0   1   1   0   0   0   0   0   1   0   0   0   0   0   0
      50562.2 | 1   0   1   1   0   0   0   0   0   1   0   0   1   0   0   0
      50563.7 | 1   0   1   1   0   0   0   0   0   0   0   0   1   0   0   0
      50564.7 | 1   0   1   1   0   0   0   0   0   1   0   0   1   0   0   0
      50720.0 | 0   0   1   1   0   0   0   0   0   1   0   0   1   0   0   0
      50880.0 | 1   0   1   1   0   0   0   0   0   1   0   0   1   0   0   0
      51040.0 | 0   0   1   1   0   0   0   0   0   1   0   0   1   0   0   0
      51200.0 | 1   0   1   1   0   0   0   0   0   1   0   0   1   0   0   0
      51203.9 | 1   0   1   1   0   0   0   0   0   0   0   0   1   0   0   0
      51205.2 | 1   0   1   1   1   0   0   0   0   0   0   0   0   0   0   0
      51205.8 | 1   0   1   1   1   0   0   0   1   0   0   0   1   0   0   0
      51360.0 | 0   0   1   1   1   0   0   0   1   0   0   0   1   0   0   0
      51520.0 | 1   0   1   1   1   0   0   0   1   0   0   0   1   0   0   0
      51523.1 | 1   0   1   1   0   0   0   0   1   0   0   0   1   0   0   0
      51524.4 | 1   0   1   1   0   0   0   0   1   1   0   0   1   0   0   0
      51526.2 | 1   0   1   1   0   0   0   0   0   1   0   0   1   0   0   0
      51680.0 | 0   0   1   1   0   0   0   0   0   1   0   0   1   0   0   0
      51840.0 | 1   0   1   1   0   0   0   0   0   1   0   0   1   0   0   0
      51842.0 | 1   0   1   1   0   0   0   0   0   1   0   0   0   0   0   0
      51843.7 | 1   0   1   1   0   0   0   0   0   0   0   0   0   0   0   0
      51844.7 | 1   0   1   1   0   0   0   0   0   1   0   0   0   0   0   0
      52000.0 | 0   0   1   1   0   0   0   0   0   1   0   0   0   0   0   0
      52160.0 | 1   0   1   1   0   0   0   0   0   1   0   0   0   0   0   0
      52320.0 | 0   0   1   1   0   0   0   0   0   1   0   0   0   0   0   0
      52480.0 | 1   0   1   1   0   0   0   0   0   1   0   0   0   0   0   0
      52483.9 | 1   0   1   1   0   0   0   0   0   0   0   0   0   0   0   0
      52485.2 | 1   0   1   1   1   0   0   0   0   0   0   0   0   0   0   0
      52485.8 | 1   0   1   1   1   0   0   0   1   0   0   0   0   0   0   0
      52640.0 | 0   0   1   1   1   0   0   0   1   0   0   0   0   0   0   0
      52800.0 | 1   0   1   1   1   0   0   0   1   0   0   0   0   0   0   0
      52803.1 | 1   0   1   1   0   0   0   0   1   0   0   0   0   0   0   0
      52804.4 | 1   0   1   1   0   0   0   0   1   1   0   0   0   0   0   0
      52806.2 | 1   0   1   1   0   0   0   0   0   1   0   0   0   0   0   0
      52960.0 | 0   0   1   1   0   0   0   0   0   1   0   0   0   0   0   0
      53120.0 | 1   0   1   1   0   0   0   0   0   1   0   0   0   0   0   0
      53122.2 | 1   0   1   1   0   0   0   0   0   1   0   0   1   0   0   0
      53123.7 | 1   0   1   1   0   0   0   0   0   0   0   0   1   0   0   0
      53124.7 | 1   0   1   1   0   0   0   0   0   1   0   0   1   0   0   0
      53280.0 | 0   0   1   1   0   0   0   0   0   1   0   0   1   0   0   0
      53440.0 | 1   0   1   1   0   0   0   0   0   1   0   0   1   0   0   0
      53600.0 | 0   0   1   1   0   0   0   0   0   1   0   0   1   0   0   0
      53760.0 | 1   0   1   1   0   0   0   0   0   1   0   0   1   0   0   0
      53763.9 | 1   0   1   1   0   0   0   0   0   0   0   0   1   0   0   0
      53765.2 | 1   0   1   1   1   0   0   0   0   0   0   0   0   0   0   0
      53765.8 | 1   0   1   1   1   0   0   0   1   0   0   0   1   0   0   0
      53920.0 | 0   0   1   1   1   0   0   0   1   0   0   0   1   0   0   0
      54080.0 | 1   0   1   1   1   0   0   0   1   0   0   0   1   0   0   0
      54083.1 | 1   0   1   1   0   0   0   0   1   0   0   0   1   0   0   0
      54084.4 | 1   0   1   1   0   0   0   0   1   1   0   0   1   0   0   0
      54086.2 | 1   0   1   1   0   0   0   0   0   1   0   0   1   0   0   0
      54240.0 | 0   0   1   1   0   0   0   0   0   1   0   0   1   0   0   0
      54400.0 | 1   0   1   1   0   0   0   0   0   1   0   0   1   0   0   0
      54402.0 | 1   0   1   1   0   0   0   0   0   1   0   0   0   0   0   0
      54403.7 | 1   0   1   1   0   0   0   0   0   0   0   0   0   0   0   0
      54404.7 | 1   0   1   1   0   0   0   0   0   1   0   0   0   0   0   0
      54560.0 | 0   0   1   1   0   0   0   0   0   1   0   0   0   0   0   0
      54720.0 | 1   0   1   1   0   0   0   0   0   1   0   0   0   0   0   0
      54880.0 | 0   0   1   1   0   0   0   0   0   1   0   0   0   0   0   0
      55040.0 | 1   0   1   1   0   0   0   0   0   1   0   0   0   0   0   0
      55043.9 | 1   0   1   1   0   0   0   0   0   0   0   0   0   0   0   0
      55045.2 | 1   0   1   1   1   0   0   0   0   0   0   0   0   0   0   0
      55045.8 | 1   0   1   1   1   0   0   0   1   0   0   0   0   0   0   0
      55200.0 | 0   0   1   1   1   0   0   0   1   0   0   0   0   0   0   0
      55360.0 | 1   0   1   1   1   0   0   0   1   0   0   0   0   0   0   0
      55363.1 | 1   0   1   1   0   0   0   0   1   0   0   0   0   0   0   0
      55364.4 | 1   0   1   1   0   0   0   0   1   1   0   0   0   0   0   0
      55366.2 | 1   0   1   1   0   0   0   0   0   1   0   0   0   0   0   0
      55520.0 | 0   0   1   1   0   0   0   0   0   1   0   0   0   0   0   0
      55680.0 | 1   0   1   1   0   0   0   0   0   1   0   0   0   0   0   0
      55682.2 | 1   0   1   1   0   0   0   0   0   1   0   0   1   0   0   0
      55683.7 | 1   0   1   1   0   0   0   0   0   0   0   0   1   0   0   0
      55684.7 | 1   0   1   1   0   0   0   0   0   1   0   0   1   0   0   0
      55840.0 | 0   0   1   1   0   0   0   0   0   1   0   0   1   0   0   0
      56000.0 | 1   0   1   1   0   0   0   0   0   1   0   0   1   0   0   0
      56160.0 | 0   0   1   1   0   0   0   0   0   1   0   0   1   0   0   0
      56320.0 | 1   0   1   1   0   0   0   0   0   1   0   0   1   0   0   0
      56323.9 | 1   0   1   1   0   0   0   0   0   0   0   0   1   0   0   0
      56325.2 | 1   0   1   1   1   0   0   0   0   0   0   0   0   0   0   0
      56325.8 | 1   0   1   1   1   0   0   0   1   0   0   0   1   0   0   0
      56480.0 | 0   0   1   1   1   0   0   0   1   0   0   0   1   0   0   0
      56640.0 | 1   0   1   1   1   0   0   0   1   0   0   0   1   0   0   0
      56643.2 | 1   0   1   1   0   0   0   0   1   0   0   0   1   0   0   0
      56646.3 | 1   0   1   1   0   0   0   0   0   0   0   0   1   0   0   0
      56647.0 | 1   0   1   1   0   0   0   0   0   1   0   0   1   0   0   0
      56800.0 | 0   0   1   1   0   0   0   0   0   1   0   0   1   0   0   0
      56960.0 | 1   0   1   1   0   0   0   0   0   1   0   0   1   0   0   0
      56962.0 | 1   0   1   1   0   0   0   0   0   1   0   0   0   0   0   0
      56962.7 | 1   0   1   1   0   0   0   0   0   0   0   0   0   0   0   0
      57120.0 | 0   0   1   1   0   0   0   0   0   0   0   0   0   0   0   0
      57280.0 | 1   0   1   1   0   0   0   0   0   0   0   0   0   0   0   0
      57440.0 | 0   0   1   1   0   0   0   0   0   0   0   0   0   0   0   0
      57600.0 | 1   0   1   1   0   0   0   0   0   0   0   0   0   0   0   0
      57605.2 | 1   0   1   1   1   0   0   0   0   0   0   0   0   0   0   0
      57605.7 | 1   0   1   1   1   0   0   0   0   1   0   0   0   0   0   0
      57760.0 | 0   0   1   1   1   0   0   0   0   1   0   0   0   0   0   0
      57920.0 | 1   0   1   1   1   0   0   0   0   1   0   0   0   0   0   0
      57923.1 | 1   0   1   1   0   0   0   0   0   1   0   0   0   0   0   0
      57926.1 | 1   0   1   1   0   0   0   0   0   0   0   0   0   0   0   0
      58080.0 | 0   0   1   1   0   0   0   0   0   0   0   0   0   0   0   0
      58240.0 | 1   0   1   1   0   0   0   0   0   0   0   0   0   0   0   0
      58242.2 | 1   0   1   1   0   0   0   0   0   0   0   0   1   0   0   0
      58400.0 | 0   0   1   1   0   0   0   0   0   0   0   0   1   0   0   0
      58560.0 | 1   0   1   1   0   0   0   0   0   0   0   0   1   0   0   0
      58720.0 | 0   0   1   1   0   0   0   0   0   0   0   0   1   0   0   0
      58880.0 | 1   0   1   1   0   0   0   0   0   0   0   0   1   0   0   0
      58885.2 | 1   0   1   1   1   0   0   0   0   0   0   0   0   0   0   0
      58885.7 | 1   0   1   1   1   0   0   0   0   1   0   0   0   0   0   0
      58885.8 | 1   0   1   1   1   0   0   0   0   1   0   0   1   0   0   0
      59040.0 | 0   0   1   1   1   0   0   0   0   1   0   0   1   0   0   0
      59200.0 | 1   0   1   1   1   0   0   0   0   1   0   0   1   0   0   0
      59203.1 | 1   0   1   1   0   0   0   0   0   1   0   0   1   0   0   0
      59206.1 | 1   0   1   1   0   0   0   0   0   0   0   0   1   0   0   0
      59360.0 | 0   0   1   1   0   0   0   0   0   0   0   0   1   0   0   0
      59520.0 | 1   0   1   1   0   0   0   0   0   0   0   0   1   0   0   0
      59522.0 | 1   0   1   1   0   0   0   0   0   0   0   0   0   0   0   0
      59680.0 | 0   0   1   1   0   0   0   0   0   0   0   0   0   0   0   0
      59840.0 | 1   0   1   1   0   0   0   0   0   0   0   0   0   0   0   0
      60000.0 | 0   0   1   1   0   0   0   0   0   0   0   0   0   0   0   0
      60160.0 | 1   0   1   1   0   0   0   0   0   0   0   0   0   0   0   0
      60165.2 | 1   0   1   1   1   0   0   0   0   0   0   0   0   0   0   0
      60165.7 | 1   0   1   1   1   0   0   0   0   1   0   0   0   0   0   0
      60320.0 | 0   0   1   1   1   0   0   0   0   1   0   0   0   0   0   0
      60480.0 | 1   0   1   1   1   0   0   0   0   1   0   0   0   0   0   0
      60483.1 | 1   0   1   1   0   0   0   0   0   1   0   0   0   0   0   0
      60486.1 | 1   0   1   1   0   0   0   0   0   0   0   0   0   0   0   0
      60640.0 | 0   0   1   1   0   0   0   0   0   0   0   0   0   0   0   0
      60800.0 | 1   0   1   1   0   0   0   0   0   0   0   0   0   0   0   0
      60802.2 | 1   0   1   1   0   0   0   0   0   0   0   0   1   0   0   0
      60960.0 | 0   0   1   1   0   0   0   0   0   0   0   0   1   0   0   0
      61120.0 | 1   0   1   1   0   0   0   0   0   0   0   0   1   0   0   0
      61280.0 | 0   0   1   1   0   0   0   0   0   0   0   0   1   0   0   0
      61440.0 | 1   0   1   1   0   0   0   0   0   0   0   0   1   0   0   0
      61445.2 | 1   0   1   1   1   0   0   0   0   0   0   0   0   0   0   0
      61445.7 | 1   0   1   1   1   0   0   0   0   1   0   0   0   0   0   0
      61445.8 | 1   0   1   1   1   0   0   0   0   1   0   0   1   0   0   0
      61600.0 | 0   0   1   1   1   0   0   0   0   1   0   0   1   0   0   0
      61760.0 | 1   0   1   1   1   0   0   0   0   1   0   0   1   0   0   0
      61763.1 | 1   0   1   1   0   0   0   0   0   1   0   0   1   0   0   0
      61766.1 | 1   0   1   1   0   0   0   0   0   0   0   0   1   0   0   0
      61920.0 | 0   0   1   1   0   0   0   0   0   0   0   0   1   0   0   0
      62080.0 | 1   0   1   1   0   0   0   0   0   0   0   0   1   0   0   0
      62082.0 | 1   0   1   1   0   0   0   0   0   0   0   0   0   0   0   0
      62240.0 | 0   0   1   1   0   0   0   0   0   0   0   0   0   0   0   0
      62400.0 | 1   0   1   1   0   0   0   0   0   0   0   0   0   0   0   0
      62560.0 | 0   0   1   1   0   0   0   0   0   0   0   0   0   0   0   0
      62720.0 | 1   0   1   1   0   0   0   0   0   0   0   0   0   0   0   0
      62725.2 | 1   0   1   1   1   0   0   0   0   0   0   0   0   0   0   0
      62725.7 | 1   0   1   1   1   0   0   0   0   1   0   0   0   0   0   0
      62880.0 | 0   0   1   1   1   0   0   0   0   1   0   0   0   0   0   0
      63040.0 | 1   0   1   1   1   0   0   0   0   1   0   0   0   0   0   0
      63043.1 | 1   0   1   1   0   0   0   0   0   1   0   0   0   0   0   0
      63046.1 | 1   0   1   1   0   0   0   0   0   0   0   0   0   0   0   0
      63200.0 | 0   0   1   1   0   0   0   0   0   0   0   0   0   0   0   0
      63360.0 | 1   0   1   1   0   0   0   0   0   0   0   0   0   0   0   0
      63362.2 | 1   0   1   1   0   0   0   0   0   0   0   0   1   0   0   0
      63520.0 | 0   0   1   1   0   0   0   0   0   0   0   0   1   0   0   0
      63680.0 | 1   0   1   1   0   0   0   0   0   0   0   0   1   0   0   0
      63840.0 | 0   0   1   1   0   0   0   0   0   0   0   0   1   0   0   0
      64000.0 | 1   0   1   1   0   0   0   0   0   0   0   0   1   0   0   0
      64005.2 | 1   0   1   1   1   0   0   0   0   0   0   0   0   0   0   0
      64005.7 | 1   0   1   1   1   0   0   0   0   1   0   0   0   0   0   0
      64005.8 | 1   0   1   1   1   0   0   0   0   1   0   0   1   0   0   0
      64160.0 | 0   0   1   1   1   0   0   0   0   1   0   0   1   0   0   0
      64320.0 | 1   0   1   1   1   0   0   0   0   1   0   0   1   0   0   0
      64323.1 | 1   0   1   1   0   0   0   0   0   1   0   0   1   0   0   0
      64326.1 | 1   0   1   1   0   0   0   0   0   0   0   0   1   0   0   0
      64480.0 | 0   0   1   1   0   0   0   0   0   0   0   0   1   0   0   0
      64640.0 | 1   0   1   1   0   0   0   0   0   0   0   0   1   0   0   0
      64642.0 | 1   0   1   1   0   0   0   0   0   0   0   0   0   0   0   0
      64800.0 | 0   0   1   1   0   0   0   0   0   0   0   0   0   0   0   0
      64960.0 | 1   0   1   1   0   0   0   0   0   0   0   0   0   0   0   0
      65120.0 | 0   0   1   1   0   0   0   0   0   0   0   0   0   0   0   0
      65280.0 | 1   0   1   1   0   0   0   0   0   0   0   0   0   0   0   0
      65285.2 | 1   0   1   1   1   0   0   0   0   0   0   0   0   0   0   0
      65285.7 | 1   0   1   1   1   0   0   0   0   1   0   0   0   0   0   0
      65440.0 | 0   0   1   1   1   0   0   0   0   1   0   0   0   0   0   0
      65600.0 | 1   0   1   1   1   0   0   0   0   1   0   0   0   0   0   0
      65603.1 | 1   0   1   1   0   0   0   0   0   1   0   0   0   0   0   0
      65606.1 | 1   0   1   1   0   0   0   0   0   0   0   0   0   0   0   0
      65760.0 | 0   0   1   1   0   0   0   0   0   0   0   0   0   0   0   0
      65920.0 | 1   0   1   1   0   0   0   0   0   0   0   0   0   0   0   0
      65922.2 | 1   0   1   1   0   0   0   0   0   0   0   0   1   0   0   0
      66080.0 | 0   0   1   1   0   0   0   0   0   0   0   0   1   0   0   0
      66240.0 | 1   0   1   1   0   0   0   0   0   0   0   0   1   0   0   0
      66400.0 | 0   0   1   1   0   0   0   0   0   0   0   0   1   0   0   0
      66560.0 | 1   0   1   1   0   0   0   0   0   0   0   0   1   0   0   0
      66565.2 | 1   0   1   1   1   0   0   0   0   0   0   0   0   0   0   0
      66565.7 | 1   0   1   1   1   0   0   0   0   1   0   0   0   0   0   0
      66565.8 | 1   0   1   1   1   0   0   0   0   1   0   0   1   0   0   0
      66720.0 | 0   0   1   1   1   0   0   0   0   1   0   0   1   0   0   0
      66880.0 | 1   0   1   1   1   0   0   0   0   1   0   0   1   0   0   0
      66883.2 | 1   0   1   1   0   0   0   0   0   1   0   0   1   0   0   0
      66886.2 | 1   0   1   1   0   0   0   0   0   0   0   0   1   0   0   0
      67040.0 | 0   0   1   1   0   0   0   0   0   0   0   0   1   0   0   0
      67200.0 | 1   0   1   1   0   0   0   0   0   0   0   0   1   0   0   0
      67202.0 | 1   0   1   1   0   0   0   0   0   0   0   0   0   0   0   0
      67202.4 | 1   0   1   1   0   0   0   0   0   1   0   0   0   0   0   0
      67203.4 | 1   0   1   1   0   0   0   0   1   1   0   0   0   0   0   0
      67203.7 | 1   0   1   1   0   0   0   1   1   1   0   0   0   0   0   0
      67360.0 | 0   0   1   1   0   0   0   1   1   1   0   0   0   0   0   0
      67520.0 | 1   0   1   1   0   0   0   1   1   1   0   0   0   0   0   0
      67680.0 | 0   0   1   1   0   0   0   1   1   1   0   0   0   0   0   0
      67840.0 | 1   0   1   1   0   0   0   1   1   1   0   0   0   0   0   0
      67843.9 | 1   0   1   1   0   0   0   0   1   0   0   0   0   0   0   0
      67844.1 | 1   0   1   1   0   0   0   0   0   0   0   0   0   0   0   0
      67845.2 | 1   0   1   1   1   0   0   0   0   0   0   0   0   0   0   0
      68000.0 | 0   0   1   1   1   0   0   0   0   0   0   0   0   0   0   0
      68160.0 | 1   0   1   1   1   0   0   0   0   0   0   0   0   0   0   0
      68163.0 | 1   0   1   1   0   0   0   0   0   0   0   0   0   0   0   0
      68320.0 | 0   0   1   1   0   0   0   0   0   0   0   0   0   0   0   0
      68480.0 | 1   0   1   1   0   0   0   0   0   0   0   0   0   0   0   0
      68640.0 | 0   0   1   1   0   0   0   0   0   0   0   0   0   0   0   0
      68800.0 | 1   0   1   1   0   0   0   0   0   0   0   0   0   0   0   0
      68802.2 | 1   0   1   1   0   0   0   0   0   0   0   0   1   0   0   0
      68804.7 | 1   0   1   1   0   0   0   0   0   0   0   0   0   0   0   0
      68805.4 | 1   0   1   1   0   0   0   0   0   0   0   0   1   0   0   0
      68960.0 | 0   0   1   1   0   0   0   0   0   0   0   0   1   0   0   0
      69120.0 | 1   0   1   1   0   0   0   0   0   0   0   0   1   0   0   0
      69280.0 | 0   0   1   1   0   0   0   0   0   0   0   0   1   0   0   0
      69440.0 | 1   0   1   1   0   0   0   0   0   0   0   0   1   0   0   0
      69442.0 | 1   0   1   1   0   0   0   0   0   0   0   0   0   0   0   0
      69600.0 | 0   0   1   1   0   0   0   0   0   0   0   0   0   0   0   0
      69760.0 | 1   0   1   1   0   0   0   0   0   0   0   0   0   0   0   0
      69920.0 | 0   0   1   1   0   0   0   0   0   0   0   0   0   0   0   0
      70080.0 | 1   0   1   1   0   0   0   0   0   0   0   0   0   0   0   0
      70082.2 | 1   0   1   1   0   0   0   0   0   0   0   0   1   0   0   0
      70084.7 | 1   0   1   1   0   0   0   0   0   0   0   0   0   0   0   0
      70085.4 | 1   0   1   1   0   0   0   0   0   0   0   0   1   0   0   0
      70240.0 | 0   0   1   1   0   0   0   0   0   0   0   0   1   0   0   0
      70400.0 | 1   0   1   1   0   0   0   0   0   0   0   0   1   0   0   0
      70560.0 | 0   0   1   1   0   0   0   0   0   0   0   0   1   0   0   0
      70720.0 | 1   0   1   1   0   0   0   0   0   0   0   0   1   0   0   0
      70722.0 | 1   0   1   1   0   0   0   0   0   0   0   0   0   0   0   0
      70880.0 | 0   0   1   1   0   0   0   0   0   0   0   0   0   0   0   0
      71040.0 | 1   0   1   1   0   0   0   0   0   0   0   0   0   0   0   0
      71200.0 | 0   0   1   1   0   0   0   0   0   0   0   0   0   0   0   0
      71360.0 | 1   0   1   1   0   0   0   0   0   0   0   0   0   0   0   0
      71362.2 | 1   0   1   1   0   0   0   0   0   0   0   0   1   0   0   0
      71364.7 | 1   0   1   1   0   0   0   0   0   0   0   0   0   0   0   0
      71365.4 | 1   0   1   1   0   0   0   0   0   0   0   0   1   0   0   0
      71520.0 | 0   0   1   1   0   0   0   0   0   0   0   0   1   0   0   0
      71680.0 | 1   0   1   1   0   0   0   0   0   0   0   0   1   0   0   0
      71840.0 | 0   0   1   1   0   0   0   0   0   0   0   0   1   0   0   0
      72000.0 | 1   0   1   1   0   0   0   0   0   0   0   0   1   0   0   0
      72002.0 | 1   0   1   1   0   0   0   0   0   0   0   0   0   0   0   0
      72160.0 | 0   0   1   1   0   0   0   0   0   0   0   0   0   0   0   0
      72320.0 | 1   0   1   1   0   0   0   0   0   0   0   0   0   0   0   0
      72480.0 | 0   0   1   1   0   0   0   0   0   0   0   0   0   0   0   0
      72640.0 | 1   0   1   1   0   0   0   0   0   0   0   0   0   0   0   0
      72642.2 | 1   0   1   1   0   0   0   0   0   0   0   0   1   0   0   0
      72644.7 | 1   0   1   1   0   0   0   0   0   0   0   0   0   0   0   0
      72645.4 | 1   0   1   1   0   0   0   0   0   0   0   0   1   0   0   0
      72800.0 | 0   0   1   1   0   0   0   0   0   0   0   0   1   0   0   0
      72960.0 | 1   0   1   1   0   0   0   0   0   0   0   0   1   0   0   0
      72963.8 | 1   0   1   1   0   0   0   0   1   0   0   0   1   0   0   0
      72965.8 | 1   0   1   1   0   0   0   0   1   0   0   0   0   0   0   0
      73120.0 | 0   0   1   1   0   0   0   0   1   0   0   0   0   0   0   0
      73280.0 | 1   0   1   1   0   0   0   0   1   0   0   0   0   0   0   0
      73282.4 | 1   0   1   1   0   0   0   0   1   1   0   0   0   0   0   0
      73440.0 | 0   0   1   1   0   0   0   0   1   1   0   0   0   0   0   0
      73600.0 | 1   0   1   1   0   0   0   0   1   1   0   0   0   0   0   0
      73760.0 | 0   0   1   1   0   0   0   0   1   1   0   0   0   0   0   0
      73920.0 | 1   0   1   1   0   0   0   0   1   1   0   0   0   0   0   0
      74080.0 | 0   0   1   1   0   0   0   0   1   1   0   0   0   0   0   0
      74240.0 | 1   0   1   1   0   0   0   0   1   1   0   0   0   0   0   0
      74242.2 | 1   0   1   1   0   0   0   0   1   1   0   0   1   0   0   0
      74400.0 | 0   0   1   1   0   0   0   0   1   1   0   0   1   0   0   0
      74560.0 | 1   0   1   1   0   0   0   0   1   1   0   0   1   0   0   0
      74720.0 | 0   0   1   1   0   0   0   0   1   1   0   0   1   0   0   0
      74880.0 | 1   0   1   1   0   0   0   0   1   1   0   0   1   0   0   0
      75040.0 | 0   0   1   1   0   0   0   0   1   1   0   0   1   0   0   0
      75200.0 | 1   0   1   1   0   0   0   0   1   1   0   0   1   0   0   0
      75202.1 | 1   0   1   1   0   0   0   0   1   1   0   0   0   0   0   0
      75360.0 | 0   0   1   1   0   0   0   0   1   1   0   0   0   0   0   0
      75520.0 | 1   0   1   1   0   0   0   0   1   1   0   0   0   0   0   0
      75680.0 | 0   0   1   1   0   0   0   0   1   1   0   0   0   0   0   0
      75840.0 | 1   0   1   1   0   0   0   0   1   1   0   0   0   0   0   0
      76000.0 | 0   0   1   1   0   0   0   0   1   1   0   0   0   0   0   0
      76160.0 | 1   0   1   1   0   0   0   0   1   1   0   0   0   0   0   0
      76162.2 | 1   0   1   1   0   0   0   0   1   1   0   0   1   0   0   0
      76320.0 | 0   0   1   1   0   0   0   0   1   1   0   0   1   0   0   0
      76480.0 | 1   0   1   1   0   0   0   0   1   1   0   0   1   0   0   0
      76640.0 | 0   0   1   1   0   0   0   0   1   1   0   0   1   0   0   0
      76800.0 | 1   0   1   1   0   0   0   0   1   1   0   0   1   0   0   0
      76960.0 | 0   0   1   1   0   0   0   0   1   1   0   0   1   0   0   0
      77120.0 | 1   0   1   1   0   0   0   0   1   1   0   0   1   0   0   0
      77122.1 | 1   0   1   1   0   0   0   0   1   1   0   0   0   0   0   0
      77280.0 | 0   0   1   1   0   0   0   0   1   1   0   0   0   0   0   0
      77440.0 | 1   0   1   1   0   0   0   0   1   1   0   0   0   0   0   0
      77600.0 | 0   0   1   1   0   0   0   0   1   1   0   0   0   0   0   0
      77760.0 | 1   0   1   1   0   0   0   0   1   1   0   0   0   0   0   0
      77920.0 | 0   0   1   1   0   0   0   0   1   1   0   0   0   0   0   0
      78080.0 | 1   0   1   1   0   0   0   0   1   1   0   0   0   0   0   0
      78082.2 | 1   0   1   1   0   0   0   0   1   1   0   0   1   0   0   0
      78240.0 | 0   0   1   1   0   0   0   0   1   1   0   0   1   0   0   0
      78400.0 | 1   0   1   1   0   0   0   0   1   1   0   0   1   0   0   0
      78560.0 | 0   0   1   1   0   0   0   0   1   1   0   0   1   0   0   0
      78720.0 | 1   0   1   1   0   0   0   0   1   1   0   0   1   0   0   0
      78880.0 | 0   0   1   1   0   0   0   0   1   1   0   0   1   0   0   0
      79040.0 | 1   0   1   1   0   0   0   0   1   1   0   0   1   0   0   0
      79042.1 | 1   0   1   1   0   0   0   0   1   1   0   0   0   0   0   0
      79200.0 | 0   0   1   1   0   0   0   0   1   1   0   0   0   0   0   0
      79360.0 | 1   0   1   1   0   0   0   0   1   1   0   0   0   0   0   0
      79520.0 | 0   0   1   1   0   0   0   0   1   1   0   0   0   0   0   0
      79680.0 | 1   0   1   1   0   0   0   0   1   1   0   0   0   0   0   0
      79840.0 | 0   0   1   1   0   0   0   0   1   1   0   0   0   0   0   0
      80000.0 | 1   0   1   1   0   0   0   0   1   1   0   0   0   0   0   0
      80002.2 | 1   0   1   1   0   0   0   0   1   1   0   0   1   0   0   0
      80160.0 | 0   0   1   1   0   0   0   0   1   1   0   0   1   0   0   0
      80320.0 | 1   0   1   1   0   0   0   0   1   1   0   0   1   0   0   0
      80480.0 | 0   0   1   1   0   0   0   0   1   1   0   0   1   0   0   0
      80640.0 | 1   0   1   1   0   0   0   0   1   1   0   0   1   0   0   0
      80800.0 | 0   0   1   1   0   0   0   0   1   1   0   0   1   0   0   0
      80960.0 | 1   0   1   1   0   0   0   0   1   1   0   0   1   0   0   0
      80962.1 | 1   0   1   1   0   0   0   0   1   1   0   0   0   0   0   0
      81120.0 | 0   0   1   1   0   0   0   0   1   1   0   0   0   0   0   0
      81280.0 | 1   0   1   1   0   0   0   0   1   1   0   0   0   0   0   0
      81280.8 | 1   0   1   1   0   0   0   0   1   1   0   0   0   0   1   0
      81286.2 | 1   0   1   1   0   0   0   0   1   0   0   0   0   0   1   0
      81440.0 | 0   0   1   1   0   0   0   0   1   0   0   0   0   0   1   0
      81600.0 | 1   0   1   1   0   0   0   0   1   0   0   0   0   0   1   0
      81600.7 | 1   0   1   1   0   0   0   0   1   0   0   0   0   0   0   0
      81760.0 | 0   0   1   1   0   0   0   0   1   0   0   0   0   0   0   0
      81920.0 | 1   0   1   1   0   0   0   0   1   0   0   0   0   0   0   0
      81924.1 | 1   0   1   1   0   0   0   0   0   0   0   0   0   0   0   0
      81925.2 | 1   0   1   1   1   0   0   0   0   0   0   0   0   0   0   0
      81925.7 | 1   0   1   1   1   0   0   0   0   1   0   0   0   0   0   0
      81925.8 | 1   0   1   1   1   0   0   0   1   1   0   0   0   0   0   0
      82080.0 | 0   0   1   1   1   0   0   0   1   1   0   0   0   0   0   0
      82240.0 | 1   0   1   1   1   0   0   0   1   1   0   0   0   0   0   0
      82243.1 | 1   0   1   1   0   0   0   0   1   1   0   0   0   0   0   0
      82246.1 | 1   0   1   1   0   0   0   0   1   0   0   0   0   0   0   0
      82400.0 | 0   0   1   1   0   0   0   0   1   0   0   0   0   0   0   0
      82560.0 | 1   0   1   1   0   0   0   0   1   0   0   0   0   0   0   0
      82562.2 | 1   0   1   1   0   0   0   0   1   0   0   0   1   0   0   0
      82563.9 | 1   0   1   1   0   0   0   0   0   0   0   0   1   0   0   0
      82564.7 | 1   0   1   1   0   0   0   0   1   0   0   0   1   0   0   0
      82720.0 | 0   0   1   1   0   0   0   0   1   0   0   0   1   0   0   0
      82880.0 | 1   0   1   1   0   0   0   0   1   0   0   0   1   0   0   0
      83040.0 | 0   0   1   1   0   0   0   0   1   0   0   0   1   0   0   0
      83200.0 | 1   0   1   1   0   0   0   0   1   0   0   0   1   0   0   0
      83204.1 | 1   0   1   1   0   0   0   0   0   0   0   0   1   0   0   0
      83205.2 | 1   0   1   1   1   0   0   0   0   0   0   0   0   0   0   0
      83205.7 | 1   0   1   1   1   0   0   0   0   1   0   0   0   0   0   0
      83205.8 | 1   0   1   1   1   0   0   0   1   1   0   0   1   0   0   0
      83360.0 | 0   0   1   1   1   0   0   0   1   1   0   0   1   0   0   0
      83520.0 | 1   0   1   1   1   0   0   0   1   1   0   0   1   0   0   0
      83523.1 | 1   0   1   1   0   0   0   0   1   1   0   0   1   0   0   0
      83526.1 | 1   0   1   1   0   0   0   0   1   0   0   0   1   0   0   0
      83680.0 | 0   0   1   1   0   0   0   0   1   0   0   0   1   0   0   0
      83840.0 | 1   0   1   1   0   0   0   0   1   0   0   0   1   0   0   0
      83842.0 | 1   0   1   1   0   0   0   0   1   0   0   0   0   0   0   0
      83843.9 | 1   0   1   1   0   0   0   0   0   0   0   0   0   0   0   0
      83844.7 | 1   0   1   1   0   0   0   0   1   0   0   0   0   0   0   0
      84000.0 | 0   0   1   1   0   0   0   0   1   0   0   0   0   0   0   0
      84160.0 | 1   0   1   1   0   0   0   0   1   0   0   0   0   0   0   0
      84320.0 | 0   0   1   1   0   0   0   0   1   0   0   0   0   0   0   0
      84480.0 | 1   0   1   1   0   0   0   0   1   0   0   0   0   0   0   0
      84484.1 | 1   0   1   1   0   0   0   0   0   0   0   0   0   0   0   0
      84485.2 | 1   0   1   1   1   0   0   0   0   0   0   0   0   0   0   0
      84485.7 | 1   0   1   1   1   0   0   0   0   1   0   0   0   0   0   0
      84485.8 | 1   0   1   1   1   0   0   0   1   1   0   0   0   0   0   0
      84640.0 | 0   0   1   1   1   0   0   0   1   1   0   0   0   0   0   0
      84800.0 | 1   0   1   1   1   0   0   0   1   1   0   0   0   0   0   0
      84803.1 | 1   0   1   1   0   0   0   0   1   1   0   0   0   0   0   0
      84806.1 | 1   0   1   1   0   0   0   0   1   0   0   0   0   0   0   0
      84960.0 | 0   0   1   1   0   0   0   0   1   0   0   0   0   0   0   0
      85120.0 | 1   0   1   1   0   0   0   0   1   0   0   0   0   0   0   0
      85122.2 | 1   0   1   1   0   0   0   0   1   0   0   0   1   0   0   0
      85123.9 | 1   0   1   1   0   0   0   0   0   0   0   0   1   0   0   0
      85124.7 | 1   0   1   1   0   0   0   0   1   0   0   0   1   0   0   0
      85280.0 | 0   0   1   1   0   0   0   0   1   0   0   0   1   0   0   0
      85440.0 | 1   0   1   1   0   0   0   0   1   0   0   0   1   0   0   0
      85600.0 | 0   0   1   1   0   0   0   0   1   0   0   0   1   0   0   0
      85760.0 | 1   0   1   1   0   0   0   0   1   0   0   0   1   0   0   0
      85764.1 | 1   0   1   1   0   0   0   0   0   0   0   0   1   0   0   0
      85765.2 | 1   0   1   1   1   0   0   0   0   0   0   0   0   0   0   0
      85765.7 | 1   0   1   1   1   0   0   0   0   1   0   0   0   0   0   0
      85765.8 | 1   0   1   1   1   0   0   0   1   1   0   0   1   0   0   0
      85920.0 | 0   0   1   1   1   0   0   0   1   1   0   0   1   0   0   0
      86080.0 | 1   0   1   1   1   0   0   0   1   1   0   0   1   0   0   0
      86083.1 | 1   0   1   1   0   0   0   0   1   1   0   0   1   0   0   0
      86086.1 | 1   0   1   1   0   0   0   0   1   0   0   0   1   0   0   0
      86240.0 | 0   0   1   1   0   0   0   0   1   0   0   0   1   0   0   0
      86400.0 | 1   0   1   1   0   0   0   0   1   0   0   0   1   0   0   0
      86402.0 | 1   0   1   1   0   0   0   0   1   0   0   0   0   0   0   0
      86403.9 | 1   0   1   1   0   0   0   0   0   0   0   0   0   0   0   0
      86404.7 | 1   0   1   1   0   0   0   0   1   0   0   0   0   0   0   0
      86560.0 | 0   0   1   1   0   0   0   0   1   0   0   0   0   0   0   0
      86720.0 | 1   0   1   1   0   0   0   0   1   0   0   0   0   0   0   0
      86880.0 | 0   0   1   1   0   0   0   0   1   0   0   0   0   0   0   0
      87040.0 | 1   0   1   1   0   0   0   0   1   0   0   0   0   0   0   0
      87044.1 | 1   0   1   1   0   0   0   0   0   0   0   0   0   0   0   0
      87045.2 | 1   0   1   1   1   0   0   0   0   0   0   0   0   0   0   0
      87045.7 | 1   0   1   1   1   0   0   0   0   1   0   0   0   0   0   0
      87045.8 | 1   0   1   1   1   0   0   0   1   1   0   0   0   0   0   0
      87200.0 | 0   0   1   1   1   0   0   0   1   1   0   0   0   0   0   0
      87360.0 | 1   0   1   1   1   0   0   0   1   1   0   0   0   0   0   0
      87363.1 | 1   0   1   1   0   0   0   0   1   1   0   0   0   0   0   0
      87366.1 | 1   0   1   1   0   0   0   0   1   0   0   0   0   0   0   0
      87520.0 | 0   0   1   1   0   0   0   0   1   0   0   0   0   0   0   0
      87680.0 | 1   0   1   1   0   0   0   0   1   0   0   0   0   0   0   0
      87682.2 | 1   0   1   1   0   0   0   0   1   0   0   0   1   0   0   0
      87683.9 | 1   0   1   1   0   0   0   0   0   0   0   0   1   0   0   0
      87684.7 | 1   0   1   1   0   0   0   0   1   0   0   0   1   0   0   0
      87840.0 | 0   0   1   1   0   0   0   0   1   0   0   0   1   0   0   0
      88000.0 | 1   0   1   1   0   0   0   0   1   0   0   0   1   0   0   0
      88160.0 | 0   0   1   1   0   0   0   0   1   0   0   0   1   0   0   0
      88320.0 | 1   0   1   1   0   0   0   0   1   0   0   0   1   0   0   0
      88324.1 | 1   0   1   1   0   0   0   0   0   0   0   0   1   0   0   0
      88325.2 | 1   0   1   1   1   0   0   0   0   0   0   0   0   0   0   0
      88325.7 | 1   0   1   1   1   0   0   0   0   1   0   0   0   0   0   0
      88325.8 | 1   0   1   1   1   0   0   0   1   1   0   0   1   0   0   0
      88480.0 | 0   0   1   1   1   0   0   0   1   1   0   0   1   0   0   0
      88640.0 | 1   0   1   1   1   0   0   0   1   1   0   0   1   0   0   0
      88643.1 | 1   0   1   1   0   0   0   0   1   1   0   0   1   0   0   0
      88646.1 | 1   0   1   1   0   0   0   0   1   0   0   0   1   0   0   0
      88800.0 | 0   0   1   1   0   0   0   0   1   0   0   0   1   0   0   0
      88960.0 | 1   0   1   1   0   0   0   0   1   0   0   0   1   0   0   0
      88962.0 | 1   0   1   1   0   0   0   0   1   0   0   0   0   0   0   0
      88963.9 | 1   0   1   1   0   0   0   0   0   0   0   0   0   0   0   0
      88964.7 | 1   0   1   1   0   0   0   0   1   0   0   0   0   0   0   0
      89120.0 | 0   0   1   1   0   0   0   0   1   0   0   0   0   0   0   0
      89280.0 | 1   0   1   1   0   0   0   0   1   0   0   0   0   0   0   0
      89440.0 | 0   0   1   1   0   0   0   0   1   0   0   0   0   0   0   0
      89600.0 | 1   0   1   1   0   0   0   0   1   0   0   0   0   0   0   0
      89604.1 | 1   0   1   1   0   0   0   0   0   0   0   0   0   0   0   0
      89605.2 | 1   0   1   1   1   0   0   0   0   0   0   0   0   0   0   0
      89605.7 | 1   0   1   1   1   0   0   0   0   1   0   0   0   0   0   0
      89605.8 | 1   0   1   1   1   0   0   0   1   1   0   0   0   0   0   0
      89760.0 | 0   0   1   1   1   0   0   0   1   1   0   0   0   0   0   0
      89920.0 | 1   0   1   1   1   0   0   0   1   1   0   0   0   0   0   0
      89923.1 | 1   0   1   1   0   0   0   0   1   1   0   0   0   0   0   0
      89926.1 | 1   0   1   1   0   0   0   0   1   0   0   0   0   0   0   0
      90080.0 | 0   0   1   1   0   0   0   0   1   0   0   0   0   0   0   0
      90240.0 | 1   0   1   1   0   0   0   0   1   0   0   0   0   0   0   0
      90242.2 | 1   0   1   1   0   0   0   0   1   0   0   0   1   0   0   0
      90243.9 | 1   0   1   1   0   0   0   0   0   0   0   0   1   0   0   0
      90244.7 | 1   0   1   1   0   0   0   0   1   0   0   0   1   0   0   0
      90400.0 | 0   0   1   1   0   0   0   0   1   0   0   0   1   0   0   0
      90560.0 | 1   0   1   1   0   0   0   0   1   0   0   0   1   0   0   0
      90720.0 | 0   0   1   1   0   0   0   0   1   0   0   0   1   0   0   0
      90880.0 | 1   0   1   1   0   0   0   0   1   0   0   0   1   0   0   0
      90884.1 | 1   0   1   1   0   0   0   0   0   0   0   0   1   0   0   0
      90885.2 | 1   0   1   1   1   0   0   0   0   0   0   0   0   0   0   0
      90885.7 | 1   0   1   1   1   0   0   0   0   1   0   0   0   0   0   0
      90885.8 | 1   0   1   1   1   0   0   0   1   1   0   0   1   0   0   0
      91040.0 | 0   0   1   1   1   0   0   0   1   1   0   0   1   0   0   0
      91200.0 | 1   0   1   1   1   0   0   0   1   1   0   0   1   0   0   0
      91203.2 | 1   0   1   1   0   0   0   0   1   1   0   0   1   0   0   0
      91206.2 | 1   0   1   1   0   0   0   0   1   0   0   0   1   0   0   0
      91206.3 | 1   0   1   1   0   0   0   0   0   0   0   0   1   0   0   0
      91206.9 | 1   0   1   1   0   0   0   0   1   0   0   0   1   0   0   0
      91360.0 | 0   0   1   1   0   0   0   0   1   0   0   0   1   0   0   0
      91520.0 | 1   0   1   1   0   0   0   0   1   0   0   0   1   0   0   0
      91522.0 | 1   0   1   1   0   0   0   0   1   0   0   0   0   0   0   0
      91522.4 | 1   0   1   1   0   0   0   0   1   1   0   0   0   0   0   0
      91523.2 | 1   0   1   1   0   0   0   0   0   1   0   0   0   0   0   0
      91680.0 | 0   0   1   1   0   0   0   0   0   1   0   0   0   0   0   0
      91840.0 | 1   0   1   1   0   0   0   0   0   1   0   0   0   0   0   0
      92000.0 | 0   0   1   1   0   0   0   0   0   1   0   0   0   0   0   0
      92160.0 | 1   0   1   1   0   0   0   0   0   1   0   0   0   0   0   0
      92163.9 | 1   0   1   1   0   0   0   0   0   0   0   0   0   0   0   0
      92165.2 | 1   0   1   1   1   0   0   0   0   0   0   0   0   0   0   0
      92165.8 | 1   0   1   1   1   0   0   0   1   0   0   0   0   0   0   0
      92320.0 | 0   0   1   1   1   0   0   0   1   0   0   0   0   0   0   0
      92480.0 | 1   0   1   1   1   0   0   0   1   0   0   0   0   0   0   0
      92483.1 | 1   0   1   1   0   0   0   0   1   0   0   0   0   0   0   0
      92484.4 | 1   0   1   1   0   0   0   0   1   1   0   0   0   0   0   0
      92486.2 | 1   0   1   1   0   0   0   0   0   1   0   0   0   0   0   0
      92640.0 | 0   0   1   1   0   0   0   0   0   1   0   0   0   0   0   0
      92800.0 | 1   0   1   1   0   0   0   0   0   1   0   0   0   0   0   0
      92802.2 | 1   0   1   1   0   0   0   0   0   1   0   0   1   0   0   0
      92803.7 | 1   0   1   1   0   0   0   0   0   0   0   0   1   0   0   0
      92804.7 | 1   0   1   1   0   0   0   0   0   1   0   0   1   0   0   0
      92960.0 | 0   0   1   1   0   0   0   0   0   1   0   0   1   0   0   0
      93120.0 | 1   0   1   1   0   0   0   0   0   1   0   0   1   0   0   0
      93280.0 | 0   0   1   1   0   0   0   0   0   1   0   0   1   0   0   0
      93440.0 | 1   0   1   1   0   0   0   0   0   1   0   0   1   0   0   0
      93443.9 | 1   0   1   1   0   0   0   0   0   0   0   0   1   0   0   0
      93445.2 | 1   0   1   1   1   0   0   0   0   0   0   0   0   0   0   0
      93445.8 | 1   0   1   1   1   0   0   0   1   0   0   0   1   0   0   0
      93600.0 | 0   0   1   1   1   0   0   0   1   0   0   0   1   0   0   0
      93760.0 | 1   0   1   1   1   0   0   0   1   0   0   0   1   0   0   0
      93763.1 | 1   0   1   1   0   0   0   0   1   0   0   0   1   0   0   0
      93764.4 | 1   0   1   1   0   0   0   0   1   1   0   0   1   0   0   0
      93766.2 | 1   0   1   1   0   0   0   0   0   1   0   0   1   0   0   0
      93920.0 | 0   0   1   1   0   0   0   0   0   1   0   0   1   0   0   0
      94080.0 | 1   0   1   1   0   0   0   0   0   1   0   0   1   0   0   0
      94082.0 | 1   0   1   1   0   0   0   0   0   1   0   0   0   0   0   0
      94083.7 | 1   0   1   1   0   0   0   0   0   0   0   0   0   0   0   0
      94084.7 | 1   0   1   1   0   0   0   0   0   1   0   0   0   0   0   0
      94240.0 | 0   0   1   1   0   0   0   0   0   1   0   0   0   0   0   0
      94400.0 | 1   0   1   1   0   0   0   0   0   1   0   0   0   0   0   0
      94560.0 | 0   0   1   1   0   0   0   0   0   1   0   0   0   0   0   0
      94720.0 | 1   0   1   1   0   0   0   0   0   1   0   0   0   0   0   0
      94723.9 | 1   0   1   1   0   0   0   0   0   0   0   0   0   0   0   0
      94725.2 | 1   0   1   1   1   0   0   0   0   0   0   0   0   0   0   0
      94725.8 | 1   0   1   1   1   0   0   0   1   0   0   0   0   0   0   0
      94880.0 | 0   0   1   1   1   0   0   0   1   0   0   0   0   0   0   0
      95040.0 | 1   0   1   1   1   0   0   0   1   0   0   0   0   0   0   0
      95043.1 | 1   0   1   1   0   0   0   0   1   0   0   0   0   0   0   0
      95044.4 | 1   0   1   1   0   0   0   0   1   1   0   0   0   0   0   0
      95046.2 | 1   0   1   1   0   0   0   0   0   1   0   0   0   0   0   0
      95200.0 | 0   0   1   1   0   0   0   0   0   1   0   0   0   0   0   0
      95360.0 | 1   0   1   1   0   0   0   0   0   1   0   0   0   0   0   0
      95362.2 | 1   0   1   1   0   0   0   0   0   1   0   0   1   0   0   0
      95363.7 | 1   0   1   1   0   0   0   0   0   0   0   0   1   0   0   0
      95364.7 | 1   0   1   1   0   0   0   0   0   1   0   0   1   0   0   0
      95520.0 | 0   0   1   1   0   0   0   0   0   1   0   0   1   0   0   0
      95680.0 | 1   0   1   1   0   0   0   0   0   1   0   0   1   0   0   0
      95840.0 | 0   0   1   1   0   0   0   0   0   1   0   0   1   0   0   0
      96000.0 | 1   0   1   1   0   0   0   0   0   1   0   0   1   0   0   0
      96003.9 | 1   0   1   1   0   0   0   0   0   0   0   0   1   0   0   0
      96005.2 | 1   0   1   1   1   0   0   0   0   0   0   0   0   0   0   0
      96005.8 | 1   0   1   1   1   0   0   0   1   0   0   0   1   0   0   0
      96160.0 | 0   0   1   1   1   0   0   0   1   0   0   0   1   0   0   0
      96320.0 | 1   0   1   1   1   0   0   0   1   0   0   0   1   0   0   0
      96323.1 | 1   0   1   1   0   0   0   0   1   0   0   0   1   0   0   0
      96324.4 | 1   0   1   1   0   0   0   0   1   1   0   0   1   0   0   0
      96326.2 | 1   0   1   1   0   0   0   0   0   1   0   0   1   0   0   0
      96480.0 | 0   0   1   1   0   0   0   0   0   1   0   0   1   0   0   0
      96640.0 | 1   0   1   1   0   0   0   0   0   1   0   0   1   0   0   0
      96642.0 | 1   0   1   1   0   0   0   0   0   1   0   0   0   0   0   0
      96643.7 | 1   0   1   1   0   0   0   0   0   0   0   0   0   0   0   0
      96644.7 | 1   0   1   1   0   0   0   0   0   1   0   0   0   0   0   0
      96800.0 | 0   0   1   1   0   0   0   0   0   1   0   0   0   0   0   0
      96960.0 | 1   0   1   1   0   0   0   0   0   1   0   0   0   0   0   0
      97120.0 | 0   0   1   1   0   0   0   0   0   1   0   0   0   0   0   0
      97280.0 | 1   0   1   1   0   0   0   0   0   1   0   0   0   0   0   0
      97283.9 | 1   0   1   1   0   0   0   0   0   0   0   0   0   0   0   0
      97285.2 | 1   0   1   1   1   0   0   0   0   0   0   0   0   0   0   0
      97285.8 | 1   0   1   1   1   0   0   0   1   0   0   0   0   0   0   0
      97440.0 | 0   0   1   1   1   0   0   0   1   0   0   0   0   0   0   0
      97600.0 | 1   0   1   1   1   0   0   0   1   0   0   0   0   0   0   0
      97603.1 | 1   0   1   1   0   0   0   0   1   0   0   0   0   0   0   0
      97604.4 | 1   0   1   1   0   0   0   0   1   1   0   0   0   0   0   0
      97606.2 | 1   0   1   1   0   0   0   0   0   1   0   0   0   0   0   0
      97760.0 | 0   0   1   1   0   0   0   0   0   1   0   0   0   0   0   0
      97920.0 | 1   0   1   1   0   0   0   0   0   1   0   0   0   0   0   0
      97922.2 | 1   0   1   1   0   0   0   0   0   1   0   0   1   0   0   0
      97923.7 | 1   0   1   1   0   0   0   0   0   0   0   0   1   0   0   0
      97924.7 | 1   0   1   1   0   0   0   0   0   1   0   0   1   0   0   0
      98080.0 | 0   0   1   1   0   0   0   0   0   1   0   0   1   0   0   0
      98240.0 | 1   0   1   1   0   0   0   0   0   1   0   0   1   0   0   0
      98400.0 | 0   0   1   1   0   0   0   0   0   1   0   0   1   0   0   0
      98560.0 | 1   0   1   1   0   0   0   0   0   1   0   0   1   0   0   0
      98563.9 | 1   0   1   1   0   0   0   0   0   0   0   0   1   0   0   0
      98565.2 | 1   0   1   1   1   0   0   0   0   0   0   0   0   0   0   0
      98565.8 | 1   0   1   1   1   0   0   0   1   0   0   0   1   0   0   0
      98720.0 | 0   0   1   1   1   0   0   0   1   0   0   0   1   0   0   0
      98880.0 | 1   0   1   1   1   0   0   0   1   0   0   0   1   0   0   0
      98883.1 | 1   0   1   1   0   0   0   0   1   0   0   0   1   0   0   0
      98884.4 | 1   0   1   1   0   0   0   0   1   1   0   0   1   0   0   0
      98886.2 | 1   0   1   1   0   0   0   0   0   1   0   0   1   0   0   0
      99040.0 | 0   0   1   1   0   0   0   0   0   1   0   0   1   0   0   0
      99200.0 | 1   0   1   1   0   0   0   0   0   1   0   0   1   0   0   0
      99202.0 | 1   0   1   1   0   0   0   0   0   1   0   0   0   0   0   0
      99203.7 | 1   0   1   1   0   0   0   0   0   0   0   0   0   0   0   0
      99204.7 | 1   0   1   1   0   0   0   0   0   1   0   0   0   0   0   0
      99360.0 | 0   0   1   1   0   0   0   0   0   1   0   0   0   0   0   0
      99520.0 | 1   0   1   1   0   0   0   0   0   1   0   0   0   0   0   0
      99680.0 | 0   0   1   1   0   0   0   0   0   1   0   0   0   0   0   0
      99840.0 | 1   0   1   1   0   0   0   0   0   1   0   0   0   0   0   0
      99843.9 | 1   0   1   1   0   0   0   0   0   0   0   0   0   0   0   0
      99845.2 | 1   0   1   1   1   0   0   0   0   0   0   0   0   0   0   0
      99845.8 | 1   0   1   1   1   0   0   0   1   0   0   0   0   0   0   0
      99999.9 | 1   0   1   1   1   0   0   0   1   0   0   0   0   0   0   0
================================================================================
  network : Clearandshift                                         nodes : 1014  
================================================================================
