                  0 UUDDXXX
               1000 DUDDXXX
               2000 UUDDLLL
               3000 DUDDLLL
               4000 UUDDLLL
               5000 DUDULLL
               6000 UUDULLL
               7000 DUDULLL
               8000 UUDULLL
               9000 DUDULLL
              10000 UUDULLL
              11000 DUDULLL
              12000 UUDULLL
              13000 DUDULLL
              14000 UUDULLL
              15000 DUDDLLL
              16000 UUDDLLL
              17000 DUDDLLL
              18000 UUDDLLL
              19000 DUDDLLL
              20000 UUDDLLL
              21000 DUDDLLL
              22000 UUDDLLL
              23000 DUDDLLL
              24000 UUDDLLL
              25000 DUDDLLL
              26000 UUDDLLL
              27000 DUDDLLL
              28000 UUDDLLL
              29000 DUDDLLL
              30000 UUUULLL
              31000 DUUULLL
              32000 UUUULLL
              33000 DUUULLL
              34000 UUUULLL
              35000 DUDULLL
              36000 UUDULLL
              37000 DUDULLL
              38000 UUDULLL
              39000 DUDULLL
              40000 UDDUHLL
              41000 DDDUHLL
              42000 UDDUHHL
              43000 DDDUHHL
              44000 UDDULHH
              45000 DDDULHH
              46000 UDDUHLH
              47000 DDDUHLH
              48000 UDDULHL
              49000 DDDULHL
              50000 UDDDLLH
              51000 DDDDLLH
              52000 UDDDLLL
              53000 DDDDLLL
              54000 UDDDHLL
              55000 DDDDHLL
              56000 UDDDHHL
              57000 DDDDHHL
              58000 UDDDLHH
              59000 DDDDLHH
              60000 UDDDHLH
              61000 DDDDHLH
              62000 UDDDLHL
              63000 DDDDLHL
              64000 UDDDLLH
              65000 DDDDLLH
              66000 UDDDLLL
              67000 DDDDLLL
              68000 UDDDHLL
              69000 DDDDHLL
              70000 UDDDHHL
              71000 DDDDHHL
              72000 UDDDLHH
              73000 DDDDLHH
              74000 UDDDHLH
              75000 DDDDHLH
              76000 UDDDLHL
              77000 DDDDLHL
              78000 UDDDLLH
              79000 DDDDLLH
              80000 UDDDLLL
              81000 DDDDLLL
              82000 UDDDHLL
              83000 DDDDHLL
              84000 UDDDHHL
              85000 DDDDHHL
              86000 UDDDLHH
              87000 DDDDLHH
              88000 UDDDHLH
              89000 DDDDHLH
              90000 UDUDLHL
              91000 DDUDLHL
              92000 UDUDLLH
              93000 DDUDLLH
              94000 UDUDLLH
              95000 DDUDLLH
              96000 UDUDLLL
              97000 DDUDLLL
              98000 UDUDLLL
              99000 DDUDLLL
             100000 UDUDHLL
             101000 DDUDHLL
             102000 UDUDHLL
             103000 DDUDHLL
             104000 UDUDHHL
             105000 DDUDHHL
             106000 UDUDHHL
             107000 DDUDHHL
             108000 UDUDLHH
             109000 DDUDLHH
             110000 UDUDLHH
             111000 DDUDLHH
             112000 UDUDHLH
             113000 DDUDHLH
             114000 UDUDHLH
             115000 DDUDHLH
             116000 UDUDLHL
             117000 DDUDLHL
             118000 UDUDLHL
             119000 DDUDLHL
             120000 UDUDLLH
             121000 DDUDLLH
             122000 UDUDLLH
             123000 DDUDLLH
             124000 UDUDLLL
             125000 DDUDLLL
             126000 UDUDLLL
             127000 DDUDLLL
             128000 UDUDHLL
             129000 DDUDHLL
             130000 UDUDHLL
             131000 DDUDHLL
             132000 UDUDHHL
             133000 DDUDHHL
             134000 UDUDHHL
             135000 DDUDHHL
             136000 UDUDLHH
             137000 DDUDLHH
             138000 UDUDLHH
             139000 DDUDLHH
             140000 UDUDHLH
             141000 DDUDHLH
             142000 UDUDHLH
             143000 DDUDHLH
             144000 UDUDLHL
             145000 DDUDLHL
             146000 UDUDLHL
             147000 DDUDLHL
             148000 UDUDLLH
             149000 DDUDLLH
             150000 UDUDLLH
             151000 DDUDLLH
             152000 UDUDLLL
             153000 DDUDLLL
             154000 UDUDLLL
             155000 DDUDLLL
             156000 UDUDHLL
             157000 DDUDHLL
             158000 UDUDHLL
             159000 DDUDHLL
             160000 UDDDHHL
             161000 DDDDHHL
             162000 UDDDHHL
             163000 DDDDHHL
             164000 UDDDHHL
             165000 DDDDHHL
             166000 UDDDHHL
             167000 DDDDHHL
             168000 UDDDHHL
             169000 DDDDHHL
             170000 UDDDHHL
             171000 DDDDHHL
             172000 UDDDHHL
             173000 DDDDHHL
             174000 UDDDHHL
             175000 DDDDHHL
             176000 UDDDHHL
             177000 DDDDHHL
             178000 UDDDHHL
             179000 DDDDHHL
             180000 UDDDHHL
             181000 DDDDHHL
             182000 UDDDHHL
             183000 DDDDHHL
             184000 UDDDHHL
             185000 DDDDHHL
             186000 UDDDHHL
             187000 DDDDHHL
             188000 UDDDHHL
             189000 DDDDHHL
             190000 UDDDHHL
             191000 DDDDHHL
             192000 UDDDHHL
             193000 DDDDHHL
             194000 UDDDHHL
             195000 DDDDHHL
             196000 UDDDHHL
             197000 DDDDHHL
             198000 UDDDHHL
             199000 DDDDHHL
             200000 UDDUHHL
             201000 DDDUHHL
             202000 UDDUHHL
             203000 DDDUHHL
             204000 UDDULHH
             205000 DDDULHH
             206000 UDDUHLH
             207000 DDDUHLH
             208000 UDDULHL
             209000 DDDULHL
             210000 UDDDLLH
             211000 DDDDLLH
             212000 UDDDLLL
             213000 DDDDLLL
             214000 UDDDHLL
             215000 DDDDHLL
             216000 UDDDHHL
             217000 DDDDHHL
             218000 UDDDLHH
             219000 DDDDLHH
             220000 UDDDHLH
             221000 DDDDHLH
             222000 UDDDLHL
             223000 DDDDLHL
             224000 UDDDLLH
             225000 DDDDLLH
             226000 UDDDLLL
             227000 DDDDLLL
             228000 UDDDHLL
             229000 DDDDHLL
             230000 UDDDHHL
             231000 DDDDHHL
             232000 UDDDLHH
             233000 DDDDLHH
             234000 UDDDHLH
             235000 DDDDHLH
             236000 UDDDLHL
             237000 DDDDLHL
             238000 UDDDLLH
             239000 DDDDLLH
             240000 UDDDLLL
             241000 DDDDLLL
             242000 UDDDHLL
             243000 DDDDHLL
             244000 UDDDHHL
             245000 DDDDHHL
             246000 UDDDLHH
             247000 DDDDLHH
             248000 UDDDHLH
             249000 DDDDHLH
             250000 UDDDLHL
             251000 DDDDLHL
             252000 UDDDLLH
             253000 DDDDLLH
             254000 UDDDLLL
             255000 DDDDLLL
             256000 UDDDHLL
             257000 DDDDHLL
             258000 UDDDHHL
             259000 DDDDHHL
             260000 UDDDLHH
             261000 DDDDLHH
             262000 UDDDHLH
             263000 DDDDHLH
             264000 UDDDLHL
             265000 DDDDLHL
             266000 UDDDLLH
             267000 DDDDLLH
             268000 UDDDLLL
             269000 DDDDLLL
             270000 UDDDHLL
             271000 DDDDHLL
             272000 UDDDHHL
             273000 DDDDHHL
             274000 UDDDLHH
             275000 DDDDLHH
             276000 UDDDHLH
             277000 DDDDHLH
             278000 UDDDLHL
             279000 DDDDLHL
             280000 UDDDLLH
             281000 DDDDLLH
             282000 UDDDLLL
             283000 DDDDLLL
             284000 UDDDHLL
             285000 DDDDHLL
             286000 UDDDHHL
             287000 DDDDHHL
             288000 UDDDLHH
             289000 DDDDLHH
             290000 UDDDHLH
             291000 DDDDHLH
             292000 UDDDLHL
             293000 DDDDLHL
             294000 UDDDLLH
             295000 DDDDLLH
             296000 UDDDLLL
             297000 DDDDLLL
             298000 UDDDHLL
             299000 DDDDHLL
             300000 UDDDHHL
             301000 DDDDHHL
             302000 UDDDLHH
             303000 DDDDLHH
             304000 UDDDHLH
             305000 DDDDHLH
             306000 UDDDLHL
             307000 DDDDLHL
             308000 UDDDLLH
             309000 DDDDLLH
             310000 UDDDLLL
             311000 DDDDLLL
             312000 UDDDHLL
             313000 DDDDHLL
             314000 UDDDHHL
             315000 DDDDHHL
             316000 UDDDLHH
             317000 DDDDLHH
             318000 UDDDHLH
             319000 DDDDHLH
             320000 UDDDLHL
             321000 DDDDLHL
             322000 UDDDLLH
             323000 DDDDLLH
             324000 UDDDLLL
             325000 DDDDLLL
             326000 UDDDHLL
             327000 DDDDHLL
             328000 UDDDHHL
             329000 DDDDHHL
             330000 UDDDLHH
             331000 DDDDLHH
             332000 UDDDHLH
             333000 DDDDHLH
             334000 UDDDLHL
             335000 DDDDLHL
             336000 UDDDLLH
             337000 DDDDLLH
             338000 UDDDLLL
             339000 DDDDLLL
             340000 UDDDHLL
             341000 DDDDHLL
             342000 UDDDHHL
             343000 DDDDHHL
             344000 UDDDLHH
             345000 DDDDLHH
             346000 UDDDHLH
             347000 DDDDHLH
             348000 UDDDLHL
             349000 DDDDLHL
             350000 UDUDLLH
             351000 DDUDLLH
             352000 UDUDLLL
             353000 DDUDLLL
             354000 UDUDLLL
             355000 DDUDLLL
             356000 UDUDHLL
             357000 DDUDHLL
             358000 UDUDHLL
             359000 DDUDHLL
             360000 UDUDHHL
             361000 DDUDHHL
             362000 UDUDHHL
             363000 DDUDHHL
             364000 UDUDLHH
             365000 DDUDLHH
             366000 UDUDLHH
             367000 DDUDLHH
             368000 UDUDHLH
             369000 DDUDHLH
             370000 UDUDHLH
             371000 DDUDHLH
             372000 UDUDLHL
             373000 DDUDLHL
             374000 UDUDLHL
             375000 DDUDLHL
             376000 UDUDLLH
             377000 DDUDLLH
             378000 UDUDLLH
             379000 DDUDLLH
             380000 UDUDLLL
             381000 DDUDLLL
             382000 UDUDLLL
             383000 DDUDLLL
             384000 UDUDHLL
             385000 DDUDHLL
             386000 UDUDHLL
             387000 DDUDHLL
             388000 UDUDHHL
             389000 DDUDHHL
             390000 UDUDHHL
             391000 DDUDHHL
             392000 UDUDLHH
             393000 DDUDLHH
             394000 UDUDLHH
             395000 DDUDLHH
             396000 UDUDHLH
             397000 DDUDHLH
             398000 UDUDHLH
             399000 DDUDHLH
             400000 UDUDLHL
             401000 DDUDLHL
             402000 UDUDLHL
             403000 DDUDLHL
             404000 UDUDLLH
             405000 DDUDLLH
             406000 UDUDLLH
             407000 DDUDLLH
             408000 UDUDLLL
             409000 DDUDLLL
             410000 UDUDLLL
             411000 DDUDLLL
             412000 UDUDHLL
             413000 DDUDHLL
             414000 UDUDHLL
             415000 DDUDHLL
             416000 UDUDHHL
             417000 DDUDHHL
             418000 UDUDHHL
             419000 DDUDHHL
             420000 UDUDLHH
             421000 DDUDLHH
             422000 UDUDLHH
             423000 DDUDLHH
             424000 UDUDHLH
             425000 DDUDHLH
             426000 UDUDHLH
             427000 DDUDHLH
             428000 UDUDLHL
             429000 DDUDLHL
             430000 UDUDLHL
             431000 DDUDLHL
             432000 UDUDLLH
             433000 DDUDLLH
             434000 UDUDLLH
             435000 DDUDLLH
             436000 UDUDLLL
             437000 DDUDLLL
             438000 UDUDLLL
             439000 DDUDLLL
             440000 UDUDHLL
             441000 DDUDHLL
             442000 UDUDHLL
             443000 DDUDHLL
             444000 UDUDHHL
             445000 DDUDHHL
             446000 UDUDHHL
             447000 DDUDHHL
             448000 UDUDLHH
             449000 DDUDLHH
             450000 UDUDLHH
             451000 DDUDLHH
             452000 UDUDHLH
             453000 DDUDHLH
             454000 UDUDHLH
             455000 DDUDHLH
             456000 UDUDLHL
             457000 DDUDLHL
             458000 UDUDLHL
             459000 DDUDLHL
             460000 UDUDLLH
             461000 DDUDLLH
             462000 UDUDLLH
             463000 DDUDLLH
             464000 UDUDLLL
             465000 DDUDLLL
             466000 UDUDLLL
             467000 DDUDLLL
             468000 UDUDHLL
             469000 DDUDHLL
             470000 UDUDHLL
             471000 DDUDHLL
             472000 UDUDHHL
             473000 DDUDHHL
             474000 UDUDHHL
             475000 DDUDHHL
             476000 UDUDLHH
             477000 DDUDLHH
             478000 UDUDLHH
             479000 DDUDLHH
             480000 UDDDHLH
             481000 DDDDHLH
             482000 UDDDHLH
             483000 DDDDHLH
             484000 UDDDHLH
             485000 DDDDHLH
             486000 UDDDHLH
             487000 DDDDHLH
             488000 UDDDHLH
             489000 DDDDHLH
             490000 UDDDHLH
             491000 DDDDHLH
             492000 UDDDHLH
             493000 DDDDHLH
             494000 UDDDHLH
             495000 DDDDHLH
             496000 UDDDHLH
             497000 DDDDHLH
             498000 UDDDHLH
             499000 DDDDHLH
             500000 UDDDHLH
