Classic Timing Analyzer report for top_de2
Fri Nov 29 10:03:41 2013
Quartus II Version 10.0 Build 262 08/18/2010 Service Pack 1 SJ Full Version


---------------------
; Table of Contents ;
---------------------
  1. Legal Notice
  2. Classic Timing Analyzer Deprecation
  3. Timing Analyzer Summary
  4. Timing Analyzer Settings
  5. Clock Settings Summary
  6. Parallel Compilation
  7. Clock Setup: 'clock_50mhz'
  8. tsu
  9. tco
 10. th
 11. Timing Analyzer Messages



----------------
; Legal Notice ;
----------------
Copyright (C) 1991-2010 Altera Corporation
Your use of Altera Corporation's design tools, logic functions 
and other software and tools, and its AMPP partner logic 
functions, and any output files from any of the foregoing 
(including device programming or simulation files), and any 
associated documentation or information are expressly subject 
to the terms and conditions of the Altera Program License 
Subscription Agreement, Altera MegaCore Function License 
Agreement, or other applicable license agreement, including, 
without limitation, that your use is for the sole purpose of 
programming logic devices manufactured by Altera and sold by 
Altera or its authorized distributors.  Please refer to the 
applicable agreement for further details.



---------------------------------------
; Classic Timing Analyzer Deprecation ;
---------------------------------------
Classic Timing Analyzer will not be available in a future release of the Quartus II software. Use the TimeQuest Timing Analyzer to run timing analysis on your design. Convert all the project settings and the timing constraints to TimeQuest Timing Analyzer equivalents.


+-----------------------------------------------------------------------------------------------------------------------------------------------------------------------------------------------------------------------------+
; Timing Analyzer Summary                                                                                                                                                                                                     ;
+------------------------------+-------+---------------+----------------------------------+-----------------------------------------------+----------------------------------------+-------------+-------------+--------------+
; Type                         ; Slack ; Required Time ; Actual Time                      ; From                                          ; To                                     ; From Clock  ; To Clock    ; Failed Paths ;
+------------------------------+-------+---------------+----------------------------------+-----------------------------------------------+----------------------------------------+-------------+-------------+--------------+
; Worst-case tsu               ; N/A   ; None          ; -3.736 ns                        ; rst                                           ; ram_simple:inst8|ro_data_out           ; --          ; clock_50mhz ; 0            ;
; Worst-case tco               ; N/A   ; None          ; 12.733 ns                        ; vga:inst6|vga_read:read_and_output|h_sync_out ; vga_hsync                              ; clock_50mhz ; --          ; 0            ;
; Worst-case th                ; N/A   ; None          ; 3.966 ns                         ; rst                                           ; ram_simple:inst8|ro_data_out           ; --          ; clock_50mhz ; 0            ;
; Clock Setup: 'clock_50mhz'   ; N/A   ; None          ; 375.38 MHz ( period = 2.664 ns ) ; vga:inst6|vga_counter:counter|pos_x[5]        ; vga:inst6|vga_counter:counter|pos_y[3] ; clock_50mhz ; clock_50mhz ; 0            ;
; Total number of failed paths ;       ;               ;                                  ;                                               ;                                        ;             ;             ; 0            ;
+------------------------------+-------+---------------+----------------------------------+-----------------------------------------------+----------------------------------------+-------------+-------------+--------------+


+-----------------------------------------------------------------------------------------------------------------------------------------------------+
; Timing Analyzer Settings                                                                                                                            ;
+------------------------------------------------------------------------------------------------------+--------------------+------+----+-------------+
; Option                                                                                               ; Setting            ; From ; To ; Entity Name ;
+------------------------------------------------------------------------------------------------------+--------------------+------+----+-------------+
; Device Name                                                                                          ; EP2C35F672C6       ;      ;    ;             ;
; Timing Models                                                                                        ; Final              ;      ;    ;             ;
; Default hold multicycle                                                                              ; Same as Multicycle ;      ;    ;             ;
; Cut paths between unrelated clock domains                                                            ; On                 ;      ;    ;             ;
; Cut off read during write signal paths                                                               ; On                 ;      ;    ;             ;
; Cut off feedback from I/O pins                                                                       ; On                 ;      ;    ;             ;
; Report Combined Fast/Slow Timing                                                                     ; Off                ;      ;    ;             ;
; Ignore Clock Settings                                                                                ; Off                ;      ;    ;             ;
; Analyze latches as synchronous elements                                                              ; On                 ;      ;    ;             ;
; Enable Recovery/Removal analysis                                                                     ; Off                ;      ;    ;             ;
; Enable Clock Latency                                                                                 ; Off                ;      ;    ;             ;
; Use TimeQuest Timing Analyzer                                                                        ; Off                ;      ;    ;             ;
; Minimum Core Junction Temperature                                                                    ; 0                  ;      ;    ;             ;
; Maximum Core Junction Temperature                                                                    ; 85                 ;      ;    ;             ;
; Number of source nodes to report per destination node                                                ; 10                 ;      ;    ;             ;
; Number of destination nodes to report                                                                ; 10                 ;      ;    ;             ;
; Number of paths to report                                                                            ; 200                ;      ;    ;             ;
; Report Minimum Timing Checks                                                                         ; Off                ;      ;    ;             ;
; Use Fast Timing Models                                                                               ; Off                ;      ;    ;             ;
; Report IO Paths Separately                                                                           ; Off                ;      ;    ;             ;
; Perform Multicorner Analysis                                                                         ; On                 ;      ;    ;             ;
; Reports the worst-case path for each clock domain and analysis                                       ; Off                ;      ;    ;             ;
; Reports worst-case timing paths for each clock domain and analysis                                   ; On                 ;      ;    ;             ;
; Specifies the maximum number of worst-case timing paths to report for each clock domain and analysis ; 100                ;      ;    ;             ;
; Removes common clock path pessimism (CCPP) during slack computation                                  ; Off                ;      ;    ;             ;
+------------------------------------------------------------------------------------------------------+--------------------+------+----+-------------+


+------------------------------------------------------------------------------------------------------------------------------------------------------------------------------------+
; Clock Settings Summary                                                                                                                                                             ;
+-----------------+--------------------+----------+------------------+---------------+--------------+----------+-----------------------+---------------------+--------+--------------+
; Clock Node Name ; Clock Setting Name ; Type     ; Fmax Requirement ; Early Latency ; Late Latency ; Based on ; Multiply Base Fmax by ; Divide Base Fmax by ; Offset ; Phase offset ;
+-----------------+--------------------+----------+------------------+---------------+--------------+----------+-----------------------+---------------------+--------+--------------+
; clock_50mhz     ;                    ; User Pin ; None             ; 0.000 ns      ; 0.000 ns     ; --       ; N/A                   ; N/A                 ; N/A    ;              ;
+-----------------+--------------------+----------+------------------+---------------+--------------+----------+-----------------------+---------------------+--------+--------------+


+------------------------------------------+
; Parallel Compilation                     ;
+----------------------------+-------------+
; Processors                 ; Number      ;
+----------------------------+-------------+
; Number detected on machine ; 8           ;
; Maximum allowed            ; 8           ;
;                            ;             ;
; Average used               ; 1.00        ;
; Maximum used               ; 1           ;
;                            ;             ;
; Usage by Processor         ; % Time Used ;
;     1 processor            ; 100.0%      ;
;     2-8 processors         ;   0.0%      ;
+----------------------------+-------------+


+-----------------------------------------------------------------------------------------------------------------------------------------------------------------------------------------------------------------------------------------------------------------------------------------------------------------------------------------+
; Clock Setup: 'clock_50mhz'                                                                                                                                                                                                                                                                                                              ;
+-----------------------------------------+-----------------------------------------------------+------------------------------------------------------------+------------------------------------------------------------+-------------+-------------+-----------------------------+---------------------------+-------------------------+
; Slack                                   ; Actual fmax (period)                                ; From                                                       ; To                                                         ; From Clock  ; To Clock    ; Required Setup Relationship ; Required Longest P2P Time ; Actual Longest P2P Time ;
+-----------------------------------------+-----------------------------------------------------+------------------------------------------------------------+------------------------------------------------------------+-------------+-------------+-----------------------------+---------------------------+-------------------------+
; N/A                                     ; 375.38 MHz ( period = 2.664 ns )                    ; vga:inst6|vga_counter:counter|pos_x[5]                     ; vga:inst6|vga_counter:counter|pos_y[8]                     ; clock_50mhz ; clock_50mhz ; None                        ; None                      ; 2.454 ns                ;
; N/A                                     ; 375.38 MHz ( period = 2.664 ns )                    ; vga:inst6|vga_counter:counter|pos_x[5]                     ; vga:inst6|vga_counter:counter|pos_y[5]                     ; clock_50mhz ; clock_50mhz ; None                        ; None                      ; 2.454 ns                ;
; N/A                                     ; 375.38 MHz ( period = 2.664 ns )                    ; vga:inst6|vga_counter:counter|pos_x[5]                     ; vga:inst6|vga_counter:counter|pos_y[6]                     ; clock_50mhz ; clock_50mhz ; None                        ; None                      ; 2.454 ns                ;
; N/A                                     ; 375.38 MHz ( period = 2.664 ns )                    ; vga:inst6|vga_counter:counter|pos_x[5]                     ; vga:inst6|vga_counter:counter|pos_y[7]                     ; clock_50mhz ; clock_50mhz ; None                        ; None                      ; 2.454 ns                ;
; N/A                                     ; 375.38 MHz ( period = 2.664 ns )                    ; vga:inst6|vga_counter:counter|pos_x[5]                     ; vga:inst6|vga_counter:counter|pos_y[4]                     ; clock_50mhz ; clock_50mhz ; None                        ; None                      ; 2.454 ns                ;
; N/A                                     ; 375.38 MHz ( period = 2.664 ns )                    ; vga:inst6|vga_counter:counter|pos_x[5]                     ; vga:inst6|vga_counter:counter|pos_y[2]                     ; clock_50mhz ; clock_50mhz ; None                        ; None                      ; 2.454 ns                ;
; N/A                                     ; 375.38 MHz ( period = 2.664 ns )                    ; vga:inst6|vga_counter:counter|pos_x[5]                     ; vga:inst6|vga_counter:counter|pos_y[1]                     ; clock_50mhz ; clock_50mhz ; None                        ; None                      ; 2.454 ns                ;
; N/A                                     ; 375.38 MHz ( period = 2.664 ns )                    ; vga:inst6|vga_counter:counter|pos_x[5]                     ; vga:inst6|vga_counter:counter|pos_y[3]                     ; clock_50mhz ; clock_50mhz ; None                        ; None                      ; 2.454 ns                ;
; N/A                                     ; 389.86 MHz ( period = 2.565 ns )                    ; vga:inst6|vga_counter:counter|pos_x[4]                     ; vga:inst6|vga_counter:counter|pos_y[8]                     ; clock_50mhz ; clock_50mhz ; None                        ; None                      ; 2.355 ns                ;
; N/A                                     ; 389.86 MHz ( period = 2.565 ns )                    ; vga:inst6|vga_counter:counter|pos_x[4]                     ; vga:inst6|vga_counter:counter|pos_y[5]                     ; clock_50mhz ; clock_50mhz ; None                        ; None                      ; 2.355 ns                ;
; N/A                                     ; 389.86 MHz ( period = 2.565 ns )                    ; vga:inst6|vga_counter:counter|pos_x[4]                     ; vga:inst6|vga_counter:counter|pos_y[6]                     ; clock_50mhz ; clock_50mhz ; None                        ; None                      ; 2.355 ns                ;
; N/A                                     ; 389.86 MHz ( period = 2.565 ns )                    ; vga:inst6|vga_counter:counter|pos_x[4]                     ; vga:inst6|vga_counter:counter|pos_y[7]                     ; clock_50mhz ; clock_50mhz ; None                        ; None                      ; 2.355 ns                ;
; N/A                                     ; 389.86 MHz ( period = 2.565 ns )                    ; vga:inst6|vga_counter:counter|pos_x[4]                     ; vga:inst6|vga_counter:counter|pos_y[4]                     ; clock_50mhz ; clock_50mhz ; None                        ; None                      ; 2.355 ns                ;
; N/A                                     ; 389.86 MHz ( period = 2.565 ns )                    ; vga:inst6|vga_counter:counter|pos_x[4]                     ; vga:inst6|vga_counter:counter|pos_y[2]                     ; clock_50mhz ; clock_50mhz ; None                        ; None                      ; 2.355 ns                ;
; N/A                                     ; 389.86 MHz ( period = 2.565 ns )                    ; vga:inst6|vga_counter:counter|pos_x[4]                     ; vga:inst6|vga_counter:counter|pos_y[1]                     ; clock_50mhz ; clock_50mhz ; None                        ; None                      ; 2.355 ns                ;
; N/A                                     ; 389.86 MHz ( period = 2.565 ns )                    ; vga:inst6|vga_counter:counter|pos_x[4]                     ; vga:inst6|vga_counter:counter|pos_y[3]                     ; clock_50mhz ; clock_50mhz ; None                        ; None                      ; 2.355 ns                ;
; N/A                                     ; 390.32 MHz ( period = 2.562 ns )                    ; vga:inst6|vga_counter:counter|pos_x[3]                     ; vga:inst6|vga_counter:counter|pos_y[8]                     ; clock_50mhz ; clock_50mhz ; None                        ; None                      ; 2.354 ns                ;
; N/A                                     ; 390.32 MHz ( period = 2.562 ns )                    ; vga:inst6|vga_counter:counter|pos_x[3]                     ; vga:inst6|vga_counter:counter|pos_y[5]                     ; clock_50mhz ; clock_50mhz ; None                        ; None                      ; 2.354 ns                ;
; N/A                                     ; 390.32 MHz ( period = 2.562 ns )                    ; vga:inst6|vga_counter:counter|pos_x[3]                     ; vga:inst6|vga_counter:counter|pos_y[6]                     ; clock_50mhz ; clock_50mhz ; None                        ; None                      ; 2.354 ns                ;
; N/A                                     ; 390.32 MHz ( period = 2.562 ns )                    ; vga:inst6|vga_counter:counter|pos_x[3]                     ; vga:inst6|vga_counter:counter|pos_y[7]                     ; clock_50mhz ; clock_50mhz ; None                        ; None                      ; 2.354 ns                ;
; N/A                                     ; 390.32 MHz ( period = 2.562 ns )                    ; vga:inst6|vga_counter:counter|pos_x[3]                     ; vga:inst6|vga_counter:counter|pos_y[4]                     ; clock_50mhz ; clock_50mhz ; None                        ; None                      ; 2.354 ns                ;
; N/A                                     ; 390.32 MHz ( period = 2.562 ns )                    ; vga:inst6|vga_counter:counter|pos_x[3]                     ; vga:inst6|vga_counter:counter|pos_y[2]                     ; clock_50mhz ; clock_50mhz ; None                        ; None                      ; 2.354 ns                ;
; N/A                                     ; 390.32 MHz ( period = 2.562 ns )                    ; vga:inst6|vga_counter:counter|pos_x[3]                     ; vga:inst6|vga_counter:counter|pos_y[1]                     ; clock_50mhz ; clock_50mhz ; None                        ; None                      ; 2.354 ns                ;
; N/A                                     ; 390.32 MHz ( period = 2.562 ns )                    ; vga:inst6|vga_counter:counter|pos_x[3]                     ; vga:inst6|vga_counter:counter|pos_y[3]                     ; clock_50mhz ; clock_50mhz ; None                        ; None                      ; 2.354 ns                ;
; N/A                                     ; 407.66 MHz ( period = 2.453 ns )                    ; vga:inst6|vga_counter:counter|pos_x[2]                     ; vga:inst6|vga_counter:counter|pos_y[8]                     ; clock_50mhz ; clock_50mhz ; None                        ; None                      ; 2.243 ns                ;
; N/A                                     ; 407.66 MHz ( period = 2.453 ns )                    ; vga:inst6|vga_counter:counter|pos_x[2]                     ; vga:inst6|vga_counter:counter|pos_y[5]                     ; clock_50mhz ; clock_50mhz ; None                        ; None                      ; 2.243 ns                ;
; N/A                                     ; 407.66 MHz ( period = 2.453 ns )                    ; vga:inst6|vga_counter:counter|pos_x[2]                     ; vga:inst6|vga_counter:counter|pos_y[6]                     ; clock_50mhz ; clock_50mhz ; None                        ; None                      ; 2.243 ns                ;
; N/A                                     ; 407.66 MHz ( period = 2.453 ns )                    ; vga:inst6|vga_counter:counter|pos_x[2]                     ; vga:inst6|vga_counter:counter|pos_y[7]                     ; clock_50mhz ; clock_50mhz ; None                        ; None                      ; 2.243 ns                ;
; N/A                                     ; 407.66 MHz ( period = 2.453 ns )                    ; vga:inst6|vga_counter:counter|pos_x[2]                     ; vga:inst6|vga_counter:counter|pos_y[4]                     ; clock_50mhz ; clock_50mhz ; None                        ; None                      ; 2.243 ns                ;
; N/A                                     ; 407.66 MHz ( period = 2.453 ns )                    ; vga:inst6|vga_counter:counter|pos_x[2]                     ; vga:inst6|vga_counter:counter|pos_y[2]                     ; clock_50mhz ; clock_50mhz ; None                        ; None                      ; 2.243 ns                ;
; N/A                                     ; 407.66 MHz ( period = 2.453 ns )                    ; vga:inst6|vga_counter:counter|pos_x[2]                     ; vga:inst6|vga_counter:counter|pos_y[1]                     ; clock_50mhz ; clock_50mhz ; None                        ; None                      ; 2.243 ns                ;
; N/A                                     ; 407.66 MHz ( period = 2.453 ns )                    ; vga:inst6|vga_counter:counter|pos_x[2]                     ; vga:inst6|vga_counter:counter|pos_y[3]                     ; clock_50mhz ; clock_50mhz ; None                        ; None                      ; 2.243 ns                ;
; N/A                                     ; 408.33 MHz ( period = 2.449 ns )                    ; vga:inst6|vga_counter:counter|pos_x[5]                     ; vga:inst6|vga_triggers:triggers|new_line_state             ; clock_50mhz ; clock_50mhz ; None                        ; None                      ; 2.239 ns                ;
; N/A                                     ; 408.83 MHz ( period = 2.446 ns )                    ; vga:inst6|vga_counter:counter|pos_x[5]                     ; vga:inst6|vga_triggers:triggers|new_frame_state            ; clock_50mhz ; clock_50mhz ; None                        ; None                      ; 2.236 ns                ;
; N/A                                     ; 409.67 MHz ( period = 2.441 ns )                    ; vga:inst6|vga_counter:counter|pos_x[0]                     ; vga:inst6|vga_counter:counter|pos_x[6]                     ; clock_50mhz ; clock_50mhz ; None                        ; None                      ; 2.227 ns                ;
; N/A                                     ; 412.20 MHz ( period = 2.426 ns )                    ; vga:inst6|vga_counter:counter|pos_x[6]                     ; vga:inst6|vga_counter:counter|pos_y[8]                     ; clock_50mhz ; clock_50mhz ; None                        ; None                      ; 2.216 ns                ;
; N/A                                     ; 412.20 MHz ( period = 2.426 ns )                    ; vga:inst6|vga_counter:counter|pos_x[6]                     ; vga:inst6|vga_counter:counter|pos_y[5]                     ; clock_50mhz ; clock_50mhz ; None                        ; None                      ; 2.216 ns                ;
; N/A                                     ; 412.20 MHz ( period = 2.426 ns )                    ; vga:inst6|vga_counter:counter|pos_x[6]                     ; vga:inst6|vga_counter:counter|pos_y[6]                     ; clock_50mhz ; clock_50mhz ; None                        ; None                      ; 2.216 ns                ;
; N/A                                     ; 412.20 MHz ( period = 2.426 ns )                    ; vga:inst6|vga_counter:counter|pos_x[6]                     ; vga:inst6|vga_counter:counter|pos_y[7]                     ; clock_50mhz ; clock_50mhz ; None                        ; None                      ; 2.216 ns                ;
; N/A                                     ; 412.20 MHz ( period = 2.426 ns )                    ; vga:inst6|vga_counter:counter|pos_x[6]                     ; vga:inst6|vga_counter:counter|pos_y[4]                     ; clock_50mhz ; clock_50mhz ; None                        ; None                      ; 2.216 ns                ;
; N/A                                     ; 412.20 MHz ( period = 2.426 ns )                    ; vga:inst6|vga_counter:counter|pos_x[6]                     ; vga:inst6|vga_counter:counter|pos_y[2]                     ; clock_50mhz ; clock_50mhz ; None                        ; None                      ; 2.216 ns                ;
; N/A                                     ; 412.20 MHz ( period = 2.426 ns )                    ; vga:inst6|vga_counter:counter|pos_x[6]                     ; vga:inst6|vga_counter:counter|pos_y[1]                     ; clock_50mhz ; clock_50mhz ; None                        ; None                      ; 2.216 ns                ;
; N/A                                     ; 412.20 MHz ( period = 2.426 ns )                    ; vga:inst6|vga_counter:counter|pos_x[6]                     ; vga:inst6|vga_counter:counter|pos_y[3]                     ; clock_50mhz ; clock_50mhz ; None                        ; None                      ; 2.216 ns                ;
; N/A                                     ; Restricted to 420.17 MHz ( period = 2.380 ns )      ; vga:inst6|vga_counter:counter|pos_x[0]                     ; vga:inst6|vga_counter:counter|pos_x[7]                     ; clock_50mhz ; clock_50mhz ; None                        ; None                      ; 2.161 ns                ;
; N/A                                     ; Restricted to 420.17 MHz ( period = 2.380 ns )      ; vga:inst6|vga_counter:counter|pos_y[0]                     ; vga:inst6|vga_counter:counter|pos_y[8]                     ; clock_50mhz ; clock_50mhz ; None                        ; None                      ; 2.154 ns                ;
; N/A                                     ; Restricted to 420.17 MHz ( period = 2.380 ns )      ; vga:inst6|vga_counter:counter|pos_x[4]                     ; vga:inst6|vga_triggers:triggers|new_line_state             ; clock_50mhz ; clock_50mhz ; None                        ; None                      ; 2.140 ns                ;
; N/A                                     ; Restricted to 420.17 MHz ( period = 2.380 ns )      ; vga:inst6|vga_counter:counter|pos_x[3]                     ; vga:inst6|vga_triggers:triggers|new_line_state             ; clock_50mhz ; clock_50mhz ; None                        ; None                      ; 2.139 ns                ;
; N/A                                     ; Restricted to 420.17 MHz ( period = 2.380 ns )      ; vga:inst6|vga_counter:counter|pos_x[4]                     ; vga:inst6|vga_triggers:triggers|new_frame_state            ; clock_50mhz ; clock_50mhz ; None                        ; None                      ; 2.137 ns                ;
; N/A                                     ; Restricted to 420.17 MHz ( period = 2.380 ns )      ; vga:inst6|vga_counter:counter|pos_x[3]                     ; vga:inst6|vga_triggers:triggers|new_frame_state            ; clock_50mhz ; clock_50mhz ; None                        ; None                      ; 2.136 ns                ;
; N/A                                     ; Restricted to 420.17 MHz ( period = 2.380 ns )      ; vga:inst6|vga_counter:counter|pos_x[1]                     ; vga:inst6|vga_counter:counter|pos_x[6]                     ; clock_50mhz ; clock_50mhz ; None                        ; None                      ; 2.125 ns                ;
; N/A                                     ; Restricted to 420.17 MHz ( period = 2.380 ns )      ; vga:inst6|vga_triggers:triggers|new_frame_state            ; vga:inst6|vga_trans:trans|mem_addr_state[2]                ; clock_50mhz ; clock_50mhz ; None                        ; None                      ; 2.116 ns                ;
; N/A                                     ; Restricted to 420.17 MHz ( period = 2.380 ns )      ; vga:inst6|vga_triggers:triggers|new_frame_state            ; vga:inst6|vga_trans:trans|mem_addr_state[1]                ; clock_50mhz ; clock_50mhz ; None                        ; None                      ; 2.116 ns                ;
; N/A                                     ; Restricted to 420.17 MHz ( period = 2.380 ns )      ; vga:inst6|vga_triggers:triggers|new_frame_state            ; vga:inst6|vga_trans:trans|mem_addr_state[0]                ; clock_50mhz ; clock_50mhz ; None                        ; None                      ; 2.116 ns                ;
; N/A                                     ; Restricted to 420.17 MHz ( period = 2.380 ns )      ; vga:inst6|vga_triggers:triggers|new_frame_state            ; vga:inst6|vga_trans:trans|counter_state[1]                 ; clock_50mhz ; clock_50mhz ; None                        ; None                      ; 2.116 ns                ;
; N/A                                     ; Restricted to 420.17 MHz ( period = 2.380 ns )      ; vga:inst6|vga_triggers:triggers|new_frame_state            ; vga:inst6|vga_trans:trans|counter_state[0]                 ; clock_50mhz ; clock_50mhz ; None                        ; None                      ; 2.116 ns                ;
; N/A                                     ; Restricted to 420.17 MHz ( period = 2.380 ns )      ; vga:inst6|vga_triggers:triggers|new_frame_state            ; vga:inst6|vga_trans:trans|mem_addr_state[3]                ; clock_50mhz ; clock_50mhz ; None                        ; None                      ; 2.116 ns                ;
; N/A                                     ; Restricted to 420.17 MHz ( period = 2.380 ns )      ; vga:inst6|vga_triggers:triggers|new_frame_state            ; vga:inst6|vga_trans:trans|mem_addr_state[4]                ; clock_50mhz ; clock_50mhz ; None                        ; None                      ; 2.116 ns                ;
; N/A                                     ; Restricted to 420.17 MHz ( period = 2.380 ns )      ; vga:inst6|vga_triggers:triggers|new_frame_state            ; vga:inst6|vga_trans:trans|mem_addr_state[5]                ; clock_50mhz ; clock_50mhz ; None                        ; None                      ; 2.116 ns                ;
; N/A                                     ; Restricted to 420.17 MHz ( period = 2.380 ns )      ; vga:inst6|vga_triggers:triggers|new_frame_state            ; vga:inst6|vga_trans:trans|mem_addr_state[6]                ; clock_50mhz ; clock_50mhz ; None                        ; None                      ; 2.116 ns                ;
; N/A                                     ; Restricted to 420.17 MHz ( period = 2.380 ns )      ; vga:inst6|vga_counter:counter|pos_x[1]                     ; vga:inst6|vga_counter:counter|pos_y[8]                     ; clock_50mhz ; clock_50mhz ; None                        ; None                      ; 2.087 ns                ;
; N/A                                     ; Restricted to 420.17 MHz ( period = 2.380 ns )      ; vga:inst6|vga_counter:counter|pos_x[1]                     ; vga:inst6|vga_counter:counter|pos_y[5]                     ; clock_50mhz ; clock_50mhz ; None                        ; None                      ; 2.087 ns                ;
; N/A                                     ; Restricted to 420.17 MHz ( period = 2.380 ns )      ; vga:inst6|vga_counter:counter|pos_x[1]                     ; vga:inst6|vga_counter:counter|pos_y[6]                     ; clock_50mhz ; clock_50mhz ; None                        ; None                      ; 2.087 ns                ;
; N/A                                     ; Restricted to 420.17 MHz ( period = 2.380 ns )      ; vga:inst6|vga_counter:counter|pos_x[1]                     ; vga:inst6|vga_counter:counter|pos_y[7]                     ; clock_50mhz ; clock_50mhz ; None                        ; None                      ; 2.087 ns                ;
; N/A                                     ; Restricted to 420.17 MHz ( period = 2.380 ns )      ; vga:inst6|vga_counter:counter|pos_x[1]                     ; vga:inst6|vga_counter:counter|pos_y[4]                     ; clock_50mhz ; clock_50mhz ; None                        ; None                      ; 2.087 ns                ;
; N/A                                     ; Restricted to 420.17 MHz ( period = 2.380 ns )      ; vga:inst6|vga_counter:counter|pos_x[1]                     ; vga:inst6|vga_counter:counter|pos_y[2]                     ; clock_50mhz ; clock_50mhz ; None                        ; None                      ; 2.087 ns                ;
; N/A                                     ; Restricted to 420.17 MHz ( period = 2.380 ns )      ; vga:inst6|vga_counter:counter|pos_x[1]                     ; vga:inst6|vga_counter:counter|pos_y[1]                     ; clock_50mhz ; clock_50mhz ; None                        ; None                      ; 2.087 ns                ;
; N/A                                     ; Restricted to 420.17 MHz ( period = 2.380 ns )      ; vga:inst6|vga_counter:counter|pos_x[1]                     ; vga:inst6|vga_counter:counter|pos_y[3]                     ; clock_50mhz ; clock_50mhz ; None                        ; None                      ; 2.087 ns                ;
; N/A                                     ; Restricted to 420.17 MHz ( period = 2.380 ns )      ; vga:inst6|vga_trans:trans|counter_state[1]                 ; vga:inst6|vga_trans:trans|mem_addr_state[6]                ; clock_50mhz ; clock_50mhz ; None                        ; None                      ; 2.083 ns                ;
; N/A                                     ; Restricted to 420.17 MHz ( period = 2.380 ns )      ; vga:inst6|vga_counter:counter|pos_y[0]                     ; vga:inst6|vga_counter:counter|pos_y[7]                     ; clock_50mhz ; clock_50mhz ; None                        ; None                      ; 2.083 ns                ;
; N/A                                     ; Restricted to 420.17 MHz ( period = 2.380 ns )      ; vga:inst6|vga_counter:counter|pos_x[0]                     ; vga:inst6|vga_counter:counter|pos_x[3]                     ; clock_50mhz ; clock_50mhz ; None                        ; None                      ; 2.070 ns                ;
; N/A                                     ; Restricted to 420.17 MHz ( period = 2.380 ns )      ; vga:inst6|vga_counter:counter|pos_x[3]                     ; vga:inst6|vga_counter:counter|pos_x[6]                     ; clock_50mhz ; clock_50mhz ; None                        ; None                      ; 2.068 ns                ;
; N/A                                     ; Restricted to 420.17 MHz ( period = 2.380 ns )      ; vga:inst6|vga_counter:counter|pos_x[1]                     ; vga:inst6|vga_counter:counter|pos_x[7]                     ; clock_50mhz ; clock_50mhz ; None                        ; None                      ; 2.059 ns                ;
; N/A                                     ; Restricted to 420.17 MHz ( period = 2.380 ns )      ; vga:inst6|vga_field_check:field_check|end_field_line_state ; vga:inst6|vga_trans_reset:trans_reset|mem_addr_state[3]    ; clock_50mhz ; clock_50mhz ; None                        ; None                      ; 2.065 ns                ;
; N/A                                     ; Restricted to 420.17 MHz ( period = 2.380 ns )      ; vga:inst6|vga_field_check:field_check|end_field_line_state ; vga:inst6|vga_trans_reset:trans_reset|counter_state[3]     ; clock_50mhz ; clock_50mhz ; None                        ; None                      ; 2.064 ns                ;
; N/A                                     ; Restricted to 420.17 MHz ( period = 2.380 ns )      ; vga:inst6|vga_field_check:field_check|end_field_line_state ; vga:inst6|vga_trans_reset:trans_reset|mem_addr_state[4]    ; clock_50mhz ; clock_50mhz ; None                        ; None                      ; 2.064 ns                ;
; N/A                                     ; Restricted to 420.17 MHz ( period = 2.380 ns )      ; vga:inst6|vga_field_check:field_check|end_field_line_state ; vga:inst6|vga_trans_reset:trans_reset|mem_addr_state[5]    ; clock_50mhz ; clock_50mhz ; None                        ; None                      ; 2.063 ns                ;
; N/A                                     ; Restricted to 420.17 MHz ( period = 2.380 ns )      ; vga:inst6|vga_field_check:field_check|end_field_line_state ; vga:inst6|vga_trans_reset:trans_reset|mem_addr_state[6]    ; clock_50mhz ; clock_50mhz ; None                        ; None                      ; 2.063 ns                ;
; N/A                                     ; Restricted to 420.17 MHz ( period = 2.380 ns )      ; vga:inst6|vga_trans:trans|counter_state[1]                 ; vga:inst6|vga_trans:trans|mem_addr_state[5]                ; clock_50mhz ; clock_50mhz ; None                        ; None                      ; 2.012 ns                ;
; N/A                                     ; Restricted to 420.17 MHz ( period = 2.380 ns )      ; vga:inst6|vga_field_check:field_check|in_field_state       ; vga:inst6|vga_trans:trans|mem_addr_state[2]                ; clock_50mhz ; clock_50mhz ; None                        ; None                      ; 2.020 ns                ;
; N/A                                     ; Restricted to 420.17 MHz ( period = 2.380 ns )      ; vga:inst6|vga_field_check:field_check|in_field_state       ; vga:inst6|vga_trans:trans|mem_addr_state[1]                ; clock_50mhz ; clock_50mhz ; None                        ; None                      ; 2.020 ns                ;
; N/A                                     ; Restricted to 420.17 MHz ( period = 2.380 ns )      ; vga:inst6|vga_field_check:field_check|in_field_state       ; vga:inst6|vga_trans:trans|mem_addr_state[0]                ; clock_50mhz ; clock_50mhz ; None                        ; None                      ; 2.020 ns                ;
; N/A                                     ; Restricted to 420.17 MHz ( period = 2.380 ns )      ; vga:inst6|vga_field_check:field_check|in_field_state       ; vga:inst6|vga_trans:trans|counter_state[1]                 ; clock_50mhz ; clock_50mhz ; None                        ; None                      ; 2.020 ns                ;
; N/A                                     ; Restricted to 420.17 MHz ( period = 2.380 ns )      ; vga:inst6|vga_field_check:field_check|in_field_state       ; vga:inst6|vga_trans:trans|counter_state[0]                 ; clock_50mhz ; clock_50mhz ; None                        ; None                      ; 2.020 ns                ;
; N/A                                     ; Restricted to 420.17 MHz ( period = 2.380 ns )      ; vga:inst6|vga_field_check:field_check|in_field_state       ; vga:inst6|vga_trans:trans|mem_addr_state[3]                ; clock_50mhz ; clock_50mhz ; None                        ; None                      ; 2.020 ns                ;
; N/A                                     ; Restricted to 420.17 MHz ( period = 2.380 ns )      ; vga:inst6|vga_field_check:field_check|in_field_state       ; vga:inst6|vga_trans:trans|mem_addr_state[4]                ; clock_50mhz ; clock_50mhz ; None                        ; None                      ; 2.020 ns                ;
; N/A                                     ; Restricted to 420.17 MHz ( period = 2.380 ns )      ; vga:inst6|vga_field_check:field_check|in_field_state       ; vga:inst6|vga_trans:trans|mem_addr_state[5]                ; clock_50mhz ; clock_50mhz ; None                        ; None                      ; 2.020 ns                ;
; N/A                                     ; Restricted to 420.17 MHz ( period = 2.380 ns )      ; vga:inst6|vga_field_check:field_check|in_field_state       ; vga:inst6|vga_trans:trans|mem_addr_state[6]                ; clock_50mhz ; clock_50mhz ; None                        ; None                      ; 2.020 ns                ;
; N/A                                     ; Restricted to 420.17 MHz ( period = 2.380 ns )      ; vga:inst6|vga_counter:counter|pos_x[2]                     ; vga:inst6|vga_counter:counter|pos_x[6]                     ; clock_50mhz ; clock_50mhz ; None                        ; None                      ; 2.004 ns                ;
; N/A                                     ; Restricted to 420.17 MHz ( period = 2.380 ns )      ; vga:inst6|vga_counter:counter|pos_x[5]                     ; vga:inst6|vga_field_check:field_check|end_field_line_state ; clock_50mhz ; clock_50mhz ; None                        ; None                      ; 2.001 ns                ;
; N/A                                     ; Restricted to 420.17 MHz ( period = 2.380 ns )      ; vga:inst6|vga_counter:counter|pos_x[3]                     ; vga:inst6|vga_counter:counter|pos_x[7]                     ; clock_50mhz ; clock_50mhz ; None                        ; None                      ; 2.002 ns                ;
; N/A                                     ; Restricted to 420.17 MHz ( period = 2.380 ns )      ; vga:inst6|vga_counter:counter|pos_x[5]                     ; vga:inst6|vga_counter:counter|pos_y[0]                     ; clock_50mhz ; clock_50mhz ; None                        ; None                      ; 1.971 ns                ;
; N/A                                     ; Restricted to 420.17 MHz ( period = 2.380 ns )      ; vga:inst6|vga_counter:counter|pos_x[1]                     ; vga:inst6|vga_counter:counter|pos_x[3]                     ; clock_50mhz ; clock_50mhz ; None                        ; None                      ; 1.968 ns                ;
; N/A                                     ; Restricted to 420.17 MHz ( period = 2.380 ns )      ; vga:inst6|vga_trans:trans|counter_state[0]                 ; vga:inst6|vga_trans:trans|mem_addr_state[6]                ; clock_50mhz ; clock_50mhz ; None                        ; None                      ; 1.968 ns                ;
; N/A                                     ; Restricted to 420.17 MHz ( period = 2.380 ns )      ; vga:inst6|vga_counter:counter|pos_x[0]                     ; vga:inst6|vga_counter:counter|pos_y[8]                     ; clock_50mhz ; clock_50mhz ; None                        ; None                      ; 1.954 ns                ;
; N/A                                     ; Restricted to 420.17 MHz ( period = 2.380 ns )      ; vga:inst6|vga_counter:counter|pos_x[0]                     ; vga:inst6|vga_counter:counter|pos_y[5]                     ; clock_50mhz ; clock_50mhz ; None                        ; None                      ; 1.954 ns                ;
; N/A                                     ; Restricted to 420.17 MHz ( period = 2.380 ns )      ; vga:inst6|vga_counter:counter|pos_x[0]                     ; vga:inst6|vga_counter:counter|pos_y[6]                     ; clock_50mhz ; clock_50mhz ; None                        ; None                      ; 1.954 ns                ;
; N/A                                     ; Restricted to 420.17 MHz ( period = 2.380 ns )      ; vga:inst6|vga_counter:counter|pos_x[0]                     ; vga:inst6|vga_counter:counter|pos_y[7]                     ; clock_50mhz ; clock_50mhz ; None                        ; None                      ; 1.954 ns                ;
; N/A                                     ; Restricted to 420.17 MHz ( period = 2.380 ns )      ; vga:inst6|vga_counter:counter|pos_x[0]                     ; vga:inst6|vga_counter:counter|pos_y[4]                     ; clock_50mhz ; clock_50mhz ; None                        ; None                      ; 1.954 ns                ;
; N/A                                     ; Restricted to 420.17 MHz ( period = 2.380 ns )      ; vga:inst6|vga_counter:counter|pos_x[0]                     ; vga:inst6|vga_counter:counter|pos_y[2]                     ; clock_50mhz ; clock_50mhz ; None                        ; None                      ; 1.954 ns                ;
; N/A                                     ; Restricted to 420.17 MHz ( period = 2.380 ns )      ; vga:inst6|vga_counter:counter|pos_x[0]                     ; vga:inst6|vga_counter:counter|pos_y[1]                     ; clock_50mhz ; clock_50mhz ; None                        ; None                      ; 1.954 ns                ;
; N/A                                     ; Restricted to 420.17 MHz ( period = 2.380 ns )      ; vga:inst6|vga_counter:counter|pos_x[0]                     ; vga:inst6|vga_counter:counter|pos_y[3]                     ; clock_50mhz ; clock_50mhz ; None                        ; None                      ; 1.954 ns                ;
; N/A                                     ; Restricted to 420.17 MHz ( period = 2.380 ns )      ; vga:inst6|vga_counter:counter|pos_x[5]                     ; vga:inst6|vga_counter:counter|pos_x[3]                     ; clock_50mhz ; clock_50mhz ; None                        ; None                      ; 1.945 ns                ;
; N/A                                     ; Restricted to 420.17 MHz ( period = 2.380 ns )      ; vga:inst6|vga_trans:trans|counter_state[1]                 ; vga:inst6|vga_trans:trans|mem_addr_state[4]                ; clock_50mhz ; clock_50mhz ; None                        ; None                      ; 1.941 ns                ;
; N/A                                     ; Restricted to 420.17 MHz ( period = 2.380 ns )      ; vga:inst6|vga_counter:counter|pos_x[2]                     ; vga:inst6|vga_counter:counter|pos_x[7]                     ; clock_50mhz ; clock_50mhz ; None                        ; None                      ; 1.938 ns                ;
; N/A                                     ; Restricted to 420.17 MHz ( period = 2.380 ns )      ; vga:inst6|vga_counter:counter|pos_x[0]                     ; vga:inst6|vga_triggers:triggers|new_line_state             ; clock_50mhz ; clock_50mhz ; None                        ; None                      ; 1.937 ns                ;
; N/A                                     ; Restricted to 420.17 MHz ( period = 2.380 ns )      ; vga:inst6|vga_counter:counter|pos_x[0]                     ; vga:inst6|vga_triggers:triggers|new_frame_state            ; clock_50mhz ; clock_50mhz ; None                        ; None                      ; 1.934 ns                ;
; N/A                                     ; Restricted to 420.17 MHz ( period = 2.380 ns )      ; vga:inst6|vga_counter:counter|pos_x[4]                     ; vga:inst6|vga_field_check:field_check|in_field_state       ; clock_50mhz ; clock_50mhz ; None                        ; None                      ; 1.925 ns                ;
; N/A                                     ; Restricted to 420.17 MHz ( period = 2.380 ns )      ; vga:inst6|vga_counter:counter|pos_y[0]                     ; vga:inst6|vga_counter:counter|pos_y[6]                     ; clock_50mhz ; clock_50mhz ; None                        ; None                      ; 1.924 ns                ;
; N/A                                     ; Restricted to 420.17 MHz ( period = 2.380 ns )      ; vga:inst6|vga_counter:counter|pos_x[6]                     ; vga:inst6|vga_triggers:triggers|new_line_state             ; clock_50mhz ; clock_50mhz ; None                        ; None                      ; 1.907 ns                ;
; N/A                                     ; Restricted to 420.17 MHz ( period = 2.380 ns )      ; vga:inst6|vga_counter:counter|pos_x[4]                     ; vga:inst6|vga_field_check:field_check|end_field_line_state ; clock_50mhz ; clock_50mhz ; None                        ; None                      ; 1.902 ns                ;
; N/A                                     ; Restricted to 420.17 MHz ( period = 2.380 ns )      ; vga:inst6|vga_counter:counter|pos_x[6]                     ; vga:inst6|vga_triggers:triggers|new_frame_state            ; clock_50mhz ; clock_50mhz ; None                        ; None                      ; 1.904 ns                ;
; N/A                                     ; Restricted to 420.17 MHz ( period = 2.380 ns )      ; vga:inst6|vga_counter:counter|pos_x[3]                     ; vga:inst6|vga_field_check:field_check|end_field_line_state ; clock_50mhz ; clock_50mhz ; None                        ; None                      ; 1.901 ns                ;
; N/A                                     ; Restricted to 420.17 MHz ( period = 2.380 ns )      ; vga:inst6|vga_trans:trans|counter_state[0]                 ; vga:inst6|vga_trans:trans|mem_addr_state[5]                ; clock_50mhz ; clock_50mhz ; None                        ; None                      ; 1.897 ns                ;
; N/A                                     ; Restricted to 420.17 MHz ( period = 2.380 ns )      ; vga:inst6|vga_triggers:triggers|new_line_state             ; vga:inst6|vga_trans:trans|mem_addr_state[2]                ; clock_50mhz ; clock_50mhz ; None                        ; None                      ; 1.885 ns                ;
; N/A                                     ; Restricted to 420.17 MHz ( period = 2.380 ns )      ; vga:inst6|vga_triggers:triggers|new_line_state             ; vga:inst6|vga_trans:trans|mem_addr_state[1]                ; clock_50mhz ; clock_50mhz ; None                        ; None                      ; 1.885 ns                ;
; N/A                                     ; Restricted to 420.17 MHz ( period = 2.380 ns )      ; vga:inst6|vga_triggers:triggers|new_line_state             ; vga:inst6|vga_trans:trans|mem_addr_state[0]                ; clock_50mhz ; clock_50mhz ; None                        ; None                      ; 1.885 ns                ;
; N/A                                     ; Restricted to 420.17 MHz ( period = 2.380 ns )      ; vga:inst6|vga_triggers:triggers|new_line_state             ; vga:inst6|vga_trans:trans|counter_state[1]                 ; clock_50mhz ; clock_50mhz ; None                        ; None                      ; 1.885 ns                ;
; N/A                                     ; Restricted to 420.17 MHz ( period = 2.380 ns )      ; vga:inst6|vga_triggers:triggers|new_line_state             ; vga:inst6|vga_trans:trans|counter_state[0]                 ; clock_50mhz ; clock_50mhz ; None                        ; None                      ; 1.885 ns                ;
; N/A                                     ; Restricted to 420.17 MHz ( period = 2.380 ns )      ; vga:inst6|vga_triggers:triggers|new_line_state             ; vga:inst6|vga_trans:trans|mem_addr_state[3]                ; clock_50mhz ; clock_50mhz ; None                        ; None                      ; 1.885 ns                ;
; N/A                                     ; Restricted to 420.17 MHz ( period = 2.380 ns )      ; vga:inst6|vga_triggers:triggers|new_line_state             ; vga:inst6|vga_trans:trans|mem_addr_state[4]                ; clock_50mhz ; clock_50mhz ; None                        ; None                      ; 1.885 ns                ;
; N/A                                     ; Restricted to 420.17 MHz ( period = 2.380 ns )      ; vga:inst6|vga_triggers:triggers|new_line_state             ; vga:inst6|vga_trans:trans|mem_addr_state[5]                ; clock_50mhz ; clock_50mhz ; None                        ; None                      ; 1.885 ns                ;
; N/A                                     ; Restricted to 420.17 MHz ( period = 2.380 ns )      ; vga:inst6|vga_triggers:triggers|new_line_state             ; vga:inst6|vga_trans:trans|mem_addr_state[6]                ; clock_50mhz ; clock_50mhz ; None                        ; None                      ; 1.885 ns                ;
; N/A                                     ; Restricted to 420.17 MHz ( period = 2.380 ns )      ; vga:inst6|vga_counter:counter|pos_x[4]                     ; vga:inst6|vga_counter:counter|pos_y[0]                     ; clock_50mhz ; clock_50mhz ; None                        ; None                      ; 1.872 ns                ;
; N/A                                     ; Restricted to 420.17 MHz ( period = 2.380 ns )      ; vga:inst6|vga_counter:counter|pos_x[5]                     ; vga:inst6|vga_counter:counter|pos_x[7]                     ; clock_50mhz ; clock_50mhz ; None                        ; None                      ; 1.872 ns                ;
; N/A                                     ; Restricted to 420.17 MHz ( period = 2.380 ns )      ; vga:inst6|vga_counter:counter|pos_x[3]                     ; vga:inst6|vga_counter:counter|pos_y[0]                     ; clock_50mhz ; clock_50mhz ; None                        ; None                      ; 1.871 ns                ;
; N/A                                     ; Restricted to 420.17 MHz ( period = 2.380 ns )      ; vga:inst6|vga_trans:trans|counter_state[1]                 ; vga:inst6|vga_trans:trans|mem_addr_state[3]                ; clock_50mhz ; clock_50mhz ; None                        ; None                      ; 1.870 ns                ;
; N/A                                     ; Restricted to 420.17 MHz ( period = 2.380 ns )      ; vga:inst6|vga_counter:counter|pos_x[4]                     ; vga:inst6|vga_counter:counter|pos_x[6]                     ; clock_50mhz ; clock_50mhz ; None                        ; None                      ; 1.863 ns                ;
; N/A                                     ; Restricted to 420.17 MHz ( period = 2.380 ns )      ; vga:inst6|vga_counter:counter|pos_x[7]                     ; vga:inst6|vga_counter:counter|pos_y[8]                     ; clock_50mhz ; clock_50mhz ; None                        ; None                      ; 1.860 ns                ;
; N/A                                     ; Restricted to 420.17 MHz ( period = 2.380 ns )      ; vga:inst6|vga_counter:counter|pos_x[7]                     ; vga:inst6|vga_counter:counter|pos_y[5]                     ; clock_50mhz ; clock_50mhz ; None                        ; None                      ; 1.860 ns                ;
; N/A                                     ; Restricted to 420.17 MHz ( period = 2.380 ns )      ; vga:inst6|vga_counter:counter|pos_x[7]                     ; vga:inst6|vga_counter:counter|pos_y[6]                     ; clock_50mhz ; clock_50mhz ; None                        ; None                      ; 1.860 ns                ;
; N/A                                     ; Restricted to 420.17 MHz ( period = 2.380 ns )      ; vga:inst6|vga_counter:counter|pos_x[7]                     ; vga:inst6|vga_counter:counter|pos_y[7]                     ; clock_50mhz ; clock_50mhz ; None                        ; None                      ; 1.860 ns                ;
; N/A                                     ; Restricted to 420.17 MHz ( period = 2.380 ns )      ; vga:inst6|vga_counter:counter|pos_x[7]                     ; vga:inst6|vga_counter:counter|pos_y[4]                     ; clock_50mhz ; clock_50mhz ; None                        ; None                      ; 1.860 ns                ;
; N/A                                     ; Restricted to 420.17 MHz ( period = 2.380 ns )      ; vga:inst6|vga_counter:counter|pos_x[7]                     ; vga:inst6|vga_counter:counter|pos_y[2]                     ; clock_50mhz ; clock_50mhz ; None                        ; None                      ; 1.860 ns                ;
; N/A                                     ; Restricted to 420.17 MHz ( period = 2.380 ns )      ; vga:inst6|vga_counter:counter|pos_x[7]                     ; vga:inst6|vga_counter:counter|pos_y[1]                     ; clock_50mhz ; clock_50mhz ; None                        ; None                      ; 1.860 ns                ;
; N/A                                     ; Restricted to 420.17 MHz ( period = 2.380 ns )      ; vga:inst6|vga_counter:counter|pos_x[7]                     ; vga:inst6|vga_counter:counter|pos_y[3]                     ; clock_50mhz ; clock_50mhz ; None                        ; None                      ; 1.860 ns                ;
; N/A                                     ; Restricted to 420.17 MHz ( period = 2.380 ns )      ; vga:inst6|vga_counter:counter|pos_x[2]                     ; vga:inst6|vga_counter:counter|pos_x[3]                     ; clock_50mhz ; clock_50mhz ; None                        ; None                      ; 1.847 ns                ;
; N/A                                     ; Restricted to 420.17 MHz ( period = 2.380 ns )      ; vga:inst6|vga_counter:counter|pos_x[4]                     ; vga:inst6|vga_counter:counter|pos_x[3]                     ; clock_50mhz ; clock_50mhz ; None                        ; None                      ; 1.846 ns                ;
; N/A                                     ; Restricted to 420.17 MHz ( period = 2.380 ns )      ; vga:inst6|vga_counter:counter|pos_y[0]                     ; vga:inst6|vga_counter:counter|pos_y[5]                     ; clock_50mhz ; clock_50mhz ; None                        ; None                      ; 1.853 ns                ;
; N/A                                     ; Restricted to 420.17 MHz ( period = 2.380 ns )      ; vga:inst6|vga_counter:counter|pos_x[3]                     ; vga:inst6|vga_counter:counter|pos_x[3]                     ; clock_50mhz ; clock_50mhz ; None                        ; None                      ; 1.845 ns                ;
; N/A                                     ; Restricted to 420.17 MHz ( period = 2.380 ns )      ; vga:inst6|vga_trans:trans|counter_state[0]                 ; vga:inst6|vga_trans:trans|mem_addr_state[4]                ; clock_50mhz ; clock_50mhz ; None                        ; None                      ; 1.826 ns                ;
; N/A                                     ; Restricted to 420.17 MHz ( period = 2.380 ns )      ; vga:inst6|vga_trans:trans|counter_state[1]                 ; vga:inst6|vga_trans:trans|mem_addr_state[2]                ; clock_50mhz ; clock_50mhz ; None                        ; None                      ; 1.799 ns                ;
; N/A                                     ; Restricted to 420.17 MHz ( period = 2.380 ns )      ; vga:inst6|vga_counter:counter|pos_x[1]                     ; vga:inst6|vga_triggers:triggers|new_line_state             ; clock_50mhz ; clock_50mhz ; None                        ; None                      ; 1.802 ns                ;
; N/A                                     ; Restricted to 420.17 MHz ( period = 2.380 ns )      ; vga:inst6|vga_counter:counter|pos_x[4]                     ; vga:inst6|vga_counter:counter|pos_x[7]                     ; clock_50mhz ; clock_50mhz ; None                        ; None                      ; 1.797 ns                ;
; N/A                                     ; Restricted to 420.17 MHz ( period = 2.380 ns )      ; vga:inst6|vga_counter:counter|pos_x[1]                     ; vga:inst6|vga_triggers:triggers|new_frame_state            ; clock_50mhz ; clock_50mhz ; None                        ; None                      ; 1.799 ns                ;
; N/A                                     ; Restricted to 420.17 MHz ( period = 2.380 ns )      ; vga:inst6|vga_counter:counter|pos_x[2]                     ; vga:inst6|vga_field_check:field_check|end_field_line_state ; clock_50mhz ; clock_50mhz ; None                        ; None                      ; 1.790 ns                ;
; N/A                                     ; Restricted to 420.17 MHz ( period = 2.380 ns )      ; vga:inst6|vga_counter:counter|pos_y[0]                     ; vga:inst6|vga_counter:counter|pos_y[4]                     ; clock_50mhz ; clock_50mhz ; None                        ; None                      ; 1.782 ns                ;
; N/A                                     ; Restricted to 420.17 MHz ( period = 2.380 ns )      ; vga:inst6|vga_counter:counter|pos_x[6]                     ; vga:inst6|vga_field_check:field_check|end_field_line_state ; clock_50mhz ; clock_50mhz ; None                        ; None                      ; 1.763 ns                ;
; N/A                                     ; Restricted to 420.17 MHz ( period = 2.380 ns )      ; vga:inst6|vga_counter:counter|pos_x[5]                     ; vga:inst6|vga_counter:counter|pos_x[6]                     ; clock_50mhz ; clock_50mhz ; None                        ; None                      ; 1.758 ns                ;
; N/A                                     ; Restricted to 420.17 MHz ( period = 2.380 ns )      ; vga:inst6|vga_trans:trans|counter_state[0]                 ; vga:inst6|vga_trans:trans|mem_addr_state[3]                ; clock_50mhz ; clock_50mhz ; None                        ; None                      ; 1.755 ns                ;
; N/A                                     ; Restricted to 420.17 MHz ( period = 2.380 ns )      ; vga:inst6|vga_counter:counter|pos_y[1]                     ; vga:inst6|vga_counter:counter|pos_y[8]                     ; clock_50mhz ; clock_50mhz ; None                        ; None                      ; 1.744 ns                ;
; N/A                                     ; Restricted to 420.17 MHz ( period = 2.380 ns )      ; vga:inst6|vga_trans:trans|counter_state[1]                 ; vga:inst6|vga_trans:trans|mem_addr_state[1]                ; clock_50mhz ; clock_50mhz ; None                        ; None                      ; 1.728 ns                ;
; N/A                                     ; Restricted to 420.17 MHz ( period = 2.380 ns )      ; vga:inst6|vga_counter:counter|pos_y[5]                     ; vga:inst6|vga_field_check:field_check|in_field_state       ; clock_50mhz ; clock_50mhz ; None                        ; None                      ; 1.708 ns                ;
; N/A                                     ; Restricted to 420.17 MHz ( period = 2.380 ns )      ; vga:inst6|vga_counter:counter|pos_y[5]                     ; vga:inst6|vga_triggers:triggers|new_line_state             ; clock_50mhz ; clock_50mhz ; None                        ; None                      ; 1.710 ns                ;
; N/A                                     ; Restricted to 420.17 MHz ( period = 2.380 ns )      ; vga:inst6|vga_counter:counter|pos_y[2]                     ; vga:inst6|vga_counter:counter|pos_y[8]                     ; clock_50mhz ; clock_50mhz ; None                        ; None                      ; 1.708 ns                ;
; N/A                                     ; Restricted to 420.17 MHz ( period = 2.380 ns )      ; vga:inst6|vga_counter:counter|pos_y[0]                     ; vga:inst6|vga_counter:counter|pos_y[3]                     ; clock_50mhz ; clock_50mhz ; None                        ; None                      ; 1.711 ns                ;
; N/A                                     ; Restricted to 420.17 MHz ( period = 2.380 ns )      ; vga:inst6|vga_counter:counter|pos_x[6]                     ; vga:inst6|vga_counter:counter|pos_x[6]                     ; clock_50mhz ; clock_50mhz ; None                        ; None                      ; 1.689 ns                ;
; N/A                                     ; Restricted to 420.17 MHz ( period = 2.380 ns )      ; vga:inst6|vga_counter:counter|pos_y[5]                     ; vga:inst6|vga_triggers:triggers|new_frame_state            ; clock_50mhz ; clock_50mhz ; None                        ; None                      ; 1.686 ns                ;
; N/A                                     ; Restricted to 420.17 MHz ( period = 2.380 ns )      ; vga:inst6|vga_trans:trans|counter_state[0]                 ; vga:inst6|vga_trans:trans|mem_addr_state[2]                ; clock_50mhz ; clock_50mhz ; None                        ; None                      ; 1.684 ns                ;
; N/A                                     ; Restricted to 420.17 MHz ( period = 2.380 ns )      ; vga:inst6|vga_counter:counter|pos_y[6]                     ; vga:inst6|vga_field_check:field_check|in_field_state       ; clock_50mhz ; clock_50mhz ; None                        ; None                      ; 1.673 ns                ;
; N/A                                     ; Restricted to 420.17 MHz ( period = 2.380 ns )      ; vga:inst6|vga_counter:counter|pos_x[5]                     ; vga:inst6|vga_field_check:field_check|in_field_state       ; clock_50mhz ; clock_50mhz ; None                        ; None                      ; 1.677 ns                ;
; N/A                                     ; Restricted to 420.17 MHz ( period = 2.380 ns )      ; vga:inst6|vga_counter:counter|pos_y[1]                     ; vga:inst6|vga_counter:counter|pos_y[7]                     ; clock_50mhz ; clock_50mhz ; None                        ; None                      ; 1.673 ns                ;
; N/A                                     ; Restricted to 420.17 MHz ( period = 2.380 ns )      ; vga:inst6|vga_counter:counter|pos_x[2]                     ; vga:inst6|vga_triggers:triggers|new_line_state             ; clock_50mhz ; clock_50mhz ; None                        ; None                      ; 1.675 ns                ;
; N/A                                     ; Restricted to 420.17 MHz ( period = 2.380 ns )      ; vga:inst6|vga_counter:counter|pos_x[7]                     ; vga:inst6|vga_triggers:triggers|new_line_state             ; clock_50mhz ; clock_50mhz ; None                        ; None                      ; 1.672 ns                ;
; N/A                                     ; Restricted to 420.17 MHz ( period = 2.380 ns )      ; vga:inst6|vga_counter:counter|pos_x[2]                     ; vga:inst6|vga_triggers:triggers|new_frame_state            ; clock_50mhz ; clock_50mhz ; None                        ; None                      ; 1.672 ns                ;
; N/A                                     ; Restricted to 420.17 MHz ( period = 2.380 ns )      ; vga:inst6|vga_counter:counter|pos_y[6]                     ; vga:inst6|vga_triggers:triggers|new_line_state             ; clock_50mhz ; clock_50mhz ; None                        ; None                      ; 1.665 ns                ;
; N/A                                     ; Restricted to 420.17 MHz ( period = 2.380 ns )      ; vga:inst6|vga_counter:counter|pos_x[7]                     ; vga:inst6|vga_triggers:triggers|new_frame_state            ; clock_50mhz ; clock_50mhz ; None                        ; None                      ; 1.669 ns                ;
; N/A                                     ; Restricted to 420.17 MHz ( period = 2.380 ns )      ; vga:inst6|vga_counter:counter|pos_x[6]                     ; vga:inst6|vga_counter:counter|pos_x[7]                     ; clock_50mhz ; clock_50mhz ; None                        ; None                      ; 1.664 ns                ;
; N/A                                     ; Restricted to 420.17 MHz ( period = 2.380 ns )      ; ram_simple:inst8|ram[3]                                    ; ram_simple:inst8|ro_data_out                               ; clock_50mhz ; clock_50mhz ; None                        ; None                      ; 1.657 ns                ;
; N/A                                     ; Restricted to 420.17 MHz ( period = 2.380 ns )      ; ram_simple:inst8|ram[1]                                    ; ram_simple:inst8|ro_data_out                               ; clock_50mhz ; clock_50mhz ; None                        ; None                      ; 1.649 ns                ;
; N/A                                     ; Restricted to 420.17 MHz ( period = 2.380 ns )      ; vga:inst6|vga_counter:counter|pos_y[6]                     ; vga:inst6|vga_triggers:triggers|new_frame_state            ; clock_50mhz ; clock_50mhz ; None                        ; None                      ; 1.641 ns                ;
; N/A                                     ; Restricted to 420.17 MHz ( period = 2.380 ns )      ; vga:inst6|vga_counter:counter|pos_y[2]                     ; vga:inst6|vga_counter:counter|pos_y[7]                     ; clock_50mhz ; clock_50mhz ; None                        ; None                      ; 1.637 ns                ;
; N/A                                     ; Restricted to 420.17 MHz ( period = 2.380 ns )      ; vga:inst6|vga_counter:counter|pos_y[0]                     ; vga:inst6|vga_counter:counter|pos_y[2]                     ; clock_50mhz ; clock_50mhz ; None                        ; None                      ; 1.640 ns                ;
; N/A                                     ; Restricted to 420.17 MHz ( period = 2.380 ns )      ; vga:inst6|vga_counter:counter|pos_x[1]                     ; vga:inst6|vga_field_check:field_check|end_field_line_state ; clock_50mhz ; clock_50mhz ; None                        ; None                      ; 1.634 ns                ;
; N/A                                     ; Restricted to 420.17 MHz ( period = 2.380 ns )      ; vga:inst6|vga_counter:counter|pos_x[6]                     ; vga:inst6|vga_counter:counter|pos_x[3]                     ; clock_50mhz ; clock_50mhz ; None                        ; None                      ; 1.629 ns                ;
; N/A                                     ; Restricted to 420.17 MHz ( period = 2.380 ns )      ; vga:inst6|vga_counter:counter|pos_x[0]                     ; vga:inst6|vga_counter:counter|pos_x[5]                     ; clock_50mhz ; clock_50mhz ; None                        ; None                      ; 1.615 ns                ;
; N/A                                     ; Restricted to 420.17 MHz ( period = 2.380 ns )      ; vga:inst6|vga_trans:trans|counter_state[0]                 ; vga:inst6|vga_trans:trans|mem_addr_state[1]                ; clock_50mhz ; clock_50mhz ; None                        ; None                      ; 1.613 ns                ;
; N/A                                     ; Restricted to 420.17 MHz ( period = 2.380 ns )      ; vga:inst6|vga_trans:trans|mem_addr_state[6]                ; ram_simple:inst8|ro_data_out                               ; clock_50mhz ; clock_50mhz ; None                        ; None                      ; 1.613 ns                ;
; N/A                                     ; Restricted to 420.17 MHz ( period = 2.380 ns )      ; vga:inst6|vga_trans:trans|mem_addr_state[0]                ; vga:inst6|vga_trans:trans|mem_addr_state[6]                ; clock_50mhz ; clock_50mhz ; None                        ; None                      ; 1.608 ns                ;
; N/A                                     ; Restricted to 420.17 MHz ( period = 2.380 ns )      ; vga:inst6|vga_counter:counter|pos_y[3]                     ; vga:inst6|vga_counter:counter|pos_y[8]                     ; clock_50mhz ; clock_50mhz ; None                        ; None                      ; 1.604 ns                ;
; N/A                                     ; Restricted to 420.17 MHz ( period = 2.380 ns )      ; vga:inst6|vga_trans_reset:trans_reset|counter_state[1]     ; vga:inst6|vga_trans_reset:trans_reset|mem_addr_state[3]    ; clock_50mhz ; clock_50mhz ; None                        ; None                      ; 1.578 ns                ;
; N/A                                     ; Restricted to 420.17 MHz ( period = 2.380 ns )      ; vga:inst6|vga_trans_reset:trans_reset|counter_state[1]     ; vga:inst6|vga_trans_reset:trans_reset|counter_state[3]     ; clock_50mhz ; clock_50mhz ; None                        ; None                      ; 1.577 ns                ;
; N/A                                     ; Restricted to 420.17 MHz ( period = 2.380 ns )      ; vga:inst6|vga_trans_reset:trans_reset|counter_state[1]     ; vga:inst6|vga_trans_reset:trans_reset|mem_addr_state[4]    ; clock_50mhz ; clock_50mhz ; None                        ; None                      ; 1.577 ns                ;
; N/A                                     ; Restricted to 420.17 MHz ( period = 2.380 ns )      ; vga:inst6|vga_trans_reset:trans_reset|counter_state[1]     ; vga:inst6|vga_trans_reset:trans_reset|mem_addr_state[5]    ; clock_50mhz ; clock_50mhz ; None                        ; None                      ; 1.576 ns                ;
; N/A                                     ; Restricted to 420.17 MHz ( period = 2.380 ns )      ; vga:inst6|vga_trans_reset:trans_reset|counter_state[1]     ; vga:inst6|vga_trans_reset:trans_reset|mem_addr_state[6]    ; clock_50mhz ; clock_50mhz ; None                        ; None                      ; 1.576 ns                ;
; N/A                                     ; Restricted to 420.17 MHz ( period = 2.380 ns )      ; vga:inst6|vga_counter:counter|pos_y[4]                     ; vga:inst6|vga_counter:counter|pos_y[8]                     ; clock_50mhz ; clock_50mhz ; None                        ; None                      ; 1.570 ns                ;
; N/A                                     ; Restricted to 420.17 MHz ( period = 2.380 ns )      ; vga:inst6|vga_counter:counter|pos_y[7]                     ; vga:inst6|vga_triggers:triggers|new_line_state             ; clock_50mhz ; clock_50mhz ; None                        ; None                      ; 1.552 ns                ;
; N/A                                     ; Restricted to 420.17 MHz ( period = 2.380 ns )      ; vga:inst6|vga_counter:counter|pos_x[0]                     ; vga:inst6|vga_counter:counter|pos_x[4]                     ; clock_50mhz ; clock_50mhz ; None                        ; None                      ; 1.544 ns                ;
; N/A                                     ; Restricted to 420.17 MHz ( period = 2.380 ns )      ; vga:inst6|vga_trans_reset:trans_reset|mem_addr_state[4]    ; vga:inst6|vga_trans_reset:trans_reset|mem_addr_state[6]    ; clock_50mhz ; clock_50mhz ; None                        ; None                      ; 1.538 ns                ;
; N/A                                     ; Restricted to 420.17 MHz ( period = 2.380 ns )      ; vga:inst6|vga_trans_reset:trans_reset|counter_state[0]     ; vga:inst6|vga_trans_reset:trans_reset|mem_addr_state[3]    ; clock_50mhz ; clock_50mhz ; None                        ; None                      ; 1.537 ns                ;
; N/A                                     ; Restricted to 420.17 MHz ( period = 2.380 ns )      ; vga:inst6|vga_trans:trans|mem_addr_state[0]                ; vga:inst6|vga_trans:trans|mem_addr_state[5]                ; clock_50mhz ; clock_50mhz ; None                        ; None                      ; 1.537 ns                ;
; N/A                                     ; Restricted to 420.17 MHz ( period = 2.380 ns )      ; vga:inst6|vga_trans_reset:trans_reset|counter_state[0]     ; vga:inst6|vga_trans_reset:trans_reset|counter_state[3]     ; clock_50mhz ; clock_50mhz ; None                        ; None                      ; 1.536 ns                ;
; N/A                                     ; Restricted to 420.17 MHz ( period = 2.380 ns )      ; vga:inst6|vga_trans_reset:trans_reset|counter_state[0]     ; vga:inst6|vga_trans_reset:trans_reset|mem_addr_state[4]    ; clock_50mhz ; clock_50mhz ; None                        ; None                      ; 1.536 ns                ;
; N/A                                     ; Restricted to 420.17 MHz ( period = 2.380 ns )      ; vga:inst6|vga_trans_reset:trans_reset|counter_state[0]     ; vga:inst6|vga_trans_reset:trans_reset|mem_addr_state[5]    ; clock_50mhz ; clock_50mhz ; None                        ; None                      ; 1.535 ns                ;
; N/A                                     ; Restricted to 420.17 MHz ( period = 2.380 ns )      ; vga:inst6|vga_trans_reset:trans_reset|counter_state[0]     ; vga:inst6|vga_trans_reset:trans_reset|mem_addr_state[6]    ; clock_50mhz ; clock_50mhz ; None                        ; None                      ; 1.535 ns                ;
; N/A                                     ; Restricted to 420.17 MHz ( period = 2.380 ns )      ; vga:inst6|vga_counter:counter|pos_y[3]                     ; vga:inst6|vga_counter:counter|pos_y[7]                     ; clock_50mhz ; clock_50mhz ; None                        ; None                      ; 1.533 ns                ;
; N/A                                     ; Restricted to 420.17 MHz ( period = 2.380 ns )      ; vga:inst6|vga_counter:counter|pos_y[7]                     ; vga:inst6|vga_triggers:triggers|new_frame_state            ; clock_50mhz ; clock_50mhz ; None                        ; None                      ; 1.528 ns                ;
; N/A                                     ; Restricted to 420.17 MHz ( period = 2.380 ns )      ; vga:inst6|vga_trans:trans|mem_addr_state[4]                ; ram_simple:inst8|ro_data_out                               ; clock_50mhz ; clock_50mhz ; None                        ; None                      ; 1.524 ns                ;
; N/A                                     ; Restricted to 420.17 MHz ( period = 2.380 ns )      ; vga:inst6|vga_counter:counter|pos_y[1]                     ; vga:inst6|vga_counter:counter|pos_y[6]                     ; clock_50mhz ; clock_50mhz ; None                        ; None                      ; 1.514 ns                ;
; N/A                                     ; Restricted to 420.17 MHz ( period = 2.380 ns )      ; vga:inst6|vga_counter:counter|pos_x[1]                     ; vga:inst6|vga_counter:counter|pos_x[5]                     ; clock_50mhz ; clock_50mhz ; None                        ; None                      ; 1.513 ns                ;
; N/A                                     ; Restricted to 420.17 MHz ( period = 2.380 ns )      ; vga:inst6|vga_counter:counter|pos_y[7]                     ; vga:inst6|vga_field_check:field_check|in_field_state       ; clock_50mhz ; clock_50mhz ; None                        ; None                      ; 1.506 ns                ;
; Timing analysis restricted to 200 rows. ; To change the limit use Settings (Assignments menu) ;                                                            ;                                                            ;             ;             ;                             ;                           ;                         ;
+-----------------------------------------+-----------------------------------------------------+------------------------------------------------------------+------------------------------------------------------------+-------------+-------------+-----------------------------+---------------------------+-------------------------+


+---------------------------------------------------------------------------------------+
; tsu                                                                                   ;
+-------+--------------+------------+------+------------------------------+-------------+
; Slack ; Required tsu ; Actual tsu ; From ; To                           ; To Clock    ;
+-------+--------------+------------+------+------------------------------+-------------+
; N/A   ; None         ; -3.736 ns  ; rst  ; ram_simple:inst8|ro_data_out ; clock_50mhz ;
+-------+--------------+------------+------+------------------------------+-------------+


+-------------------------------------------------------------------------------------------------------------+
; tco                                                                                                         ;
+-------+--------------+------------+-----------------------------------------------+-----------+-------------+
; Slack ; Required tco ; Actual tco ; From                                          ; To        ; From Clock  ;
+-------+--------------+------------+-----------------------------------------------+-----------+-------------+
; N/A   ; None         ; 12.733 ns  ; vga:inst6|vga_read:read_and_output|h_sync_out ; vga_hsync ; clock_50mhz ;
; N/A   ; None         ; 12.537 ns  ; vga:inst6|vga_read:read_and_output|red_out    ; vga_r[0]  ; clock_50mhz ;
; N/A   ; None         ; 12.524 ns  ; vga:inst6|vga_read:read_and_output|red_out    ; vga_r[5]  ; clock_50mhz ;
; N/A   ; None         ; 12.517 ns  ; vga:inst6|vga_read:read_and_output|red_out    ; vga_r[1]  ; clock_50mhz ;
; N/A   ; None         ; 12.517 ns  ; vga:inst6|vga_read:read_and_output|red_out    ; vga_r[2]  ; clock_50mhz ;
; N/A   ; None         ; 12.514 ns  ; vga:inst6|vga_read:read_and_output|red_out    ; vga_r[3]  ; clock_50mhz ;
; N/A   ; None         ; 12.514 ns  ; vga:inst6|vga_read:read_and_output|red_out    ; vga_r[4]  ; clock_50mhz ;
; N/A   ; None         ; 12.288 ns  ; vga:inst6|vga_read:read_and_output|red_out    ; vga_g[0]  ; clock_50mhz ;
; N/A   ; None         ; 12.288 ns  ; vga:inst6|vga_read:read_and_output|red_out    ; vga_g[1]  ; clock_50mhz ;
; N/A   ; None         ; 12.270 ns  ; vga:inst6|vga_read:read_and_output|red_out    ; vga_r[7]  ; clock_50mhz ;
; N/A   ; None         ; 12.262 ns  ; vga:inst6|vga_read:read_and_output|red_out    ; vga_g[2]  ; clock_50mhz ;
; N/A   ; None         ; 12.262 ns  ; vga:inst6|vga_read:read_and_output|red_out    ; vga_g[3]  ; clock_50mhz ;
; N/A   ; None         ; 12.260 ns  ; vga:inst6|vga_read:read_and_output|red_out    ; vga_r[6]  ; clock_50mhz ;
; N/A   ; None         ; 12.258 ns  ; vga:inst6|vga_read:read_and_output|red_out    ; vga_r[8]  ; clock_50mhz ;
; N/A   ; None         ; 12.258 ns  ; vga:inst6|vga_read:read_and_output|red_out    ; vga_r[9]  ; clock_50mhz ;
; N/A   ; None         ; 12.154 ns  ; vga:inst6|vga_read:read_and_output|v_sync_out ; vga_vsync ; clock_50mhz ;
; N/A   ; None         ; 12.058 ns  ; vga:inst6|vga_read:read_and_output|red_out    ; vga_g[4]  ; clock_50mhz ;
; N/A   ; None         ; 12.058 ns  ; vga:inst6|vga_read:read_and_output|red_out    ; vga_g[5]  ; clock_50mhz ;
; N/A   ; None         ; 12.055 ns  ; vga:inst6|vga_read:read_and_output|red_out    ; vga_g[8]  ; clock_50mhz ;
; N/A   ; None         ; 12.055 ns  ; vga:inst6|vga_read:read_and_output|red_out    ; vga_g[9]  ; clock_50mhz ;
; N/A   ; None         ; 12.045 ns  ; vga:inst6|vga_read:read_and_output|red_out    ; vga_g[7]  ; clock_50mhz ;
; N/A   ; None         ; 12.025 ns  ; vga:inst6|vga_read:read_and_output|red_out    ; vga_g[6]  ; clock_50mhz ;
; N/A   ; None         ; 12.024 ns  ; vga:inst6|vga_read:read_and_output|blue_out   ; vga_b[0]  ; clock_50mhz ;
; N/A   ; None         ; 12.024 ns  ; vga:inst6|vga_read:read_and_output|blue_out   ; vga_b[1]  ; clock_50mhz ;
; N/A   ; None         ; 11.825 ns  ; vga:inst6|vga_read:read_and_output|blue_out   ; vga_b[4]  ; clock_50mhz ;
; N/A   ; None         ; 11.815 ns  ; vga:inst6|vga_read:read_and_output|blue_out   ; vga_b[5]  ; clock_50mhz ;
; N/A   ; None         ; 11.793 ns  ; vga:inst6|vga_read:read_and_output|blue_out   ; vga_b[6]  ; clock_50mhz ;
; N/A   ; None         ; 11.793 ns  ; vga:inst6|vga_read:read_and_output|blue_out   ; vga_b[7]  ; clock_50mhz ;
; N/A   ; None         ; 11.781 ns  ; vga:inst6|vga_read:read_and_output|blue_out   ; vga_b[8]  ; clock_50mhz ;
; N/A   ; None         ; 11.781 ns  ; vga:inst6|vga_read:read_and_output|blue_out   ; vga_b[9]  ; clock_50mhz ;
; N/A   ; None         ; 11.767 ns  ; vga:inst6|vga_read:read_and_output|blue_out   ; vga_b[2]  ; clock_50mhz ;
; N/A   ; None         ; 11.757 ns  ; vga:inst6|vga_read:read_and_output|blue_out   ; vga_b[3]  ; clock_50mhz ;
; N/A   ; None         ; 7.998 ns   ; gen6mhz:inst1|count[2]                        ; vga_clk   ; clock_50mhz ;
+-------+--------------+------------+-----------------------------------------------+-----------+-------------+


+---------------------------------------------------------------------------------------------+
; th                                                                                          ;
+---------------+-------------+-----------+------+------------------------------+-------------+
; Minimum Slack ; Required th ; Actual th ; From ; To                           ; To Clock    ;
+---------------+-------------+-----------+------+------------------------------+-------------+
; N/A           ; None        ; 3.966 ns  ; rst  ; ram_simple:inst8|ro_data_out ; clock_50mhz ;
+---------------+-------------+-----------+------+------------------------------+-------------+


+--------------------------+
; Timing Analyzer Messages ;
+--------------------------+
Info: *******************************************************************
Info: Running Quartus II Classic Timing Analyzer
    Info: Version 10.0 Build 262 08/18/2010 Service Pack 1 SJ Full Version
    Info: Processing started: Fri Nov 29 10:03:41 2013
Info: Command: quartus_tan --read_settings_files=off --write_settings_files=off de2 -c top_de2 --timing_analysis_only
Warning: Classic Timing Analyzer will not be available in a future release of the Quartus II software. Use the TimeQuest Timing Analyzer to run timing analysis on your design. Convert all the project settings and the timing constraints to TimeQuest Timing Analyzer equivalents.
Info: Parallel compilation is enabled and will use 8 of the 8 processors detected
Warning: Found pins functioning as undefined clocks and/or memory enables
    Info: Assuming node "clock_50mhz" is an undefined clock
Warning: Found 1 node(s) in clock paths which may be acting as ripple and/or gated clocks -- node(s) analyzed as buffer(s) resulting in clock skew
    Info: Detected ripple clock "gen6mhz:inst1|count[2]" as buffer
Info: Clock "clock_50mhz" has Internal fmax of 375.38 MHz between source register "vga:inst6|vga_counter:counter|pos_x[5]" and destination register "vga:inst6|vga_counter:counter|pos_y[8]" (period= 2.664 ns)
    Info: + Longest register to register delay is 2.454 ns
        Info: 1: + IC(0.000 ns) + CELL(0.000 ns) = 0.000 ns; Loc. = LCFF_X36_Y22_N23; Fanout = 5; REG Node = 'vga:inst6|vga_counter:counter|pos_x[5]'
        Info: 2: + IC(0.331 ns) + CELL(0.376 ns) = 0.707 ns; Loc. = LCCOMB_X36_Y22_N28; Fanout = 6; COMB Node = 'vga:inst6|vga_triggers:triggers|Equal0~0'
        Info: 3: + IC(0.276 ns) + CELL(0.393 ns) = 1.376 ns; Loc. = LCCOMB_X36_Y22_N8; Fanout = 9; COMB Node = 'vga:inst6|vga_counter:counter|Equal0~1'
        Info: 4: + IC(0.418 ns) + CELL(0.660 ns) = 2.454 ns; Loc. = LCFF_X37_Y22_N19; Fanout = 6; REG Node = 'vga:inst6|vga_counter:counter|pos_y[8]'
        Info: Total cell delay = 1.429 ns ( 58.23 % )
        Info: Total interconnect delay = 1.025 ns ( 41.77 % )
    Info: - Smallest clock skew is 0.004 ns
        Info: + Shortest clock path from clock "clock_50mhz" to destination register is 6.664 ns
            Info: 1: + IC(0.000 ns) + CELL(0.999 ns) = 0.999 ns; Loc. = PIN_N2; Fanout = 2; CLK Node = 'clock_50mhz'
            Info: 2: + IC(1.344 ns) + CELL(0.787 ns) = 3.130 ns; Loc. = LCFF_X15_Y25_N21; Fanout = 3; REG Node = 'gen6mhz:inst1|count[2]'
            Info: 3: + IC(1.991 ns) + CELL(0.000 ns) = 5.121 ns; Loc. = CLKCTRL_G10; Fanout = 55; COMB Node = 'gen6mhz:inst1|count[2]~clkctrl'
            Info: 4: + IC(1.006 ns) + CELL(0.537 ns) = 6.664 ns; Loc. = LCFF_X37_Y22_N19; Fanout = 6; REG Node = 'vga:inst6|vga_counter:counter|pos_y[8]'
            Info: Total cell delay = 2.323 ns ( 34.86 % )
            Info: Total interconnect delay = 4.341 ns ( 65.14 % )
        Info: - Longest clock path from clock "clock_50mhz" to source register is 6.660 ns
            Info: 1: + IC(0.000 ns) + CELL(0.999 ns) = 0.999 ns; Loc. = PIN_N2; Fanout = 2; CLK Node = 'clock_50mhz'
            Info: 2: + IC(1.344 ns) + CELL(0.787 ns) = 3.130 ns; Loc. = LCFF_X15_Y25_N21; Fanout = 3; REG Node = 'gen6mhz:inst1|count[2]'
            Info: 3: + IC(1.991 ns) + CELL(0.000 ns) = 5.121 ns; Loc. = CLKCTRL_G10; Fanout = 55; COMB Node = 'gen6mhz:inst1|count[2]~clkctrl'
            Info: 4: + IC(1.002 ns) + CELL(0.537 ns) = 6.660 ns; Loc. = LCFF_X36_Y22_N23; Fanout = 5; REG Node = 'vga:inst6|vga_counter:counter|pos_x[5]'
            Info: Total cell delay = 2.323 ns ( 34.88 % )
            Info: Total interconnect delay = 4.337 ns ( 65.12 % )
    Info: + Micro clock to output delay of source is 0.250 ns
    Info: + Micro setup delay of destination is -0.036 ns
Info: tsu for register "ram_simple:inst8|ro_data_out" (data pin = "rst", clock pin = "clock_50mhz") is -3.736 ns
    Info: + Longest pin to register delay is 2.970 ns
        Info: 1: + IC(0.000 ns) + CELL(0.999 ns) = 0.999 ns; Loc. = PIN_N25; Fanout = 2; PIN Node = 'rst'
        Info: 2: + IC(1.311 ns) + CELL(0.660 ns) = 2.970 ns; Loc. = LCFF_X41_Y22_N1; Fanout = 1; REG Node = 'ram_simple:inst8|ro_data_out'
        Info: Total cell delay = 1.659 ns ( 55.86 % )
        Info: Total interconnect delay = 1.311 ns ( 44.14 % )
    Info: + Micro setup delay of destination is -0.036 ns
    Info: - Shortest clock path from clock "clock_50mhz" to destination register is 6.670 ns
        Info: 1: + IC(0.000 ns) + CELL(0.999 ns) = 0.999 ns; Loc. = PIN_N2; Fanout = 2; CLK Node = 'clock_50mhz'
        Info: 2: + IC(1.344 ns) + CELL(0.787 ns) = 3.130 ns; Loc. = LCFF_X15_Y25_N21; Fanout = 3; REG Node = 'gen6mhz:inst1|count[2]'
        Info: 3: + IC(1.991 ns) + CELL(0.000 ns) = 5.121 ns; Loc. = CLKCTRL_G10; Fanout = 55; COMB Node = 'gen6mhz:inst1|count[2]~clkctrl'
        Info: 4: + IC(1.012 ns) + CELL(0.537 ns) = 6.670 ns; Loc. = LCFF_X41_Y22_N1; Fanout = 1; REG Node = 'ram_simple:inst8|ro_data_out'
        Info: Total cell delay = 2.323 ns ( 34.83 % )
        Info: Total interconnect delay = 4.347 ns ( 65.17 % )
Info: tco from clock "clock_50mhz" to destination pin "vga_hsync" through register "vga:inst6|vga_read:read_and_output|h_sync_out" is 12.733 ns
    Info: + Longest clock path from clock "clock_50mhz" to source register is 6.658 ns
        Info: 1: + IC(0.000 ns) + CELL(0.999 ns) = 0.999 ns; Loc. = PIN_N2; Fanout = 2; CLK Node = 'clock_50mhz'
        Info: 2: + IC(1.344 ns) + CELL(0.787 ns) = 3.130 ns; Loc. = LCFF_X15_Y25_N21; Fanout = 3; REG Node = 'gen6mhz:inst1|count[2]'
        Info: 3: + IC(1.991 ns) + CELL(0.000 ns) = 5.121 ns; Loc. = CLKCTRL_G10; Fanout = 55; COMB Node = 'gen6mhz:inst1|count[2]~clkctrl'
        Info: 4: + IC(1.000 ns) + CELL(0.537 ns) = 6.658 ns; Loc. = LCFF_X35_Y22_N25; Fanout = 1; REG Node = 'vga:inst6|vga_read:read_and_output|h_sync_out'
        Info: Total cell delay = 2.323 ns ( 34.89 % )
        Info: Total interconnect delay = 4.335 ns ( 65.11 % )
    Info: + Micro clock to output delay of source is 0.250 ns
    Info: + Longest register to pin delay is 5.825 ns
        Info: 1: + IC(0.000 ns) + CELL(0.000 ns) = 0.000 ns; Loc. = LCFF_X35_Y22_N25; Fanout = 1; REG Node = 'vga:inst6|vga_read:read_and_output|h_sync_out'
        Info: 2: + IC(3.017 ns) + CELL(2.808 ns) = 5.825 ns; Loc. = PIN_A7; Fanout = 0; PIN Node = 'vga_hsync'
        Info: Total cell delay = 2.808 ns ( 48.21 % )
        Info: Total interconnect delay = 3.017 ns ( 51.79 % )
Info: th for register "ram_simple:inst8|ro_data_out" (data pin = "rst", clock pin = "clock_50mhz") is 3.966 ns
    Info: + Longest clock path from clock "clock_50mhz" to destination register is 6.670 ns
        Info: 1: + IC(0.000 ns) + CELL(0.999 ns) = 0.999 ns; Loc. = PIN_N2; Fanout = 2; CLK Node = 'clock_50mhz'
        Info: 2: + IC(1.344 ns) + CELL(0.787 ns) = 3.130 ns; Loc. = LCFF_X15_Y25_N21; Fanout = 3; REG Node = 'gen6mhz:inst1|count[2]'
        Info: 3: + IC(1.991 ns) + CELL(0.000 ns) = 5.121 ns; Loc. = CLKCTRL_G10; Fanout = 55; COMB Node = 'gen6mhz:inst1|count[2]~clkctrl'
        Info: 4: + IC(1.012 ns) + CELL(0.537 ns) = 6.670 ns; Loc. = LCFF_X41_Y22_N1; Fanout = 1; REG Node = 'ram_simple:inst8|ro_data_out'
        Info: Total cell delay = 2.323 ns ( 34.83 % )
        Info: Total interconnect delay = 4.347 ns ( 65.17 % )
    Info: + Micro hold delay of destination is 0.266 ns
    Info: - Shortest pin to register delay is 2.970 ns
        Info: 1: + IC(0.000 ns) + CELL(0.999 ns) = 0.999 ns; Loc. = PIN_N25; Fanout = 2; PIN Node = 'rst'
        Info: 2: + IC(1.311 ns) + CELL(0.660 ns) = 2.970 ns; Loc. = LCFF_X41_Y22_N1; Fanout = 1; REG Node = 'ram_simple:inst8|ro_data_out'
        Info: Total cell delay = 1.659 ns ( 55.86 % )
        Info: Total interconnect delay = 1.311 ns ( 44.14 % )
Info: Quartus II Classic Timing Analyzer was successful. 0 errors, 3 warnings
    Info: Peak virtual memory: 194 megabytes
    Info: Processing ended: Fri Nov 29 10:03:42 2013
    Info: Elapsed time: 00:00:01
    Info: Total CPU time (on all processors): 00:00:00


