Analysis & Synthesis report for top_de2
Tue Dec  3 21:14:37 2013
Quartus II Version 10.0 Build 262 08/18/2010 Service Pack 1 SJ Full Version


---------------------
; Table of Contents ;
---------------------
  1. Legal Notice
  2. Analysis & Synthesis Summary
  3. Analysis & Synthesis Settings
  4. Parallel Compilation
  5. Analysis & Synthesis Source Files Read
  6. Analysis & Synthesis Resource Usage Summary
  7. Analysis & Synthesis Resource Utilization by Entity
  8. Registers Removed During Synthesis
  9. General Register Statistics
 10. Analysis & Synthesis Messages



----------------
; Legal Notice ;
----------------
Copyright (C) 1991-2010 Altera Corporation
Your use of Altera Corporation's design tools, logic functions 
and other software and tools, and its AMPP partner logic 
functions, and any output files from any of the foregoing 
(including device programming or simulation files), and any 
associated documentation or information are expressly subject 
to the terms and conditions of the Altera Program License 
Subscription Agreement, Altera MegaCore Function License 
Agreement, or other applicable license agreement, including, 
without limitation, that your use is for the sole purpose of 
programming logic devices manufactured by Altera and sold by 
Altera or its authorized distributors.  Please refer to the 
applicable agreement for further details.



+-------------------------------------------------------------------------------------+
; Analysis & Synthesis Summary                                                        ;
+------------------------------------+------------------------------------------------+
; Analysis & Synthesis Status        ; Successful - Tue Dec  3 21:14:37 2013          ;
; Quartus II Version                 ; 10.0 Build 262 08/18/2010 SP 1 SJ Full Version ;
; Revision Name                      ; top_de2                                        ;
; Top-level Entity Name              ; top_de2                                        ;
; Family                             ; Cyclone II                                     ;
; Total logic elements               ; 61                                             ;
;     Total combinational functions  ; 54                                             ;
;     Dedicated logic registers      ; 34                                             ;
; Total registers                    ; 34                                             ;
; Total pins                         ; 37                                             ;
; Total virtual pins                 ; 0                                              ;
; Total memory bits                  ; 0                                              ;
; Embedded Multiplier 9-bit elements ; 0                                              ;
; Total PLLs                         ; 0                                              ;
+------------------------------------+------------------------------------------------+


+----------------------------------------------------------------------------------------------------------------------+
; Analysis & Synthesis Settings                                                                                        ;
+----------------------------------------------------------------------------+--------------------+--------------------+
; Option                                                                     ; Setting            ; Default Value      ;
+----------------------------------------------------------------------------+--------------------+--------------------+
; Device                                                                     ; EP2C35F672C6       ;                    ;
; Top-level entity name                                                      ; top_de2            ; top_de2            ;
; Family name                                                                ; Cyclone II         ; Stratix II         ;
; Use smart compilation                                                      ; Off                ; Off                ;
; Enable parallel Assembler and TimeQuest Timing Analyzer during compilation ; On                 ; On                 ;
; Enable compact report table                                                ; Off                ; Off                ;
; Restructure Multiplexers                                                   ; Auto               ; Auto               ;
; Create Debugging Nodes for IP Cores                                        ; Off                ; Off                ;
; Preserve fewer node names                                                  ; On                 ; On                 ;
; Disable OpenCore Plus hardware evaluation                                  ; Off                ; Off                ;
; Verilog Version                                                            ; Verilog_2001       ; Verilog_2001       ;
; VHDL Version                                                               ; VHDL_1993          ; VHDL_1993          ;
; State Machine Processing                                                   ; Auto               ; Auto               ;
; Safe State Machine                                                         ; Off                ; Off                ;
; Extract Verilog State Machines                                             ; On                 ; On                 ;
; Extract VHDL State Machines                                                ; On                 ; On                 ;
; Ignore Verilog initial constructs                                          ; Off                ; Off                ;
; Iteration limit for constant Verilog loops                                 ; 5000               ; 5000               ;
; Iteration limit for non-constant Verilog loops                             ; 250                ; 250                ;
; Add Pass-Through Logic to Inferred RAMs                                    ; On                 ; On                 ;
; Parallel Synthesis                                                         ; On                 ; On                 ;
; DSP Block Balancing                                                        ; Auto               ; Auto               ;
; NOT Gate Push-Back                                                         ; On                 ; On                 ;
; Power-Up Don't Care                                                        ; On                 ; On                 ;
; Remove Redundant Logic Cells                                               ; Off                ; Off                ;
; Remove Duplicate Registers                                                 ; On                 ; On                 ;
; Ignore CARRY Buffers                                                       ; Off                ; Off                ;
; Ignore CASCADE Buffers                                                     ; Off                ; Off                ;
; Ignore GLOBAL Buffers                                                      ; Off                ; Off                ;
; Ignore ROW GLOBAL Buffers                                                  ; Off                ; Off                ;
; Ignore LCELL Buffers                                                       ; Off                ; Off                ;
; Ignore SOFT Buffers                                                        ; On                 ; On                 ;
; Limit AHDL Integers to 32 Bits                                             ; Off                ; Off                ;
; Optimization Technique                                                     ; Balanced           ; Balanced           ;
; Carry Chain Length                                                         ; 70                 ; 70                 ;
; Auto Carry Chains                                                          ; On                 ; On                 ;
; Auto Open-Drain Pins                                                       ; On                 ; On                 ;
; Perform WYSIWYG Primitive Resynthesis                                      ; Off                ; Off                ;
; Auto ROM Replacement                                                       ; On                 ; On                 ;
; Auto RAM Replacement                                                       ; On                 ; On                 ;
; Auto Shift Register Replacement                                            ; Auto               ; Auto               ;
; Auto Clock Enable Replacement                                              ; On                 ; On                 ;
; Strict RAM Replacement                                                     ; Off                ; Off                ;
; Allow Synchronous Control Signals                                          ; On                 ; On                 ;
; Force Use of Synchronous Clear Signals                                     ; Off                ; Off                ;
; Auto RAM to Logic Cell Conversion                                          ; Off                ; Off                ;
; Auto Resource Sharing                                                      ; Off                ; Off                ;
; Allow Any RAM Size For Recognition                                         ; Off                ; Off                ;
; Allow Any ROM Size For Recognition                                         ; Off                ; Off                ;
; Allow Any Shift Register Size For Recognition                              ; Off                ; Off                ;
; Use LogicLock Constraints during Resource Balancing                        ; On                 ; On                 ;
; Ignore translate_off and synthesis_off directives                          ; Off                ; Off                ;
; Timing-Driven Synthesis                                                    ; Off                ; Off                ;
; Report Parameter Settings                                                  ; On                 ; On                 ;
; Report Source Assignments                                                  ; On                 ; On                 ;
; Report Connectivity Checks                                                 ; On                 ; On                 ;
; Ignore Maximum Fan-Out Assignments                                         ; Off                ; Off                ;
; Synchronization Register Chain Length                                      ; 2                  ; 2                  ;
; PowerPlay Power Optimization                                               ; Normal compilation ; Normal compilation ;
; HDL message level                                                          ; Level2             ; Level2             ;
; Suppress Register Optimization Related Messages                            ; Off                ; Off                ;
; Number of Removed Registers Reported in Synthesis Report                   ; 5000               ; 5000               ;
; Number of Inverted Registers Reported in Synthesis Report                  ; 100                ; 100                ;
; Clock MUX Protection                                                       ; On                 ; On                 ;
; Auto Gated Clock Conversion                                                ; Off                ; Off                ;
; Block Design Naming                                                        ; Auto               ; Auto               ;
; SDC constraint protection                                                  ; Off                ; Off                ;
; Synthesis Effort                                                           ; Auto               ; Auto               ;
; Shift Register Replacement - Allow Asynchronous Clear Signal               ; On                 ; On                 ;
; Analysis & Synthesis Message Level                                         ; Medium             ; Medium             ;
; Disable Register Merging Across Hierarchies                                ; Auto               ; Auto               ;
; Resource Aware Inference For Block RAM                                     ; On                 ; On                 ;
; Synthesis Seed                                                             ; 1                  ; 1                  ;
+----------------------------------------------------------------------------+--------------------+--------------------+


+------------------------------------------+
; Parallel Compilation                     ;
+----------------------------+-------------+
; Processors                 ; Number      ;
+----------------------------+-------------+
; Number detected on machine ; 8           ;
; Maximum allowed            ; 8           ;
;                            ;             ;
; Average used               ; 1.00        ;
; Maximum used               ; 1           ;
;                            ;             ;
; Usage by Processor         ; % Time Used ;
;     1 processor            ; 100.0%      ;
;     2-8 processors         ;   0.0%      ;
+----------------------------+-------------+


+-----------------------------------------------------------------------------------------------------------------------------------------------------------------------------------------+
; Analysis & Synthesis Source Files Read                                                                                                                                                  ;
+----------------------------------------------------+-----------------+------------------------------------+-----------------------------------------------------------------------------+
; File Name with User-Entered Path                   ; Used in Netlist ; File Type                          ; File Name with Absolute Path                                                ;
+----------------------------------------------------+-----------------+------------------------------------+-----------------------------------------------------------------------------+
; ../VHDL/vga_score_trans_arch.vhd                   ; yes             ; User VHDL File                     ; /home/epo3-user/Desktop/git/epo3/master/VHDL/vga_score_trans_arch.vhd       ;
; ../VHDL/vga_score_trans.vhd                        ; yes             ; User VHDL File                     ; /home/epo3-user/Desktop/git/epo3/master/VHDL/vga_score_trans.vhd            ;
; ../VHDL/vga_score_check_arch.vhd                   ; yes             ; User VHDL File                     ; /home/epo3-user/Desktop/git/epo3/master/VHDL/vga_score_check_arch.vhd       ;
; ../VHDL/vga_score_check.vhd                        ; yes             ; User VHDL File                     ; /home/epo3-user/Desktop/git/epo3/master/VHDL/vga_score_check.vhd            ;
; ../VHDL/vga_triggers_arch.vhd                      ; yes             ; User VHDL File                     ; /home/epo3-user/Desktop/git/epo3/master/VHDL/vga_triggers_arch.vhd          ;
; ../VHDL/vga_triggers.vhd                           ; yes             ; User VHDL File                     ; /home/epo3-user/Desktop/git/epo3/master/VHDL/vga_triggers.vhd               ;
; ../VHDL/vga_sync_arch.vhd                          ; yes             ; User VHDL File                     ; /home/epo3-user/Desktop/git/epo3/master/VHDL/vga_sync_arch.vhd              ;
; ../VHDL/vga_sync.vhd                               ; yes             ; User VHDL File                     ; /home/epo3-user/Desktop/git/epo3/master/VHDL/vga_sync.vhd                   ;
; ../VHDL/vga_read_arch.vhd                          ; yes             ; User VHDL File                     ; /home/epo3-user/Desktop/git/epo3/master/VHDL/vga_read_arch.vhd              ;
; ../VHDL/vga_read.vhd                               ; yes             ; User VHDL File                     ; /home/epo3-user/Desktop/git/epo3/master/VHDL/vga_read.vhd                   ;
; ../VHDL/vga_np_trans_reset_arch.vhd                ; yes             ; User VHDL File                     ; /home/epo3-user/Desktop/git/epo3/master/VHDL/vga_np_trans_reset_arch.vhd    ;
; ../VHDL/vga_np_trans_reset.vhd                     ; yes             ; User VHDL File                     ; /home/epo3-user/Desktop/git/epo3/master/VHDL/vga_np_trans_reset.vhd         ;
; ../VHDL/vga_np_trans_arch.vhd                      ; yes             ; User VHDL File                     ; /home/epo3-user/Desktop/git/epo3/master/VHDL/vga_np_trans_arch.vhd          ;
; ../VHDL/vga_np_trans.vhd                           ; yes             ; User VHDL File                     ; /home/epo3-user/Desktop/git/epo3/master/VHDL/vga_np_trans.vhd               ;
; ../VHDL/vga_np_check_arch.vhd                      ; yes             ; User VHDL File                     ; /home/epo3-user/Desktop/git/epo3/master/VHDL/vga_np_check_arch.vhd          ;
; ../VHDL/vga_np_check.vhd                           ; yes             ; User VHDL File                     ; /home/epo3-user/Desktop/git/epo3/master/VHDL/vga_np_check.vhd               ;
; ../VHDL/vga_field_trans_reset_arch.vhd             ; yes             ; User VHDL File                     ; /home/epo3-user/Desktop/git/epo3/master/VHDL/vga_field_trans_reset_arch.vhd ;
; ../VHDL/vga_field_trans_reset.vhd                  ; yes             ; User VHDL File                     ; /home/epo3-user/Desktop/git/epo3/master/VHDL/vga_field_trans_reset.vhd      ;
; ../VHDL/vga_field_trans_arch.vhd                   ; yes             ; User VHDL File                     ; /home/epo3-user/Desktop/git/epo3/master/VHDL/vga_field_trans_arch.vhd       ;
; ../VHDL/vga_field_trans.vhd                        ; yes             ; User VHDL File                     ; /home/epo3-user/Desktop/git/epo3/master/VHDL/vga_field_trans.vhd            ;
; ../VHDL/vga_field_check_arch.vhd                   ; yes             ; User VHDL File                     ; /home/epo3-user/Desktop/git/epo3/master/VHDL/vga_field_check_arch.vhd       ;
; ../VHDL/vga_field_check.vhd                        ; yes             ; User VHDL File                     ; /home/epo3-user/Desktop/git/epo3/master/VHDL/vga_field_check.vhd            ;
; ../VHDL/vga_counter_arch.vhd                       ; yes             ; User VHDL File                     ; /home/epo3-user/Desktop/git/epo3/master/VHDL/vga_counter_arch.vhd           ;
; ../VHDL/vga_counter.vhd                            ; yes             ; User VHDL File                     ; /home/epo3-user/Desktop/git/epo3/master/VHDL/vga_counter.vhd                ;
; ../VHDL/vga_arch.vhd                               ; yes             ; User VHDL File                     ; /home/epo3-user/Desktop/git/epo3/master/VHDL/vga_arch.vhd                   ;
; ../VHDL/vga.vhd                                    ; yes             ; User VHDL File                     ; /home/epo3-user/Desktop/git/epo3/master/VHDL/vga.vhd                        ;
; ../VHDL/tower_arch.vhd                             ; yes             ; User VHDL File                     ; /home/epo3-user/Desktop/git/epo3/master/VHDL/tower_arch.vhd                 ;
; ../VHDL/tower.vhd                                  ; yes             ; User VHDL File                     ; /home/epo3-user/Desktop/git/epo3/master/VHDL/tower.vhd                      ;
; ../VHDL/params.vhd                                 ; yes             ; User VHDL File                     ; /home/epo3-user/Desktop/git/epo3/master/VHDL/params.vhd                     ;
; ../VHDL/mux5_arch.vhd                              ; yes             ; User VHDL File                     ; /home/epo3-user/Desktop/git/epo3/master/VHDL/mux5_arch.vhd                  ;
; ../VHDL/mux5.vhd                                   ; yes             ; User VHDL File                     ; /home/epo3-user/Desktop/git/epo3/master/VHDL/mux5.vhd                       ;
; ../VHDL/interface_arch.vhd                         ; yes             ; User VHDL File                     ; /home/epo3-user/Desktop/git/epo3/master/VHDL/interface_arch.vhd             ;
; ../VHDL/interface.vhd                              ; yes             ; User VHDL File                     ; /home/epo3-user/Desktop/git/epo3/master/VHDL/interface.vhd                  ;
; ../VHDL/demux8_inv_arch.vhd                        ; yes             ; User VHDL File                     ; /home/epo3-user/Desktop/git/epo3/master/VHDL/demux8_inv_arch.vhd            ;
; ../VHDL/demux8_inv.vhd                             ; yes             ; User VHDL File                     ; /home/epo3-user/Desktop/git/epo3/master/VHDL/demux8_inv.vhd                 ;
; ../VHDL/demux5_arch.vhd                            ; yes             ; User VHDL File                     ; /home/epo3-user/Desktop/git/epo3/master/VHDL/demux5_arch.vhd                ;
; ../VHDL/demux5.vhd                                 ; yes             ; User VHDL File                     ; /home/epo3-user/Desktop/git/epo3/master/VHDL/demux5.vhd                     ;
; ../VHDL/demux4_inv_arch.vhd                        ; yes             ; User VHDL File                     ; /home/epo3-user/Desktop/git/epo3/master/VHDL/demux4_inv_arch.vhd            ;
; ../VHDL/demux4_inv.vhd                             ; yes             ; User VHDL File                     ; /home/epo3-user/Desktop/git/epo3/master/VHDL/demux4_inv.vhd                 ;
; ../VHDL/dec8_arch.vhd                              ; yes             ; User VHDL File                     ; /home/epo3-user/Desktop/git/epo3/master/VHDL/dec8_arch.vhd                  ;
; ../VHDL/dec8.vhd                                   ; yes             ; User VHDL File                     ; /home/epo3-user/Desktop/git/epo3/master/VHDL/dec8.vhd                       ;
; ../VHDL/bit4.vhd                                   ; yes             ; User VHDL File                     ; /home/epo3-user/Desktop/git/epo3/master/VHDL/bit4.vhd                       ;
; ../VHDL/bit4-bit4_behav.vhd                        ; yes             ; User VHDL File                     ; /home/epo3-user/Desktop/git/epo3/master/VHDL/bit4-bit4_behav.vhd            ;
; /data/public/common/software/opprog/vhdl/cells.vhd ; yes             ; User VHDL File                     ; /data/public/common/software/opprog/vhdl/cells.vhd                          ;
; top_de2.bdf                                        ; yes             ; User Block Diagram/Schematic File  ; /home/epo3-user/Desktop/git/epo3/master/quartus_DE2/top_de2.bdf             ;
; pre_vga_dac.vhd                                    ; yes             ; User VHDL File                     ; /home/epo3-user/Desktop/git/epo3/master/quartus_DE2/pre_vga_dac.vhd         ;
; gen6mhz.vhd                                        ; yes             ; User VHDL File                     ; /home/epo3-user/Desktop/git/epo3/master/quartus_DE2/gen6mhz.vhd             ;
+----------------------------------------------------+-----------------+------------------------------------+-----------------------------------------------------------------------------+


+----------------------------------------------------------------------+
; Analysis & Synthesis Resource Usage Summary                          ;
+---------------------------------------------+------------------------+
; Resource                                    ; Usage                  ;
+---------------------------------------------+------------------------+
; Estimated Total logic elements              ; 61                     ;
;                                             ;                        ;
; Total combinational functions               ; 54                     ;
; Logic element usage by number of LUT inputs ;                        ;
;     -- 4 input functions                    ; 22                     ;
;     -- 3 input functions                    ; 9                      ;
;     -- <=2 input functions                  ; 23                     ;
;                                             ;                        ;
; Logic elements by mode                      ;                        ;
;     -- normal mode                          ; 38                     ;
;     -- arithmetic mode                      ; 16                     ;
;                                             ;                        ;
; Total registers                             ; 34                     ;
;     -- Dedicated logic registers            ; 34                     ;
;     -- I/O registers                        ; 0                      ;
;                                             ;                        ;
; I/O pins                                    ; 37                     ;
; Maximum fan-out node                        ; gen6mhz:inst1|count[2] ;
; Maximum fan-out                             ; 33                     ;
; Total fan-out                               ; 300                    ;
; Average fan-out                             ; 2.40                   ;
+---------------------------------------------+------------------------+


+------------------------------------------------------------------------------------------------------------------------------------------------------------------------------------------------------------------------------+
; Analysis & Synthesis Resource Utilization by Entity                                                                                                                                                                          ;
+-------------------------------------+-------------------+--------------+-------------+------------+--------------+---------+-----------+------+--------------+------------------------------------------------+--------------+
; Compilation Hierarchy Node          ; LC Combinationals ; LC Registers ; Memory Bits ; DSP Blocks ; DSP Elements ; DSP 9x9 ; DSP 18x18 ; Pins ; Virtual Pins ; Full Hierarchy Name                            ; Library Name ;
+-------------------------------------+-------------------+--------------+-------------+------------+--------------+---------+-----------+------+--------------+------------------------------------------------+--------------+
; |top_de2                            ; 54 (0)            ; 34 (0)       ; 0           ; 0          ; 0            ; 0       ; 0         ; 37   ; 0            ; |top_de2                                       ;              ;
;    |gen6mhz:inst1|                  ; 3 (3)             ; 3 (3)        ; 0           ; 0          ; 0            ; 0       ; 0         ; 0    ; 0            ; |top_de2|gen6mhz:inst1                         ;              ;
;    |vga:inst3|                      ; 51 (0)            ; 31 (0)       ; 0           ; 0          ; 0            ; 0       ; 0         ; 0    ; 0            ; |top_de2|vga:inst3                             ;              ;
;       |vga_counter:counter|         ; 32 (32)           ; 18 (18)      ; 0           ; 0          ; 0            ; 0       ; 0         ; 0    ; 0            ; |top_de2|vga:inst3|vga_counter:counter         ;              ;
;       |vga_field_check:field_check| ; 4 (4)             ; 1 (1)        ; 0           ; 0          ; 0            ; 0       ; 0         ; 0    ; 0            ; |top_de2|vga:inst3|vga_field_check:field_check ;              ;
;       |vga_np_check:np_check|       ; 5 (5)             ; 1 (1)        ; 0           ; 0          ; 0            ; 0       ; 0         ; 0    ; 0            ; |top_de2|vga:inst3|vga_np_check:np_check       ;              ;
;       |vga_read:read_and_output|    ; 1 (1)             ; 8 (8)        ; 0           ; 0          ; 0            ; 0       ; 0         ; 0    ; 0            ; |top_de2|vga:inst3|vga_read:read_and_output    ;              ;
;       |vga_score_check:score_check| ; 4 (4)             ; 1 (1)        ; 0           ; 0          ; 0            ; 0       ; 0         ; 0    ; 0            ; |top_de2|vga:inst3|vga_score_check:score_check ;              ;
;       |vga_sync:sync|               ; 5 (5)             ; 2 (2)        ; 0           ; 0          ; 0            ; 0       ; 0         ; 0    ; 0            ; |top_de2|vga:inst3|vga_sync:sync               ;              ;
+-------------------------------------+-------------------+--------------+-------------+------------+--------------+---------+-----------+------+--------------+------------------------------------------------+--------------+
Note: For table entries with two numbers listed, the numbers in parentheses indicate the number of resources of the given type used by the specific entity alone. The numbers listed outside of parentheses indicate the total resources of the given type used by the specific entity and all of its sub-entities in the hierarchy.


+--------------------------------------------------------------------------------------------------------------------------------------------------------------+
; Registers Removed During Synthesis                                                                                                                           ;
+-----------------------------------------------------------------------------------------------------+--------------------------------------------------------+
; Register name                                                                                       ; Reason for Removal                                     ;
+-----------------------------------------------------------------------------------------------------+--------------------------------------------------------+
; vga:inst3|vga_np_trans_reset:np_translation_reset|mem_addr_state[0..1]                              ; Stuck at GND due to stuck port data_in                 ;
; vga:inst3|vga_field_trans_reset:field_translation_reset|mem_addr_state[0..2]                        ; Stuck at GND due to stuck port data_in                 ;
; sr_if:inst2|sr_tower:\generate_tower:4:tower_mod|bit4:\generate_bit4:7:bit4_mod|dfr11:dfr11_8|Q_INT ; Stuck at GND due to stuck port data_in                 ;
; sr_if:inst2|sr_tower:\generate_tower:4:tower_mod|bit4:\generate_bit4:7:bit4_mod|dfr11:dfr11_7|Q_INT ; Stuck at GND due to stuck port data_in                 ;
; sr_if:inst2|sr_tower:\generate_tower:4:tower_mod|bit4:\generate_bit4:7:bit4_mod|dfr11:dfr11_6|Q_INT ; Stuck at GND due to stuck port data_in                 ;
; sr_if:inst2|sr_tower:\generate_tower:4:tower_mod|bit4:\generate_bit4:7:bit4_mod|dfr11:dfr11_0|Q_INT ; Stuck at GND due to stuck port data_in                 ;
; sr_if:inst2|sr_tower:\generate_tower:4:tower_mod|bit4:\generate_bit4:6:bit4_mod|dfr11:dfr11_8|Q_INT ; Stuck at GND due to stuck port data_in                 ;
; sr_if:inst2|sr_tower:\generate_tower:4:tower_mod|bit4:\generate_bit4:6:bit4_mod|dfr11:dfr11_7|Q_INT ; Stuck at GND due to stuck port data_in                 ;
; sr_if:inst2|sr_tower:\generate_tower:4:tower_mod|bit4:\generate_bit4:6:bit4_mod|dfr11:dfr11_6|Q_INT ; Stuck at GND due to stuck port data_in                 ;
; sr_if:inst2|sr_tower:\generate_tower:4:tower_mod|bit4:\generate_bit4:6:bit4_mod|dfr11:dfr11_0|Q_INT ; Stuck at GND due to stuck port data_in                 ;
; sr_if:inst2|sr_tower:\generate_tower:4:tower_mod|bit4:\generate_bit4:5:bit4_mod|dfr11:dfr11_8|Q_INT ; Stuck at GND due to stuck port data_in                 ;
; sr_if:inst2|sr_tower:\generate_tower:4:tower_mod|bit4:\generate_bit4:5:bit4_mod|dfr11:dfr11_7|Q_INT ; Stuck at GND due to stuck port data_in                 ;
; sr_if:inst2|sr_tower:\generate_tower:4:tower_mod|bit4:\generate_bit4:5:bit4_mod|dfr11:dfr11_6|Q_INT ; Stuck at GND due to stuck port data_in                 ;
; sr_if:inst2|sr_tower:\generate_tower:4:tower_mod|bit4:\generate_bit4:5:bit4_mod|dfr11:dfr11_0|Q_INT ; Stuck at GND due to stuck port data_in                 ;
; sr_if:inst2|sr_tower:\generate_tower:4:tower_mod|bit4:\generate_bit4:4:bit4_mod|dfr11:dfr11_8|Q_INT ; Stuck at GND due to stuck port data_in                 ;
; sr_if:inst2|sr_tower:\generate_tower:4:tower_mod|bit4:\generate_bit4:4:bit4_mod|dfr11:dfr11_7|Q_INT ; Stuck at GND due to stuck port data_in                 ;
; sr_if:inst2|sr_tower:\generate_tower:4:tower_mod|bit4:\generate_bit4:4:bit4_mod|dfr11:dfr11_6|Q_INT ; Stuck at GND due to stuck port data_in                 ;
; sr_if:inst2|sr_tower:\generate_tower:4:tower_mod|bit4:\generate_bit4:4:bit4_mod|dfr11:dfr11_0|Q_INT ; Stuck at GND due to stuck port data_in                 ;
; sr_if:inst2|sr_tower:\generate_tower:4:tower_mod|bit4:\generate_bit4:3:bit4_mod|dfr11:dfr11_8|Q_INT ; Stuck at GND due to stuck port data_in                 ;
; sr_if:inst2|sr_tower:\generate_tower:4:tower_mod|bit4:\generate_bit4:3:bit4_mod|dfr11:dfr11_7|Q_INT ; Stuck at GND due to stuck port data_in                 ;
; sr_if:inst2|sr_tower:\generate_tower:4:tower_mod|bit4:\generate_bit4:3:bit4_mod|dfr11:dfr11_6|Q_INT ; Stuck at GND due to stuck port data_in                 ;
; sr_if:inst2|sr_tower:\generate_tower:4:tower_mod|bit4:\generate_bit4:3:bit4_mod|dfr11:dfr11_0|Q_INT ; Stuck at GND due to stuck port data_in                 ;
; sr_if:inst2|sr_tower:\generate_tower:4:tower_mod|bit4:\generate_bit4:2:bit4_mod|dfr11:dfr11_8|Q_INT ; Stuck at GND due to stuck port data_in                 ;
; sr_if:inst2|sr_tower:\generate_tower:4:tower_mod|bit4:\generate_bit4:2:bit4_mod|dfr11:dfr11_7|Q_INT ; Stuck at GND due to stuck port data_in                 ;
; sr_if:inst2|sr_tower:\generate_tower:4:tower_mod|bit4:\generate_bit4:2:bit4_mod|dfr11:dfr11_6|Q_INT ; Stuck at GND due to stuck port data_in                 ;
; sr_if:inst2|sr_tower:\generate_tower:4:tower_mod|bit4:\generate_bit4:2:bit4_mod|dfr11:dfr11_0|Q_INT ; Stuck at GND due to stuck port data_in                 ;
; sr_if:inst2|sr_tower:\generate_tower:4:tower_mod|bit4:\generate_bit4:1:bit4_mod|dfr11:dfr11_8|Q_INT ; Stuck at GND due to stuck port data_in                 ;
; sr_if:inst2|sr_tower:\generate_tower:4:tower_mod|bit4:\generate_bit4:1:bit4_mod|dfr11:dfr11_7|Q_INT ; Stuck at GND due to stuck port data_in                 ;
; sr_if:inst2|sr_tower:\generate_tower:4:tower_mod|bit4:\generate_bit4:1:bit4_mod|dfr11:dfr11_6|Q_INT ; Stuck at GND due to stuck port data_in                 ;
; sr_if:inst2|sr_tower:\generate_tower:4:tower_mod|bit4:\generate_bit4:1:bit4_mod|dfr11:dfr11_0|Q_INT ; Stuck at GND due to stuck port data_in                 ;
; sr_if:inst2|sr_tower:\generate_tower:4:tower_mod|bit4:\generate_bit4:0:bit4_mod|dfr11:dfr11_8|Q_INT ; Stuck at GND due to stuck port data_in                 ;
; sr_if:inst2|sr_tower:\generate_tower:4:tower_mod|bit4:\generate_bit4:0:bit4_mod|dfr11:dfr11_7|Q_INT ; Stuck at GND due to stuck port data_in                 ;
; sr_if:inst2|sr_tower:\generate_tower:4:tower_mod|bit4:\generate_bit4:0:bit4_mod|dfr11:dfr11_6|Q_INT ; Stuck at GND due to stuck port data_in                 ;
; sr_if:inst2|sr_tower:\generate_tower:4:tower_mod|bit4:\generate_bit4:0:bit4_mod|dfr11:dfr11_0|Q_INT ; Stuck at GND due to stuck port data_in                 ;
; sr_if:inst2|sr_tower:\generate_tower:3:tower_mod|bit4:\generate_bit4:7:bit4_mod|dfr11:dfr11_8|Q_INT ; Stuck at GND due to stuck port data_in                 ;
; sr_if:inst2|sr_tower:\generate_tower:3:tower_mod|bit4:\generate_bit4:7:bit4_mod|dfr11:dfr11_7|Q_INT ; Stuck at GND due to stuck port data_in                 ;
; sr_if:inst2|sr_tower:\generate_tower:3:tower_mod|bit4:\generate_bit4:7:bit4_mod|dfr11:dfr11_6|Q_INT ; Stuck at GND due to stuck port data_in                 ;
; sr_if:inst2|sr_tower:\generate_tower:3:tower_mod|bit4:\generate_bit4:7:bit4_mod|dfr11:dfr11_0|Q_INT ; Stuck at GND due to stuck port data_in                 ;
; sr_if:inst2|sr_tower:\generate_tower:3:tower_mod|bit4:\generate_bit4:6:bit4_mod|dfr11:dfr11_8|Q_INT ; Stuck at GND due to stuck port data_in                 ;
; sr_if:inst2|sr_tower:\generate_tower:3:tower_mod|bit4:\generate_bit4:6:bit4_mod|dfr11:dfr11_7|Q_INT ; Stuck at GND due to stuck port data_in                 ;
; sr_if:inst2|sr_tower:\generate_tower:3:tower_mod|bit4:\generate_bit4:6:bit4_mod|dfr11:dfr11_6|Q_INT ; Stuck at GND due to stuck port data_in                 ;
; sr_if:inst2|sr_tower:\generate_tower:3:tower_mod|bit4:\generate_bit4:6:bit4_mod|dfr11:dfr11_0|Q_INT ; Stuck at GND due to stuck port data_in                 ;
; sr_if:inst2|sr_tower:\generate_tower:3:tower_mod|bit4:\generate_bit4:5:bit4_mod|dfr11:dfr11_8|Q_INT ; Stuck at GND due to stuck port data_in                 ;
; sr_if:inst2|sr_tower:\generate_tower:3:tower_mod|bit4:\generate_bit4:5:bit4_mod|dfr11:dfr11_7|Q_INT ; Stuck at GND due to stuck port data_in                 ;
; sr_if:inst2|sr_tower:\generate_tower:3:tower_mod|bit4:\generate_bit4:5:bit4_mod|dfr11:dfr11_6|Q_INT ; Stuck at GND due to stuck port data_in                 ;
; sr_if:inst2|sr_tower:\generate_tower:3:tower_mod|bit4:\generate_bit4:5:bit4_mod|dfr11:dfr11_0|Q_INT ; Stuck at GND due to stuck port data_in                 ;
; sr_if:inst2|sr_tower:\generate_tower:3:tower_mod|bit4:\generate_bit4:4:bit4_mod|dfr11:dfr11_8|Q_INT ; Stuck at GND due to stuck port data_in                 ;
; sr_if:inst2|sr_tower:\generate_tower:3:tower_mod|bit4:\generate_bit4:4:bit4_mod|dfr11:dfr11_7|Q_INT ; Stuck at GND due to stuck port data_in                 ;
; sr_if:inst2|sr_tower:\generate_tower:3:tower_mod|bit4:\generate_bit4:4:bit4_mod|dfr11:dfr11_6|Q_INT ; Stuck at GND due to stuck port data_in                 ;
; sr_if:inst2|sr_tower:\generate_tower:3:tower_mod|bit4:\generate_bit4:4:bit4_mod|dfr11:dfr11_0|Q_INT ; Stuck at GND due to stuck port data_in                 ;
; sr_if:inst2|sr_tower:\generate_tower:3:tower_mod|bit4:\generate_bit4:3:bit4_mod|dfr11:dfr11_8|Q_INT ; Stuck at GND due to stuck port data_in                 ;
; sr_if:inst2|sr_tower:\generate_tower:3:tower_mod|bit4:\generate_bit4:3:bit4_mod|dfr11:dfr11_7|Q_INT ; Stuck at GND due to stuck port data_in                 ;
; sr_if:inst2|sr_tower:\generate_tower:3:tower_mod|bit4:\generate_bit4:3:bit4_mod|dfr11:dfr11_6|Q_INT ; Stuck at GND due to stuck port data_in                 ;
; sr_if:inst2|sr_tower:\generate_tower:3:tower_mod|bit4:\generate_bit4:3:bit4_mod|dfr11:dfr11_0|Q_INT ; Stuck at GND due to stuck port data_in                 ;
; sr_if:inst2|sr_tower:\generate_tower:3:tower_mod|bit4:\generate_bit4:2:bit4_mod|dfr11:dfr11_8|Q_INT ; Stuck at GND due to stuck port data_in                 ;
; sr_if:inst2|sr_tower:\generate_tower:3:tower_mod|bit4:\generate_bit4:2:bit4_mod|dfr11:dfr11_7|Q_INT ; Stuck at GND due to stuck port data_in                 ;
; sr_if:inst2|sr_tower:\generate_tower:3:tower_mod|bit4:\generate_bit4:2:bit4_mod|dfr11:dfr11_6|Q_INT ; Stuck at GND due to stuck port data_in                 ;
; sr_if:inst2|sr_tower:\generate_tower:3:tower_mod|bit4:\generate_bit4:2:bit4_mod|dfr11:dfr11_0|Q_INT ; Stuck at GND due to stuck port data_in                 ;
; sr_if:inst2|sr_tower:\generate_tower:3:tower_mod|bit4:\generate_bit4:1:bit4_mod|dfr11:dfr11_8|Q_INT ; Stuck at GND due to stuck port data_in                 ;
; sr_if:inst2|sr_tower:\generate_tower:3:tower_mod|bit4:\generate_bit4:1:bit4_mod|dfr11:dfr11_7|Q_INT ; Stuck at GND due to stuck port data_in                 ;
; sr_if:inst2|sr_tower:\generate_tower:3:tower_mod|bit4:\generate_bit4:1:bit4_mod|dfr11:dfr11_6|Q_INT ; Stuck at GND due to stuck port data_in                 ;
; sr_if:inst2|sr_tower:\generate_tower:3:tower_mod|bit4:\generate_bit4:1:bit4_mod|dfr11:dfr11_0|Q_INT ; Stuck at GND due to stuck port data_in                 ;
; sr_if:inst2|sr_tower:\generate_tower:3:tower_mod|bit4:\generate_bit4:0:bit4_mod|dfr11:dfr11_8|Q_INT ; Stuck at GND due to stuck port data_in                 ;
; sr_if:inst2|sr_tower:\generate_tower:3:tower_mod|bit4:\generate_bit4:0:bit4_mod|dfr11:dfr11_7|Q_INT ; Stuck at GND due to stuck port data_in                 ;
; sr_if:inst2|sr_tower:\generate_tower:3:tower_mod|bit4:\generate_bit4:0:bit4_mod|dfr11:dfr11_6|Q_INT ; Stuck at GND due to stuck port data_in                 ;
; sr_if:inst2|sr_tower:\generate_tower:3:tower_mod|bit4:\generate_bit4:0:bit4_mod|dfr11:dfr11_0|Q_INT ; Stuck at GND due to stuck port data_in                 ;
; sr_if:inst2|sr_tower:\generate_tower:2:tower_mod|bit4:\generate_bit4:7:bit4_mod|dfr11:dfr11_8|Q_INT ; Stuck at GND due to stuck port data_in                 ;
; sr_if:inst2|sr_tower:\generate_tower:2:tower_mod|bit4:\generate_bit4:7:bit4_mod|dfr11:dfr11_7|Q_INT ; Stuck at GND due to stuck port data_in                 ;
; sr_if:inst2|sr_tower:\generate_tower:2:tower_mod|bit4:\generate_bit4:7:bit4_mod|dfr11:dfr11_6|Q_INT ; Stuck at GND due to stuck port data_in                 ;
; sr_if:inst2|sr_tower:\generate_tower:2:tower_mod|bit4:\generate_bit4:7:bit4_mod|dfr11:dfr11_0|Q_INT ; Stuck at GND due to stuck port data_in                 ;
; sr_if:inst2|sr_tower:\generate_tower:2:tower_mod|bit4:\generate_bit4:6:bit4_mod|dfr11:dfr11_8|Q_INT ; Stuck at GND due to stuck port data_in                 ;
; sr_if:inst2|sr_tower:\generate_tower:2:tower_mod|bit4:\generate_bit4:6:bit4_mod|dfr11:dfr11_7|Q_INT ; Stuck at GND due to stuck port data_in                 ;
; sr_if:inst2|sr_tower:\generate_tower:2:tower_mod|bit4:\generate_bit4:6:bit4_mod|dfr11:dfr11_6|Q_INT ; Stuck at GND due to stuck port data_in                 ;
; sr_if:inst2|sr_tower:\generate_tower:2:tower_mod|bit4:\generate_bit4:6:bit4_mod|dfr11:dfr11_0|Q_INT ; Stuck at GND due to stuck port data_in                 ;
; sr_if:inst2|sr_tower:\generate_tower:2:tower_mod|bit4:\generate_bit4:5:bit4_mod|dfr11:dfr11_8|Q_INT ; Stuck at GND due to stuck port data_in                 ;
; sr_if:inst2|sr_tower:\generate_tower:2:tower_mod|bit4:\generate_bit4:5:bit4_mod|dfr11:dfr11_7|Q_INT ; Stuck at GND due to stuck port data_in                 ;
; sr_if:inst2|sr_tower:\generate_tower:2:tower_mod|bit4:\generate_bit4:5:bit4_mod|dfr11:dfr11_6|Q_INT ; Stuck at GND due to stuck port data_in                 ;
; sr_if:inst2|sr_tower:\generate_tower:2:tower_mod|bit4:\generate_bit4:5:bit4_mod|dfr11:dfr11_0|Q_INT ; Stuck at GND due to stuck port data_in                 ;
; sr_if:inst2|sr_tower:\generate_tower:2:tower_mod|bit4:\generate_bit4:4:bit4_mod|dfr11:dfr11_8|Q_INT ; Stuck at GND due to stuck port data_in                 ;
; sr_if:inst2|sr_tower:\generate_tower:2:tower_mod|bit4:\generate_bit4:4:bit4_mod|dfr11:dfr11_7|Q_INT ; Stuck at GND due to stuck port data_in                 ;
; sr_if:inst2|sr_tower:\generate_tower:2:tower_mod|bit4:\generate_bit4:4:bit4_mod|dfr11:dfr11_6|Q_INT ; Stuck at GND due to stuck port data_in                 ;
; sr_if:inst2|sr_tower:\generate_tower:2:tower_mod|bit4:\generate_bit4:4:bit4_mod|dfr11:dfr11_0|Q_INT ; Stuck at GND due to stuck port data_in                 ;
; sr_if:inst2|sr_tower:\generate_tower:2:tower_mod|bit4:\generate_bit4:3:bit4_mod|dfr11:dfr11_8|Q_INT ; Stuck at GND due to stuck port data_in                 ;
; sr_if:inst2|sr_tower:\generate_tower:2:tower_mod|bit4:\generate_bit4:3:bit4_mod|dfr11:dfr11_7|Q_INT ; Stuck at GND due to stuck port data_in                 ;
; sr_if:inst2|sr_tower:\generate_tower:2:tower_mod|bit4:\generate_bit4:3:bit4_mod|dfr11:dfr11_6|Q_INT ; Stuck at GND due to stuck port data_in                 ;
; sr_if:inst2|sr_tower:\generate_tower:2:tower_mod|bit4:\generate_bit4:3:bit4_mod|dfr11:dfr11_0|Q_INT ; Stuck at GND due to stuck port data_in                 ;
; sr_if:inst2|sr_tower:\generate_tower:2:tower_mod|bit4:\generate_bit4:2:bit4_mod|dfr11:dfr11_8|Q_INT ; Stuck at GND due to stuck port data_in                 ;
; sr_if:inst2|sr_tower:\generate_tower:2:tower_mod|bit4:\generate_bit4:2:bit4_mod|dfr11:dfr11_7|Q_INT ; Stuck at GND due to stuck port data_in                 ;
; sr_if:inst2|sr_tower:\generate_tower:2:tower_mod|bit4:\generate_bit4:2:bit4_mod|dfr11:dfr11_6|Q_INT ; Stuck at GND due to stuck port data_in                 ;
; sr_if:inst2|sr_tower:\generate_tower:2:tower_mod|bit4:\generate_bit4:2:bit4_mod|dfr11:dfr11_0|Q_INT ; Stuck at GND due to stuck port data_in                 ;
; sr_if:inst2|sr_tower:\generate_tower:2:tower_mod|bit4:\generate_bit4:1:bit4_mod|dfr11:dfr11_8|Q_INT ; Stuck at GND due to stuck port data_in                 ;
; sr_if:inst2|sr_tower:\generate_tower:2:tower_mod|bit4:\generate_bit4:1:bit4_mod|dfr11:dfr11_7|Q_INT ; Stuck at GND due to stuck port data_in                 ;
; sr_if:inst2|sr_tower:\generate_tower:2:tower_mod|bit4:\generate_bit4:1:bit4_mod|dfr11:dfr11_6|Q_INT ; Stuck at GND due to stuck port data_in                 ;
; sr_if:inst2|sr_tower:\generate_tower:2:tower_mod|bit4:\generate_bit4:1:bit4_mod|dfr11:dfr11_0|Q_INT ; Stuck at GND due to stuck port data_in                 ;
; sr_if:inst2|sr_tower:\generate_tower:2:tower_mod|bit4:\generate_bit4:0:bit4_mod|dfr11:dfr11_8|Q_INT ; Stuck at GND due to stuck port data_in                 ;
; sr_if:inst2|sr_tower:\generate_tower:2:tower_mod|bit4:\generate_bit4:0:bit4_mod|dfr11:dfr11_7|Q_INT ; Stuck at GND due to stuck port data_in                 ;
; sr_if:inst2|sr_tower:\generate_tower:2:tower_mod|bit4:\generate_bit4:0:bit4_mod|dfr11:dfr11_6|Q_INT ; Stuck at GND due to stuck port data_in                 ;
; sr_if:inst2|sr_tower:\generate_tower:2:tower_mod|bit4:\generate_bit4:0:bit4_mod|dfr11:dfr11_0|Q_INT ; Stuck at GND due to stuck port data_in                 ;
; sr_if:inst2|sr_tower:\generate_tower:1:tower_mod|bit4:\generate_bit4:7:bit4_mod|dfr11:dfr11_8|Q_INT ; Stuck at GND due to stuck port data_in                 ;
; sr_if:inst2|sr_tower:\generate_tower:1:tower_mod|bit4:\generate_bit4:7:bit4_mod|dfr11:dfr11_7|Q_INT ; Stuck at GND due to stuck port data_in                 ;
; sr_if:inst2|sr_tower:\generate_tower:1:tower_mod|bit4:\generate_bit4:7:bit4_mod|dfr11:dfr11_6|Q_INT ; Stuck at GND due to stuck port data_in                 ;
; sr_if:inst2|sr_tower:\generate_tower:1:tower_mod|bit4:\generate_bit4:7:bit4_mod|dfr11:dfr11_0|Q_INT ; Stuck at GND due to stuck port data_in                 ;
; sr_if:inst2|sr_tower:\generate_tower:1:tower_mod|bit4:\generate_bit4:6:bit4_mod|dfr11:dfr11_8|Q_INT ; Stuck at GND due to stuck port data_in                 ;
; sr_if:inst2|sr_tower:\generate_tower:1:tower_mod|bit4:\generate_bit4:6:bit4_mod|dfr11:dfr11_7|Q_INT ; Stuck at GND due to stuck port data_in                 ;
; sr_if:inst2|sr_tower:\generate_tower:1:tower_mod|bit4:\generate_bit4:6:bit4_mod|dfr11:dfr11_6|Q_INT ; Stuck at GND due to stuck port data_in                 ;
; sr_if:inst2|sr_tower:\generate_tower:1:tower_mod|bit4:\generate_bit4:6:bit4_mod|dfr11:dfr11_0|Q_INT ; Stuck at GND due to stuck port data_in                 ;
; sr_if:inst2|sr_tower:\generate_tower:1:tower_mod|bit4:\generate_bit4:5:bit4_mod|dfr11:dfr11_8|Q_INT ; Stuck at GND due to stuck port data_in                 ;
; sr_if:inst2|sr_tower:\generate_tower:1:tower_mod|bit4:\generate_bit4:5:bit4_mod|dfr11:dfr11_7|Q_INT ; Stuck at GND due to stuck port data_in                 ;
; sr_if:inst2|sr_tower:\generate_tower:1:tower_mod|bit4:\generate_bit4:5:bit4_mod|dfr11:dfr11_6|Q_INT ; Stuck at GND due to stuck port data_in                 ;
; sr_if:inst2|sr_tower:\generate_tower:1:tower_mod|bit4:\generate_bit4:5:bit4_mod|dfr11:dfr11_0|Q_INT ; Stuck at GND due to stuck port data_in                 ;
; sr_if:inst2|sr_tower:\generate_tower:1:tower_mod|bit4:\generate_bit4:4:bit4_mod|dfr11:dfr11_8|Q_INT ; Stuck at GND due to stuck port data_in                 ;
; sr_if:inst2|sr_tower:\generate_tower:1:tower_mod|bit4:\generate_bit4:4:bit4_mod|dfr11:dfr11_7|Q_INT ; Stuck at GND due to stuck port data_in                 ;
; sr_if:inst2|sr_tower:\generate_tower:1:tower_mod|bit4:\generate_bit4:4:bit4_mod|dfr11:dfr11_6|Q_INT ; Stuck at GND due to stuck port data_in                 ;
; sr_if:inst2|sr_tower:\generate_tower:1:tower_mod|bit4:\generate_bit4:4:bit4_mod|dfr11:dfr11_0|Q_INT ; Stuck at GND due to stuck port data_in                 ;
; sr_if:inst2|sr_tower:\generate_tower:1:tower_mod|bit4:\generate_bit4:3:bit4_mod|dfr11:dfr11_8|Q_INT ; Stuck at GND due to stuck port data_in                 ;
; sr_if:inst2|sr_tower:\generate_tower:1:tower_mod|bit4:\generate_bit4:3:bit4_mod|dfr11:dfr11_7|Q_INT ; Stuck at GND due to stuck port data_in                 ;
; sr_if:inst2|sr_tower:\generate_tower:1:tower_mod|bit4:\generate_bit4:3:bit4_mod|dfr11:dfr11_6|Q_INT ; Stuck at GND due to stuck port data_in                 ;
; sr_if:inst2|sr_tower:\generate_tower:1:tower_mod|bit4:\generate_bit4:3:bit4_mod|dfr11:dfr11_0|Q_INT ; Stuck at GND due to stuck port data_in                 ;
; sr_if:inst2|sr_tower:\generate_tower:1:tower_mod|bit4:\generate_bit4:2:bit4_mod|dfr11:dfr11_8|Q_INT ; Stuck at GND due to stuck port data_in                 ;
; sr_if:inst2|sr_tower:\generate_tower:1:tower_mod|bit4:\generate_bit4:2:bit4_mod|dfr11:dfr11_7|Q_INT ; Stuck at GND due to stuck port data_in                 ;
; sr_if:inst2|sr_tower:\generate_tower:1:tower_mod|bit4:\generate_bit4:2:bit4_mod|dfr11:dfr11_6|Q_INT ; Stuck at GND due to stuck port data_in                 ;
; sr_if:inst2|sr_tower:\generate_tower:1:tower_mod|bit4:\generate_bit4:2:bit4_mod|dfr11:dfr11_0|Q_INT ; Stuck at GND due to stuck port data_in                 ;
; sr_if:inst2|sr_tower:\generate_tower:1:tower_mod|bit4:\generate_bit4:1:bit4_mod|dfr11:dfr11_8|Q_INT ; Stuck at GND due to stuck port data_in                 ;
; sr_if:inst2|sr_tower:\generate_tower:1:tower_mod|bit4:\generate_bit4:1:bit4_mod|dfr11:dfr11_7|Q_INT ; Stuck at GND due to stuck port data_in                 ;
; sr_if:inst2|sr_tower:\generate_tower:1:tower_mod|bit4:\generate_bit4:1:bit4_mod|dfr11:dfr11_6|Q_INT ; Stuck at GND due to stuck port data_in                 ;
; sr_if:inst2|sr_tower:\generate_tower:1:tower_mod|bit4:\generate_bit4:1:bit4_mod|dfr11:dfr11_0|Q_INT ; Stuck at GND due to stuck port data_in                 ;
; sr_if:inst2|sr_tower:\generate_tower:1:tower_mod|bit4:\generate_bit4:0:bit4_mod|dfr11:dfr11_8|Q_INT ; Stuck at GND due to stuck port data_in                 ;
; sr_if:inst2|sr_tower:\generate_tower:1:tower_mod|bit4:\generate_bit4:0:bit4_mod|dfr11:dfr11_7|Q_INT ; Stuck at GND due to stuck port data_in                 ;
; sr_if:inst2|sr_tower:\generate_tower:1:tower_mod|bit4:\generate_bit4:0:bit4_mod|dfr11:dfr11_6|Q_INT ; Stuck at GND due to stuck port data_in                 ;
; sr_if:inst2|sr_tower:\generate_tower:1:tower_mod|bit4:\generate_bit4:0:bit4_mod|dfr11:dfr11_0|Q_INT ; Stuck at GND due to stuck port data_in                 ;
; sr_if:inst2|sr_tower:\generate_tower:0:tower_mod|bit4:\generate_bit4:7:bit4_mod|dfr11:dfr11_8|Q_INT ; Stuck at GND due to stuck port data_in                 ;
; sr_if:inst2|sr_tower:\generate_tower:0:tower_mod|bit4:\generate_bit4:7:bit4_mod|dfr11:dfr11_7|Q_INT ; Stuck at GND due to stuck port data_in                 ;
; sr_if:inst2|sr_tower:\generate_tower:0:tower_mod|bit4:\generate_bit4:7:bit4_mod|dfr11:dfr11_6|Q_INT ; Stuck at GND due to stuck port data_in                 ;
; sr_if:inst2|sr_tower:\generate_tower:0:tower_mod|bit4:\generate_bit4:7:bit4_mod|dfr11:dfr11_0|Q_INT ; Stuck at GND due to stuck port data_in                 ;
; sr_if:inst2|sr_tower:\generate_tower:0:tower_mod|bit4:\generate_bit4:6:bit4_mod|dfr11:dfr11_8|Q_INT ; Stuck at GND due to stuck port data_in                 ;
; sr_if:inst2|sr_tower:\generate_tower:0:tower_mod|bit4:\generate_bit4:6:bit4_mod|dfr11:dfr11_7|Q_INT ; Stuck at GND due to stuck port data_in                 ;
; sr_if:inst2|sr_tower:\generate_tower:0:tower_mod|bit4:\generate_bit4:6:bit4_mod|dfr11:dfr11_6|Q_INT ; Stuck at GND due to stuck port data_in                 ;
; sr_if:inst2|sr_tower:\generate_tower:0:tower_mod|bit4:\generate_bit4:6:bit4_mod|dfr11:dfr11_0|Q_INT ; Stuck at GND due to stuck port data_in                 ;
; sr_if:inst2|sr_tower:\generate_tower:0:tower_mod|bit4:\generate_bit4:5:bit4_mod|dfr11:dfr11_8|Q_INT ; Stuck at GND due to stuck port data_in                 ;
; sr_if:inst2|sr_tower:\generate_tower:0:tower_mod|bit4:\generate_bit4:5:bit4_mod|dfr11:dfr11_7|Q_INT ; Stuck at GND due to stuck port data_in                 ;
; sr_if:inst2|sr_tower:\generate_tower:0:tower_mod|bit4:\generate_bit4:5:bit4_mod|dfr11:dfr11_6|Q_INT ; Stuck at GND due to stuck port data_in                 ;
; sr_if:inst2|sr_tower:\generate_tower:0:tower_mod|bit4:\generate_bit4:5:bit4_mod|dfr11:dfr11_0|Q_INT ; Stuck at GND due to stuck port data_in                 ;
; sr_if:inst2|sr_tower:\generate_tower:0:tower_mod|bit4:\generate_bit4:4:bit4_mod|dfr11:dfr11_8|Q_INT ; Stuck at GND due to stuck port data_in                 ;
; sr_if:inst2|sr_tower:\generate_tower:0:tower_mod|bit4:\generate_bit4:4:bit4_mod|dfr11:dfr11_7|Q_INT ; Stuck at GND due to stuck port data_in                 ;
; sr_if:inst2|sr_tower:\generate_tower:0:tower_mod|bit4:\generate_bit4:4:bit4_mod|dfr11:dfr11_6|Q_INT ; Stuck at GND due to stuck port data_in                 ;
; sr_if:inst2|sr_tower:\generate_tower:0:tower_mod|bit4:\generate_bit4:4:bit4_mod|dfr11:dfr11_0|Q_INT ; Stuck at GND due to stuck port data_in                 ;
; sr_if:inst2|sr_tower:\generate_tower:0:tower_mod|bit4:\generate_bit4:3:bit4_mod|dfr11:dfr11_8|Q_INT ; Stuck at GND due to stuck port data_in                 ;
; sr_if:inst2|sr_tower:\generate_tower:0:tower_mod|bit4:\generate_bit4:3:bit4_mod|dfr11:dfr11_7|Q_INT ; Stuck at GND due to stuck port data_in                 ;
; sr_if:inst2|sr_tower:\generate_tower:0:tower_mod|bit4:\generate_bit4:3:bit4_mod|dfr11:dfr11_6|Q_INT ; Stuck at GND due to stuck port data_in                 ;
; sr_if:inst2|sr_tower:\generate_tower:0:tower_mod|bit4:\generate_bit4:3:bit4_mod|dfr11:dfr11_0|Q_INT ; Stuck at GND due to stuck port data_in                 ;
; sr_if:inst2|sr_tower:\generate_tower:0:tower_mod|bit4:\generate_bit4:2:bit4_mod|dfr11:dfr11_8|Q_INT ; Stuck at GND due to stuck port data_in                 ;
; sr_if:inst2|sr_tower:\generate_tower:0:tower_mod|bit4:\generate_bit4:2:bit4_mod|dfr11:dfr11_7|Q_INT ; Stuck at GND due to stuck port data_in                 ;
; sr_if:inst2|sr_tower:\generate_tower:0:tower_mod|bit4:\generate_bit4:2:bit4_mod|dfr11:dfr11_6|Q_INT ; Stuck at GND due to stuck port data_in                 ;
; sr_if:inst2|sr_tower:\generate_tower:0:tower_mod|bit4:\generate_bit4:2:bit4_mod|dfr11:dfr11_0|Q_INT ; Stuck at GND due to stuck port data_in                 ;
; sr_if:inst2|sr_tower:\generate_tower:0:tower_mod|bit4:\generate_bit4:1:bit4_mod|dfr11:dfr11_8|Q_INT ; Stuck at GND due to stuck port data_in                 ;
; sr_if:inst2|sr_tower:\generate_tower:0:tower_mod|bit4:\generate_bit4:1:bit4_mod|dfr11:dfr11_7|Q_INT ; Stuck at GND due to stuck port data_in                 ;
; sr_if:inst2|sr_tower:\generate_tower:0:tower_mod|bit4:\generate_bit4:1:bit4_mod|dfr11:dfr11_6|Q_INT ; Stuck at GND due to stuck port data_in                 ;
; sr_if:inst2|sr_tower:\generate_tower:0:tower_mod|bit4:\generate_bit4:1:bit4_mod|dfr11:dfr11_0|Q_INT ; Stuck at GND due to stuck port data_in                 ;
; sr_if:inst2|sr_tower:\generate_tower:0:tower_mod|bit4:\generate_bit4:0:bit4_mod|dfr11:dfr11_8|Q_INT ; Stuck at GND due to stuck port data_in                 ;
; sr_if:inst2|sr_tower:\generate_tower:0:tower_mod|bit4:\generate_bit4:0:bit4_mod|dfr11:dfr11_7|Q_INT ; Stuck at GND due to stuck port data_in                 ;
; sr_if:inst2|sr_tower:\generate_tower:0:tower_mod|bit4:\generate_bit4:0:bit4_mod|dfr11:dfr11_6|Q_INT ; Stuck at GND due to stuck port data_in                 ;
; sr_if:inst2|sr_tower:\generate_tower:0:tower_mod|bit4:\generate_bit4:0:bit4_mod|dfr11:dfr11_0|Q_INT ; Stuck at GND due to stuck port data_in                 ;
; vga:inst3|vga_read:read_and_output|green_out                                                        ; Merged with vga:inst3|vga_read:read_and_output|red_out ;
; sr_if:inst2|do2                                                                                     ; Stuck at GND due to stuck port data_in                 ;
; vga:inst3|vga_read:read_and_output|blue_out                                                         ; Merged with vga:inst3|vga_read:read_and_output|red_out ;
; Total Number of Removed Registers = 168                                                             ;                                                        ;
+-----------------------------------------------------------------------------------------------------+--------------------------------------------------------+


+------------------------------------------------------+
; General Register Statistics                          ;
+----------------------------------------------+-------+
; Statistic                                    ; Value ;
+----------------------------------------------+-------+
; Total registers                              ; 34    ;
; Number of registers using Synchronous Clear  ; 0     ;
; Number of registers using Synchronous Load   ; 0     ;
; Number of registers using Asynchronous Clear ; 31    ;
; Number of registers using Asynchronous Load  ; 0     ;
; Number of registers using Clock Enable       ; 10    ;
; Number of registers using Preset             ; 0     ;
+----------------------------------------------+-------+


+-------------------------------+
; Analysis & Synthesis Messages ;
+-------------------------------+
Info: *******************************************************************
Info: Running Quartus II Analysis & Synthesis
    Info: Version 10.0 Build 262 08/18/2010 Service Pack 1 SJ Full Version
    Info: Processing started: Tue Dec  3 21:14:31 2013
Info: Command: quartus_map --read_settings_files=on --write_settings_files=off de2 -c top_de2
Info: Parallel compilation is enabled and will use 8 of the 8 processors detected
Info: Found 1 design units, including 0 entities, in source file /home/epo3-user/Desktop/git/epo3/master/VHDL/vga_score_trans_arch.vhd
    Info: Found design unit 1: vga_score_trans-vga_score_trans_arch
Info: Found 1 design units, including 1 entities, in source file /home/epo3-user/Desktop/git/epo3/master/VHDL/vga_score_trans.vhd
    Info: Found entity 1: vga_score_trans
Info: Found 1 design units, including 0 entities, in source file /home/epo3-user/Desktop/git/epo3/master/VHDL/vga_score_check_arch.vhd
    Info: Found design unit 1: vga_score_check-vga_score_check_arch
Info: Found 1 design units, including 1 entities, in source file /home/epo3-user/Desktop/git/epo3/master/VHDL/vga_score_check.vhd
    Info: Found entity 1: vga_score_check
Info: Found 1 design units, including 0 entities, in source file /home/epo3-user/Desktop/git/epo3/master/VHDL/vga_triggers_arch.vhd
    Info: Found design unit 1: vga_triggers-vga_triggers_arch
Info: Found 1 design units, including 1 entities, in source file /home/epo3-user/Desktop/git/epo3/master/VHDL/vga_triggers.vhd
    Info: Found entity 1: vga_triggers
Info: Found 2 design units, including 1 entities, in source file /home/epo3-user/Desktop/git/epo3/master/VHDL/vga_tb.vhd
    Info: Found design unit 1: vga_tb-vga_tb_arch
    Info: Found entity 1: vga_tb
Info: Found 1 design units, including 0 entities, in source file /home/epo3-user/Desktop/git/epo3/master/VHDL/vga_sync_arch.vhd
    Info: Found design unit 1: vga_sync-vga_sync_arch
Info: Found 1 design units, including 1 entities, in source file /home/epo3-user/Desktop/git/epo3/master/VHDL/vga_sync.vhd
    Info: Found entity 1: vga_sync
Info: Found 1 design units, including 0 entities, in source file /home/epo3-user/Desktop/git/epo3/master/VHDL/vga_read_arch.vhd
    Info: Found design unit 1: vga_read-vga_read_behav
Info: Found 1 design units, including 1 entities, in source file /home/epo3-user/Desktop/git/epo3/master/VHDL/vga_read.vhd
    Info: Found entity 1: vga_read
Info: Found 1 design units, including 0 entities, in source file /home/epo3-user/Desktop/git/epo3/master/VHDL/vga_np_trans_reset_arch.vhd
    Info: Found design unit 1: vga_np_trans_reset-vga_np_trans_reset_arch
Info: Found 1 design units, including 1 entities, in source file /home/epo3-user/Desktop/git/epo3/master/VHDL/vga_np_trans_reset.vhd
    Info: Found entity 1: vga_np_trans_reset
Info: Found 1 design units, including 0 entities, in source file /home/epo3-user/Desktop/git/epo3/master/VHDL/vga_np_trans_arch.vhd
    Info: Found design unit 1: vga_np_trans-vga_np_trans_arch
Info: Found 1 design units, including 1 entities, in source file /home/epo3-user/Desktop/git/epo3/master/VHDL/vga_np_trans.vhd
    Info: Found entity 1: vga_np_trans
Info: Found 1 design units, including 0 entities, in source file /home/epo3-user/Desktop/git/epo3/master/VHDL/vga_np_check_arch.vhd
    Info: Found design unit 1: vga_np_check-vga_np_check_arch
Info: Found 1 design units, including 1 entities, in source file /home/epo3-user/Desktop/git/epo3/master/VHDL/vga_np_check.vhd
    Info: Found entity 1: vga_np_check
Info: Found 1 design units, including 0 entities, in source file /home/epo3-user/Desktop/git/epo3/master/VHDL/vga_field_trans_reset_arch.vhd
    Info: Found design unit 1: vga_field_trans_reset-vga_field_trans_reset_arch
Info: Found 1 design units, including 1 entities, in source file /home/epo3-user/Desktop/git/epo3/master/VHDL/vga_field_trans_reset.vhd
    Info: Found entity 1: vga_field_trans_reset
Info: Found 1 design units, including 0 entities, in source file /home/epo3-user/Desktop/git/epo3/master/VHDL/vga_field_trans_arch.vhd
    Info: Found design unit 1: vga_field_trans-vga_field_trans_arch
Info: Found 1 design units, including 1 entities, in source file /home/epo3-user/Desktop/git/epo3/master/VHDL/vga_field_trans.vhd
    Info: Found entity 1: vga_field_trans
Info: Found 1 design units, including 0 entities, in source file /home/epo3-user/Desktop/git/epo3/master/VHDL/vga_field_check_arch.vhd
    Info: Found design unit 1: vga_field_check-vga_field_check_arch
Info: Found 1 design units, including 1 entities, in source file /home/epo3-user/Desktop/git/epo3/master/VHDL/vga_field_check.vhd
    Info: Found entity 1: vga_field_check
Info: Found 1 design units, including 0 entities, in source file /home/epo3-user/Desktop/git/epo3/master/VHDL/vga_counter_arch.vhd
    Info: Found design unit 1: vga_counter-vga_counter_behav
Info: Found 1 design units, including 1 entities, in source file /home/epo3-user/Desktop/git/epo3/master/VHDL/vga_counter.vhd
    Info: Found entity 1: vga_counter
Info: Found 1 design units, including 0 entities, in source file /home/epo3-user/Desktop/git/epo3/master/VHDL/vga_arch.vhd
    Info: Found design unit 1: vga-vga_arch
Info: Found 1 design units, including 1 entities, in source file /home/epo3-user/Desktop/git/epo3/master/VHDL/vga.vhd
    Info: Found entity 1: vga
Info: Found 2 design units, including 1 entities, in source file /home/epo3-user/Desktop/git/epo3/master/VHDL/tower_tb.vhd
    Info: Found design unit 1: sr_tower_tb-sr_tower_tb_behav
    Info: Found entity 1: sr_tower_tb
Info: Found 1 design units, including 0 entities, in source file /home/epo3-user/Desktop/git/epo3/master/VHDL/tower_arch.vhd
    Info: Found design unit 1: sr_tower-sr_tower_behav
Info: Found 1 design units, including 1 entities, in source file /home/epo3-user/Desktop/git/epo3/master/VHDL/tower.vhd
    Info: Found entity 1: sr_tower
Info: Found 2 design units, including 0 entities, in source file /home/epo3-user/Desktop/git/epo3/master/VHDL/params.vhd
    Info: Found design unit 1: vga_params
    Info: Found design unit 2: vga_params-body
Info: Found 1 design units, including 0 entities, in source file /home/epo3-user/Desktop/git/epo3/master/VHDL/mux5_arch.vhd
    Info: Found design unit 1: mux5-mux5_behav
Info: Found 1 design units, including 1 entities, in source file /home/epo3-user/Desktop/git/epo3/master/VHDL/mux5.vhd
    Info: Found entity 1: mux5
Info: Found 2 design units, including 1 entities, in source file /home/epo3-user/Desktop/git/epo3/master/VHDL/interface_tb.vhd
    Info: Found design unit 1: sr_if_tb-sr_if_tb_behav
    Info: Found entity 1: sr_if_tb
Info: Found 1 design units, including 0 entities, in source file /home/epo3-user/Desktop/git/epo3/master/VHDL/interface_arch.vhd
    Info: Found design unit 1: sr_if-sr_if_behav
Info: Found 1 design units, including 1 entities, in source file /home/epo3-user/Desktop/git/epo3/master/VHDL/interface.vhd
    Info: Found entity 1: sr_if
Info: Found 1 design units, including 0 entities, in source file /home/epo3-user/Desktop/git/epo3/master/VHDL/demux8_inv_arch.vhd
    Info: Found design unit 1: demux8_inv-demux8_inv_behav
Info: Found 1 design units, including 1 entities, in source file /home/epo3-user/Desktop/git/epo3/master/VHDL/demux8_inv.vhd
    Info: Found entity 1: demux8_inv
Info: Found 1 design units, including 0 entities, in source file /home/epo3-user/Desktop/git/epo3/master/VHDL/demux5_arch.vhd
    Info: Found design unit 1: demux5-demux5_behav
Info: Found 1 design units, including 1 entities, in source file /home/epo3-user/Desktop/git/epo3/master/VHDL/demux5.vhd
    Info: Found entity 1: demux5
Info: Found 1 design units, including 0 entities, in source file /home/epo3-user/Desktop/git/epo3/master/VHDL/demux4_inv_arch.vhd
    Info: Found design unit 1: demux4_inv-demux4_inv_behav
Info: Found 1 design units, including 1 entities, in source file /home/epo3-user/Desktop/git/epo3/master/VHDL/demux4_inv.vhd
    Info: Found entity 1: demux4_inv
Info: Found 1 design units, including 0 entities, in source file /home/epo3-user/Desktop/git/epo3/master/VHDL/dec8_arch.vhd
    Info: Found design unit 1: dec8-dec8_behav
Info: Found 1 design units, including 1 entities, in source file /home/epo3-user/Desktop/git/epo3/master/VHDL/dec8.vhd
    Info: Found entity 1: dec8
Info: Found 1 design units, including 1 entities, in source file /home/epo3-user/Desktop/git/epo3/master/VHDL/controller_tb.vhd
    Info: Found entity 1: controller_tb
Info: Found 1 design units, including 0 entities, in source file /home/epo3-user/Desktop/git/epo3/master/VHDL/controller_tb-controller_tb_arch.vhd
    Info: Found design unit 1: controller_tb-controller_tb_arch
Info: Found 1 design units, including 1 entities, in source file /home/epo3-user/Desktop/git/epo3/master/VHDL/controller.vhd
    Info: Found entity 1: controller
Info: Found 1 design units, including 0 entities, in source file /home/epo3-user/Desktop/git/epo3/master/VHDL/controller-controller_arch.vhd
    Info: Found design unit 1: controller-controller_arch
Info: Found 2 design units, including 1 entities, in source file /home/epo3-user/Desktop/git/epo3/master/VHDL/bit4_tb.vhd
    Info: Found design unit 1: bit4_tb-bit4_tb_behav
    Info: Found entity 1: bit4_tb
Info: Found 1 design units, including 1 entities, in source file /home/epo3-user/Desktop/git/epo3/master/VHDL/bit4.vhd
    Info: Found entity 1: bit4
Info: Found 1 design units, including 0 entities, in source file /home/epo3-user/Desktop/git/epo3/master/VHDL/bit4-bit4_behav.vhd
    Info: Found design unit 1: bit4-bit4_behav
Info: Found 44 design units, including 22 entities, in source file /data/public/common/software/opprog/vhdl/cells.vhd
    Info: Found design unit 1: mir_nin-dataflow
    Info: Found design unit 2: mir_pin-dataflow
    Info: Found design unit 3: mir_nout-dataflow
    Info: Found design unit 4: mir_pout-dataflow
    Info: Found design unit 5: ln3x3-dataflow
    Info: Found design unit 6: lp3x3-dataflow
    Info: Found design unit 7: osc10-dataflow
    Info: Found design unit 8: iv110-dataflow
    Info: Found design unit 9: no210-dataflow
    Info: Found design unit 10: no310-dataflow
    Info: Found design unit 11: na210-dataflow
    Info: Found design unit 12: na310-dataflow
    Info: Found design unit 13: ex210-dataflow
    Info: Found design unit 14: buf40-dataflow
    Info: Found design unit 15: tbuf10-dataflow
    Info: Found design unit 16: tinv10-dataflow
    Info: Found design unit 17: mu111-dataflow
    Info: Found design unit 18: mu210-dataflow
    Info: Found design unit 19: de211-dataflow
    Info: Found design unit 20: dfn10-dataflow
    Info: Found design unit 21: dfr11-dataflow
    Info: Found design unit 22: dfa11-dataflow
    Info: Found entity 1: mir_nin
    Info: Found entity 2: mir_pin
    Info: Found entity 3: mir_nout
    Info: Found entity 4: mir_pout
    Info: Found entity 5: ln3x3
    Info: Found entity 6: lp3x3
    Info: Found entity 7: osc10
    Info: Found entity 8: iv110
    Info: Found entity 9: no210
    Info: Found entity 10: no310
    Info: Found entity 11: na210
    Info: Found entity 12: na310
    Info: Found entity 13: ex210
    Info: Found entity 14: buf40
    Info: Found entity 15: tbuf10
    Info: Found entity 16: tinv10
    Info: Found entity 17: mu111
    Info: Found entity 18: mu210
    Info: Found entity 19: de211
    Info: Found entity 20: dfn10
    Info: Found entity 21: dfr11
    Info: Found entity 22: dfa11
Info: Found 1 design units, including 1 entities, in source file top_de2.bdf
    Info: Found entity 1: top_de2
Info: Found 2 design units, including 1 entities, in source file pre_vga_dac.vhd
    Info: Found design unit 1: pre_vga_dac-signal_flow
    Info: Found entity 1: pre_vga_dac
Info: Found 2 design units, including 1 entities, in source file gen6mhz.vhd
    Info: Found design unit 1: gen6mhz-behaviour
    Info: Found entity 1: gen6mhz
Info: Elaborating entity "top_de2" for the top level hierarchy
Info: Elaborating entity "pre_vga_dac" for hierarchy "pre_vga_dac:inst"
Info: Elaborating entity "gen6mhz" for hierarchy "gen6mhz:inst1"
Info: Elaborating entity "vga" for hierarchy "vga:inst3"
Warning (10492): VHDL Process Statement warning at vga_arch.vhd(260): signal "in_score" is read inside the Process Statement but isn't in the Process Statement's sensitivity list
Warning (10492): VHDL Process Statement warning at vga_arch.vhd(261): signal "mem_addr_score" is read inside the Process Statement but isn't in the Process Statement's sensitivity list
Info: Elaborating entity "vga_counter" for hierarchy "vga:inst3|vga_counter:counter"
Info: Elaborating entity "vga_sync" for hierarchy "vga:inst3|vga_sync:sync"
Info: Elaborating entity "vga_triggers" for hierarchy "vga:inst3|vga_triggers:triggers"
Info: Elaborating entity "vga_read" for hierarchy "vga:inst3|vga_read:read_and_output"
Info: Elaborating entity "vga_field_trans" for hierarchy "vga:inst3|vga_field_trans:field_translation"
Info: Elaborating entity "vga_field_trans_reset" for hierarchy "vga:inst3|vga_field_trans_reset:field_translation_reset"
Info: Elaborating entity "vga_field_check" for hierarchy "vga:inst3|vga_field_check:field_check"
Info: Elaborating entity "vga_np_trans" for hierarchy "vga:inst3|vga_np_trans:np_translation"
Info: Elaborating entity "vga_np_trans_reset" for hierarchy "vga:inst3|vga_np_trans_reset:np_translation_reset"
Info: Elaborating entity "vga_np_check" for hierarchy "vga:inst3|vga_np_check:np_check"
Info: Elaborating entity "vga_score_trans" for hierarchy "vga:inst3|vga_score_trans:score_translation"
Info: Elaborating entity "vga_score_check" for hierarchy "vga:inst3|vga_score_check:score_check"
Info: Elaborating entity "sr_if" for hierarchy "sr_if:inst2"
Info: Elaborating entity "sr_tower" for hierarchy "sr_if:inst2|sr_tower:\generate_tower:0:tower_mod"
Info: Elaborating entity "bit4" for hierarchy "sr_if:inst2|sr_tower:\generate_tower:0:tower_mod|bit4:\generate_bit4:0:bit4_mod"
Info: Elaborating entity "dfr11" for hierarchy "sr_if:inst2|sr_tower:\generate_tower:0:tower_mod|bit4:\generate_bit4:0:bit4_mod|dfr11:dfr11_0"
Info: Elaborating entity "mu111" for hierarchy "sr_if:inst2|sr_tower:\generate_tower:0:tower_mod|bit4:\generate_bit4:0:bit4_mod|mu111:mu111_1"
Info: Elaborating entity "no210" for hierarchy "sr_if:inst2|sr_tower:\generate_tower:0:tower_mod|bit4:\generate_bit4:0:bit4_mod|no210:no210_2"
Info: Elaborating entity "mu210" for hierarchy "sr_if:inst2|sr_tower:\generate_tower:0:tower_mod|bit4:\generate_bit4:0:bit4_mod|mu210:mu210_12"
Info: Elaborating entity "tbuf10" for hierarchy "sr_if:inst2|sr_tower:\generate_tower:0:tower_mod|bit4:\generate_bit4:0:bit4_mod|tbuf10:tbuf10_14"
Info: Elaborating entity "demux8_inv" for hierarchy "sr_if:inst2|sr_tower:\generate_tower:0:tower_mod|demux8_inv:demux8_inv_we_com"
Info: Elaborating entity "dec8" for hierarchy "sr_if:inst2|sr_tower:\generate_tower:0:tower_mod|dec8:dec8_re_1"
Info: Elaborating entity "demux4_inv" for hierarchy "sr_if:inst2|sr_tower:\generate_tower:0:tower_mod|demux4_inv:demux4_inv_we_i"
Info: Elaborating entity "mux5" for hierarchy "sr_if:inst2|mux5:mux5_do1"
Info: Elaborating entity "demux5" for hierarchy "sr_if:inst2|demux5:demux5_we"
Warning: Tri-state node(s) do not directly drive top-level pin(s)
    Warning: Converted tri-state node "sr_if:inst2|sr_tower:\generate_tower:4:tower_mod|do2" into a selector
    Warning: Converted tri-state node "sr_if:inst2|sr_tower:\generate_tower:3:tower_mod|do2" into a selector
    Warning: Converted tri-state node "sr_if:inst2|sr_tower:\generate_tower:2:tower_mod|do2" into a selector
    Warning: Converted tri-state node "sr_if:inst2|sr_tower:\generate_tower:1:tower_mod|do2" into a selector
    Warning: Converted tri-state node "sr_if:inst2|sr_tower:\generate_tower:0:tower_mod|do2" into a selector
Warning: Output pins are stuck at VCC or GND
    Warning (13410): Pin "vga_sync" is stuck at GND
    Warning (13410): Pin "vga_blank" is stuck at VCC
Info: Generating hard_block partition "hard_block:auto_generated_inst"
Info: Implemented 98 device resources after synthesis - the final resource count might be different
    Info: Implemented 2 input pins
    Info: Implemented 35 output pins
    Info: Implemented 61 logic cells
Info: Quartus II Analysis & Synthesis was successful. 0 errors, 11 warnings
    Info: Peak virtual memory: 268 megabytes
    Info: Processing ended: Tue Dec  3 21:14:37 2013
    Info: Elapsed time: 00:00:06
    Info: Total CPU time (on all processors): 00:00:03


