                  0 UUNNNNNNNNTTLXDLDDTTTTTTTTTN
                 10 DUNNNNNNNNTTLXDLDDTTTTTTTTTN
                 20 UUNNNNNNNNTTLXDLDDTTTTTTTTTN
                 30 DDNNNNNNNNTTLXDLDDTTTTTTTTTN
                 40 UDNNNNNNNNTTLLDLDDTTTTTTTTTN
                 50 DDDUUDUUDDTTLLULDDTTTTTTTTTN
                 60 UDDUUDUUDDLLLLUHDDLTTTTTTTTN
                 70 DDDUUDUUDDLLLLUHDDLTTTTTTTTD
                 80 UDDUUDUUDDLLLLUHDDLTTTTTTTTD
                 90 DDDUUDUUDDLLLLUHDDLTTTTTTTTD
                100 UDDUUDUUDDLLLLUHDDLTTTTTTTTD
                110 DDDUUDUUDDLLLLUHDDLTTTTTTTTD
                120 UDDUUDUUDDLLLLUHDDLTTTTTTTTD
                130 DDDUUDUUDDLLLLUHDDLTTTTTTTTD
                140 UDDUUDUUDDLLLLUHDDLTTTTTTTTD
                150 DDDUUDUUDDLLLLUHDDLTTTTTTTTD
                160 UDDUUDUUDDLLLLUHDDLTTTTTTTTD
                170 DDDUUDUUDDLLLLUHDDLTTTTTTTTD
                180 UDDUUDUUDDLLLLUHDDLTTTTTTTTD
                190 DDDUUDUUDDLLLLUHDDLTTTTTTTTD
                200 UDDUUDUUDDLLLLUHDDLTTTTTTTTD
                210 DDDUUDUUDDLLLLUHUDLTTTTTTTTD
                220 UDDUUDUUDDLLLLULUDLLHHLHHLLD
                230 DDDUUDUUDDLLLLULUDLLHHLHHLLD
                240 UDDUUDUUDDLLLLULUDLTTTTTTTTD
                250 DDDUUDUUDDLLLLULDDLTTTTTTTTD
                260 UDDUUDUUDDLHLLUHDDLTTTTTTTTD
                270 DDDUUDUUDDLHLLUHDDLTTTTTTTTD
                280 UDDUUDUUDDLHLLUHDDLTTTTTTTTD
                290 DDDUUDUUDDLHLLUHDDLTTTTTTTTD
                300 UDDUUDUUDDLHLLUHDDLTTTTTTTTD
                310 DDDUUDUUDDLHLLUHDDLTTTTTTTTD
                320 UDDUUDUUDDLHLLUHDDLTTTTTTTTD
                330 DDDUUDUUDDLHLLUHDDLTTTTTTTTD
                340 UDDUUDUUDDLHLLUHDDLTTTTTTTTD
                350 DDDUUDUUDDLHLLUHDDLTTTTTTTTD
                360 UDDUUDUUDDLHLLUHDDLTTTTTTTTD
                370 DDDUUDUUDDLHLLUHDDLTTTTTTTTD
                380 UDDUUDUUDDLHLLUHDDLTTTTTTTTD
                390 DDDUUDUUDDLHLLUHDDLTTTTTTTTD
                400 UDDUUDUUDDLHLLUHDDLTTTTTTTTD
                410 DDDUUDUUDDLHLLUHDDLTTTTTTTTD
                420 UDDUUDUUDDLHLLUHDDLTTTTTTTTD
                430 DDDUUDUUDDLHLLUHDDLTTTTTTTTD
                440 UDDUUDUUDDLHLLUHDDLTTTTTTTTD
                450 DDDUUDUUDDLHLLUHDDLTTTTTTTTD
                460 UDDUUDUUDDLHLLUHDDLTTTTTTTTD
                470 DDDUUDUUDDLHLLUHDDLTTTTTTTTD
                480 UDDUUDUUDDLHLLUHDDLTTTTTTTTD
                490 DDDUUDUUDDLHLLUHDDLTTTTTTTTD
                500 UDDUUDUUDDLHLLUHDDLTTTTTTTTD
                510 DDDUUDUUDDLHLLUHDDLTTTTTTTTD
                520 UDDUUDUUDDLHLLUHDDLTTTTTTTTD
                530 DDDUUDUUDDLHLLUHDDLTTTTTTTTD
                540 UDDUUDUUDDLHLLUHDDLTTTTTTTTD
                550 DDDUUDUUDDLHLLUHDDLTTTTTTTTD
                560 UDDUUDUUDDLHLLUHDDLTTTTTTTTD
                570 DDDUUDUUDDLHLLUHDDLTTTTTTTTD
                580 UDDUUDUUDDLHLLUHDDLTTTTTTTTD
                590 DDDUUDUUDDLHLLUHDDLTTTTTTTTD
                600 UDDUUDUUDDLHLLUHDDLTTTTTTTTD
                610 DDDUUDUUDDLHLLUHDDLTTTTTTTTD
                620 UDDUUDUUDDLHLLUHDDLTTTTTTTTD
                630 DDDUUDUUDDLHLLUHDDLTTTTTTTTD
                640 UDDUUDUUDDLHLLUHDDLTTTTTTTTD
                650 DDDUUDUUDDLHLLUHDDLTTTTTTTTD
                660 UDDUUDUUDDLHLLUHDDLTTTTTTTTD
                670 DDDUUDUUDDLHLLUHDDLTTTTTTTTD
                680 UDDUUDUUDDLHLLUHDDLTTTTTTTTD
                690 DDDUUDUUDDLHLLUHDDLTTTTTTTTD
                700 UDDUUDUUDDLHLLUHDDLTTTTTTTTD
                710 DDDUUDUUDDLHLLUHUDLTTTTTTTTD
                720 UDDUUDUUDDLHLLULUDLLHHLHHLLD
                730 DDDUUDUUDDLHLLULUDLLHHLHHLLD
                740 UDDUUDUUDDLHLLULUDLTTTTTTTTD
                750 DDDUUDUUDDLHLLULDDLTTTTTTTTD
                760 UDDUUDUUDDHLLLUHDDLTTTTTTTTD
                770 DDDUUDUUDDHLLLUHDDLTTTTTTTTD
                780 UDDUUDUUDDHLLLUHDDLTTTTTTTTD
                790 DDDUUDUUDDHLLLUHDDLTTTTTTTTD
                800 UDDUUDUUDDHLLLUHDDLTTTTTTTTD
                810 DDDUUDUUDDHLLLUHDDLTTTTTTTTD
                820 UDDUUDUUDDHLLLUHDDLTTTTTTTTD
                830 DDDUUDUUDDHLLLUHDDLTTTTTTTTD
                840 UDDUUDUUDDHLLLUHDDLTTTTTTTTD
                850 DDDUUDUUDDHLLLUHDDLTTTTTTTTD
                860 UDDUUDUUDDHLLLUHDDLTTTTTTTTD
                870 DDDUUDUUDDHLLLUHDDLTTTTTTTTD
                880 UDDUUDUUDDHLLLUHDDLTTTTTTTTD
                890 DDDUUDUUDDHLLLUHDDLTTTTTTTTD
                900 UDDUUDUUDDHLLLUHDDLTTTTTTTTD
                910 DDDUUDUUDDHLLLUHDDLTTTTTTTTD
                920 UDDUUDUUDDHLLLUHDDLTTTTTTTTD
                930 DDDUUDUUDDHLLLUHDDLTTTTTTTTD
                940 UDDUUDUUDDHLLLUHDDLTTTTTTTTD
                950 DUDUUDUUDDHLLLUHDDLTTTTTTTTD
                960 UUDUUDUUDDTTLLULDDTTTTTTTTTD
                970 DDDUUDUUDDTTLLULDDTTTTTTTTTD
                980 UDDUUDUUDDLLLLUHDDLTTTTTTTTD
                990 DDDDDDUUUULLLLUHDDLTTTTTTTTD
               1000 UDDDDDUUUULLLLUHDDLTTTTTTTTD
