====================================================================================================================================
                                                               S L S                                                                
                                                            version: 3.3                                                            
                                                S I M U L A T I O N   R E S U L T S                                                 
====================================================================================================================================
 time         | c   r   m   m   m   m   m   m   m   m   m   m   r   e   s   l   l   l   w   a   a   a   a   a   a   a   a   d 
 in 1e-09 sec | l   s   a   a   a   a   a   a   a   a   a   a   e   m   t   u   u   u   r   d   d   d   d   d   d   d   d   a 
              | k   t   s   s   s   s   s   s   s   s   s   s   a   p   a   t   t   t   i   d   d   d   d   d   d   d   d   t 
              |         k   k   k   k   k   k   k   k   k   k   d   t   r   _   _   _   t   r   r   r   r   r   r   r   r   a 
              |         _   _   _   _   _   _   _   _   _   _   y   y   t   s   r   e   e   _   _   _   _   _   _   _   _   _ 
              |         7   7   7   7   7   7   7   7   s   s               t   e   r       7   7   7   7   7   7   7   7   i 
              |         _   _   _   _   _   _   _   _   e   e               a   a   r       _   _   _   _   _   _   _   _   n 
              |         0   0   0   0   0   0   0   0   l   l               r   d   o       0   0   0   0   0   0   0   0     
              |         _   _   _   _   _   _   _   _   e   e               t   y   r       _   _   _   _   _   _   _   _     
              |         7   6   5   4   3   2   1   0   c   c                               7   6   5   4   3   2   1   0     
              |                                         t   t                                                                 
              |                                         _   _                                                                 
              |                                         1   1                                                                 
              |                                         _   _                                                                 
              |                                         0   0                                                                 
              |                                         _   _                                                                 
              |                                         1   0                                                                 
====================================================================================================================================
          0.0 | 1   1   x   x   x   x   x   x   x   x   x   x   x   x   0   x   0   0   x   x   x   x   x   x   x   x   x   x
          0.0 | 1   1   x   x   x   x   x   x   x   x   0   0   0   1   0   0   0   0   1   x   x   x   x   x   x   x   x   x
         10.0 | 0   1   x   x   x   x   x   x   x   x   0   0   0   1   0   0   0   0   1   x   x   x   x   x   x   x   x   x
         20.0 | 1   1   x   x   x   x   x   x   x   x   0   0   0   1   0   0   0   0   1   x   x   x   x   x   x   x   x   x
         30.0 | 0   0   x   x   x   x   x   x   x   x   0   0   0   1   0   0   0   0   1   x   x   x   x   x   x   x   x   x
         40.0 | 1   0   x   x   x   x   x   x   x   x   0   0   0   1   0   0   0   0   1   x   x   x   x   x   x   x   x   x
         40.8 | 1   0   x   x   x   x   x   x   x   x   0   0   0   0   0   0   0   0   1   x   x   x   x   x   x   x   x   x
         50.0 | 0   0   0   1   1   0   1   1   0   0   0   0   0   0   1   0   0   0   1   x   x   x   x   x   x   x   x   x
         60.0 | 1   0   0   1   1   0   1   1   0   0   0   0   0   0   1   0   0   0   1   x   x   x   x   x   x   x   x   x
         61.6 | 1   0   0   1   1   0   1   1   0   0   0   0   0   0   1   1   0   0   1   x   x   x   x   x   x   x   x   x
         62.4 | 1   0   0   1   1   0   1   1   0   0   0   0   0   0   1   1   0   0   0   x   x   x   x   x   x   x   x   x
         70.0 | 0   0   0   1   1   0   1   1   0   0   0   0   0   0   1   1   0   0   0   x   x   x   x   x   x   x   x   0
         80.0 | 1   0   0   1   1   0   1   1   0   0   0   0   0   0   1   1   0   0   0   x   x   x   x   x   x   x   x   0
         90.0 | 0   0   0   1   1   0   1   1   0   0   0   0   0   0   1   1   0   0   0   x   x   x   x   x   x   x   x   0
        100.0 | 1   0   0   1   1   0   1   1   0   0   0   0   0   0   1   1   0   0   0   x   x   x   x   x   x   x   x   0
        110.0 | 0   0   0   1   1   0   1   1   0   0   0   0   0   0   1   1   0   0   0   x   x   x   x   x   x   x   x   0
        120.0 | 1   0   0   1   1   0   1   1   0   0   0   0   0   0   1   1   0   0   0   x   x   x   x   x   x   x   x   0
        130.0 | 0   0   0   1   1   0   1   1   0   0   0   0   0   0   1   1   0   0   0   x   x   x   x   x   x   x   x   0
        140.0 | 1   0   0   1   1   0   1   1   0   0   0   0   0   0   1   1   0   0   0   x   x   x   x   x   x   x   x   0
        150.0 | 0   0   0   1   1   0   1   1   0   0   0   0   0   0   1   1   0   0   0   x   x   x   x   x   x   x   x   0
        160.0 | 1   0   0   1   1   0   1   1   0   0   0   0   0   0   1   1   0   0   0   x   x   x   x   x   x   x   x   0
        170.0 | 0   0   0   1   1   0   1   1   0   0   0   0   0   0   1   1   0   0   0   x   x   x   x   x   x   x   x   0
        180.0 | 1   0   0   1   1   0   1   1   0   0   0   0   0   0   1   1   0   0   0   x   x   x   x   x   x   x   x   0
        190.0 | 0   0   0   1   1   0   1   1   0   0   0   0   0   0   1   1   0   0   0   x   x   x   x   x   x   x   x   0
        200.0 | 1   0   0   1   1   0   1   1   0   0   0   0   0   0   1   1   0   0   0   x   x   x   x   x   x   x   x   0
        210.0 | 0   0   0   1   1   0   1   1   0   0   0   0   0   0   1   1   1   0   0   x   x   x   x   x   x   x   x   0
        220.0 | 1   0   0   1   1   0   1   1   0   0   0   0   0   0   1   1   1   0   0   x   x   x   x   x   x   x   x   0
        221.9 | 1   0   0   1   1   0   1   1   0   0   0   0   0   0   1   0   1   0   0   x   x   x   x   x   x   x   x   0
        224.1 | 1   0   0   1   1   0   1   1   0   0   0   0   0   0   1   0   1   0   0   0   1   1   0   x   1   0   0   0
        224.2 | 1   0   0   1   1   0   1   1   0   0   0   0   0   0   1   0   1   0   0   0   1   1   0   1   1   0   0   0
        230.0 | 0   0   0   1   1   0   1   1   0   0   0   0   0   0   1   0   1   0   0   0   1   1   0   1   1   0   0   0
        240.0 | 1   0   0   1   1   0   1   1   0   0   0   0   0   0   1   0   1   0   0   0   1   1   0   1   1   0   0   0
        241.5 | 1   0   0   1   1   0   1   1   0   0   0   0   0   0   1   1   1   0   0   0   1   1   0   1   1   0   0   0
        241.9 | 1   0   0   1   1   0   1   1   0   0   0   0   0   0   1   0   1   0   0   0   1   1   0   1   1   0   0   0
        250.0 | 0   0   0   1   1   0   1   1   0   0   0   0   0   0   1   0   0   0   0   0   1   1   0   1   1   0   0   0
        260.0 | 1   0   0   1   1   0   1   1   0   0   0   0   0   0   1   0   0   0   0   0   1   1   0   1   1   0   0   0
        261.5 | 1   0   0   1   1   0   1   1   0   0   0   1   0   0   1   0   0   0   0   0   1   1   0   1   1   0   0   0
        262.2 | 1   0   0   1   1   0   1   1   0   0   0   1   0   0   1   1   0   0   0   0   1   1   0   1   1   0   0   0
        270.0 | 0   0   0   1   1   0   1   1   0   0   0   1   0   0   1   1   0   0   0   0   1   1   0   1   1   0   0   0
        280.0 | 1   0   0   1   1   0   1   1   0   0   0   1   0   0   1   1   0   0   0   0   1   1   0   1   1   0   0   0
        290.0 | 0   0   0   1   1   0   1   1   0   0   0   1   0   0   1   1   0   0   0   0   1   1   0   1   1   0   0   0
        300.0 | 1   0   0   1   1   0   1   1   0   0   0   1   0   0   1   1   0   0   0   0   1   1   0   1   1   0   0   0
        310.0 | 0   0   0   1   1   0   1   1   0   0   0   1   0   0   1   1   0   0   0   0   1   1   0   1   1   0   0   0
        320.0 | 1   0   0   1   1   0   1   1   0   0   0   1   0   0   1   1   0   0   0   0   1   1   0   1   1   0   0   0
        330.0 | 0   0   0   1   1   0   1   1   0   0   0   1   0   0   1   1   0   0   0   0   1   1   0   1   1   0   0   0
        340.0 | 1   0   0   1   1   0   1   1   0   0   0   1   0   0   1   1   0   0   0   0   1   1   0   1   1   0   0   0
        350.0 | 0   0   0   1   1   0   1   1   0   0   0   1   0   0   1   1   0   0   0   0   1   1   0   1   1   0   0   0
        360.0 | 1   0   0   1   1   0   1   1   0   0   0   1   0   0   1   1   0   0   0   0   1   1   0   1   1   0   0   0
        370.0 | 0   0   0   1   1   0   1   1   0   0   0   1   0   0   1   1   0   0   0   0   1   1   0   1   1   0   0   0
        380.0 | 1   0   0   1   1   0   1   1   0   0   0   1   0   0   1   1   0   0   0   0   1   1   0   1   1   0   0   0
        390.0 | 0   0   0   1   1   0   1   1   0   0   0   1   0   0   1   1   0   0   0   0   1   1   0   1   1   0   0   0
        400.0 | 1   0   0   1   1   0   1   1   0   0   0   1   0   0   1   1   0   0   0   0   1   1   0   1   1   0   0   0
        410.0 | 0   0   0   1   1   0   1   1   0   0   0   1   0   0   1   1   0   0   0   0   1   1   0   1   1   0   0   0
        420.0 | 1   0   0   1   1   0   1   1   0   0   0   1   0   0   1   1   0   0   0   0   1   1   0   1   1   0   0   0
        430.0 | 0   0   0   1   1   0   1   1   0   0   0   1   0   0   1   1   0   0   0   0   1   1   0   1   1   0   0   0
        440.0 | 1   0   0   1   1   0   1   1   0   0   0   1   0   0   1   1   0   0   0   0   1   1   0   1   1   0   0   0
        450.0 | 0   0   0   1   1   0   1   1   0   0   0   1   0   0   1   1   0   0   0   0   1   1   0   1   1   0   0   0
        460.0 | 1   0   0   1   1   0   1   1   0   0   0   1   0   0   1   1   0   0   0   0   1   1   0   1   1   0   0   0
        470.0 | 0   0   0   1   1   0   1   1   0   0   0   1   0   0   1   1   0   0   0   0   1   1   0   1   1   0   0   0
        480.0 | 1   0   0   1   1   0   1   1   0   0   0   1   0   0   1   1   0   0   0   0   1   1   0   1   1   0   0   0
        490.0 | 0   0   0   1   1   0   1   1   0   0   0   1   0   0   1   1   0   0   0   0   1   1   0   1   1   0   0   0
        500.0 | 1   0   0   1   1   0   1   1   0   0   0   1   0   0   1   1   0   0   0   0   1   1   0   1   1   0   0   0
        510.0 | 0   0   0   1   1   0   1   1   0   0   0   1   0   0   1   1   0   0   0   0   1   1   0   1   1   0   0   0
        520.0 | 1   0   0   1   1   0   1   1   0   0   0   1   0   0   1   1   0   0   0   0   1   1   0   1   1   0   0   0
        530.0 | 0   0   0   1   1   0   1   1   0   0   0   1   0   0   1   1   0   0   0   0   1   1   0   1   1   0   0   0
        540.0 | 1   0   0   1   1   0   1   1   0   0   0   1   0   0   1   1   0   0   0   0   1   1   0   1   1   0   0   0
        550.0 | 0   0   0   1   1   0   1   1   0   0   0   1   0   0   1   1   0   0   0   0   1   1   0   1   1   0   0   0
        560.0 | 1   0   0   1   1   0   1   1   0   0   0   1   0   0   1   1   0   0   0   0   1   1   0   1   1   0   0   0
        570.0 | 0   0   0   1   1   0   1   1   0   0   0   1   0   0   1   1   0   0   0   0   1   1   0   1   1   0   0   0
        580.0 | 1   0   0   1   1   0   1   1   0   0   0   1   0   0   1   1   0   0   0   0   1   1   0   1   1   0   0   0
        590.0 | 0   0   0   1   1   0   1   1   0   0   0   1   0   0   1   1   0   0   0   0   1   1   0   1   1   0   0   0
        600.0 | 1   0   0   1   1   0   1   1   0   0   0   1   0   0   1   1   0   0   0   0   1   1   0   1   1   0   0   0
        610.0 | 0   0   0   1   1   0   1   1   0   0   0   1   0   0   1   1   0   0   0   0   1   1   0   1   1   0   0   0
        620.0 | 1   0   0   1   1   0   1   1   0   0   0   1   0   0   1   1   0   0   0   0   1   1   0   1   1   0   0   0
        630.0 | 0   0   0   1   1   0   1   1   0   0   0   1   0   0   1   1   0   0   0   0   1   1   0   1   1   0   0   0
        640.0 | 1   0   0   1   1   0   1   1   0   0   0   1   0   0   1   1   0   0   0   0   1   1   0   1   1   0   0   0
        650.0 | 0   0   0   1   1   0   1   1   0   0   0   1   0   0   1   1   0   0   0   0   1   1   0   1   1   0   0   0
        660.0 | 1   0   0   1   1   0   1   1   0   0   0   1   0   0   1   1   0   0   0   0   1   1   0   1   1   0   0   0
        670.0 | 0   0   0   1   1   0   1   1   0   0   0   1   0   0   1   1   0   0   0   0   1   1   0   1   1   0   0   0
        680.0 | 1   0   0   1   1   0   1   1   0   0   0   1   0   0   1   1   0   0   0   0   1   1   0   1   1   0   0   0
        690.0 | 0   0   0   1   1   0   1   1   0   0   0   1   0   0   1   1   0   0   0   0   1   1   0   1   1   0   0   0
        700.0 | 1   0   0   1   1   0   1   1   0   0   0   1   0   0   1   1   0   0   0   0   1   1   0   1   1   0   0   0
        710.0 | 0   0   0   1   1   0   1   1   0   0   0   1   0   0   1   1   1   0   0   0   1   1   0   1   1   0   0   0
        720.0 | 1   0   0   1   1   0   1   1   0   0   0   1   0   0   1   1   1   0   0   0   1   1   0   1   1   0   0   0
        721.9 | 1   0   0   1   1   0   1   1   0   0   0   1   0   0   1   0   1   0   0   0   1   1   0   1   1   0   0   0
        730.0 | 0   0   0   1   1   0   1   1   0   0   0   1   0   0   1   0   1   0   0   0   1   1   0   1   1   0   0   0
        740.0 | 1   0   0   1   1   0   1   1   0   0   0   1   0   0   1   0   1   0   0   0   1   1   0   1   1   0   0   0
        741.5 | 1   0   0   1   1   0   1   1   0   0   0   1   0   0   1   1   1   0   0   0   1   1   0   1   1   0   0   0
        741.9 | 1   0   0   1   1   0   1   1   0   0   0   1   0   0   1   0   1   0   0   0   1   1   0   1   1   0   0   0
        750.0 | 0   0   0   1   1   0   1   1   0   0   0   1   0   0   1   0   0   0   0   0   1   1   0   1   1   0   0   0
        760.0 | 1   0   0   1   1   0   1   1   0   0   0   1   0   0   1   0   0   0   0   0   1   1   0   1   1   0   0   0
        761.7 | 1   0   0   1   1   0   1   1   0   0   1   0   0   0   1   0   0   0   0   0   1   1   0   1   1   0   0   0
        762.2 | 1   0   0   1   1   0   1   1   0   0   1   0   0   0   1   1   0   0   0   0   1   1   0   1   1   0   0   0
        770.0 | 0   0   0   1   1   0   1   1   0   0   1   0   0   0   1   1   0   0   0   0   1   1   0   1   1   0   0   0
        780.0 | 1   0   0   1   1   0   1   1   0   0   1   0   0   0   1   1   0   0   0   0   1   1   0   1   1   0   0   0
        790.0 | 0   0   0   1   1   0   1   1   0   0   1   0   0   0   1   1   0   0   0   0   1   1   0   1   1   0   0   0
        800.0 | 1   0   0   1   1   0   1   1   0   0   1   0   0   0   1   1   0   0   0   0   1   1   0   1   1   0   0   0
        810.0 | 0   0   0   1   1   0   1   1   0   0   1   0   0   0   1   1   0   0   0   0   1   1   0   1   1   0   0   0
        820.0 | 1   0   0   1   1   0   1   1   0   0   1   0   0   0   1   1   0   0   0   0   1   1   0   1   1   0   0   0
        830.0 | 0   0   0   1   1   0   1   1   0   0   1   0   0   0   1   1   0   0   0   0   1   1   0   1   1   0   0   0
        840.0 | 1   0   0   1   1   0   1   1   0   0   1   0   0   0   1   1   0   0   0   0   1   1   0   1   1   0   0   0
        850.0 | 0   0   0   1   1   0   1   1   0   0   1   0   0   0   1   1   0   0   0   0   1   1   0   1   1   0   0   0
        860.0 | 1   0   0   1   1   0   1   1   0   0   1   0   0   0   1   1   0   0   0   0   1   1   0   1   1   0   0   0
        870.0 | 0   0   0   1   1   0   1   1   0   0   1   0   0   0   1   1   0   0   0   0   1   1   0   1   1   0   0   0
        880.0 | 1   0   0   1   1   0   1   1   0   0   1   0   0   0   1   1   0   0   0   0   1   1   0   1   1   0   0   0
        890.0 | 0   0   0   1   1   0   1   1   0   0   1   0   0   0   1   1   0   0   0   0   1   1   0   1   1   0   0   0
        900.0 | 1   0   0   1   1   0   1   1   0   0   1   0   0   0   1   1   0   0   0   0   1   1   0   1   1   0   0   0
        910.0 | 0   0   0   1   1   0   1   1   0   0   1   0   0   0   1   1   0   0   0   0   1   1   0   1   1   0   0   0
        920.0 | 1   0   0   1   1   0   1   1   0   0   1   0   0   0   1   1   0   0   0   0   1   1   0   1   1   0   0   0
        930.0 | 0   0   0   1   1   0   1   1   0   0   1   0   0   0   1   1   0   0   0   0   1   1   0   1   1   0   0   0
        940.0 | 1   0   0   1   1   0   1   1   0   0   1   0   0   0   1   1   0   0   0   0   1   1   0   1   1   0   0   0
        950.0 | 0   1   0   1   1   0   1   1   0   0   1   0   0   0   1   1   0   0   0   0   1   1   0   1   1   0   0   0
        960.0 | 1   1   0   1   1   0   1   1   0   0   1   0   0   0   1   1   0   0   0   0   1   1   0   1   1   0   0   0
        962.1 | 1   1   0   1   1   0   1   1   0   0   1   0   0   0   1   0   0   0   0   0   1   1   0   1   1   0   0   0
        970.0 | 0   0   0   1   1   0   1   1   0   0   1   0   0   0   1   0   0   0   0   0   1   1   0   1   1   0   0   0
        980.0 | 1   0   0   1   1   0   1   1   0   0   1   0   0   0   1   0   0   0   0   0   1   1   0   1   1   0   0   0
        981.6 | 1   0   0   1   1   0   1   1   0   0   1   0   0   0   1   1   0   0   0   0   1   1   0   1   1   0   0   0
        982.3 | 1   0   0   1   1   0   1   1   0   0   0   0   0   0   1   1   0   0   0   0   1   1   0   1   1   0   0   0
        990.0 | 0   0   0   0   0   0   1   1   1   1   0   0   0   0   1   1   0   0   0   0   1   1   0   1   1   0   0   0
        990.1 | 0   0   0   0   0   0   1   1   1   1   0   0   0   0   1   1   0   0   0   0   x   1   0   1   1   x   x   0
        999.9 | 0   0   0   0   0   0   1   1   1   1   0   0   0   0   1   1   0   0   0   0   x   1   0   1   1   x   x   0
====================================================================================================================================
  network : Check_mask                                                                                                 nodes : 279  
====================================================================================================================================
