                  0 UUXXXLXXXXXXXXXLNNNNLDLLDLDLDLLDLDDDDDU
                 80 DUXXXLXXXXXXXXXLNNNNLDLLDLDLDLLDLDDDDDU
                160 UUXXXLXXXXXXXXXLNNNNLDLLDLDLDLLDLDDDDDU
                240 DUXXXLXXXXXXXXXLNNNNLDLLDLDLDLLDLDDDDDU
                250 DDXXXLXXXXXXXXXLDDDULDLLDLDLDLLDLDDDDDU
                320 UDLLLLXXXXXXXXXHDDDULDLLDLDLDHLDLDDDDDU
                322 UDLLLLLLLLLLXLLHDDDULDLLDLDLDHLDLDDDDDU
                323 UDLLLLLLLLLLLLLHDDDULDLLDLDLDHLDLDDDDDU
                400 DDLLLLLLLLLLLLLHDDDULDLLDLDLDHLDLDDDDDU
                410 DDLLLLLLLLLLLLLHDDDULDLLDLDLDHLDLDDDDDD
                480 UDLLLLLLLLLLLLLLDDDULDLLDLDLDHLDLDDDDDD
                560 DDLLLLLLLLLLLLLLDDDULDLLDLDLDHLDLDDDDDD
                640 UDLLLHLLLLLLLLLLDDDULDLHDLDLDHLDLDDDDDD
                720 DDLLLHLLLLLLLLLLDDDULDLHDLDLDHLDLDDDDDD
                730 DDLLLHLLLLLLLLLLDDDULDLHDLDLDHLDLDDDDDU
                800 UDLLLHLLLLLLLLLLDDDULDLHDLDLDHLDLDDDDDU
                880 DDLLLHLLLLLLLLLLDDDULDLHDLDLDHLDLDDDDDU
                960 UDLLLHLLLLLLLLLLDDDULDLHDLDLDHLDLDDDDDU
               1040 DDLLLHLLLLLLLLLLDDDULDLHDLDLDHLDLDDDDDU
               1050 DDLLLHLLLLLLLLLLDDDULDLHDLDLDHLDLDDDDDD
               1120 UDLLLHLLLLLLLLLLDDDULDLHDLDLDHLDLDDDDDD
               1200 DDLLLHLLLLLLLLLLDDDULDLHDLDLDHLDLDDDDDD
               1280 UDLLLHLLLLLLLLLLDDDULDLHDLDLDHLDLDDDDDD
               1360 DDLLLHLLLLLLLLLLDDDULDLHDLDLDHLDLDDDDDD
               1440 UDLLLHLLLLLLLLLLDDDULDLLULDLDHLDLDDDDDD
               1520 DDLLLHLLLLLLLLLLDDDULDLLULDLDHLDLDDDDDD
               1600 UDLLLHLLLLLLLLLLDDDULDHHDLDLDHLDLDDDDDD
               1680 DDLLLHLLLLLLLLLLDDDULDHHDLDLDHLDLDDDDDD
               1760 UDLLLHLLLLLLLLLLDDDULDHHDLDLDHLDLDDDDDD
               1840 DDLLLHLLLLLLLLLLDDDULDHHDLDLDHLDLDDDDDD
               1920 UDLLLHLLLLLLLLLLDDDULDHHDLDLDHLDLDDDDDD
               2000 DDLLLHLLLLLLLLLLDDDULDHHDLDLDHLDLDDDDDD
               2080 UDLLLHLLLLLLLLLLDDDULDHHDLDLDHLDLDDDDDD
               2160 DDLLLHLLLLLLLLLLDDDULDHHDLDLDHLDLDDDDDD
               2240 UDLLLHLLLLLLLLLLDDDULDHHDLDLDHLDLDDDDDD
               2320 DDLLLHLLLLLLLLLLDDDULDHHDLDLDHLDLDDDDDD
               2400 UDLLLHLLLLLLLLLLDDDULDHHULDLDHLDLDDDDDD
               2480 DDLLLHLLLLLLLLLLDDDULDHHULDLDHLDLDDDDDD
               2560 UDLLLLLLLLLLLLLLDDDUHDLLDLDLDHLDLDDDDDD
               2562 UDLLLLLHHLLLLLLLDDDUHDLLDLDLDHLDLDDDDDD
               2640 DDLLLLLHHLLLLLLLDDDUHDLLDLDLDHLDLDDDDDD
               2720 UDLLLLLHHLLLLLLLDDDUHDLLDLDLDHLDLDDDDDD
               2800 DDLLLLLHHLLLLLLLDDDUHDLLDLDLDHLDLDDDDDD
               2880 UDLLLLLHHLLLLLLLDDDUHDLLDLDLDHLDLDDDDDD
               2960 DDLLLLLHHLLLLLLLDDDUHDLLDLDLDHLDLDDDDDD
               3040 UDLLLLLHHLLLLLLLDDDUHDLLDLDLDHLDLDDDDDD
               3120 DDLLLLLHHLLLLLLLDDDUHDLLDLDLDHLDLDDDDDD
               3200 UDLLLLLHHLLLLLLLDDDUHDLLDLDLDHLDLDDDDDD
               3280 DDLLLLLHHLLLLLLLDDDUHDLLDLDLDHLDLDDDDDD
               3360 UDLLLLLHHLLLLLLLDDDUHULLDLDLDHLDLDDDDDD
               3440 DDLLLLLHHLLLLLLLDDDUHULLDLDLDHLDLDDDDDD
               3520 UDLLLLLHHLLLLLLLDDDULDHHDLDLDHHDLDDDDDD
               3600 DDLLLLLHHLLLLLLLDDDULDHHDLDLDHHDLDDDDDD
               3680 UDLLLLLHHLLLLLLLDDDULDHHDLDLDHHDLDDDDDD
               3760 DDLLLLLHHLLLLLLLDDDULDHHDLDLDHHDLDDDDDD
               3840 UDLLLLLHHLLLLLLLDDDULDHHDLDLDHHDLDDDDDD
               3920 DDLLLLLHHLLLLLLLDDDULDHHDLDLDHHDLDDDDDD
               4000 UDLLLLLHHLLLLLLLDDDULDHHDLDLDHHDLDDDDDD
               4080 DDLLLLLHHLLLLLLLDDDULDHHDLDLDHHDLDDDDDD
               4160 UDLLLLLHHLLLLLLLDDDULDHHULDLDHHDLDDDDDD
               4240 DDLLLLLHHLLLLLLLDDDULDHHULDLDHHDLDDDDDD
               4320 UDLLLLLHHLLLLLLLDDDULDLLDLDLDHLULDDDDDD
               4400 DDLLLLLHHLLLLLLLDDDULDLLDLDLDHLULDDDDDD
               4480 UDLLLLLHHLLLLLLLDDDULDLLDLDLDHLDLDDDDDD
               4560 DDLLLLLHHLLLLLLLDDDULDLLDLDLDHLDLDDDDDD
               4640 UDLLLLLHHLLLLLLLDDDULDLHDLDLDHLDLDDDDDD
               4720 DDLLLLLHHLLLLLLLDDDULDLHDLDLDHLDLDDDDDD
               4800 UDLLLLLHHLLLLLLLDDDULDLHDLDLDHLDLDDDDDD
               4880 DDLLLLLHHLLLLLLLDDDULDLHDLDLDHLDLDDDDDD
               4960 UDLLLLLHHLLLLLLLDDDULDLHDLDLDHLDLDDDDDD
               5040 DDLLLLLHHLLLLLLLDDDULDLHDLDLDHLDLDDDDDD
               5120 UDLLLLLHHLLLLLLLDDDULDLHDLDLDHLDLDDDDDD
               5200 DDLLLLLHHLLLLLLLDDDULDLHDLDLDHLDLDDDDDD
               5280 UDLLLLLHHLLLLLLLDDDULDLHULDLDHLDLDDDDDD
               5360 DDLLLLLHHLLLLLLLDDDULDLHULDLDHLDLDDDDDD
               5440 UDLLLLLHHLLLLLLLDDDUHDLLDLDLDHLDLDDDDDD
               5444 UDLLLLLHHLLLHLLLDDDUHDLLDLDLDHLDLDDDDDD
               5520 DDLLLLLHHLLLHLLLDDDUHDLLDLDLDHLDLDDDDDD
               5600 UDLLLLLHHLLLHLLLDDDUHDLLDLDLDHLDLDDDDDD
               5680 DDLLLLLHHLLLHLLLDDDUHDLLDLDLDHLDLDDDDDD
               5760 UDLLLLLHHLLLHLLLDDDUHDLLDLDLDHLDLDDDDDD
               5840 DDLLLLLHHLLLHLLLDDDUHDLLDLDLDHLDLDDDDDD
               5920 UDLLLLLHHLLLHLLLDDDUHDLLDLDLDHLDLDDDDDD
               6000 DDLLLLLHHLLLHLLLDDDUHDLLDLDLDHLDLDDDDDD
               6080 UDLLLLLHHLLLHLLLDDDUHULLDLDLDHLDLDDDDDD
               6160 DDLLLLLHHLLLHLLLDDDUHULLDLDLDHLDLDDDDDD
               6240 UDLLLLLHHLLLHLLLDDDULDLLDLDLDHLDLDDDDDD
               6320 DDLLLLLHHLLLHLLLDDDULDLLDLDLDHLDLDDDDDD
               6400 UDLLLLLHHLLLHLLLDDDULDHHDLDLDHLDLDDDDDD
               6480 DDLLLLLHHLLLHLLLDDDULDHHDLDLDHLDLDDDDDD
               6560 UDLLLLLHHLLLHLLLDDDULDHHDLDLDHLDLDDDDDD
               6640 DDLLLLLHHLLLHLLLDDDULDHHDLDLDHLDLDDDDDD
               6720 UDLLLLLHHLLLHLLLDDDULDHHDLDLDHLDLDDDDDD
               6800 DDLLLLLHHLLLHLLLDDDULDHHDLDLDHLDLDDDDDD
               6880 UDLLLLLHHLLLHLLLDDDULDHHDLDLDHLDLDDDDDD
               6960 DDLLLLLHHLLLHLLLDDDULDHHDLDLDHLDLDDDDDD
               7040 UDLLLLLHHLLLHLLLDDDULDHHULDLDHLDLDDDDDD
               7120 DDLLLLLHHLLLHLLLDDDULDHHULDLDHLDLDDDDDD
               7200 UDLLLLLHHLLLHLLLDDDULDLLDLDLDHLDLDDDDDD
               7280 DDLLLLLHHLLLHLLLDDDULDLLDLDLDHLDLDDDDDD
               7360 UDLLLLLHHLLLHLLLDDDULDLLDLDLDHHDLDDDDDD
               7440 DDLLLLLHHLLLHLLLDDDULDLLDLDLDHHDLDDDDDD
               7520 UDLLLLLHHLLLHLLLDDDULDLLDLDLDHHDLDDDDDD
               7600 DDLLLLLHHLLLHLLLDDDULDLLDLDLDHHDLDDDDDD
               7680 UDLLLLLHHLLLHLLLDDDULDLLDLDLDHHDLDDDDDD
               7760 DDLLLLLHHLLLHLLLDDDULDLLDLDLDHHDLDDDDDD
               7840 UDLLLLLHHLLLHLLLDDDULDLLDLDLDHHDLDDDDDD
               7920 DDLLLLLHHLLLHLLLDDDULDLLDLDLDHHDLDDDDDD
               8000 UDLLLLLHHLLLHLLLDDDULDLLDLDLDHHDLDDDDDD
               8080 DDLLLLLHHLLLHLLLDDDULDLLDLDLDHHDLDDDDDD
               8160 UDLLLLLHHLLLHLLLDDDULDLLDLDLDHHULDDDDDD
               8240 DDLLLLLHHLLLHLLLDDDULDLLDLDLDHHULDDDDDD
               8320 UDLLLLLHHLLLHLLLDDDULDLLDLDLDHHDLDDDDDD
               8400 DDLLLLLHHLLLHLLLDDDULDLLDLDLDHHDLDDDDDD
               8480 UDLLLLLHHLLLHLLLDDDULDLLDLDLDHHDLDDDDDD
               8560 DDLLLLLHHLLLHLLLDDDULDLLDLDLDHHDLDDDDDD
               8640 UDLLLLLHHLLLHLLLDDDULDLLDLDLDHHDLDDDDDD
               8720 DDLLLLLHHLLLHLLLDDDULDLLDLDLDHHDLDDDDDD
               8800 UDLLLLLHHLLLHLLLDDDULDLLDLDLDHHDLDDDDDD
               8880 DDLLLLLHHLLLHLLLDDDULDLLDLDLDHHDLDDDDDD
               8960 UDLLLLLHHLLLHLLLDDDULDLLDLDLDHLULDDDDDD
               9040 DDLLLLLHHLLLHLLLDDDULDLLDLDLDHLULDDDDDD
               9120 UDLLLLLHHLLLHLLLDDDULDLLDLDLDHLDLDDDDDD
               9200 DDLLLLLHHLLLHLLLDDDULDLLDLDLDHLDLDDDDDD
               9280 UDLLLLLHHLLLHLLLDDDULDLHDLDLDHLDLDDDDDD
               9360 DDLLLLLHHLLLHLLLDDDULDLHDLDLDHLDLDDDDDD
               9440 UDLLLLLHHLLLHLLLDDDULDLHDLDLDHLDLDDDDDD
               9520 DDLLLLLHHLLLHLLLDDDULDLHDLDLDHLDLDDDDDD
               9600 UDLLLLLHHLLLHLLLDDDULDLHDLDLDHLDLDDDDDD
               9680 DDLLLLLHHLLLHLLLDDDULDLHDLDLDHLDLDDDDDD
               9760 UDLLLLLHHLLLHLLLDDDULDLHDLDLDHLDLDDDDDD
               9840 DDLLLLLHHLLLHLLLDDDULDLHDLDLDHLDLDDDDDD
               9920 UDLLLLLHHLLLHLLLDDDULDLHULDLDHLDLDDDDDD
              10000 DDLLLLLHHLLLHLLLDDDULDLHULDLDHLDLDDDDDD
              10080 UDLLLLLHHLLLHLLLDDDUHDLLDLDLDHLDLDDDDDD
              10084 UDLLLLLHHLLLLLLLDDDUHDLLDLDLDHLDLDDDDDD
              10085 UDLLLLLHHLLHLLLLDDDUHDLLDLDLDHLDLDDDDDD
              10160 DDLLLLLHHLLHLLLLDDDUHDLLDLDLDHLDLDDDDDD
              10240 UDLLLLLHHLLHLLLLDDDUHDLLDLDLDHLDLDDDDDD
              10320 DDLLLLLHHLLHLLLLDDDUHDLLDLDLDHLDLDDDDDD
              10400 UDLLLLLHHLLHLLLLDDDUHDLLDLDLDHLDLDDDDDD
              10480 DDLLLLLHHLLHLLLLDDDUHDLLDLDLDHLDLDDDDDD
              10560 UDLLLLLHHLLHLLLLDDDUHDLLDLDLDHLDLDDDDDD
              10640 DDLLLLLHHLLHLLLLDDDUHDLLDLDLDHLDLDDDDDD
              10720 UDLLLLLHHLLHLLLLDDDUHULLDLDLDHLDLDDDDDD
              10800 DDLLLLLHHLLHLLLLDDDUHULLDLDLDHLDLDDDDDD
              10880 UDLLLLLHHLLHLLLLDDDULDLLDLDLDHLDLDDDDDD
              10960 DDLLLLLHHLLHLLLLDDDULDLLDLDLDHLDLDDDDDD
              11040 UDLLLLLHHLLHLLLLDDDULDHHDLDLDHLDLDDDDDD
              11120 DDLLLLLHHLLHLLLLDDDULDHHDLDLDHLDLDDDDDD
              11200 UDLLLLLHHLLHLLLLDDDULDHHDLDLDHLDLDDDDDD
              11280 DDLLLLLHHLLHLLLLDDDULDHHDLDLDHLDLDDDDDD
              11360 UDLLLLLHHLLHLLLLDDDULDHHDLDLDHLDLDDDDDD
              11440 DDLLLLLHHLLHLLLLDDDULDHHDLDLDHLDLDDDDDD
              11520 UDLLLLLHHLLHLLLLDDDULDHHDLDLDHLDLDDDDDD
              11600 DDLLLLLHHLLHLLLLDDDULDHHDLDLDHLDLDDDDDD
              11680 UDLLLLLHHLLHLLLLDDDULDHHULDLDHLDLDDDDDD
              11760 DDLLLLLHHLLHLLLLDDDULDHHULDLDHLDLDDDDDD
              11840 UDLLLLLHHLLHLLLLDDDULDLLDLDLDHLDLDDDDDD
              11920 DDLLLLLHHLLHLLLLDDDULDLLDLDLDHLDLDDDDDD
              12000 UDLLLLLHHLLHLLLLDDDULDLLDLDLDHHDLDDDDDD
              12002 UDLLLLLHHLLLLLLLDDDULDLLDLDLDHHDLDDDDDD
              12005 UDLLLLLHHLLHLLLLDDDULDLLDLDLDHHDLDDDDDD
              12080 DDLLLLLHHLLHLLLLDDDULDLLDLDLDHHDLDDDDDD
              12160 UDLLLLLHHLLHLLLLDDDULDLLDLDLDHHDLDDDDDD
              12240 DDLLLLLHHLLHLLLLDDDULDLLDLDLDHHDLDDDDDD
              12320 UDLLLLLHHLLHLLLLDDDULDLLDLDLDHHDLDDDDDD
              12400 DDLLLLLHHLLHLLLLDDDULDLLDLDLDHHDLDDDDDD
              12480 UDLLLLLHHLLHLLLLDDDULDLLDLDLDHHDLDDDDDD
              12560 DDLLLLLHHLLHLLLLDDDULDLLDLDLDHHDLDDDDDD
              12640 UDLLLLLHHLLHLLLLDDDULDLLDLDLDHHDLDDDDDD
              12720 DDLLLLLHHLLHLLLLDDDULDLLDLDLDHHDLDDDDDD
              12800 UDLLLLLHHLLHLLLLDDDULDLLDLDLDHHULDDDDDD
              12880 DDLLLLLHHLLHLLLLDDDULDLLDLDLDHHULDDDDDD
              12960 UDLLLLLHHLLHLLLLDDDULDLLDLDLDHHDLDDDDDD
              13040 DDLLLLLHHLLHLLLLDDDULDLLDLDLDHHDLDDDDDD
              13120 UDLLLLLHHLLHLLLLDDDULDLLDLDLDHHDLDDDDDD
              13200 DDLLLLLHHLLHLLLLDDDULDLLDLDLDHHDLDDDDDD
              13280 UDLLLLLHHLLHLLLLDDDULDLLDLDLDHHDLDDDDDD
              13360 DDLLLLLHHLLHLLLLDDDULDLLDLDLDHHDLDDDDDD
              13440 UDLLLLLHHLLHLLLLDDDULDLLDLDLDHHDLDDDDDD
              13520 DDLLLLLHHLLHLLLLDDDULDLLDLDLDHHDLDDDDDD
              13600 UDLLLLLHHLLHLLLLDDDULDLLDLDLDHLULDDDDDD
              13680 DDLLLLLHHLLHLLLLDDDULDLLDLDLDHLULDDDDDD
              13760 UDLLLLLHHLLHLLLLDDDULDLLDLDLDHLDLDDDDDD
              13840 DDLLLLLHHLLHLLLLDDDULDLLDLDLDHLDLDDDDDD
              13920 UDLLLLLHHLLHLLLLDDDULDLHDLDLDHLDLDDDDDD
              14000 DDLLLLLHHLLHLLLLDDDULDLHDLDLDHLDLDDDDDD
              14080 UDLLLLLHHLLHLLLLDDDULDLHDLDLDHLDLDDDDDD
              14160 DDLLLLLHHLLHLLLLDDDULDLHDLDLDHLDLDDDDDD
              14240 UDLLLLLHHLLHLLLLDDDULDLHDLDLDHLDLDDDDDD
              14320 DDLLLLLHHLLHLLLLDDDULDLHDLDLDHLDLDDDDDD
              14400 UDLLLLLHHLLHLLLLDDDULDLHDLDLDHLDLDDDDDD
              14480 DDLLLLLHHLLHLLLLDDDULDLHDLDLDHLDLDDDDDD
              14560 UDLLLLLHHLLHLLLLDDDULDLHULDLDHLDLDDDDDD
              14640 DDLLLLLHHLLHLLLLDDDULDLHULDLDHLDLDDDDDD
              14720 UDLLLLLHHLLHLLLLDDDUHDLLDLDLDHLDLDDDDDD
              14724 UDLLLLLHHLLHHLLLDDDUHDLLDLDLDHLDLDDDDDD
              14800 DDLLLLLHHLLHHLLLDDDUHDLLDLDLDHLDLDDDDDD
              14880 UDLLLLLHHLLHHLLLDDDUHDLLDLDLDHLDLDDDDDD
              14960 DDLLLLLHHLLHHLLLDDDUHDLLDLDLDHLDLDDDDDD
              15040 UDLLLLLHHLLHHLLLDDDUHDLLDLDLDHLDLDDDDDD
              15120 DDLLLLLHHLLHHLLLDDDUHDLLDLDLDHLDLDDDDDD
              15200 UDLLLLLHHLLHHLLLDDDUHDLLDLDLDHLDLDDDDDD
              15280 DDLLLLLHHLLHHLLLDDDUHDLLDLDLDHLDLDDDDDD
              15360 UDLLLLLHHLLHHLLLDDDUHULLDLDLDHLDLDDDDDD
              15440 DDLLLLLHHLLHHLLLDDDUHULLDLDLDHLDLDDDDDD
              15520 UDLLLLLHHLLHHLLLDDDULDLLDLDLDHLDLDDDDDD
              15600 DDLLLLLHHLLHHLLLDDDULDLLDLDLDHLDLDDDDDD
              15680 UDLLLLLHHLLHHLLLDDDULDHHDLDLDHLDLDDDDDD
              15760 DDLLLLLHHLLHHLLLDDDULDHHDLDLDHLDLDDDDDD
              15840 UDLLLLLHHLLHHLLLDDDULDHHDLDLDHLDLDDDDDD
              15920 DDLLLLLHHLLHHLLLDDDULDHHDLDLDHLDLDDDDDD
              16000 UDLLLLLHHLLHHLLLDDDULDHHDLDLDHLDLDDDDDD
              16080 DDLLLLLHHLLHHLLLDDDULDHHDLDLDHLDLDDDDDD
              16160 UDLLLLLHHLLHHLLLDDDULDHHDLDLDHLDLDDDDDD
              16240 DDLLLLLHHLLHHLLLDDDULDHHDLDLDHLDLDDDDDD
              16320 UDLLLLLHHLLHHLLLDDDULDHHULDLDHLDLDDDDDD
              16400 DDLLLLLHHLLHHLLLDDDULDHHULDLDHLDLDDDDDD
              16480 UDLLLLLHHLLHHLLLDDDULDLLDLDLDHLDLDDDDDD
              16560 DDLLLLLHHLLHHLLLDDDULDLLDLDLDHLDLDDDDDD
              16640 UDLLLLLHHLLHHLLLDDDULDLLDLDLDHHDLDDDDDD
              16720 DDLLLLLHHLLHHLLLDDDULDLLDLDLDHHDLDDDDDD
              16800 UDLLLLLHHLLHHLLLDDDULDLLDLDLDHHDLDDDDDD
              16880 DDLLLLLHHLLHHLLLDDDULDLLDLDLDHHDLDDDDDD
              16960 UDLLLLLHHLLHHLLLDDDULDLLDLDLDHHDLDDDDDD
              17040 DDLLLLLHHLLHHLLLDDDULDLLDLDLDHHDLDDDDDD
              17120 UDLLLLLHHLLHHLLLDDDULDLLDLDLDHHDLDDDDDD
              17200 DDLLLLLHHLLHHLLLDDDULDLLDLDLDHHDLDDDDDD
              17280 UDLLLLLHHLLHHLLLDDDULDLLDLDLDHHDLDDDDDD
              17360 DDLLLLLHHLLHHLLLDDDULDLLDLDLDHHDLDDDDDD
              17440 UDLLLLLHHLLHHLLLDDDULDLLDLDLDHHULDDDDDD
              17520 DDLLLLLHHLLHHLLLDDDULDLLDLDLDHHULDDDDDD
              17600 UDLLLLLHHLLHHLLLDDDULDLLDLDLDHHDLDDDDDD
              17680 DDLLLLLHHLLHHLLLDDDULDLLDLDLDHHDLDDDDDD
              17760 UDLLLLLHHLLHHLLLDDDULDLLDLDLDHHDLDDDDDD
              17840 DDLLLLLHHLLHHLLLDDDULDLLDLDLDHHDLDDDDDD
              17920 UDLLLLLHHLLHHLLLDDDULDLLDLDLDHHDLDDDDDD
              18000 DDLLLLLHHLLHHLLLDDDULDLLDLDLDHHDLDDDDDD
              18080 UDLLLLLHHLLHHLLLDDDULDLLDLDLDHHDLDDDDDD
              18160 DDLLLLLHHLLHHLLLDDDULDLLDLDLDHHDLDDDDDD
              18240 UDLLLLLHHLLHHLLLDDDULDLLDLDLDHLULDDDDDD
              18320 DDLLLLLHHLLHHLLLDDDULDLLDLDLDHLULDDDDDD
              18400 UDLLLLLHHLLHHLLLDDDULDLLDLDLDHLDLDDDDDD
              18480 DDLLLLLHHLLHHLLLDDDULDLLDLDLDHLDLDDDDDD
              18560 UDLLLLLHHLLHHLLLDDDULDLHDLDLDHLDLDDDDDD
              18640 DDLLLLLHHLLHHLLLDDDULDLHDLDLDHLDLDDDDDD
              18720 UDLLLLLHHLLHHLLLDDDULDLHDLDLDHLDLDDDDDD
              18800 DDLLLLLHHLLHHLLLDDDULDLHDLDLDHLDLDDDDDD
              18880 UDLLLLLHHLLHHLLLDDDULDLHDLDLDHLDLDDDDDD
              18960 DDLLLLLHHLLHHLLLDDDULDLHDLDLDHLDLDDDDDD
              19040 UDLLLLLHHLLHHLLLDDDULDLHDLDLDHLDLDDDDDD
              19120 DDLLLLLHHLLHHLLLDDDULDLHDLDLDHLDLDDDDDD
              19200 UDLLLLLHHLLHHLLLDDDULDLHULDLDHLDLDDDDDD
              19280 DDLLLLLHHLLHHLLLDDDULDLHULDLDHLDLDDDDDD
              19360 UDLLLLLHHLLHHLLLDDDUHDLLDLDLDHLDLDDDDDD
              19364 UDLLLLLHHLLHLLLLDDDUHDLLDLDLDHLDLDDDDDD
              19365 UDLLLLLHHLHLLLLLDDDUHDLLDLDLDHLDLDDDDDD
              19440 DDLLLLLHHLHLLLLLDDDUHDLLDLDLDHLDLDDDDDD
              19520 UDLLLLLHHLHLLLLLDDDUHDLLDLDLDHLDLDDDDDD
              19600 DDLLLLLHHLHLLLLLDDDUHDLLDLDLDHLDLDDDDDD
              19680 UDLLLLLHHLHLLLLLDDDUHDLLDLDLDHLDLDDDDDD
              19760 DDLLLLLHHLHLLLLLDDDUHDLLDLDLDHLDLDDDDDD
              19840 UDLLLLLHHLHLLLLLDDDUHDLLDLDLDHLDLDDDDDD
              19920 DDLLLLLHHLHLLLLLDDDUHDLLDLDLDHLDLDDDDDD
              20000 UDLLLLLHHLHLLLLLDDDUHULLDLDLDHLDLDDDDDD
              20080 DDLLLLLHHLHLLLLLDDDUHULLDLDLDHLDLDDDDDD
              20160 UDLLLLLHHLHLLLLLDDDULDLLDLDLDHLDLDDDDDD
              20240 DDLLLLLHHLHLLLLLDDDULDLLDLDLDHLDLDDDDDD
              20320 UDLLLLLHHLHLLLLLDDDULDHHDLDLDHLDLDDDDDD
              20400 DDLLLLLHHLHLLLLLDDDULDHHDLDLDHLDLDDDDDD
              20480 UDLLLLLHHLHLLLLLDDDULDHHDLDLDHLDLDDDDDD
              20560 DDLLLLLHHLHLLLLLDDDULDHHDLDLDHLDLDDDDDD
              20640 UDLLLLLHHLHLLLLLDDDULDHHDLDLDHLDLDDDDDD
              20720 DDLLLLLHHLHLLLLLDDDULDHHDLDLDHLDLDDDDDD
              20800 UDLLLLLHHLHLLLLLDDDULDHHDLDLDHLDLDDDDDD
              20880 DDLLLLLHHLHLLLLLDDDULDHHDLDLDHLDLDDDDDD
              20960 UDLLLLLHHLHLLLLLDDDULDHHULDLDHLDLDDDDDD
              21040 DDLLLLLHHLHLLLLLDDDULDHHULDLDHLDLDDDDDD
              21120 UDLLLLLHHLHLLLLLDDDULDLLDLDLDHLDLDDDDDD
              21200 DDLLLLLHHLHLLLLLDDDULDLLDLDLDHLDLDDDDDD
              21280 UDLLLLLHHLHLLLLLDDDULDLLDLDLDHHDLDDDDDD
              21282 UDLLLLLHHLLHLLLLDDDULDLLDLDLDHHDLDDDDDD
              21285 UDLLLLLHHLHLLLLLDDDULDLLDLDLDHHDLDDDDDD
              21360 DDLLLLLHHLHLLLLLDDDULDLLDLDLDHHDLDDDDDD
              21440 UDLLLLLHHLHLLLLLDDDULDLLDLDLDHHDLDDDDDD
              21520 DDLLLLLHHLHLLLLLDDDULDLLDLDLDHHDLDDDDDD
              21600 UDLLLLLHHLHLLLLLDDDULDLLDLDLDHHDLDDDDDD
              21680 DDLLLLLHHLHLLLLLDDDULDLLDLDLDHHDLDDDDDD
              21760 UDLLLLLHHLHLLLLLDDDULDLLDLDLDHHDLDDDDDD
              21840 DDLLLLLHHLHLLLLLDDDULDLLDLDLDHHDLDDDDDD
              21920 UDLLLLLHHLHLLLLLDDDULDLLDLDLDHHDLDDDDDD
              22000 DDLLLLLHHLHLLLLLDDDULDLLDLDLDHHDLDDDDDD
              22080 UDLLLLLHHLHLLLLLDDDULDLLDLDLDHHULDDDDDD
              22160 DDLLLLLHHLHLLLLLDDDULDLLDLDLDHHULDDDDDD
              22240 UDLLLLLHHLHLLLLLDDDULDLLDLDLDHHDLDDDDDD
              22320 DDLLLLLHHLHLLLLLDDDULDLLDLDLDHHDLDDDDDD
              22400 UDLLLLLHHLHLLLLLDDDULDLLDLDLDHHDLDDDDDD
              22480 DDLLLLLHHLHLLLLLDDDULDLLDLDLDHHDLDDDDDD
              22560 UDLLLLLHHLHLLLLLDDDULDLLDLDLDHHDLDDDDDD
              22640 DDLLLLLHHLHLLLLLDDDULDLLDLDLDHHDLDDDDDD
              22720 UDLLLLLHHLHLLLLLDDDULDLLDLDLDHHDLDDDDDD
              22800 DDLLLLLHHLHLLLLLDDDULDLLDLDLDHHDLDDDDDD
              22880 UDLLLLLHHLHLLLLLDDDULDLLDLDLDHLULDDDDDD
              22960 DDLLLLLHHLHLLLLLDDDULDLLDLDLDHLULDDDDDD
              23040 UDLLLLLHHLHLLLLLDDDULDLLDLDLDHLDLDDDDDD
              23120 DDLLLLLHHLHLLLLLDDDULDLLDLDLDHLDLDDDDDD
              23200 UDLLLLLHHLHLLLLLDDDULDLHDLDLDHLDLDDDDDD
              23280 DDLLLLLHHLHLLLLLDDDULDLHDLDLDHLDLDDDDDD
              23360 UDLLLLLHHLHLLLLLDDDULDLHDLDLDHLDLDDDDDD
              23440 DDLLLLLHHLHLLLLLDDDULDLHDLDLDHLDLDDDDDD
              23520 UDLLLLLHHLHLLLLLDDDULDLHDLDLDHLDLDDDDDD
              23600 DDLLLLLHHLHLLLLLDDDULDLHDLDLDHLDLDDDDDD
              23680 UDLLLLLHHLHLLLLLDDDULDLHDLDLDHLDLDDDDDD
              23760 DDLLLLLHHLHLLLLLDDDULDLHDLDLDHLDLDDDDDD
              23840 UDLLLLLHHLHLLLLLDDDULDLHULDLDHLDLDDDDDD
              23920 DDLLLLLHHLHLLLLLDDDULDLHULDLDHLDLDDDDDD
              24000 UDLLLLLHHLHLLLLLDDDUHDLLDLDLDHLDLDDDDDD
              24004 UDLLLLLHHLHLHLLLDDDUHDLLDLDLDHLDLDDDDDD
              24080 DDLLLLLHHLHLHLLLDDDUHDLLDLDLDHLDLDDDDDD
              24160 UDLLLLLHHLHLHLLLDDDUHDLLDLDLDHLDLDDDDDD
              24240 DDLLLLLHHLHLHLLLDDDUHDLLDLDLDHLDLDDDDDD
              24320 UDLLLLLHHLHLHLLLDDDUHDLLDLDLDHLDLDDDDDD
              24400 DDLLLLLHHLHLHLLLDDDUHDLLDLDLDHLDLDDDDDD
              24480 UDLLLLLHHLHLHLLLDDDUHDLLDLDLDHLDLDDDDDD
              24560 DDLLLLLHHLHLHLLLDDDUHDLLDLDLDHLDLDDDDDD
              24640 UDLLLLLHHLHLHLLLDDDUHULLDLDLDHLDLDDDDDD
              24720 DDLLLLLHHLHLHLLLDDDUHULLDLDLDHLDLDDDDDD
              24800 UDLLLLLHHLHLHLLLDDDULDLLDLDLDHLDLDDDDDD
              24880 DDLLLLLHHLHLHLLLDDDULDLLDLDLDHLDLDDDDDD
              24960 UDLLLLLHHLHLHLLLDDDULDHHDLDLDHLDLDDDDDD
              25040 DDLLLLLHHLHLHLLLDDDULDHHDLDLDHLDLDDDDDD
              25120 UDLLLLLHHLHLHLLLDDDULDHHDLDLDHLDLDDDDDD
              25200 DDLLLLLHHLHLHLLLDDDULDHHDLDLDHLDLDDDDDD
              25280 UDLLLLLHHLHLHLLLDDDULDHHDLDLDHLDLDDDDDD
              25360 DDLLLLLHHLHLHLLLDDDULDHHDLDLDHLDLDDDDDD
              25440 UDLLLLLHHLHLHLLLDDDULDHHDLDLDHLDLDDDDDD
              25520 DDLLLLLHHLHLHLLLDDDULDHHDLDLDHLDLDDDDDD
              25600 UDLLLLLHHLHLHLLLDDDULDHHULDLDHLDLDDDDDD
              25680 DDLLLLLHHLHLHLLLDDDULDHHULDLDHLDLDDDDDD
              25760 UDLLLLLHHLHLHLLLDDDULDLLDLDLDHLDLDDDDDD
              25840 DDLLLLLHHLHLHLLLDDDULDLLDLDLDHLDLDDDDDD
              25920 UDLLLLLHHLHLHLLLDDDULDLLDLDLDHHDLDDDDDD
              26000 DDLLLLLHHLHLHLLLDDDULDLLDLDLDHHDLDDDDDD
              26080 UDLLLLLHHLHLHLLLDDDULDLLDLDLDHHDLDDDDDD
              26160 DDLLLLLHHLHLHLLLDDDULDLLDLDLDHHDLDDDDDD
              26240 UDLLLLLHHLHLHLLLDDDULDLLDLDLDHHDLDDDDDD
              26320 DDLLLLLHHLHLHLLLDDDULDLLDLDLDHHDLDDDDDD
              26400 UDLLLLLHHLHLHLLLDDDULDLLDLDLDHHDLDDDDDD
              26480 DDLLLLLHHLHLHLLLDDDULDLLDLDLDHHDLDDDDDD
              26560 UDLLLLLHHLHLHLLLDDDULDLLDLDLDHHDLDDDDDD
              26640 DDLLLLLHHLHLHLLLDDDULDLLDLDLDHHDLDDDDDD
              26720 UDLLLLLHHLHLHLLLDDDULDLLDLDLDHHULDDDDDD
              26800 DDLLLLLHHLHLHLLLDDDULDLLDLDLDHHULDDDDDD
              26880 UDLLLLLHHLHLHLLLDDDULDLLDLDLDHHDLDDDDDD
              26960 DDLLLLLHHLHLHLLLDDDULDLLDLDLDHHDLDDDDDD
              27040 UDLLLLLHHLHLHLLLDDDULDLLDLDLDHHDLDDDDDD
              27120 DDLLLLLHHLHLHLLLDDDULDLLDLDLDHHDLDDDDDD
              27200 UDLLLLLHHLHLHLLLDDDULDLLDLDLDHHDLDDDDDD
              27280 DDLLLLLHHLHLHLLLDDDULDLLDLDLDHHDLDDDDDD
              27360 UDLLLLLHHLHLHLLLDDDULDLLDLDLDHHDLDDDDDD
              27440 DDLLLLLHHLHLHLLLDDDULDLLDLDLDHHDLDDDDDD
              27520 UDLLLLLHHLHLHLLLDDDULDLLDLDLDHLULDDDDDD
              27600 DDLLLLLHHLHLHLLLDDDULDLLDLDLDHLULDDDDDD
              27680 UDLLLLLHHLHLHLLLDDDULDLLDLDLDHLDLDDDDDD
              27760 DDLLLLLHHLHLHLLLDDDULDLLDLDLDHLDLDDDDDD
              27840 UDLLLLLHHLHLHLLLDDDULDLHDLDLDHLDLDDDDDD
              27920 DDLLLLLHHLHLHLLLDDDULDLHDLDLDHLDLDDDDDD
              28000 UDLLLLLHHLHLHLLLDDDULDLHDLDLDHLDLDDDDDD
              28080 DDLLLLLHHLHLHLLLDDDULDLHDLDLDHLDLDDDDDD
              28160 UDLLLLLHHLHLHLLLDDDULDLHDLDLDHLDLDDDDDD
              28240 DDLLLLLHHLHLHLLLDDDULDLHDLDLDHLDLDDDDDD
              28320 UDLLLLLHHLHLHLLLDDDULDLHDLDLDHLDLDDDDDD
              28400 DDLLLLLHHLHLHLLLDDDULDLHDLDLDHLDLDDDDDD
              28480 UDLLLLLHHLHLHLLLDDDULDLHULDLDHLDLDDDDDD
              28560 DDLLLLLHHLHLHLLLDDDULDLHULDLDHLDLDDDDDD
              28640 UDLLLLLHHLHLHLLLDDDUHDLLDLDLDHLDLDDDDDD
              28644 UDLLLLLHHLHLLLLLDDDUHDLLDLDLDHLDLDDDDDD
              28645 UDLLLLLHHLHHLLLLDDDUHDLLDLDLDHLDLDDDDDD
              28720 DDLLLLLHHLHHLLLLDDDUHDLLDLDLDHLDLDDDDDD
              28800 UDLLLLLHHLHHLLLLDDDUHDLLDLDLDHLDLDDDDDD
              28880 DDLLLLLHHLHHLLLLDDDUHDLLDLDLDHLDLDDDDDD
              28960 UDLLLLLHHLHHLLLLDDDUHDLLDLDLDHLDLDDDDDD
              29040 DDLLLLLHHLHHLLLLDDDUHDLLDLDLDHLDLDDDDDD
              29120 UDLLLLLHHLHHLLLLDDDUHDLLDLDLDHLDLDDDDDD
              29200 DDLLLLLHHLHHLLLLDDDUHDLLDLDLDHLDLDDDDDD
              29280 UDLLLLLHHLHHLLLLDDDUHULLDLDLDHLDLDDDDDD
              29360 DDLLLLLHHLHHLLLLDDDUHULLDLDLDHLDLDDDDDD
              29440 UDLLLLLHHLHHLLLLDDDULDLLDLDLDHLDLDDDDDD
              29520 DDLLLLLHHLHHLLLLDDDULDLLDLDLDHLDLDDDDDD
              29600 UDLLLLLHHLHHLLLLDDDULDHHDLDLDHLDLDDDDDD
              29680 DDLLLLLHHLHHLLLLDDDULDHHDLDLDHLDLDDDDDD
              29760 UDLLLLLHHLHHLLLLDDDULDHHDLDLDHLDLDDDDDD
              29840 DDLLLLLHHLHHLLLLDDDULDHHDLDLDHLDLDDDDDD
              29920 UDLLLLLHHLHHLLLLDDDULDHHDLDLDHLDLDDDDDD
              30000 DDLLLLLHHLHHLLLLDDDULDHHDLDLDHLDLDDDDDD
              30080 UDLLLLLHHLHHLLLLDDDULDHHDLDLDHLDLDDDDDD
              30160 DDLLLLLHHLHHLLLLDDDULDHHDLDLDHLDLDDDDDD
              30240 UDLLLLLHHLHHLLLLDDDULDHHULDLDHLDLDDDDDD
              30320 DDLLLLLHHLHHLLLLDDDULDHHULDLDHLDLDDDDDD
              30400 UDLLLLLHHLHHLLLLDDDULDLLDLDLDHLDLDDDDDD
              30480 DDLLLLLHHLHHLLLLDDDULDLLDLDLDHLDLDDDDDD
              30560 UDLLLLLHHLHHLLLLDDDULDLLDLDLDHHDLDDDDDD
              30562 UDLLLLLHHLHLLLLLDDDULDLLDLDLDHHDLDDDDDD
              30565 UDLLLLLHHLHHLLLLDDDULDLLDLDLDHHDLDDDDDD
              30640 DDLLLLLHHLHHLLLLDDDULDLLDLDLDHHDLDDDDDD
              30720 UDLLLLLHHLHHLLLLDDDULDLLDLDLDHHDLDDDDDD
              30800 DDLLLLLHHLHHLLLLDDDULDLLDLDLDHHDLDDDDDD
              30880 UDLLLLLHHLHHLLLLDDDULDLLDLDLDHHDLDDDDDD
              30960 DDLLLLLHHLHHLLLLDDDULDLLDLDLDHHDLDDDDDD
              31040 UDLLLLLHHLHHLLLLDDDULDLLDLDLDHHDLDDDDDD
              31120 DDLLLLLHHLHHLLLLDDDULDLLDLDLDHHDLDDDDDD
              31200 UDLLLLLHHLHHLLLLDDDULDLLDLDLDHHDLDDDDDD
              31280 DDLLLLLHHLHHLLLLDDDULDLLDLDLDHHDLDDDDDD
              31360 UDLLLLLHHLHHLLLLDDDULDLLDLDLDHHULDDDDDD
              31440 DDLLLLLHHLHHLLLLDDDULDLLDLDLDHHULDDDDDD
              31520 UDLLLLLHHLHHLLLLDDDULDLLDLDLDHHDLDDDDDD
              31600 DDLLLLLHHLHHLLLLDDDULDLLDLDLDHHDLDDDDDD
              31680 UDLLLLLHHLHHLLLLDDDULDLLDLDLDHHDLDDDDDD
              31760 DDLLLLLHHLHHLLLLDDDULDLLDLDLDHHDLDDDDDD
              31840 UDLLLLLHHLHHLLLLDDDULDLLDLDLDHHDLDDDDDD
              31920 DDLLLLLHHLHHLLLLDDDULDLLDLDLDHHDLDDDDDD
              32000 UDLLLLLHHLHHLLLLDDDULDLLDLDLDHHDLDDDDDD
              32080 DDLLLLLHHLHHLLLLDDDULDLLDLDLDHHDLDDDDDD
              32160 UDLLLLLHHLHHLLLLDDDULDLLDLDLDHLULDDDDDD
              32240 DDLLLLLHHLHHLLLLDDDULDLLDLDLDHLULDDDDDD
              32320 UDLLLLLHHLHHLLLLDDDULDLLDLDLDHLDLDDDDDD
              32400 DDLLLLLHHLHHLLLLDDDULDLLDLDLDHLDLDDDDDD
              32480 UDLLLLLHHLHHLLLLDDDULDLHDLDLDHLDLDDDDDD
              32560 DDLLLLLHHLHHLLLLDDDULDLHDLDLDHLDLDDDDDD
              32640 UDLLLLLHHLHHLLLLDDDULDLHDLDLDHLDLDDDDDD
              32720 DDLLLLLHHLHHLLLLDDDULDLHDLDLDHLDLDDDDDD
              32800 UDLLLLLHHLHHLLLLDDDULDLHDLDLDHLDLDDDDDD
              32880 DDLLLLLHHLHHLLLLDDDULDLHDLDLDHLDLDDDDDD
              32960 UDLLLLLHHLHHLLLLDDDULDLHDLDLDHLDLDDDDDD
              33040 DDLLLLLHHLHHLLLLDDDULDLHDLDLDHLDLDDDDDD
              33120 UDLLLLLHHLHHLLLLDDDULDLHULDLDHLDLDDDDDD
              33200 DDLLLLLHHLHHLLLLDDDULDLHULDLDHLDLDDDDDD
              33280 UDLLLLLHHLHHLLLLDDDUHDLLDLDLDHLDLDDDDDD
              33284 UDLLLLLHHLHHHLLLDDDUHDLLDLDLDHLDLDDDDDD
              33360 DDLLLLLHHLHHHLLLDDDUHDLLDLDLDHLDLDDDDDD
              33440 UDLLLLLHHLHHHLLLDDDUHDLLDLDLDHLDLDDDDDD
              33520 DDLLLLLHHLHHHLLLDDDUHDLLDLDLDHLDLDDDDDD
              33600 UDLLLLLHHLHHHLLLDDDUHDLLDLDLDHLDLDDDDDD
              33680 DDLLLLLHHLHHHLLLDDDUHDLLDLDLDHLDLDDDDDD
              33760 UDLLLLLHHLHHHLLLDDDUHDLLDLDLDHLDLDDDDDD
              33840 DDLLLLLHHLHHHLLLDDDUHDLLDLDLDHLDLDDDDDD
              33920 UDLLLLLHHLHHHLLLDDDUHULLDLDLDHLDLDDDDDD
              34000 DDLLLLLHHLHHHLLLDDDUHULLDLDLDHLDLDDDDDD
              34080 UDLLLLLHHLHHHLLLDDDULDLLDLDLDHLDLDDDDDD
              34160 DDLLLLLHHLHHHLLLDDDULDLLDLDLDHLDLDDDDDD
              34240 UDLLLLLHHLHHHLLLDDDULDHHDLDLDHLDLDDDDDD
              34320 DDLLLLLHHLHHHLLLDDDULDHHDLDLDHLDLDDDDDD
              34400 UDLLLLLHHLHHHLLLDDDULDHHDLDLDHLDLDDDDDD
              34480 DDLLLLLHHLHHHLLLDDDULDHHDLDLDHLDLDDDDDD
              34560 UDLLLLLHHLHHHLLLDDDULDHHDLDLDHLDLDDDDDD
              34640 DDLLLLLHHLHHHLLLDDDULDHHDLDLDHLDLDDDDDD
              34720 UDLLLLLHHLHHHLLLDDDULDHHDLDLDHLDLDDDDDD
              34800 DDLLLLLHHLHHHLLLDDDULDHHDLDLDHLDLDDDDDD
              34880 UDLLLLLHHLHHHLLLDDDULDHHULDLDHLDLDDDDDD
              34960 DDLLLLLHHLHHHLLLDDDULDHHULDLDHLDLDDDDDD
              35040 UDLLLLLHHLHHHLLLDDDULDLLDLDLDHLDLDDDDDD
              35120 DDLLLLLHHLHHHLLLDDDULDLLDLDLDHLDLDDDDDD
              35200 UDLLLLLHHLHHHLLLDDDULDLLDLDLDHHDLDDDDDD
              35280 DDLLLLLHHLHHHLLLDDDULDLLDLDLDHHDLDDDDDD
              35360 UDLLLLLHHLHHHLLLDDDULDLLDLDLDHHDLDDDDDD
              35440 DDLLLLLHHLHHHLLLDDDULDLLDLDLDHHDLDDDDDD
              35520 UDLLLLLHHLHHHLLLDDDULDLLDLDLDHHDLDDDDDD
              35600 DDLLLLLHHLHHHLLLDDDULDLLDLDLDHHDLDDDDDD
              35680 UDLLLLLHHLHHHLLLDDDULDLLDLDLDHHDLDDDDDD
              35760 DDLLLLLHHLHHHLLLDDDULDLLDLDLDHHDLDDDDDD
              35840 UDLLLLLHHLHHHLLLDDDULDLLDLDLDHHDLDDDDDD
              35920 DDLLLLLHHLHHHLLLDDDULDLLDLDLDHHDLDDDDDD
              36000 UDLLLLLHHLHHHLLLDDDULDLLDLDLDHHULDDDDDD
              36080 DDLLLLLHHLHHHLLLDDDULDLLDLDLDHHULDDDDDD
              36160 UDLLLLLHHLHHHLLLDDDULDLLDLDLDHHDLDDDDDD
              36240 DDLLLLLHHLHHHLLLDDDULDLLDLDLDHHDLDDDDDD
              36320 UDLLLLLHHLHHHLLLDDDULDLLDLDLDHHDLDDDDDD
              36400 DDLLLLLHHLHHHLLLDDDULDLLDLDLDHHDLDDDDDD
              36480 UDLLLLLHHLHHHLLLDDDULDLLDLDLDHHDLDDDDDD
              36560 DDLLLLLHHLHHHLLLDDDULDLLDLDLDHHDLDDDDDD
              36640 UDLLLLLHHLHHHLLLDDDULDLLDLDLDHHDLDDDDDD
              36720 DDLLLLLHHLHHHLLLDDDULDLLDLDLDHHDLDDDDDD
              36800 UDLLLLLHHLHHHLLLDDDULDLLDLDLDHLULDDDDDD
              36880 DDLLLLLHHLHHHLLLDDDULDLLDLDLDHLULDDDDDD
              36960 UDLLLLLHHLHHHLLLDDDULDLLDLDLDHLDLDDDDDD
              37040 DDLLLLLHHLHHHLLLDDDULDLLDLDLDHLDLDDDDDD
              37120 UDLLLLLHHLHHHLLLDDDULDLHDLDLDHLDLDDDDDD
              37200 DDLLLLLHHLHHHLLLDDDULDLHDLDLDHLDLDDDDDD
              37280 UDLLLLLHHLHHHLLLDDDULDLHDLDLDHLDLDDDDDD
              37360 DDLLLLLHHLHHHLLLDDDULDLHDLDLDHLDLDDDDDD
              37440 UDLLLLLHHLHHHLLLDDDULDLHDLDLDHLDLDDDDDD
              37520 DDLLLLLHHLHHHLLLDDDULDLHDLDLDHLDLDDDDDD
              37600 UDLLLLLHHLHHHLLLDDDULDLHDLDLDHLDLDDDDDD
              37680 DDLLLLLHHLHHHLLLDDDULDLHDLDLDHLDLDDDDDD
              37760 UDLLLLLHHLHHHLLLDDDULDLHULDLDHLDLDDDDDD
              37840 DDLLLLLHHLHHHLLLDDDULDLHULDLDHLDLDDDDDD
              37920 UDLLLLLHHLHHHLLLDDDUHDLLDLDLDHLDLDDDDDD
              37924 UDLLLLLHHLHHLLLLDDDUHDLLDLDLDHLDLDDDDDD
              37925 UDLLLLLHHHLLLLLLDDDUHDLLDLDLDHLDLDDDDDD
              38000 DDLLLLLHHHLLLLLLDDDUHDLLDLDLDHLDLDDDDDD
              38080 UDLLLLLHHHLLLLLLDDDUHDLLDLDLDHLDLDDDDDD
              38160 DDLLLLLHHHLLLLLLDDDUHDLLDLDLDHLDLDDDDDD
              38240 UDLLLLLHHHLLLLLLDDDUHDLLDLDLDHLDLDDDDDD
              38320 DDLLLLLHHHLLLLLLDDDUHDLLDLDLDHLDLDDDDDD
              38400 UDLLLLLHHHLLLLLLDDDUHDLLDLDLDHLDLDDDDDD
              38480 DDLLLLLHHHLLLLLLDDDUHDLLDLDLDHLDLDDDDDD
              38560 UDLLLLLHHHLLLLLLDDDUHULLDLDLDHLDLDDDDDD
              38640 DDLLLLLHHHLLLLLLDDDUHULLDLDLDHLDLDDDDDD
              38720 UDLLLLLHHHLLLLLLDDDULDLLDLDLDHLDLDDDDDD
              38800 DDLLLLLHHHLLLLLLDDDULDLLDLDLDHLDLDDDDDD
              38880 UDLLLLLHHHLLLLLLDDDULDHHDLDLDHLDLDDDDDD
              38960 DDLLLLLHHHLLLLLLDDDULDHHDLDLDHLDLDDDDDD
              39040 UDLLLLLHHHLLLLLLDDDULDHHDLDLDHLDLDDDDDD
              39120 DDLLLLLHHHLLLLLLDDDULDHHDLDLDHLDLDDDDDD
              39200 UDLLLLLHHHLLLLLLDDDULDHHDLDLDHLDLDDDDDD
              39280 DDLLLLLHHHLLLLLLDDDULDHHDLDLDHLDLDDDDDD
              39360 UDLLLLLHHHLLLLLLDDDULDHHDLDLDHLDLDDDDDD
              39440 DDLLLLLHHHLLLLLLDDDULDHHDLDLDHLDLDDDDDD
              39520 UDLLLLLHHHLLLLLLDDDULDHHULDLDHLDLDDDDDD
              39600 DDLLLLLHHHLLLLLLDDDULDHHULDLDHLDLDDDDDD
              39680 UDLLLLLHHHLLLLLLDDDULDLLDLDLDHLDLDDDDDD
              39760 DDLLLLLHHHLLLLLLDDDULDLLDLDLDHLDLDDDDDD
              39840 UDLLLLLHHHLLLLLLDDDULDLLDLDLDHHDLDDDDDD
              39842 UDLLLLLHHLHHLLLLDDDULDLLDLDLDHHDLDDDDDD
              39845 UDLLLLLHHHLLLLLLDDDULDLLDLDLDHHDLDDDDDD
              39920 DDLLLLLHHHLLLLLLDDDULDLLDLDLDHHDLDDDDDD
              40000 UDLLLLLHHHLLLLLLDDDULDLLDLDLDHHDLDDDDDD
              40080 DDLLLLLHHHLLLLLLDDDULDLLDLDLDHHDLDDDDDD
              40160 UDLLLLLHHHLLLLLLDDDULDLLDLDLDHHDLDDDDDD
              40240 DDLLLLLHHHLLLLLLDDDULDLLDLDLDHHDLDDDDDD
              40320 UDLLLLLHHHLLLLLLDDDULDLLDLDLDHHDLDDDDDD
              40400 DDLLLLLHHHLLLLLLDDDULDLLDLDLDHHDLDDDDDD
              40480 UDLLLLLHHHLLLLLLDDDULDLLDLDLDHHDLDDDDDD
              40560 DDLLLLLHHHLLLLLLDDDULDLLDLDLDHHDLDDDDDD
              40640 UDLLLLLHHHLLLLLLDDDULDLLDLDLDHHULDDDDDD
              40720 DDLLLLLHHHLLLLLLDDDULDLLDLDLDHHULDDDDDD
              40800 UDLLLLLHHHLLLLLLDDDULDLLDLDLDHHDLDDDDDD
              40880 DDLLLLLHHHLLLLLLDDDULDLLDLDLDHHDLDDDDDD
              40960 UDLLLLLHHHLLLLLLDDDULDLLDLDLDHHDLDDDDDD
              41040 DDLLLLLHHHLLLLLLDDDULDLLDLDLDHHDLDDDDDD
              41120 UDLLLLLHHHLLLLLLDDDULDLLDLDLDHHDLDDDDDD
              41200 DDLLLLLHHHLLLLLLDDDULDLLDLDLDHHDLDDDDDD
              41280 UDLLLLLHHHLLLLLLDDDULDLLDLDLDHHDLDDDDDD
              41360 DDLLLLLHHHLLLLLLDDDULDLLDLDLDHHDLDDDDDD
              41440 UDLLLLLHHHLLLLLLDDDULDLLDLDLDHLULDDDDDD
              41520 DDLLLLLHHHLLLLLLDDDULDLLDLDLDHLULDDDDDD
              41600 UDLLLLLHHHLLLLLLDDDULDLLDLDLDHLDLDDDDDD
              41680 DDLLLLLHHHLLLLLLDDDULDLLDLDLDHLDLDDDDDD
              41760 UDLLLLLHHHLLLLLLDDDULDLHDLDLDHLDLDDDDDD
              41840 DDLLLLLHHHLLLLLLDDDULDLHDLDLDHLDLDDDDDD
              41920 UDLLLLLHHHLLLLLLDDDULDLHDLDLDHLDLDDDDDD
              42000 DDLLLLLHHHLLLLLLDDDULDLHDLDLDHLDLDDDDDD
              42080 UDLLLLLHHHLLLLLLDDDULDLHDLDLDHLDLDDDDDD
              42160 DDLLLLLHHHLLLLLLDDDULDLHDLDLDHLDLDDDDDD
              42240 UDLLLLLHHHLLLLLLDDDULDLHDLDLDHLDLDDDDDD
              42320 DDLLLLLHHHLLLLLLDDDULDLHDLDLDHLDLDDDDDD
              42400 UDLLLLLHHHLLLLLLDDDULDLHULDLDHLDLDDDDDD
              42480 DDLLLLLHHHLLLLLLDDDULDLHULDLDHLDLDDDDDD
              42560 UDLLLLLHHHLLLLLLDDDUHDLLDLDLDHLDLDDDDDD
              42564 UDLLLLLHHHLLHLLLDDDUHDLLDLDLDHLDLDDDDDD
              42640 DDLLLLLHHHLLHLLLDDDUHDLLDLDLDHLDLDDDDDD
              42720 UDLLLLLHHHLLHLLLDDDUHDLLDLDLDHLDLDDDDDD
              42800 DDLLLLLHHHLLHLLLDDDUHDLLDLDLDHLDLDDDDDD
              42880 UDLLLLLHHHLLHLLLDDDUHDLLDLDLDHLDLDDDDDD
              42960 DDLLLLLHHHLLHLLLDDDUHDLLDLDLDHLDLDDDDDD
              43040 UDLLLLLHHHLLHLLLDDDUHDLLDLDLDHLDLDDDDDD
              43120 DDLLLLLHHHLLHLLLDDDUHDLLDLDLDHLDLDDDDDD
              43200 UDLLLLLHHHLLHLLLDDDUHULLDLDLDHLDLDDDDDD
              43280 DDLLLLLHHHLLHLLLDDDUHULLDLDLDHLDLDDDDDD
              43360 UDLLLLLHHHLLHLLLDDDULDLLDLDLDHLDLDDDDDD
              43440 DDLLLLLHHHLLHLLLDDDULDLLDLDLDHLDLDDDDDD
              43520 UDLLLLLHHHLLHLLLDDDULDHHDLDLDHLDLDDDDDD
              43600 DDLLLLLHHHLLHLLLDDDULDHHDLDLDHLDLDDDDDD
              43680 UDLLLLLHHHLLHLLLDDDULDHHDLDLDHLDLDDDDDD
              43760 DDLLLLLHHHLLHLLLDDDULDHHDLDLDHLDLDDDDDD
              43840 UDLLLLLHHHLLHLLLDDDULDHHDLDLDHLDLDDDDDD
              43920 DDLLLLLHHHLLHLLLDDDULDHHDLDLDHLDLDDDDDD
              44000 UDLLLLLHHHLLHLLLDDDULDHHDLDLDHLDLDDDDDD
              44080 DDLLLLLHHHLLHLLLDDDULDHHDLDLDHLDLDDDDDD
              44160 UDLLLLLHHHLLHLLLDDDULDHHULDLDHLDLDDDDDD
              44240 DDLLLLLHHHLLHLLLDDDULDHHULDLDHLDLDDDDDD
              44320 UDLLLLLHHHLLHLLLDDDULDLLDLDLDHLDLDDDDDD
              44400 DDLLLLLHHHLLHLLLDDDULDLLDLDLDHLDLDDDDDD
              44480 UDLLLLLHHHLLHLLLDDDULDLLDLDLDHHDLDDDDDD
              44560 DDLLLLLHHHLLHLLLDDDULDLLDLDLDHHDLDDDDDD
              44640 UDLLLLLHHHLLHLLLDDDULDLLDLDLDHHDLDDDDDD
              44720 DDLLLLLHHHLLHLLLDDDULDLLDLDLDHHDLDDDDDD
              44800 UDLLLLLHHHLLHLLLDDDULDLLDLDLDHHDLDDDDDD
              44880 DDLLLLLHHHLLHLLLDDDULDLLDLDLDHHDLDDDDDD
              44960 UDLLLLLHHHLLHLLLDDDULDLLDLDLDHHDLDDDDDD
              45040 DDLLLLLHHHLLHLLLDDDULDLLDLDLDHHDLDDDDDD
              45120 UDLLLLLHHHLLHLLLDDDULDLLDLDLDHHDLDDDDDD
              45200 DDLLLLLHHHLLHLLLDDDULDLLDLDLDHHDLDDDDDD
              45280 UDLLLLLHHHLLHLLLDDDULDLLDLDLDHHULDDDDDD
              45360 DDLLLLLHHHLLHLLLDDDULDLLDLDLDHHULDDDDDD
              45440 UDLLLLLHHHLLHLLLDDDULDLLDLDLDHHDLDDDDDD
              45520 DDLLLLLHHHLLHLLLDDDULDLLDLDLDHHDLDDDDDD
              45600 UDLLLLLHHHLLHLLLDDDULDLLDLDLDHHDLDDDDDD
              45680 DDLLLLLHHHLLHLLLDDDULDLLDLDLDHHDLDDDDDD
              45760 UDLLLLLHHHLLHLLLDDDULDLLDLDLDHHDLDDDDDD
              45840 DDLLLLLHHHLLHLLLDDDULDLLDLDLDHHDLDDDDDD
              45920 UDLLLLLHHHLLHLLLDDDULDLLDLDLDHHDLDDDDDD
              46000 DDLLLLLHHHLLHLLLDDDULDLLDLDLDHHDLDDDDDD
              46080 UDLLLLLHHHLLHLLLDDDULDLLDLDLDHLULDDDDDD
              46160 DDLLLLLHHHLLHLLLDDDULDLLDLDLDHLULDDDDDD
              46240 UDLLLLLHHHLLHLLLDDDULDLLDLDLDHLDLDDDDDD
              46320 DDLLLLLHHHLLHLLLDDDULDLLDLDLDHLDLDDDDDD
              46400 UDLLLLLHHHLLHLLLDDDULDLHDLDLDHLDLDDDDDD
              46480 DDLLLLLHHHLLHLLLDDDULDLHDLDLDHLDLDDDDDD
              46560 UDLLLLLHHHLLHLLLDDDULDLHDLDLDHLDLDDDDDD
              46640 DDLLLLLHHHLLHLLLDDDULDLHDLDLDHLDLDDDDDD
              46720 UDLLLLLHHHLLHLLLDDDULDLHDLDLDHLDLDDDDDD
              46800 DDLLLLLHHHLLHLLLDDDULDLHDLDLDHLDLDDDDDD
              46880 UDLLLLLHHHLLHLLLDDDULDLHDLDLDHLDLDDDDDD
              46960 DDLLLLLHHHLLHLLLDDDULDLHDLDLDHLDLDDDDDD
              47040 UDLLLLLHHHLLHLLLDDDULDLHULDLDHLDLDDDDDD
              47120 DDLLLLLHHHLLHLLLDDDULDLHULDLDHLDLDDDDDD
              47200 UDLLLLLHHHLLHLLLDDDUHDLLDLDLDHLDLDDDDDD
              47204 UDLLLLLHHHLLLLLLDDDUHDLLDLDLDHLDLDDDDDD
              47205 UDLLLLLHHHLHLLLLDDDUHDLLDLDLDHLDLDDDDDD
              47280 DDLLLLLHHHLHLLLLDDDUHDLLDLDLDHLDLDDDDDD
              47360 UDLLLLLHHHLHLLLLDDDUHDLLDLDLDHLDLDDDDDD
              47440 DDLLLLLHHHLHLLLLDDDUHDLLDLDLDHLDLDDDDDD
              47520 UDLLLLLHHHLHLLLLDDDUHDLLDLDLDHLDLDDDDDD
              47600 DDLLLLLHHHLHLLLLDDDUHDLLDLDLDHLDLDDDDDD
              47680 UDLLLLLHHHLHLLLLDDDUHDLLDLDLDHLDLDDDDDD
              47760 DDLLLLLHHHLHLLLLDDDUHDLLDLDLDHLDLDDDDDD
              47840 UDLLLLLHHHLHLLLLDDDUHULLDLDLDHLDLDDDDDD
              47920 DDLLLLLHHHLHLLLLDDDUHULLDLDLDHLDLDDDDDD
              48000 UDLLLLLHHHLHLLLLDDDULDLLDLDLDHLDLDDDDDD
              48080 DDLLLLLHHHLHLLLLDDDULDLLDLDLDHLDLDDDDDD
              48160 UDLLLLLHHHLHLLLLDDDULDHHDLDLDHLDLDDDDDD
              48240 DDLLLLLHHHLHLLLLDDDULDHHDLDLDHLDLDDDDDD
              48320 UDLLLLLHHHLHLLLLDDDULDHHDLDLDHLDLDDDDDD
              48400 DDLLLLLHHHLHLLLLDDDULDHHDLDLDHLDLDDDDDD
              48480 UDLLLLLHHHLHLLLLDDDULDHHDLDLDHLDLDDDDDD
              48560 DDLLLLLHHHLHLLLLDDDULDHHDLDLDHLDLDDDDDD
              48640 UDLLLLLHHHLHLLLLDDDULDHHDLDLDHLDLDDDDDD
              48720 DDLLLLLHHHLHLLLLDDDULDHHDLDLDHLDLDDDDDD
              48800 UDLLLLLHHHLHLLLLDDDULDHHULDLDHLDLDDDDDD
              48880 DDLLLLLHHHLHLLLLDDDULDHHULDLDHLDLDDDDDD
              48960 UDLLLLLHHHLHLLLLDDDULDLLDLDLDHLDLDDDDDD
              49040 DDLLLLLHHHLHLLLLDDDULDLLDLDLDHLDLDDDDDD
              49120 UDLLLLLHHHLHLLLLDDDULDLLDLDLDHHDLDDDDDD
              49122 UDLLLLLHHHLLLLLLDDDULDLLDLDLDHHDLDDDDDD
              49125 UDLLLLLHHHLHLLLLDDDULDLLDLDLDHHDLDDDDDD
              49200 DDLLLLLHHHLHLLLLDDDULDLLDLDLDHHDLDDDDDD
              49280 UDLLLLLHHHLHLLLLDDDULDLLDLDLDHHDLDDDDDD
              49360 DDLLLLLHHHLHLLLLDDDULDLLDLDLDHHDLDDDDDD
              49440 UDLLLLLHHHLHLLLLDDDULDLLDLDLDHHDLDDDDDD
              49520 DDLLLLLHHHLHLLLLDDDULDLLDLDLDHHDLDDDDDD
              49600 UDLLLLLHHHLHLLLLDDDULDLLDLDLDHHDLDDDDDD
              49680 DDLLLLLHHHLHLLLLDDDULDLLDLDLDHHDLDDDDDD
              49760 UDLLLLLHHHLHLLLLDDDULDLLDLDLDHHDLDDDDDD
              49840 DDLLLLLHHHLHLLLLDDDULDLLDLDLDHHDLDDDDDD
              49920 UDLLLLLHHHLHLLLLDDDULDLLDLDLDHHULDDDDDD
              50000 DDLLLLLHHHLHLLLLDDDULDLLDLDLDHHULDDDDDD
              50080 UDLLLLLHHHLHLLLLDDDULDLLDLDLDHHDLDDDDDD
              50160 DDLLLLLHHHLHLLLLDDDULDLLDLDLDHHDLDDDDDD
              50240 UDLLLLLHHHLHLLLLDDDULDLLDLDLDHHDLDDDDDD
              50320 DDLLLLLHHHLHLLLLDDDULDLLDLDLDHHDLDDDDDD
              50400 UDLLLLLHHHLHLLLLDDDULDLLDLDLDHHDLDDDDDD
              50480 DDLLLLLHHHLHLLLLDDDULDLLDLDLDHHDLDDDDDD
              50560 UDLLLLLHHHLHLLLLDDDULDLLDLDLDHHDLDDDDDD
              50640 DDLLLLLHHHLHLLLLDDDULDLLDLDLDHHDLDDDDDD
              50720 UDLLLLLHHHLHLLLLDDDULDLLDLDLDHLULDDDDDD
              50800 DDLLLLLHHHLHLLLLDDDULDLLDLDLDHLULDDDDDD
              50880 UDLLLLLHHHLHLLLLDDDULDLLDLDLDHLDLDDDDDD
              50960 DDLLLLLHHHLHLLLLDDDULDLLDLDLDHLDLDDDDDD
              51040 UDLLLLLHHHLHLLLLDDDULDLHDLDLDHLDLDDDDDD
              51120 DDLLLLLHHHLHLLLLDDDULDLHDLDLDHLDLDDDDDD
              51200 UDLLLLLHHHLHLLLLDDDULDLHDLDLDHLDLDDDDDD
              51280 DDLLLLLHHHLHLLLLDDDULDLHDLDLDHLDLDDDDDD
              51360 UDLLLLLHHHLHLLLLDDDULDLHDLDLDHLDLDDDDDD
              51440 DDLLLLLHHHLHLLLLDDDULDLHDLDLDHLDLDDDDDD
              51520 UDLLLLLHHHLHLLLLDDDULDLHDLDLDHLDLDDDDDD
              51600 DDLLLLLHHHLHLLLLDDDULDLHDLDLDHLDLDDDDDD
              51680 UDLLLLLHHHLHLLLLDDDULDLHULDLDHLDLDDDDDD
              51760 DDLLLLLHHHLHLLLLDDDULDLHULDLDHLDLDDDDDD
              51840 UDLLLLLHHHLHLLLLDDDUHDLLDLDLDHLDLDDDDDD
              51844 UDLLLLLHHHLHHLLLDDDUHDLLDLDLDHLDLDDDDDD
              51920 DDLLLLLHHHLHHLLLDDDUHDLLDLDLDHLDLDDDDDD
              52000 UDLLLLLHHHLHHLLLDDDUHDLLDLDLDHLDLDDDDDD
              52080 DDLLLLLHHHLHHLLLDDDUHDLLDLDLDHLDLDDDDDD
              52160 UDLLLLLHHHLHHLLLDDDUHDLLDLDLDHLDLDDDDDD
              52240 DDLLLLLHHHLHHLLLDDDUHDLLDLDLDHLDLDDDDDD
              52320 UDLLLLLHHHLHHLLLDDDUHDLLDLDLDHLDLDDDDDD
              52400 DDLLLLLHHHLHHLLLDDDUHDLLDLDLDHLDLDDDDDD
              52480 UDLLLLLHHHLHHLLLDDDUHULLDLDLDHLDLDDDDDD
              52560 DDLLLLLHHHLHHLLLDDDUHULLDLDLDHLDLDDDDDD
              52640 UDLLLLLHHHLHHLLLDDDULDLLDLDLDHLDLDDDDDD
              52720 DDLLLLLHHHLHHLLLDDDULDLLDLDLDHLDLDDDDDD
              52800 UDLLLLLHHHLHHLLLDDDULDHHDLDLDHLDLDDDDDD
              52880 DDLLLLLHHHLHHLLLDDDULDHHDLDLDHLDLDDDDDD
              52960 UDLLLLLHHHLHHLLLDDDULDHHDLDLDHLDLDDDDDD
              53040 DDLLLLLHHHLHHLLLDDDULDHHDLDLDHLDLDDDDDD
              53120 UDLLLLLHHHLHHLLLDDDULDHHDLDLDHLDLDDDDDD
              53200 DDLLLLLHHHLHHLLLDDDULDHHDLDLDHLDLDDDDDD
              53280 UDLLLLLHHHLHHLLLDDDULDHHDLDLDHLDLDDDDDD
              53360 DDLLLLLHHHLHHLLLDDDULDHHDLDLDHLDLDDDDDD
              53440 UDLLLLLHHHLHHLLLDDDULDHHULDLDHLDLDDDDDD
              53520 DDLLLLLHHHLHHLLLDDDULDHHULDLDHLDLDDDDDD
              53600 UDLLLLLHHHLHHLLLDDDULDLLDLDLDHLDLDDDDDD
              53680 DDLLLLLHHHLHHLLLDDDULDLLDLDLDHLDLDDDDDD
              53760 UDLLLLLHHHLHHLLLDDDULDLLDLDLDHHDLDDDDDD
              53840 DDLLLLLHHHLHHLLLDDDULDLLDLDLDHHDLDDDDDD
              53920 UDLLLLLHHHLHHLLLDDDULDLLDLDLDHHDLDDDDDD
              54000 DDLLLLLHHHLHHLLLDDDULDLLDLDLDHHDLDDDDDD
              54080 UDLLLLLHHHLHHLLLDDDULDLLDLDLDHHDLDDDDDD
              54160 DDLLLLLHHHLHHLLLDDDULDLLDLDLDHHDLDDDDDD
              54240 UDLLLLLHHHLHHLLLDDDULDLLDLDLDHHDLDDDDDD
              54320 DDLLLLLHHHLHHLLLDDDULDLLDLDLDHHDLDDDDDD
              54400 UDLLLLLHHHLHHLLLDDDULDLLDLDLDHHDLDDDDDD
              54480 DDLLLLLHHHLHHLLLDDDULDLLDLDLDHHDLDDDDDD
              54560 UDLLLLLHHHLHHLLLDDDULDLLDLDLDHHULDDDDDD
              54640 DDLLLLLHHHLHHLLLDDDULDLLDLDLDHHULDDDDDD
              54720 UDLLLLLHHHLHHLLLDDDULDLLDLDLDHHDLDDDDDD
              54800 DDLLLLLHHHLHHLLLDDDULDLLDLDLDHHDLDDDDDD
              54880 UDLLLLLHHHLHHLLLDDDULDLLDLDLDHHDLDDDDDD
              54960 DDLLLLLHHHLHHLLLDDDULDLLDLDLDHHDLDDDDDD
              55040 UDLLLLLHHHLHHLLLDDDULDLLDLDLDHHDLDDDDDD
              55120 DDLLLLLHHHLHHLLLDDDULDLLDLDLDHHDLDDDDDD
              55200 UDLLLLLHHHLHHLLLDDDULDLLDLDLDHHDLDDDDDD
              55280 DDLLLLLHHHLHHLLLDDDULDLLDLDLDHHDLDDDDDD
              55360 UDLLLLLHHHLHHLLLDDDULDLLDLDLDHLULDDDDDD
              55440 DDLLLLLHHHLHHLLLDDDULDLLDLDLDHLULDDDDDD
              55520 UDLLLLLHHHLHHLLLDDDULDLLDLDLDHLDLDDDDDD
              55600 DDLLLLLHHHLHHLLLDDDULDLLDLDLDHLDLDDDDDD
              55680 UDLLLLLHHHLHHLLLDDDULDLHDLDLDHLDLDDDDDD
              55760 DDLLLLLHHHLHHLLLDDDULDLHDLDLDHLDLDDDDDD
              55840 UDLLLLLHHHLHHLLLDDDULDLHDLDLDHLDLDDDDDD
              55920 DDLLLLLHHHLHHLLLDDDULDLHDLDLDHLDLDDDDDD
              56000 UDLLLLLHHHLHHLLLDDDULDLHDLDLDHLDLDDDDDD
              56080 DDLLLLLHHHLHHLLLDDDULDLHDLDLDHLDLDDDDDD
              56160 UDLLLLLHHHLHHLLLDDDULDLHDLDLDHLDLDDDDDD
              56240 DDLLLLLHHHLHHLLLDDDULDLHDLDLDHLDLDDDDDD
              56320 UDLLLLLHHHLHHLLLDDDULDLHULDLDHLDLDDDDDD
              56400 DDLLLLLHHHLHHLLLDDDULDLHULDLDHLDLDDDDDD
              56480 UDLLLLLHHHLHHLLLDDDUHDLLDLDLDHLDLDDDDDD
              56484 UDLLLLLHHHLHLLLLDDDUHDLLDLDLDHLDLDDDDDD
              56485 UDLLLLLHHHHLLLLLDDDUHDLLDLDLDHLDLDDDDDD
              56560 DDLLLLLHHHHLLLLLDDDUHDLLDLDLDHLDLDDDDDD
              56640 UDLLLLLHHHHLLLLLDDDUHDLLDLDLDHLDLDDDDDD
              56720 DDLLLLLHHHHLLLLLDDDUHDLLDLDLDHLDLDDDDDD
              56800 UDLLLLLHHHHLLLLLDDDUHDLLDLDLDHLDLDDDDDD
              56880 DDLLLLLHHHHLLLLLDDDUHDLLDLDLDHLDLDDDDDD
              56960 UDLLLLLHHHHLLLLLDDDUHDLLDLDLDHLDLDDDDDD
              57040 DDLLLLLHHHHLLLLLDDDUHDLLDLDLDHLDLDDDDDD
              57120 UDLLLLLHHHHLLLLLDDDUHULLDLDLDHLDLDDDDDD
              57200 DDLLLLLHHHHLLLLLDDDUHULLDLDLDHLDLDDDDDD
              57280 UDLLLLLHHHHLLLLLDDDULDLLDLDLDHLDLDDDDDD
              57360 DDLLLLLHHHHLLLLLDDDULDLLDLDLDHLDLDDDDDD
              57440 UDLLLLLHHHHLLLLLDDDULDHHDLDLDHLDLDDDDDD
              57520 DDLLLLLHHHHLLLLLDDDULDHHDLDLDHLDLDDDDDD
              57600 UDLLLLLHHHHLLLLLDDDULDHHDLDLDHLDLDDDDDD
              57680 DDLLLLLHHHHLLLLLDDDULDHHDLDLDHLDLDDDDDD
              57760 UDLLLLLHHHHLLLLLDDDULDHHDLDLDHLDLDDDDDD
              57840 DDLLLLLHHHHLLLLLDDDULDHHDLDLDHLDLDDDDDD
              57920 UDLLLLLHHHHLLLLLDDDULDHHDLDLDHLDLDDDDDD
              58000 DDLLLLLHHHHLLLLLDDDULDHHDLDLDHLDLDDDDDD
              58080 UDLLLLLHHHHLLLLLDDDULDHHULDLDHLDLDDDDDD
              58160 DDLLLLLHHHHLLLLLDDDULDHHULDLDHLDLDDDDDD
              58240 UDLLLLLHHHHLLLLLDDDULDLLDLDLDHLDLDDDDDD
              58320 DDLLLLLHHHHLLLLLDDDULDLLDLDLDHLDLDDDDDD
              58400 UDLLLLLHHHHLLLLLDDDULDLLDLDLDHHDLDDDDDD
              58402 UDLLLLLHHHLHLLLLDDDULDLLDLDLDHHDLDDDDDD
              58405 UDLLLLLHHHHLLLLLDDDULDLLDLDLDHHDLDDDDDD
              58480 DDLLLLLHHHHLLLLLDDDULDLLDLDLDHHDLDDDDDD
              58560 UDLLLLLHHHHLLLLLDDDULDLLDLDLDHHDLDDDDDD
              58640 DDLLLLLHHHHLLLLLDDDULDLLDLDLDHHDLDDDDDD
              58720 UDLLLLLHHHHLLLLLDDDULDLLDLDLDHHDLDDDDDD
              58800 DDLLLLLHHHHLLLLLDDDULDLLDLDLDHHDLDDDDDD
              58880 UDLLLLLHHHHLLLLLDDDULDLLDLDLDHHDLDDDDDD
              58960 DDLLLLLHHHHLLLLLDDDULDLLDLDLDHHDLDDDDDD
              59040 UDLLLLLHHHHLLLLLDDDULDLLDLDLDHHDLDDDDDD
              59120 DDLLLLLHHHHLLLLLDDDULDLLDLDLDHHDLDDDDDD
              59200 UDLLLLLHHHHLLLLLDDDULDLLDLDLDHHULDDDDDD
              59280 DDLLLLLHHHHLLLLLDDDULDLLDLDLDHHULDDDDDD
              59360 UDLLLLLHHHHLLLLLDDDULDLLDLDLDHHDLDDDDDD
              59440 DDLLLLLHHHHLLLLLDDDULDLLDLDLDHHDLDDDDDD
              59520 UDLLLLLHHHHLLLLLDDDULDLLDLDLDHHDLDDDDDD
              59600 DDLLLLLHHHHLLLLLDDDULDLLDLDLDHHDLDDDDDD
              59680 UDLLLLLHHHHLLLLLDDDULDLLDLDLDHHDLDDDDDD
              59760 DDLLLLLHHHHLLLLLDDDULDLLDLDLDHHDLDDDDDD
              59840 UDLLLLLHHHHLLLLLDDDULDLLDLDLDHHDLDDDDDD
              59920 DDLLLLLHHHHLLLLLDDDULDLLDLDLDHHDLDDDDDD
              60000 UDLLLLLHHHHLLLLLDDDULDLLDLDLDHLULDDDDDD
