                  0 UUNLLTTTTTTTTTNT
                 82 DUNLLTTTTTTTTTNT
                164 UUNLLTTTTTTTTTNT
                246 DUNLLTTTTTTTTTNT
                287 DDDLLTTTTTTTTTNT
                328 UDDLLTTTTTTTTTUT
                410 DDDLLTTTTTTTTTUT
                451 DDULLTTTTTTTTTUT
                492 UDULLLLLLLLLLLUL
                574 DDULLLLLLLLLLLUL
                615 DDDLLLLLLLLLLLUL
                656 UDDLLLLLLLLLLLUL
                738 DDDLLLLLLLLLLLUL
                820 UDDLLLLLLLLLHLUL
                902 DDDLLLLLLLLLHLUL
                984 UDDLLLLLLLLHLLUL
               1066 DDDLLLLLLLLHLLUL
               1148 UDDLLLLLLLLHHLUL
               1230 DDDLLLLLLLLHHLUL
               1312 UDDLLLLLLLHLLLUL
               1394 DDDLLLLLLLHLLLUL
               1476 UDDLLLLLLLHLHLUL
               1558 DDDLLLLLLLHLHLUL
               1640 UDDLLLLLLLHHLLUL
               1722 DDDLLLLLLLHHLLUL
               1804 UDDLLLLLLLHHHLUL
               1886 DDDLLLLLLLHHHLUL
               1968 UDDLLLLLLHLLLLUL
               2050 DDDLLLLLLHLLLLUL
               2132 UDDLLLLLLHLLLLDL
               2214 DDDLLLLLLHLLLLDL
               2296 UDDLLLLLLHLLLLDL
               2378 DDDLLLLLLHLLLLDL
               2460 UDDLLLLLLLLLLLDL
               2542 DDDLLLLLLLLLLLDL
               2624 UDDLLLLLLHLLLLUL
               2706 DDDLLLLLLHLLLLUL
               2788 UDDLLLHHHHHHHLDL
               2870 DDDLLLHHHHHHHLDL
               2952 UDDLLLLLLLHHHHUL
               3034 DDDLLLLLLLHHHHUL
               3116 UDDLLLLLLLHHLLUL
               3198 DDDLLLLLLLHHLLUL
               3280 UDDLLLHHHHHHLLUL
               3362 DDDLLLHHHHHHLLUL
               3444 UDDLLLLLLLHHLHUL
               3526 DDDLLLLLLLHHLHUL
               3608 UDDLLLLLLLHLHLUL
               3690 DDDLLLLLLLHLHLUL
               3772 UDDLLLHHHHHLHLUL
               3854 DDDLLLHHHHHLHLUL
               3936 UDDLLLLLLLHLHHUL
               4018 DDDLLLLLLLHLHHUL
               4100 UDDLLLLLLLHLLLUL
               4182 DDDLLLLLLLHLLLUL
               4264 UDDLLLHHHHHLLLUL
               4346 DDDLLLHHHHHLLLUL
               4428 UDDLLLLLLLHLLHUL
               4510 DDDLLLLLLLHLLHUL
               4592 UDDLLLLLLLLHHLUL
               4674 DDDLLLLLLLLHHLUL
               4756 UDDLLLHHHHLHHLUL
               4838 DDDLLLHHHHLHHLUL
               4920 UDDLLLLLLLLHHHUL
               5002 DDDLLLLLLLLHHHUL
               5084 UDDLLLLLLLLHLLUL
               5166 DDDLLLLLLLLHLLUL
               5248 UDDLLLHHHHLHLLUL
               5330 DDDLLLHHHHLHLLUL
               5412 UDDLLLLLLLLHLHUL
               5494 DDDLLLLLLLLHLHUL
               5576 UDDLLLLLLLLLHLUL
               5658 DDDLLLLLLLLLHLUL
               5740 UDDLLLHHHHLLHLUL
               5822 DDDLLLHHHHLLHLUL
               5904 UDDLLLLLLLLLHHUL
               5986 DDDLLLLLLLLLHHUL
               6068 UDDLLLLLLLLLLLUL
               6150 DDDLLLLLLLLLLLUL
               6232 UDDLLLHHHHLLLLUL
               6314 DDDLLLHHHHLLLLUL
               6396 UDDLLLLLLLLLLHUL
               6478 DDDLLLLLLLLLLHUL
               6560 UDDLLLHHHHHHHLUL
               6642 DDDLLLHHHHHHHLUL
               6724 UDDLLLHHHHHHHLUL
               6806 DDDLLLHHHHHHHLUL
               6888 UDDLHLLLLHLLLLUL
               6970 DDDLHLLLLHLLLLUL
               7052 UDDLLLLLLHLLLLDL
               7134 DDDLLLLLLHLLLLDL
               7216 UDDLLLLLLHLLLLDL
               7298 DDDLLLLLLHLLLLDL
               7380 UDDLLLLLLHLLLLDL
               7462 DDDLLLLLLHLLLLDL
               7544 UDDLLLLLLHLLHLDL
               7626 DDDLLLLLLHLLHLDL
               7708 UDDLLLLLLHLHLLDL
               7790 DDDLLLLLLHLHLLDL
               7872 UDDLLLLLLHLHHLDL
               7954 DDDLLLLLLHLHHLDL
               8036 UDDLLLLLLHHLLLDL
               8118 DDDLLLLLLHHLLLDL
               8200 UDDLLLLLLHHLHLDL
               8282 DDDLLLLLLHHLHLDL
               8364 UDDLLLLLLHHHLLDL
               8446 DDDLLLLLLHHHLLDL
               8528 UDDLLLLLLHHHHLUL
               8610 DDDLLLLLLHHHHLUL
               8692 UDDLLLLLHLLLLLDL
               8774 DDDLLLLLHLLLLLDL
               8856 UDDLLLLLHLLLLLUL
               8938 DDDLLLLLHLLLLLUL
               9020 UDDLLLLLHLLLLLUL
               9102 DDDLLLLLHLLLLLUL
               9184 UDDLLLLLHLLLLLUL
               9266 DDDLLLLLHLLLLLUL
               9348 UDDLLLLLHLLLLLUL
               9430 DDDLLLLLHLLLLLUL
               9512 UDDLLLLLHLLLHLUL
               9594 DDDLLLLLHLLLHLUL
               9676 UDDLLLLLHLLHLLUL
               9758 DDDLLLLLHLLHLLUL
               9840 UDDLLLLLHLLHHLUL
               9922 DDDLLLLLHLLHHLUL
              10004 UDDLLLLLHLHLLLUL
              10086 DDDLLLLLHLHLLLUL
              10168 UDDLLLLLHLHLHLUL
              10250 DDDLLLLLHLHLHLUL
              10332 UDDLLLLLHLHHLLUL
              10414 DDDLLLLLHLHHLLUL
              10496 UDDLLLLLHLHHHLUL
              10578 DDDLLLLLHLHHHLUL
              10660 UDDLLLLLHHLLLLUL
              10742 DDDLLLLLHHLLLLUL
              10824 UDDLLLLLHHLLLLDL
              10906 DDDLLLLLHHLLLLDL
              10988 UDDLLLLLHHLLLLDL
              11070 DDDLLLLLHHLLLLDL
              11152 UDDLLLHHHHHHHLDL
              11234 DDDLLLHHHHHHHLDL
              11316 UDDLLLLLHHLLLLUL
              11398 DDDLLLLLHHLLLLUL
              11480 UDDLLLLLLHHHHLDL
              11562 DDDLLLLLLHHHHLDL
              11644 UDDLLLLLHLHHHHDL
              11726 DDDLLLLLHLHHHHDL
              11808 UDDLLLLLHLHHLLUL
              11890 DDDLLLLLHLHHLLUL
              11972 UDDLLLLLLHHHLLUL
              12054 DDDLLLLLLHHHLLUL
              12136 UDDLLLLLHLHHLHUH
              12218 DDDLLLLLHLHHLHUH
              12300 UDDLLLLLHLHLHLUL
              12382 DDDLLLLLHLHLHLUL
              12464 UDDLLLLLLHHLHLUL
              12546 DDDLLLLLLHHLHLUL
              12628 UDDLLLLLHLHLHHDL
              12710 DDDLLLLLHLHLHHDL
              12792 UDDLLLLLHLHLLLUL
              12874 DDDLLLLLHLHLLLUL
              12956 UDDLLLLLLHHLLLUL
              13038 DDDLLLLLLHHLLLUL
              13120 UDDLLLLLHLHLLHDL
              13202 DDDLLLLLHLHLLHDL
              13284 UDDLLLLLHLLHHLUL
              13366 DDDLLLLLHLLHHLUL
              13448 UDDLLLLLLHLHHLUL
              13530 DDDLLLLLLHLHHLUL
              13612 UDDLLLLLHLLHHHDL
              13694 DDDLLLLLHLLHHHDL
              13776 UDDLLLLLHLLHLLUL
              13858 DDDLLLLLHLLHLLUL
              13940 UDDLLLLLLHLHLLUL
              14022 DDDLLLLLLHLHLLUL
              14104 UDDLLLLLHLLHLHDL
              14186 DDDLLLLLHLLHLHDL
              14268 UDDLLLLLHLLLHLUL
              14350 DDDLLLLLHLLLHLUL
              14432 UDDLLLLLLHLLHLUL
              14514 DDDLLLLLLHLLHLUL
              14596 UDDLLLLLHLLLHHDL
              14678 DDDLLLLLHLLLHHDL
              14760 UDDLLLLLHLLLLLUL
              14842 DDDLLLLLHLLLLLUL
              14924 UDDLLLLLLHLLLLUL
              15006 DDDLLLLLLHLLLLUL
              15088 UDDLLLLLHLLLLHDL
              15170 DDDLLLLLHLLLLHDL
              15252 UDDLLLLLLHHHHLUL
              15334 DDDLLLLLLHHHHLUL
              15416 UDDLLLLLLLHHHLDL
              15498 DDDLLLLLLLHHHLDL
              15580 UDDLLLLLLHHHHHDL
              15662 DDDLLLLLLHHHHHDL
              15744 UDDLLLLLLHHHLLDL
              15826 DDDLLLLLLHHHLLDL
              15908 UDDLLLLLLLHHLLUL
              15990 DDDLLLLLLLHHLLUL
              16072 UDDLLLLLLHHHLHDL
              16154 DDDLLLLLLHHHLHDL
              16236 UDDLLLLLLHHLHLUL
              16318 DDDLLLLLLHHLHLUL
              16400 UDDLLLLLLLHLHLDL
              16482 DDDLLLLLLLHLHLDL
              16564 UDDLLLLLLHHLHHDL
              16646 DDDLLLLLLHHLHHDL
              16728 UDDLLLLLLHHLLLDL
              16810 DDDLLLLLLHHLLLDL
              16892 UDDLLLLLLLHLLLDL
              16974 DDDLLLLLLLHLLLDL
              17056 UDDLLLLLLHHLLHDL
              17138 DDDLLLLLLHHLLHDL
              17220 UDDLLLLLLHLHHLDL
              17302 DDDLLLLLLHLHHLDL
              17384 UDDLLLLLLLLHHLDL
              17466 DDDLLLLLLLLHHLDL
              17548 UDDLLLLLLHLHHHDL
              17630 DDDLLLLLLHLHHHDL
              17712 UDDLLLLLLHLHLLDL
              17794 DDDLLLLLLHLHLLDL
              17876 UDDLLLLLLLLHLLDL
              17958 DDDLLLLLLLLHLLDL
              18040 UDDLLLLLLHLHLHDL
              18122 DDDLLLLLLHLHLHDL
              18204 UDDLLLLLLHLLHLDL
              18286 DDDLLLLLLHLLHLDL
              18368 UDDLLLLLLLLLHLDL
              18450 DDDLLLLLLLLLHLDL
              18532 UDDLLLLLLHLLHHDL
              18614 DDDLLLLLLHLLHHDL
              18696 UDDLLLLLLHLLLLDL
              18778 DDDLLLLLLHLLLLDL
              18860 UDDLLLLLLLLLLLDL
              18942 DDDLLLLLLLLLLLDL
              19024 UDDLLLLLLHLLLHDL
              19106 DDDLLLLLLHLLLHDL
              19188 UDDLLLLLLLHHHLDL
              19270 DDDLLLLLLLHHHLDL
              19352 UDDLLLHHHHHHHLDL
              19434 DDDLLLHHHHHHHLDL
              19516 UDDLLLLLLLHHHHUL
              19598 DDDLLLLLLLHHHHUL
              19680 UDDLLLLLLLHHLLDL
              19762 DDDLLLLLLLHHLLDL
              19844 UDDLLLHHHHHHLLDL
              19926 DDDLLLHHHHHHLLDL
              20008 UDDLLLLLLLHHLHUL
              20090 DDDLLLLLLLHHLHUL
              20172 UDDLLLLLLLHLHLDL
              20254 DDDLLLLLLLHLHLDL
              20336 UDDLLLHHHHHLHLDL
              20418 DDDLLLHHHHHLHLDL
              20500 UDDLLLLLLLHLHHUL
              20582 DDDLLLLLLLHLHHUL
              20664 UDDLLLLLLLHLLLDL
              20746 DDDLLLLLLLHLLLDL
              20828 UDDLLLHHHHHLLLDL
              20910 DDDLLLHHHHHLLLDL
              20992 UDDLLLLLLLHLLHUL
              21074 DDDLLLLLLLHLLHUL
              21156 UDDLLLLLLLLHHLDL
              21238 DDDLLLLLLLLHHLDL
              21320 UDDLLLHHHHLHHLDL
              21402 DDDLLLHHHHLHHLDL
              21484 UDDLLLLLLLLHHHUL
              21566 DDDLLLLLLLLHHHUL
              21648 UDDLLLLLLLLHLLDL
              21730 DDDLLLLLLLLHLLDL
              21812 UDDLLLHHHHLHLLDL
              21894 DDDLLLHHHHLHLLDL
              21976 UDDLLLLLLLLHLHUL
              22058 DDDLLLLLLLLHLHUL
              22140 UDDLLLLLLLLLHLDL
              22222 DDDLLLLLLLLLHLDL
              22304 UDDLLLHHHHLLHLDL
              22386 DDDLLLHHHHLLHLDL
              22468 UDDLLLLLLLLLHHUL
              22550 DDDLLLLLLLLLHHUL
              22632 UDDLLLLLLLLLLLDL
              22714 DDDLLLLLLLLLLLDL
              22796 UDDLLLHHHHLLLLDL
              22878 DDDLLLHHHHLLLLDL
              22960 UDDLLLLLLLLLLHUL
              23042 DDDLLLLLLLLLLHUL
              23124 UDDLLLHHHHHHHLDL
              23206 DDDLLLHHHHHHHLDL
              23288 UDDLLLHHHHHHHLUL
              23370 DDDLLLHHHHHHHLUL
              23452 UDDLHLLLHHLLLLUL
              23534 DDDLHLLLHHLLLLUL
              23616 UDDLLLLLHHLLLLDL
              23698 DDDLLLLLHHLLLLDL
              23780 UDDLLLLLHHLLLLDL
              23862 DDDLLLLLHHLLLLDL
              23944 UDDLLLLLHHLLLLDL
              24026 DDDLLLLLHHLLLLDL
              24108 UDDLLLLLHHLLHLDL
              24190 DDDLLLLLHHLLHLDL
              24272 UDDLLLLLHHLHLLDL
              24354 DDDLLLLLHHLHLLDL
              24436 UDDLLLLLHHLHHLDL
              24518 DDDLLLLLHHLHHLDL
              24600 UDDLLLLLHHHLLLDL
              24682 DDDLLLLLHHHLLLDL
              24764 UDDLLLLLHHHLHLDL
              24846 DDDLLLLLHHHLHLDL
              24928 UDDLLLLLHHHHLLDL
              25010 DDDLLLLLHHHHLLDL
              25092 UDDLLLLLHHHHHLDL
              25174 DDDLLLLLHHHHHLDL
              25256 UDDLLLLHLLLLLLDL
              25338 DDDLLLLHLLLLLLDL
              25420 UDDLLLLHLLLLLLDL
              25502 DDDLLLLHLLLLLLDL
              25584 UDDLLLLHLLLLLLDL
              25666 DDDLLLLHLLLLLLDL
              25748 UDDLLLLHLLLLLLDL
              25830 DDDLLLLHLLLLLLDL
              25912 UDDLLLLHLLLLLLDL
              25994 DDDLLLLHLLLLLLDL
              26076 UDDLLLLHLLLLHLDL
              26158 DDDLLLLHLLLLHLDL
              26240 UDDLLLLHLLLHLLUL
              26322 DDDLLLLHLLLHLLUL
              26404 UDDLLLLHLLLHHLUL
              26486 DDDLLLLHLLLHHLUL
              26568 UDDLLLLHLLHLLLUL
              26650 DDDLLLLHLLHLLLUL
              26732 UDDLLLLHLLHLHLUL
              26814 DDDLLLLHLLHLHLUL
              26896 UDDLLLLHLLHHLLUL
              26978 DDDLLLLHLLHHLLUL
              27060 UDDLLLLHLLHHHLUL
              27142 DDDLLLLHLLHHHLUL
              27224 UDDLLLLHLHLLLLUL
              27306 DDDLLLLHLHLLLLUL
              27388 UDDLLLLHLHLLLLUL
              27470 DDDLLLLHLHLLLLUL
              27552 UDDLLLLHLHLLLLUL
              27634 DDDLLLLHLHLLLLUL
              27716 UDDLLLLHLHLLLLUL
              27798 DDDLLLLHLHLLLLUL
              27880 UDDLLLLHLHLLLLUL
              27962 DDDLLLLHLHLLLLUL
              28044 UDDLLLLHLHLLHLUL
              28126 DDDLLLLHLHLLHLUL
              28208 UDDLLLLHLHLHLLUL
              28290 DDDLLLLHLHLHLLUL
              28372 UDDLLLLHLHLHHLUL
              28454 DDDLLLLHLHLHHLUL
              28536 UDDLLLLHLHHLLLUL
              28618 DDDLLLLHLHHLLLUL
              28700 UDDLLLLHLHHLHLDL
              28782 DDDLLLLHLHHLHLDL
              28864 UDDLLLLHLHHHLLDL
              28946 DDDLLLLHLHHHLLDL
              29028 UDDLLLLHLHHHHLDL
              29110 DDDLLLLHLHHHHLDL
              29192 UDDLLLLHHLLLLLDL
              29274 DDDLLLLHHLLLLLDL
              29356 UDDLLLLHHLLLLLDL
              29438 DDDLLLLHHLLLLLDL
              29520 UDDLLLLHHLLLLLDL
              29602 DDDLLLLHHLLLLLDL
              29684 UDDLLLLHHLLLLLDL
              29766 DDDLLLLHHLLLLLDL
              29848 UDDLLLLHHLLLLLDL
              29930 DDDLLLLHHLLLLLDL
              30012 UDDLLLLHHLLLHLDL
              30094 DDDLLLLHHLLLHLDL
              30176 UDDLLLLHHLLHLLDL
              30258 DDDLLLLHHLLHLLDL
              30340 UDDLLLLHHLLHHLDL
              30422 DDDLLLLHHLLHHLDL
              30504 UDDLLLLHHLHLLLDL
              30586 DDDLLLLHHLHLLLDL
              30668 UDDLLLLHHLHLHLDL
              30750 DDDLLLLHHLHLHLDL
              30832 UDDLLLLHHLHHLLDL
              30914 DDDLLLLHHLHHLLDL
              30996 UDDLLLLHHLHHHLDL
              31078 DDDLLLLHHLHHHLDL
              31160 UDDLLLLHHHLLLLUL
              31242 DDDLLLLHHHLLLLUL
              31324 UDDLLLLHHHLLLLUL
              31406 DDDLLLLHHHLLLLUL
              31488 UDDLLLLHHHLLLLUL
              31570 DDDLLLLHHHLLLLUL
              31652 UDDLLLLHHHLLLLUL
              31734 DDDLLLLHHHLLLLUL
              31816 UDDLLLLHHHLLLLUL
              31898 DDDLLLLHHHLLLLUL
              31980 UDDLLLLHHHLLHLUL
              32062 DDDLLLLHHHLLHLUL
              32144 UDDLLLLHHHLHLLDL
              32226 DDDLLLLHHHLHLLDL
              32308 UDDLLLLHHHLHHLDL
              32390 DDDLLLLHHHLHHLDL
              32472 UDDLLLLHHHHLLLDL
              32554 DDDLLLLHHHHLLLDL
              32636 UDDLLLLHHHHLHLDL
              32718 DDDLLLLHHHHLHLDL
              32800 UDDLLLLHHHHHLLDL
              32882 DDDLLLLHHHHHLLDL
              32964 UDDLLLLHHHHHHLDL
              33046 DDDLLLLHHHHHHLDL
              33128 UDDLLLHLLLLLLLDL
              33210 DDDLLLHLLLLLLLDL
              33292 UDDLLLHLLLLLLLDL
              33374 DDDLLLHLLLLLLLDL
              33456 UDDLLLHLLLLLLLDL
              33538 DDDLLLHLLLLLLLDL
              33620 UDDLLLHLLLLLLLDL
              33702 DDDLLLHLLLLLLLDL
              33784 UDDLLLHLLLLLLLDL
              33866 DDDLLLHLLLLLLLDL
              33948 UDDLLLHLLLLLHLDL
              34030 DDDLLLHLLLLLHLDL
              34112 UDDLLLHLLLLHLLDL
              34194 DDDLLLHLLLLHLLDL
              34276 UDDLLLHLLLLHHLDL
              34358 DDDLLLHLLLLHHLDL
              34440 UDDLLLHLLLHLLLDL
              34522 DDDLLLHLLLHLLLDL
              34604 UDDLLLHLLLHLHLDL
              34686 DDDLLLHLLLHLHLDL
              34768 UDDLLLHLLLHHLLDL
              34850 DDDLLLHLLLHHLLDL
              34932 UDDLLLHLLLHHHLDL
              35014 DDDLLLHLLLHHHLDL
              35096 UDDLLLHLLHLLLLDL
              35178 DDDLLLHLLHLLLLDL
              35260 UDDLLLHLLHLLLLDL
              35342 DDDLLLHLLHLLLLDL
              35424 UDDLLLHLLHLLLLDL
              35506 DDDLLLHLLHLLLLDL
              35588 UDDLLLHLLHLLLLDL
              35670 DDDLLLHLLHLLLLDL
              35752 UDDLLLHLLHLLLLDL
              35834 DDDLLLHLLHLLLLDL
              35916 UDDLLLHLLHLLHLDL
              35998 DDDLLLHLLHLLHLDL
              36080 UDDLLLHLLHLHLLDL
              36162 DDDLLLHLLHLHLLDL
              36244 UDDLLLHLLHLHHLDL
              36326 DDDLLLHLLHLHHLDL
              36408 UDDLLLHLLHHLLLDL
              36490 DDDLLLHLLHHLLLDL
              36572 UDDLLLHLLHHLHLDL
              36654 DDDLLLHLLHHLHLDL
              36736 UDDLLLHLLHHHLLDL
              36818 DDDLLLHLLHHHLLDL
              36900 UDDLLLHLLHHHHLDL
              36982 DDDLLLHLLHHHHLDL
              37064 UDDLLLHLHLLLLLDL
              37146 DDDLLLHLHLLLLLDL
              37228 UDDLLLHLHLLLLLDL
              37310 DDDLLLHLHLLLLLDL
              37392 UDDLLLHLHLLLLLDL
              37474 DDDLLLHLHLLLLLDL
              37556 UDDLLLHLHLLLLLDL
              37638 DDDLLLHLHLLLLLDL
              37720 UDDLLLHLHLLLLLDL
              37802 DDDLLLHLHLLLLLDL
              37884 UDDLLLHLHLLLHLDL
              37966 DDDLLLHLHLLLHLDL
              38048 UDDLLLHLHLLHLLDL
              38130 DDDLLLHLHLLHLLDL
              38212 UDDLLLHLHLLHHLDL
              38294 DDDLLLHLHLLHHLDL
              38376 UDDLLLHLHLHLLLDL
              38458 DDDLLLHLHLHLLLDL
              38540 UDDLLLHLHLHLHLDL
              38622 DDDLLLHLHLHLHLDL
              38704 UDDLLLHLHLHHLLDL
              38786 DDDLLLHLHLHHLLDL
              38868 UDDLLLHLHLHHHLDL
              38950 DDDLLLHLHLHHHLDL
              39032 UDDLLLHLHHLLLLDL
              39114 DDDLLLHLHHLLLLDL
              39196 UDDLLLHLHHLLLLDL
              39278 DDDLLLHLHHLLLLDL
              39360 UDDLLLHLHHLLLLDL
              39442 DDDLLLHLHHLLLLDL
              39524 UDDLLLHLHHLLLLDL
              39606 DDDLLLHLHHLLLLDL
              39688 UDDLLLHLHHLLLLDL
              39770 DDDLLLHLHHLLLLDL
              39852 UDDLLLHLHHLLHLDL
              39934 DDDLLLHLHHLLHLDL
              40016 UDDLLLHLHHLHLLDL
              40098 DDDLLLHLHHLHLLDL
              40180 UDDLLLHLHHLHHLDL
              40262 DDDLLLHLHHLHHLDL
              40344 UDDLLLHLHHHLLLDL
              40426 DDDLLLHLHHHLLLDL
              40508 UDDLLLHLHHHLHLDL
              40590 DDDLLLHLHHHLHLDL
              40672 UDDLLLHLHHHHLLDL
              40754 DDDLLLHLHHHHLLDL
              40836 UDDLLLHLHHHHHLDL
              40918 DDDLLLHLHHHHHLDL
              41000 UDDLLLHHLLLLLLDL
              41082 DDDLLLHHLLLLLLDL
              41164 UDDLLLHHLLLLLLDL
              41246 DDDLLLHHLLLLLLDL
              41328 UDDLLLHHLLLLLLDL
              41410 DDDLLLHHLLLLLLDL
              41492 UDDLLLHHLLLLLLDL
              41574 DDDLLLHHLLLLLLDL
              41656 UDDLLLHHLLLLLLDL
              41738 DDDLLLHHLLLLLLDL
              41820 UDDLLLHHLLLLHLDL
              41902 DDDLLLHHLLLLHLDL
              41984 UDDLLLHHLLLHLLDL
              42066 DDDLLLHHLLLHLLDL
              42148 UDDLLLHHLLLHHLDL
              42230 DDDLLLHHLLLHHLDL
              42312 UDDLLLHHLLHLLLDL
              42394 DDDLLLHHLLHLLLDL
              42476 UDDLLLHHLLHLHLDL
              42558 DDDLLLHHLLHLHLDL
              42640 UDDLLLHHLLHHLLDL
              42722 DDDLLLHHLLHHLLDL
              42804 UDDLLLHHLLHHHLDL
              42886 DDDLLLHHLLHHHLDL
              42968 UDDLLLHHLHLLLLDL
              43050 DDDLLLHHLHLLLLDL
              43132 UDDLLLHHLHLLLLDL
              43214 DDDLLLHHLHLLLLDL
              43296 UDDLLLHHLHLLLLDL
              43378 DDDLLLHHLHLLLLDL
              43460 UDDLLLHHLHLLLLDL
              43542 DDDLLLHHLHLLLLDL
              43624 UDDLLLHHLHLLLLDL
              43706 DDDLLLHHLHLLLLDL
              43788 UDDLLLHHLHLLHLDL
              43870 DDDLLLHHLHLLHLDL
              43952 UDDLLLHHLHLHLLDL
              44034 DDDLLLHHLHLHLLDL
              44116 UDDLLLHHLHLHHLDL
              44198 DDDLLLHHLHLHHLDL
              44280 UDDLLLHHLHHLLLDL
              44362 DDDLLLHHLHHLLLDL
              44444 UDDLLLHHLHHLHLDL
              44526 DDDLLLHHLHHLHLDL
              44608 UDDLLLHHLHHHLLDL
              44690 DDDLLLHHLHHHLLDL
              44772 UDDLLLHHLHHHHLDL
              44854 DDDLLLHHLHHHHLDL
              44936 UDDLLLHHHLLLLLDL
              45018 DDDLLLHHHLLLLLDL
              45100 UDDLLLHHHLLLLLDL
              45182 DDDLLLHHHLLLLLDL
              45264 UDDLLLHHHLLLLLDL
              45346 DDDLLLHHHLLLLLDL
              45428 UDDLLLHHHLLLLLDL
              45510 DDDLLLHHHLLLLLDL
              45592 UDDLLLHHHLLLLLDL
              45674 DDDLLLHHHLLLLLDL
              45756 UDDLLLHHHLLLHLDL
              45838 DDDLLLHHHLLLHLDL
              45920 UDDLLLHHHLLHLLDL
              46002 DDDLLLHHHLLHLLDL
              46084 UDDLLLHHHLLHHLDL
              46166 DDDLLLHHHLLHHLDL
              46248 UDDLLLHHHLHLLLDL
              46330 DDDLLLHHHLHLLLDL
              46412 UDDLLLHHHLHLHLDL
              46494 DDDLLLHHHLHLHLDL
              46576 UDDLLLHHHLHHLLDL
              46658 DDDLLLHHHLHHLLDL
              46740 UDDLLLHHHLHHHLDL
              46822 DDDLLLHHHLHHHLDL
              46904 UDDLLLHHHHLLLLDL
              46986 DDDLLLHHHHLLLLDL
              47068 UDDLLLHHHHLLLLUL
              47150 DDDLLLHHHHLLLLUL
              47232 UDDLLLHHHHLLLLUL
              47314 DDDLLLHHHHLLLLUL
              47396 UDDLLLHHHHLLLLUL
              47478 DDDLLLHHHHLLLLUL
              47560 UDDLLLHHHHLLLLUL
              47642 DDDLLLHHHHLLLLUL
              47724 UDDLLLHHHHLLHLUL
              47806 DDDLLLHHHHLLHLUL
              47888 UDDLLLHHHHLHLLUL
              47970 DDDLLLHHHHLHLLUL
              48052 UDDLLLHHHHLHHLUL
              48134 DDDLLLHHHHLHHLUL
              48216 UDDLLLHHHHHLLLUL
              48298 DDDLLLHHHHHLLLUL
              48380 UDDLLLHHHHHLHLUL
              48462 DDDLLLHHHHHLHLUL
              48544 UDDLLLHHHHHHLLUL
              48626 DDDLLLHHHHHHLLUL
              48708 UDDLLLHHHHHHHLUL
              48790 DDDLLLHHHHHHHLUL
              48872 UDDLLLLLLLLLLLUL
              48954 DDDLLLLLLLLLLLUL
              49036 UDDLLLLLLLLLLLDL
              49118 DDDLLLLLLLLLLLDL
              49200 UDDLLLLLLLLLLLDL
              49282 DDDLLLLLLLLLLLDL
              49364 UDDLLLHHHHHHHLDL
              49446 DDDLLLHHHHHHHLDL
              49528 UDDLLLLLLLLLLLUL
              49610 DDDLLLLLLLLLLLUL
              49692 UDDLLLHHHLHHHLDL
              49774 DDDLLLHHHLHHHLDL
              49856 UDDLLLHHHHHHHHDL
              49938 DDDLLLHHHHHHHHDL
              50020 UDDLLLHHHHHHLLUL
              50102 DDDLLLHHHHHHLLUL
              50184 UDDLLLHHHLHHLLUL
              50266 DDDLLLHHHLHHLLUL
              50348 UDDLLLHHHHHHLHDL
              50430 DDDLLLHHHHHHLHDL
              50512 UDDLLLHHHHHLHLUL
              50594 DDDLLLHHHHHLHLUL
              50676 UDDLLLHHHLHLHLUL
              50758 DDDLLLHHHLHLHLUL
              50840 UDDLLLHHHHHLHHDL
              50922 DDDLLLHHHHHLHHDL
              51004 UDDLLLHHHHHLLLUL
              51086 DDDLLLHHHHHLLLUL
              51168 UDDLLLHHHLHLLLUL
              51250 DDDLLLHHHLHLLLUL
              51332 UDDLLLHHHHHLLHDL
              51414 DDDLLLHHHHHLLHDL
              51496 UDDLLLHHHHLHHLUL
              51578 DDDLLLHHHHLHHLUL
              51660 UDDLLLHHHLLHHLUL
              51742 DDDLLLHHHLLHHLUL
              51824 UDDLLLHHHHLHHHDL
              51906 DDDLLLHHHHLHHHDL
              51988 UDDLLLHHHHLHLLUL
              52070 DDDLLLHHHHLHLLUL
              52152 UDDLLLHHHLLHLLUL
              52234 DDDLLLHHHLLHLLUL
              52316 UDDLLLHHHHLHLHDL
              52398 DDDLLLHHHHLHLHDL
              52480 UDDLLLHHHHLLHLUL
              52562 DDDLLLHHHHLLHLUL
              52644 UDDLLLHHHLLLHLUL
              52726 DDDLLLHHHLLLHLUL
              52808 UDDLLLHHHHLLHHDL
              52890 DDDLLLHHHHLLHHDL
              52972 UDDLLLHHHHLLLLUL
              53054 DDDLLLHHHHLLLLUL
              53136 UDDLLLHHHLLLLLUL
              53218 DDDLLLHHHLLLLLUL
              53300 UDDLLLHHHHLLLHDL
              53382 DDDLLLHHHHLLLHDL
              53464 UDDLLLHHHLHHHLUL
              53546 DDDLLLHHHLHHHLUL
              53628 UDDLLLHHLHHHHLDL
              53710 DDDLLLHHLHHHHLDL
              53792 UDDLLLHHHLHHHHDL
              53874 DDDLLLHHHLHHHHDL
              53956 UDDLLLHHHLHHLLDL
              54038 DDDLLLHHHLHHLLDL
              54120 UDDLLLHHLHHHLLDL
              54202 DDDLLLHHLHHHLLDL
              54284 UDDLLLHHHLHHLHDL
              54366 DDDLLLHHHLHHLHDL
              54448 UDDLLLHHHLHLHLDL
              54530 DDDLLLHHHLHLHLDL
              54612 UDDLLLHHLHHLHLDL
              54694 DDDLLLHHLHHLHLDL
              54776 UDDLLLHHHLHLHHDL
              54858 DDDLLLHHHLHLHHDL
              54940 UDDLLLHHHLHLLLDL
              55022 DDDLLLHHHLHLLLDL
              55104 UDDLLLHHLHHLLLDL
              55186 DDDLLLHHLHHLLLDL
              55268 UDDLLLHHHLHLLHDL
              55350 DDDLLLHHHLHLLHDL
              55432 UDDLLLHHHLLHHLDL
              55514 DDDLLLHHHLLHHLDL
              55596 UDDLLLHHLHLHHLDL
              55678 DDDLLLHHLHLHHLDL
              55760 UDDLLLHHHLLHHHDL
              55842 DDDLLLHHHLLHHHDL
              55924 UDDLLLHHHLLHLLDL
              56006 DDDLLLHHHLLHLLDL
              56088 UDDLLLHHLHLHLLDL
              56170 DDDLLLHHLHLHLLDL
              56252 UDDLLLHHHLLHLHDL
              56334 DDDLLLHHHLLHLHDL
              56416 UDDLLLHHHLLLHLDL
              56498 DDDLLLHHHLLLHLDL
              56580 UDDLLLHHLHLLHLDL
              56662 DDDLLLHHLHLLHLDL
              56744 UDDLLLHHHLLLHHDL
              56826 DDDLLLHHHLLLHHDL
              56908 UDDLLLHHHLLLLLDL
              56990 DDDLLLHHHLLLLLDL
              57072 UDDLLLHHLHLLLLDL
              57154 DDDLLLHHLHLLLLDL
              57236 UDDLLLHHHLLLLHDL
              57318 DDDLLLHHHLLLLHDL
              57400 UDDLLLHHLHHHHLDL
              57482 DDDLLLHHLHHHHLDL
              57564 UDDLLLHHLLHHHLDL
              57646 DDDLLLHHLLHHHLDL
              57728 UDDLLLHHLHHHHHDL
              57810 DDDLLLHHLHHHHHDL
              57892 UDDLLLHHLHHHLLDL
              57974 DDDLLLHHLHHHLLDL
              58056 UDDLLLHHLLHHLLDL
              58138 DDDLLLHHLLHHLLDL
              58220 UDDLLLHHLHHHLHDL
              58302 DDDLLLHHLHHHLHDL
              58384 UDDLLLHHLHHLHLDL
              58466 DDDLLLHHLHHLHLDL
              58548 UDDLLLHHLLHLHLDL
              58630 DDDLLLHHLLHLHLDL
              58712 UDDLLLHHLHHLHHDL
              58794 DDDLLLHHLHHLHHDL
              58876 UDDLLLHHLHHLLLDL
              58958 DDDLLLHHLHHLLLDL
              59040 UDDLLLHHLLHLLLDL
              59122 DDDLLLHHLLHLLLDL
              59204 UDDLLLHHLHHLLHDL
              59286 DDDLLLHHLHHLLHDL
              59368 UDDLLLHHLHLHHLDL
              59450 DDDLLLHHLHLHHLDL
              59532 UDDLLLHHLLLHHLDL
              59614 DDDLLLHHLLLHHLDL
              59696 UDDLLLHHLHLHHHDL
              59778 DDDLLLHHLHLHHHDL
              59860 UDDLLLHHLHLHLLDL
              59942 DDDLLLHHLHLHLLDL
              60024 UDDLLLHHLLLHLLDL
              60106 DDDLLLHHLLLHLLDL
              60188 UDDLLLHHLHLHLHDL
              60270 DDDLLLHHLHLHLHDL
              60352 UDDLLLHHLHLLHLDL
              60434 DDDLLLHHLHLLHLDL
              60516 UDDLLLHHLLLLHLDL
              60598 DDDLLLHHLLLLHLDL
              60680 UDDLLLHHLHLLHHDL
              60762 DDDLLLHHLHLLHHDL
              60844 UDDLLLHHLHLLLLDL
              60926 DDDLLLHHLHLLLLDL
              61008 UDDLLLHHLLLLLLDL
              61090 DDDLLLHHLLLLLLDL
              61172 UDDLLLHHLHLLLHDL
              61254 DDDLLLHHLHLLLHDL
              61336 UDDLLLHHLLHHHLDL
              61418 DDDLLLHHLLHHHLDL
              61500 UDDLLLHLHHHHHLDL
              61582 DDDLLLHLHHHHHLDL
              61664 UDDLLLHHLLHHHHDL
              61746 DDDLLLHHLLHHHHDL
              61828 UDDLLLHHLLHHLLDL
              61910 DDDLLLHHLLHHLLDL
              61992 UDDLLLHLHHHHLLDL
              62074 DDDLLLHLHHHHLLDL
              62156 UDDLLLHHLLHHLHDL
              62238 DDDLLLHHLLHHLHDL
              62320 UDDLLLHHLLHLHLDL
              62402 DDDLLLHHLLHLHLDL
              62484 UDDLLLHLHHHLHLDL
              62566 DDDLLLHLHHHLHLDL
              62648 UDDLLLHHLLHLHHDL
              62730 DDDLLLHHLLHLHHDL
              62812 UDDLLLHHLLHLLLDL
              62894 DDDLLLHHLLHLLLDL
              62976 UDDLLLHLHHHLLLDL
              63058 DDDLLLHLHHHLLLDL
              63140 UDDLLLHHLLHLLHDL
              63222 DDDLLLHHLLHLLHDL
              63304 UDDLLLHHLLLHHLDL
              63386 DDDLLLHHLLLHHLDL
              63468 UDDLLLHLHHLHHLDL
              63550 DDDLLLHLHHLHHLDL
              63632 UDDLLLHHLLLHHHDL
              63714 DDDLLLHHLLLHHHDL
              63796 UDDLLLHHLLLHLLDL
              63878 DDDLLLHHLLLHLLDL
              63960 UDDLLLHLHHLHLLDL
              64042 DDDLLLHLHHLHLLDL
              64124 UDDLLLHHLLLHLHDL
              64206 DDDLLLHHLLLHLHDL
              64288 UDDLLLHHLLLLHLDL
              64370 DDDLLLHHLLLLHLDL
              64452 UDDLLLHLHHLLHLDL
              64534 DDDLLLHLHHLLHLDL
              64616 UDDLLLHHLLLLHHDL
              64698 DDDLLLHHLLLLHHDL
              64780 UDDLLLHHLLLLLLDL
              64862 DDDLLLHHLLLLLLDL
              64944 UDDLLLHLHHLLLLDL
              65026 DDDLLLHLHHLLLLDL
              65108 UDDLLLHHLLLLLHDL
              65190 DDDLLLHHLLLLLHDL
              65272 UDDLLLHLHHHHHLDL
              65354 DDDLLLHLHHHHHLDL
              65436 UDDLLLHLHLHHHLDL
              65518 DDDLLLHLHLHHHLDL
              65600 UDDLLLHLHHHHHHDL
              65682 DDDLLLHLHHHHHHDL
              65764 UDDLLLHLHHHHLLDL
              65846 DDDLLLHLHHHHLLDL
              65928 UDDLLLHLHLHHLLDL
              66010 DDDLLLHLHLHHLLDL
              66092 UDDLLLHLHHHHLHDL
              66174 DDDLLLHLHHHHLHDL
              66256 UDDLLLHLHHHLHLDL
              66338 DDDLLLHLHHHLHLDL
              66420 UDDLLLHLHLHLHLDL
              66502 DDDLLLHLHLHLHLDL
              66584 UDDLLLHLHHHLHHDL
              66666 DDDLLLHLHHHLHHDL
              66748 UDDLLLHLHHHLLLDL
              66830 DDDLLLHLHHHLLLDL
              66912 UDDLLLHLHLHLLLDL
              66994 DDDLLLHLHLHLLLDL
              67076 UDDLLLHLHHHLLHDL
              67158 DDDLLLHLHHHLLHDL
              67240 UDDLLLHLHHLHHLDL
              67322 DDDLLLHLHHLHHLDL
              67404 UDDLLLHLHLLHHLDL
              67486 DDDLLLHLHLLHHLDL
              67568 UDDLLLHLHHLHHHDL
              67650 DDDLLLHLHHLHHHDL
              67732 UDDLLLHLHHLHLLDL
              67814 DDDLLLHLHHLHLLDL
              67896 UDDLLLHLHLLHLLDL
              67978 DDDLLLHLHLLHLLDL
              68060 UDDLLLHLHHLHLHDL
              68142 DDDLLLHLHHLHLHDL
              68224 UDDLLLHLHHLLHLDL
              68306 DDDLLLHLHHLLHLDL
              68388 UDDLLLHLHLLLHLDL
              68470 DDDLLLHLHLLLHLDL
              68552 UDDLLLHLHHLLHHDL
              68634 DDDLLLHLHHLLHHDL
              68716 UDDLLLHLHHLLLLDL
              68798 DDDLLLHLHHLLLLDL
              68880 UDDLLLHLHLLLLLDL
              68962 DDDLLLHLHLLLLLDL
              69044 UDDLLLHLHHLLLHDL
              69126 DDDLLLHLHHLLLHDL
              69208 UDDLLLHLHLHHHLDL
              69290 DDDLLLHLHLHHHLDL
              69372 UDDLLLHLLHHHHLDL
              69454 DDDLLLHLLHHHHLDL
              69536 UDDLLLHLHLHHHHDL
              69618 DDDLLLHLHLHHHHDL
              69700 UDDLLLHLHLHHLLDL
              69782 DDDLLLHLHLHHLLDL
              69864 UDDLLLHLLHHHLLDL
              69946 DDDLLLHLLHHHLLDL
              70028 UDDLLLHLHLHHLHDL
              70110 DDDLLLHLHLHHLHDL
              70192 UDDLLLHLHLHLHLDL
              70274 DDDLLLHLHLHLHLDL
              70356 UDDLLLHLLHHLHLDL
              70438 DDDLLLHLLHHLHLDL
              70520 UDDLLLHLHLHLHHDL
              70602 DDDLLLHLHLHLHHDL
              70684 UDDLLLHLHLHLLLDL
              70766 DDDLLLHLHLHLLLDL
              70848 UDDLLLHLLHHLLLDL
              70930 DDDLLLHLLHHLLLDL
              71012 UDDLLLHLHLHLLHDL
              71094 DDDLLLHLHLHLLHDL
              71176 UDDLLLHLHLLHHLDL
              71258 DDDLLLHLHLLHHLDL
              71340 UDDLLLHLLHLHHLDL
              71422 DDDLLLHLLHLHHLDL
              71504 UDDLLLHLHLLHHHDL
              71586 DDDLLLHLHLLHHHDL
              71668 UDDLLLHLHLLHLLDL
              71750 DDDLLLHLHLLHLLDL
              71832 UDDLLLHLLHLHLLDL
              71914 DDDLLLHLLHLHLLDL
              71996 UDDLLLHLHLLHLHDL
              72078 DDDLLLHLHLLHLHDL
              72160 UDDLLLHLHLLLHLDL
              72242 DDDLLLHLHLLLHLDL
              72324 UDDLLLHLLHLLHLDL
              72406 DDDLLLHLLHLLHLDL
              72488 UDDLLLHLHLLLHHDL
              72570 DDDLLLHLHLLLHHDL
              72652 UDDLLLHLHLLLLLDL
              72734 DDDLLLHLHLLLLLDL
              72816 UDDLLLHLLHLLLLDL
              72898 DDDLLLHLLHLLLLDL
              72980 UDDLLLHLHLLLLHDL
              73062 DDDLLLHLHLLLLHDL
              73144 UDDLLLHLLHHHHLDL
              73226 DDDLLLHLLHHHHLDL
              73308 UDDLLLHLLLHHHLDL
              73390 DDDLLLHLLLHHHLDL
              73472 UDDLLLHLLHHHHHDL
              73554 DDDLLLHLLHHHHHDL
              73636 UDDLLLHLLHHHLLDL
              73718 DDDLLLHLLHHHLLDL
              73800 UDDLLLHLLLHHLLDL
              73882 DDDLLLHLLLHHLLDL
              73964 UDDLLLHLLHHHLHDL
              74046 DDDLLLHLLHHHLHDL
              74128 UDDLLLHLLHHLHLDL
              74210 DDDLLLHLLHHLHLDL
              74292 UDDLLLHLLLHLHLDL
              74374 DDDLLLHLLLHLHLDL
              74456 UDDLLLHLLHHLHHDL
              74538 DDDLLLHLLHHLHHDL
              74620 UDDLLLHLLHHLLLDL
              74702 DDDLLLHLLHHLLLDL
              74784 UDDLLLHLLLHLLLDL
              74866 DDDLLLHLLLHLLLDL
              74948 UDDLLLHLLHHLLHDL
              75030 DDDLLLHLLHHLLHDL
              75112 UDDLLLHLLHLHHLDL
              75194 DDDLLLHLLHLHHLDL
              75276 UDDLLLHLLLLHHLDL
              75358 DDDLLLHLLLLHHLDL
              75440 UDDLLLHLLHLHHHDL
              75522 DDDLLLHLLHLHHHDL
              75604 UDDLLLHLLHLHLLDL
              75686 DDDLLLHLLHLHLLDL
              75768 UDDLLLHLLLLHLLDL
              75850 DDDLLLHLLLLHLLDL
              75932 UDDLLLHLLHLHLHDL
              76014 DDDLLLHLLHLHLHDL
              76096 UDDLLLHLLHLLHLDL
              76178 DDDLLLHLLHLLHLDL
              76260 UDDLLLHLLLLLHLDL
              76342 DDDLLLHLLLLLHLDL
              76424 UDDLLLHLLHLLHHDL
              76506 DDDLLLHLLHLLHHDL
              76588 UDDLLLHLLHLLLLDL
              76670 DDDLLLHLLHLLLLDL
              76752 UDDLLLHLLLLLLLDL
              76834 DDDLLLHLLLLLLLDL
              76916 UDDLLLHLLHLLLHDL
              76998 DDDLLLHLLHLLLHDL
              77080 UDDLLLHLLLHHHLDL
              77162 DDDLLLHLLLHHHLDL
              77244 UDDLLLLHHHHHHLDL
              77326 DDDLLLLHHHHHHLDL
              77408 UDDLLLHLLLHHHHDL
              77490 DDDLLLHLLLHHHHDL
              77572 UDDLLLHLLLHHLLDL
              77654 DDDLLLHLLLHHLLDL
              77736 UDDLLLLHHHHHLLDL
              77818 DDDLLLLHHHHHLLDL
              77900 UDDLLLHLLLHHLHDL
              77982 DDDLLLHLLLHHLHDL
              78064 UDDLLLHLLLHLHLDL
              78146 DDDLLLHLLLHLHLDL
              78228 UDDLLLLHHHHLHLDL
              78310 DDDLLLLHHHHLHLDL
              78392 UDDLLLHLLLHLHHDL
              78474 DDDLLLHLLLHLHHDL
              78556 UDDLLLHLLLHLLLDL
              78638 DDDLLLHLLLHLLLDL
              78720 UDDLLLLHHHHLLLDL
              78802 DDDLLLLHHHHLLLDL
              78884 UDDLLLHLLLHLLHDL
              78966 DDDLLLHLLLHLLHDL
              79048 UDDLLLHLLLLHHLDL
              79130 DDDLLLHLLLLHHLDL
              79212 UDDLLLLHHHLHHLDL
              79294 DDDLLLLHHHLHHLDL
              79376 UDDLLLHLLLLHHHDL
              79458 DDDLLLHLLLLHHHDL
              79540 UDDLLLHLLLLHLLDL
              79622 DDDLLLHLLLLHLLDL
              79704 UDDLLLLHHHLHLLDL
              79786 DDDLLLLHHHLHLLDL
              79868 UDDLLLHLLLLHLHDL
              79950 DDDLLLHLLLLHLHDL
              80032 UDDLLLHLLLLLHLDL
              80114 DDDLLLHLLLLLHLDL
              80196 UDDLLLLHHHLLHLDL
              80278 DDDLLLLHHHLLHLDL
              80360 UDDLLLHLLLLLHHDL
              80442 DDDLLLHLLLLLHHDL
              80524 UDDLLLHLLLLLLLDL
              80606 DDDLLLHLLLLLLLDL
              80688 UDDLLLLHHHLLLLDL
              80770 DDDLLLLHHHLLLLDL
              80852 UDDLLLHLLLLLLHUH
              80934 DDDLLLHLLLLLLHUH
              81016 UDDLLLLHHHHHHLDL
              81098 DDDLLLLHHHHHHLDL
              81180 UDDLLLLHHLHHHLDL
              81262 DDDLLLLHHLHHHLDL
              81344 UDDLLLLHHHHHHHUH
              81426 DDDLLLLHHHHHHHUH
              81508 UDDLLLLHHHHHLLDL
              81590 DDDLLLLHHHHHLLDL
              81672 UDDLLLLHHLHHLLDL
              81754 DDDLLLLHHLHHLLDL
              81836 UDDLLLLHHHHHLHDL
              81918 DDDLLLLHHHHHLHDL
              82000 UDDLLLLHHHHLHLDL
              82082 DDDLLLLHHHHLHLDL
              82164 UDDLLLLHHLHLHLDL
              82246 DDDLLLLHHLHLHLDL
              82328 UDDLLLLHHHHLHHDL
              82410 DDDLLLLHHHHLHHDL
              82492 UDDLLLLHHHHLLLDL
              82574 DDDLLLLHHHHLLLDL
              82656 UDDLLLLHHLHLLLDL
              82738 DDDLLLLHHLHLLLDL
              82820 UDDLLLLHHHHLLHDL
              82902 DDDLLLLHHHHLLHDL
              82984 UDDLLLLHHHLHHLDL
              83066 DDDLLLLHHHLHHLDL
              83148 UDDLLLLHHLLHHLDL
              83230 DDDLLLLHHLLHHLDL
              83312 UDDLLLLHHHLHHHDL
              83394 DDDLLLLHHHLHHHDL
              83476 UDDLLLLHHHLHLLDL
              83558 DDDLLLLHHHLHLLDL
              83640 UDDLLLLHHLLHLLDL
              83722 DDDLLLLHHLLHLLDL
              83804 UDDLLLLHHHLHLHDL
              83886 DDDLLLLHHHLHLHDL
              83968 UDDLLLLHHHLLHLDL
              84050 DDDLLLLHHHLLHLDL
              84132 UDDLLLLHHLLLHLDL
              84214 DDDLLLLHHLLLHLDL
              84296 UDDLLLLHHHLLHHDL
              84378 DDDLLLLHHHLLHHDL
              84460 UDDLLLLHHHLLLLDL
              84542 DDDLLLLHHHLLLLDL
              84624 UDDLLLLHHLLLLLUL
              84706 DDDLLLLHHLLLLLUL
              84788 UDDLLLLHHHLLLHDL
              84870 DDDLLLLHHHLLLHDL
              84952 UDDLLLLHHLHHHLUL
              85034 DDDLLLLHHLHHHLUL
              85116 UDDLLLLHLHHHHLUL
              85198 DDDLLLLHLHHHHLUL
              85280 UDDLLLLHHLHHHHDL
              85362 DDDLLLLHHLHHHHDL
              85444 UDDLLLLHHLHHLLUL
              85526 DDDLLLLHHLHHLLUL
              85608 UDDLLLLHLHHHLLDL
              85690 DDDLLLLHLHHHLLDL
              85772 UDDLLLLHHLHHLHDL
              85854 DDDLLLLHHLHHLHDL
              85936 UDDLLLLHHLHLHLDL
              86018 DDDLLLLHHLHLHLDL
              86100 UDDLLLLHLHHLHLDL
              86182 DDDLLLLHLHHLHLDL
              86264 UDDLLLLHHLHLHHDL
              86346 DDDLLLLHHLHLHHDL
              86428 UDDLLLLHHLHLLLDL
              86510 DDDLLLLHHLHLLLDL
              86592 UDDLLLLHLHHLLLDL
              86674 DDDLLLLHLHHLLLDL
              86756 UDDLLLLHHLHLLHDL
              86838 DDDLLLLHHLHLLHDL
              86920 UDDLLLLHHLLHHLDL
              87002 DDDLLLLHHLLHHLDL
              87084 UDDLLLLHLHLHHLDL
              87166 DDDLLLLHLHLHHLDL
              87248 UDDLLLLHHLLHHHUH
              87330 DDDLLLLHHLLHHHUH
              87412 UDDLLLLHHLLHLLDL
              87494 DDDLLLLHHLLHLLDL
              87576 UDDLLLLHLHLHLLDL
              87658 DDDLLLLHLHLHLLDL
              87740 UDDLLLLHHLLHLHUH
              87822 DDDLLLLHHLLHLHUH
              87904 UDDLLLLHHLLLHLDL
              87986 DDDLLLLHHLLLHLDL
              88068 UDDLLLLHLHLLHLDL
              88150 DDDLLLLHLHLLHLDL
              88232 UDDLLLLHHLLLHHUH
              88314 DDDLLLLHHLLLHHUH
              88396 UDDLLLLHHLLLLLDL
              88478 DDDLLLLHHLLLLLDL
              88560 UDDLLLLHLHLLLLDL
              88642 DDDLLLLHLHLLLLDL
              88724 UDDLLLLHHLLLLHUH
              88806 DDDLLLLHHLLLLHUH
              88888 UDDLLLLHLHHHHLDL
              88970 DDDLLLLHLHHHHLDL
              89052 UDDLLLLHLLHHHLDL
              89134 DDDLLLLHLLHHHLDL
              89216 UDDLLLLHLHHHHHUH
              89298 DDDLLLLHLHHHHHUH
              89380 UDDLLLLHLHHHLLDL
              89462 DDDLLLLHLHHHLLDL
              89544 UDDLLLLHLLHHLLDL
              89626 DDDLLLLHLLHHLLDL
              89708 UDDLLLLHLHHHLHUH
              89790 DDDLLLLHLHHHLHUH
              89872 UDDLLLLHLHHLHLDL
              89954 DDDLLLLHLHHLHLDL
              90036 UDDLLLLHLLHLHLDL
              90118 DDDLLLLHLLHLHLDL
              90200 UDDLLLLHLHHLHHUH
              90282 DDDLLLLHLHHLHHUH
              90364 UDDLLLLHLHHLLLDL
              90446 DDDLLLLHLHHLLLDL
              90528 UDDLLLLHLLHLLLDL
              90610 DDDLLLLHLLHLLLDL
              90692 UDDLLLLHLHHLLHUH
              90774 DDDLLLLHLHHLLHUH
              90856 UDDLLLLHLHLHHLDL
              90938 DDDLLLLHLHLHHLDL
              91020 UDDLLLLHLLLHHLUL
              91102 DDDLLLLHLLLHHLUL
              91184 UDDLLLLHLHLHHHUH
              91266 DDDLLLLHLHLHHHUH
              91348 UDDLLLLHLHLHLLUL
              91430 DDDLLLLHLHLHLLUL
              91512 UDDLLLLHLLLHLLUL
              91594 DDDLLLLHLLLHLLUL
              91676 UDDLLLLHLHLHLHUH
              91758 DDDLLLLHLHLHLHUH
              91840 UDDLLLLHLHLLHLUL
              91922 DDDLLLLHLHLLHLUL
              92004 UDDLLLLHLLLLHLUL
              92086 DDDLLLLHLLLLHLUL
              92168 UDDLLLLHLHLLHHUH
              92250 DDDLLLLHLHLLHHUH
              92332 UDDLLLLHLHLLLLUL
              92414 DDDLLLLHLHLLLLUL
              92496 UDDLLLLHLLLLLLUL
              92578 DDDLLLLHLLLLLLUL
              92660 UDDLLLLHLHLLLHDL
              92742 DDDLLLLHLHLLLHDL
              92824 UDDLLLLHLLHHHLUL
              92906 DDDLLLLHLLHHHLUL
              92988 UDDLLLLLHHHHHLUL
              93070 DDDLLLLLHHHHHLUL
              93152 UDDLLLLHLLHHHHDL
              93234 DDDLLLLHLLHHHHDL
              93316 UDDLLLLHLLHHLLUL
              93398 DDDLLLLHLLHHLLUL
              93480 UDDLLLLLHHHHLLUL
              93562 DDDLLLLLHHHHLLUL
              93644 UDDLLLLHLLHHLHDL
              93726 DDDLLLLHLLHHLHDL
              93808 UDDLLLLHLLHLHLUL
              93890 DDDLLLLHLLHLHLUL
              93972 UDDLLLLLHHHLHLUL
              94054 DDDLLLLLHHHLHLUL
              94136 UDDLLLLHLLHLHHDL
              94218 DDDLLLLHLLHLHHDL
              94300 UDDLLLLHLLHLLLUL
              94382 DDDLLLLHLLHLLLUL
              94464 UDDLLLLLHHHLLLUL
              94546 DDDLLLLLHHHLLLUL
              94628 UDDLLLLHLLHLLHDL
              94710 DDDLLLLHLLHLLHDL
              94792 UDDLLLLHLLLHHLUL
              94874 DDDLLLLHLLLHHLUL
              94956 UDDLLLLLHHLHHLUL
              95038 DDDLLLLLHHLHHLUL
              95120 UDDLLLLHLLLHHHDL
              95202 DDDLLLLHLLLHHHDL
              95284 UDDLLLLHLLLHLLUL
              95366 DDDLLLLHLLLHLLUL
              95448 UDDLLLLLHHLHLLUL
              95530 DDDLLLLLHHLHLLUL
              95612 UDDLLLLHLLLHLHDL
              95694 DDDLLLLHLLLHLHDL
              95776 UDDLLLLHLLLLHLUL
              95858 DDDLLLLHLLLLHLUL
              95940 UDDLLLLLHHLLHLUL
              96022 DDDLLLLLHHLLHLUL
              96104 UDDLLLLHLLLLHHDL
              96186 DDDLLLLHLLLLHHDL
              96268 UDDLLLLHLLLLLLUL
              96350 DDDLLLLHLLLLLLUL
              96432 UDDLLLLLHHLLLLDL
              96514 DDDLLLLLHHLLLLDL
              96596 UDDLLLLHLLLLLHDL
              96678 DDDLLLLHLLLLLHDL
              96760 UDDLLLLLHHHHHLDL
              96842 DDDLLLLLHHHHHLDL
              96924 UDDLLLLLHLHHHLDL
              97006 DDDLLLLLHLHHHLDL
              97088 UDDLLLLLHHHHHHDL
              97170 DDDLLLLLHHHHHHDL
              97252 UDDLLLLLHHHHLLDL
              97334 DDDLLLLLHHHHLLDL
              97416 UDDLLLLLHLHHLLDL
              97498 DDDLLLLLHLHHLLDL
              97580 UDDLLLLLHHHHLHUH
              97662 DDDLLLLLHHHHLHUH
              97744 UDDLLLLLHHHLHLDL
              97826 DDDLLLLLHHHLHLDL
              97908 UDDLLLLLHLHLHLDL
              97990 DDDLLLLLHLHLHLDL
              98072 UDDLLLLLHHHLHHDL
              98154 DDDLLLLLHHHLHHDL
              98236 UDDLLLLLHHHLLLDL
              98318 DDDLLLLLHHHLLLDL
              98400 UDDLLLLLHLHLLLDL
              98482 DDDLLLLLHLHLLLDL
              98564 UDDLLLLLHHHLLHDL
              98646 DDDLLLLLHHHLLHDL
              98728 UDDLLLLLHHLHHLDL
              98810 DDDLLLLLHHLHHLDL
              98892 UDDLLLLLHLLHHLDL
              98974 DDDLLLLLHLLHHLDL
              99056 UDDLLLLLHHLHHHDL
              99138 DDDLLLLLHHLHHHDL
              99220 UDDLLLLLHHLHLLDL
              99302 DDDLLLLLHHLHLLDL
              99384 UDDLLLLLHLLHLLDL
              99466 DDDLLLLLHLLHLLDL
              99548 UDDLLLLLHHLHLHDL
              99630 DDDLLLLLHHLHLHDL
              99712 UDDLLLLLHHLLHLDL
              99794 DDDLLLLLHHLLHLDL
              99876 UDDLLLLLHLLLHLDL
              99958 DDDLLLLLHLLLHLDL
             100040 UDDLLLLLHHLLHHDL
             100122 DDDLLLLLHHLLHHDL
             100204 UDDLLLLLHHLLLLDL
             100286 DDDLLLLLHHLLLLDL
             100368 UDDLLLLLHLLLLLDL
             100450 DDDLLLLLHLLLLLDL
             100532 UDDLLLLLHHLLLHDL
             100614 DDDLLLLLHHLLLHDL
             100696 UDDLLLLLHLHHHLDL
             100778 DDDLLLLLHLHHHLDL
             100860 UDDLLLLLLHHHHLDL
             100942 DDDLLLLLLHHHHLDL
             101024 UDDLLLLLHLHHHHDL
             101106 DDDLLLLLHLHHHHDL
             101188 UDDLLLLLHLHHLLDL
             101270 DDDLLLLLHLHHLLDL
             101352 UDDLLLLLLHHHLLUL
             101434 DDDLLLLLLHHHLLUL
             101516 UDDLLLLLHLHHLHDL
             101598 DDDLLLLLHLHHLHDL
             101680 UDDLLLLLHLHLHLUL
             101762 DDDLLLLLHLHLHLUL
             101844 UDDLLLLLLHHLHLDL
             101926 DDDLLLLLLHHLHLDL
             102008 UDDLLLLLHLHLHHDL
             102090 DDDLLLLLHLHLHHDL
             102172 UDDLLLLLHLHLLLDL
             102254 DDDLLLLLHLHLLLDL
             102336 UDDLLLLLLHHLLLDL
             102418 DDDLLLLLLHHLLLDL
             102500 UDDLLLLLHLHLLHDL
             102582 DDDLLLLLHLHLLHDL
             102664 UDDLLLLLHLLHHLDL
             102746 DDDLLLLLHLLHHLDL
             102828 UDDLLLLLLHLHHLDL
             102910 DDDLLLLLLHLHHLDL
             102992 UDDLLLLLHLLHHHDL
             103074 DDDLLLLLHLLHHHDL
             103156 UDDLLLLLHLLHLLDL
             103238 DDDLLLLLHLLHLLDL
             103320 UDDLLLLLLHLHLLDL
             103402 DDDLLLLLLHLHLLDL
             103484 UDDLLLLLHLLHLHDL
             103566 DDDLLLLLHLLHLHDL
             103648 UDDLLLLLHLLLHLDL
             103730 DDDLLLLLHLLLHLDL
             103812 UDDLLLLLLHLLHLDL
             103894 DDDLLLLLLHLLHLDL
             103976 UDDLLLLLHLLLHHDL
             104058 DDDLLLLLHLLLHHDL
             104140 UDDLLLLLHLLLLLDL
             104222 DDDLLLLLHLLLLLDL
             104304 UDDLLLLLLHLLLLDL
             104386 DDDLLLLLLHLLLLDL
             104468 UDDLLLLLHLLLLHDL
             104550 DDDLLLLLHLLLLHDL
             104632 UDDLLLLLLHHHHLDL
             104714 DDDLLLLLLHHHHLDL
             104796 UDDLLLLLLLHHHLDL
             104878 DDDLLLLLLLHHHLDL
             104960 UDDLLLLLLHHHHHDL
             105042 DDDLLLLLLHHHHHDL
             105124 UDDLLLLLLHHHLLDL
             105206 DDDLLLLLLHHHLLDL
             105288 UDDLLLLLLLHHLLDL
             105370 DDDLLLLLLLHHLLDL
             105452 UDDLLLLLLHHHLHDL
             105534 DDDLLLLLLHHHLHDL
             105616 UDDLLLLLLHHLHLDL
             105698 DDDLLLLLLHHLHLDL
             105780 UDDLLLLLLLHLHLDL
             105862 DDDLLLLLLLHLHLDL
             105944 UDDLLLLLLHHLHHDL
             106026 DDDLLLLLLHHLHHDL
             106108 UDDLLLLLLHHLLLDL
             106190 DDDLLLLLLHHLLLDL
             106272 UDDLLLLLLLHLLLDL
             106354 DDDLLLLLLLHLLLDL
             106436 UDDLLLLLLHHLLHDL
             106518 DDDLLLLLLHHLLHDL
             106600 UDDLLLLLLHLHHLDL
             106682 DDDLLLLLLHLHHLDL
             106764 UDDLLLLLLLLHHLDL
             106846 DDDLLLLLLLLHHLDL
             106928 UDDLLLLLLHLHHHDL
             107010 DDDLLLLLLHLHHHDL
             107092 UDDLLLLLLHLHLLDL
             107174 DDDLLLLLLHLHLLDL
             107256 UDDLLLLLLLLHLLDL
             107338 DDDLLLLLLLLHLLDL
             107420 UDDLLLLLLHLHLHDL
             107502 DDDLLLLLLHLHLHDL
             107584 UDDLLLLLLHLLHLDL
             107666 DDDLLLLLLHLLHLDL
             107748 UDDLLLLLLLLLHLDL
             107830 DDDLLLLLLLLLHLDL
             107912 UDDLLLLLLHLLHHDL
             107994 DDDLLLLLLHLLHHDL
             108076 UDDLLLLLLHLLLLDL
             108158 DDDLLLLLLHLLLLDL
             108240 UDDLLLLLLLLLLLDL
             108322 DDDLLLLLLLLLLLDL
             108404 UDDLLLLLLHLLLHDL
             108486 DDDLLLLLLHLLLHDL
             108568 UDDLLLLLLLHHHLDL
             108650 DDDLLLLLLLHHHLDL
             108732 UDDLLLHHHHHHHLDL
             108814 DDDLLLHHHHHHHLDL
             108896 UDDLLLLLLLHHHHDL
             108978 DDDLLLLLLLHHHHDL
             109060 UDDLLLLLLLHHLLDL
             109142 DDDLLLLLLLHHLLDL
             109224 UDDLLLHHHHHHLLDL
             109306 DDDLLLHHHHHHLLDL
             109388 UDDLLLLLLLHHLHDL
             109470 DDDLLLLLLLHHLHDL
             109552 UDDLLLLLLLHLHLDL
             109634 DDDLLLLLLLHLHLDL
             109716 UDDLLLHHHHHLHLDL
             109798 DDDLLLHHHHHLHLDL
             109880 UDDLLLLLLLHLHHDL
             109962 DDDLLLLLLLHLHHDL
             110044 UDDLLLLLLLHLLLDL
             110126 DDDLLLLLLLHLLLDL
             110208 UDDLLLHHHHHLLLDL
             110290 DDDLLLHHHHHLLLDL
             110372 UDDLLLLLLLHLLHDL
             110454 DDDLLLLLLLHLLHDL
             110536 UDDLLLLLLLLHHLDL
             110618 DDDLLLLLLLLHHLDL
             110700 UDDLLLHHHHLHHLDL
             110782 DDDLLLHHHHLHHLDL
             110864 UDDLLLLLLLLHHHDL
             110946 DDDLLLLLLLLHHHDL
             111028 UDDLLLLLLLLHLLDL
             111110 DDDLLLLLLLLHLLDL
             111192 UDDLLLHHHHLHLLDL
             111274 DDDLLLHHHHLHLLDL
             111356 UDDLLLLLLLLHLHDL
             111438 DDDLLLLLLLLHLHDL
             111520 UDDLLLLLLLLLHLDL
             111602 DDDLLLLLLLLLHLDL
             111684 UDDLLLHHHHLLHLDL
             111766 DDDLLLHHHHLLHLDL
             111848 UDDLLLLLLLLLHHDL
             111930 DDDLLLLLLLLLHHDL
             112012 UDDLLLLLLLLLLLDL
             112094 DDDLLLLLLLLLLLDL
             112176 UDDLLLHHHHLLLLDL
             112258 DDDLLLHHHHLLLLDL
             112340 UDDLLLLLLLLLLHDL
             112422 DDDLLLLLLLLLLHDL
             112504 UDDLLLHHHHHHHLDL
             112586 DDDLLLHHHHHHHLDL
             112668 UDDLLLHHHHHHHLDL
             112750 DDDLLLHHHHHHHLDL
             112832 UDDLHLLLLLLLLLDL
             112914 DDDLHLLLLLLLLLDL
             112996 UDDLLLLLLLLLLLDL
             113078 DDDLLLLLLLLLLLDL
             113160 UDDHLLLLLLLLLLDL
             113242 DDDHLLLLLLLLLLDL
             113324 UDDLLTTTTTTTTTDT
             113406 DDDLLTTTTTTTTTDT
             113488 UDDLLTTTTTTTTTDT
             113570 DDDLLTTTTTTTTTDT
             113652 UDDLLTTTTTTTTTDT
             113734 DDDLLTTTTTTTTTDT
             113816 UDDLLTTTTTTTTTDT
             113898 DDDLLTTTTTTTTTDT
             113980 UDDLLTTTTTTTTTDT
             114062 DDDLLTTTTTTTTTDT
             114144 UDDLLTTTTTTTTTDT
             114226 DDDLLTTTTTTTTTDT
             114308 UDDLLTTTTTTTTTDT
             114390 DDDLLTTTTTTTTTDT
             114472 UDDLLTTTTTTTTTDT
             114554 DDDLLTTTTTTTTTDT
             114636 UDDLLTTTTTTTTTDT
             114718 DDDLLTTTTTTTTTDT
             114800 UDDLLTTTTTTTTTDT
             114882 DDDLLTTTTTTTTTDT
             114964 UDDLLTTTTTTTTTDT
