                  0 UUNLNNNNNNNTTTTTTTTTNT
                 82 DUNLNNNNNNNTTTTTTTTTNT
                164 UUNLNNNNNNNTTTTTTTTTNT
                246 DUNLNNNNNNNTTTTTTTTTNT
                287 DDDLDDUUDDDTTTTTTTTTNT
                328 UDDLDDUUDDDTTTTTTTTTUT
                410 DDDLDDUUDDDTTTTTTTTTUT
                451 DDULDDUUDDDTTTTTTTTTUT
                492 UDULDDUUDDDLLLLLLLLLUL
                574 DDULDDUUDDDLLLLLLLLLUL
                615 DDDLDDUUDDDLLLLLLLLLUL
                656 UDDLDDUUDDDLLLHHLLLLUL
                738 DDDLDDUUDDDLLLHHLLLLUL
                820 UDDLDDUUDDDLLLLHHHHLDL
                902 DDDLDDUUDDDLLLLHHHHLDL
                984 UDDLDDUUDDDLLLHLHHHHDL
               1066 DDDLDDUUDDDLLLHLHHHHDL
               1148 UDDLDDUUDDDLLLHLHHLLUL
               1230 DDDLDDUUDDDLLLHLHHLLUL
               1312 UDDLDDUUDDDLLLLHHHLLUL
               1394 DDDLDDUUDDDLLLLHHHLLUL
               1476 UDDLDDUUDDDLLLHLHHLHUH
               1558 DDDLDDUUDDDLLLHLHHLHUH
               1640 UDDLDDUUDDDLLLHLHLHLUL
               1722 DDDLDDUUDDDLLLHLHLHLUL
               1804 UDDLDDUUDDDLLLLHHLHLUL
               1886 DDDLDDUUDDDLLLLHHLHLUL
               1968 UDDLDDUUDDDLLLHLHLHHDL
               2050 DDDLDDUUDDDLLLHLHLHHDL
               2132 UDDLDDUUDDDLLLHLHLLLUL
               2214 DDDLDDUUDDDLLLHLHLLLUL
               2296 UDDLDDUUDDDLLLLHHLLLUL
               2378 DDDLDDUUDDDLLLLHHLLLUL
               2460 UDDLDDUUDDDLLLHLHLLHDL
               2542 DDDLDDUUDDDLLLHLHLLHDL
               2624 UDDLDDUUDDDLLLHLLHHLUL
               2706 DDDLDDUUDDDLLLHLLHHLUL
               2788 UDDLDDUUDDDLLLLHLHHLUL
               2870 DDDLDDUUDDDLLLLHLHHLUL
               2952 UDDLDDUUDDDLLLHLLHHHDL
               3034 DDDLDDUUDDDLLLHLLHHHDL
               3116 UDDLDDUUDDDLLLHLLHLLUL
               3198 DDDLDDUUDDDLLLHLLHLLUL
               3280 UDDLDDUUDDDLLLLHLHLLUL
               3362 DDDLDDUUDDDLLLLHLHLLUL
               3444 UDDLDDUUDDDLLLHLLHLHDL
               3526 DDDLDDUUDDDLLLHLLHLHDL
               3608 UDDLDDUUDDDLLLHLLLHLUL
               3690 DDDLDDUUDDDLLLHLLLHLUL
               3772 UDDLDDUUDDDLLLLHLLHLUL
               3854 DDDLDDUUDDDLLLLHLLHLUL
               3936 UDDLDDUUDDDLLLHLLLHHDL
               4018 DDDLDDUUDDDLLLHLLLHHDL
               4100 UDDLDDUUDDDLLLHLLLLLUL
               4182 DDDLDDUUDDDLLLHLLLLLUL
               4264 UDDLDDUUDDDLLLLHLLLLUL
               4346 DDDLDDUUDDDLLLLHLLLLUL
               4428 UDDLDDUUDDDLLLHLLLLHDL
               4510 DDDLDDUUDDDLLLHLLLLHDL
               4592 UDDLDDUUDDDLLLLHHHHLUL
               4674 DDDLDDUUDDDLLLLHHHHLUL
               4756 UDDLDDUUDDDLLLLLHHHLDL
               4838 DDDLDDUUDDDLLLLLHHHLDL
               4920 UDDLDDUUDDDLLLLHHHHHUH
               5002 DDDLDDUUDDDLLLLHHHHHUH
               5084 UDDLDDUUDDDLLLLHHHLLDL
               5166 DDDLDDUUDDDLLLLHHHLLDL
               5248 UDDLDDUUDDDLLLLLHHLLUL
               5330 DDDLDDUUDDDLLLLLHHLLUL
               5412 UDDLDDUUDDDLLLLHHHLHUH
               5494 DDDLDDUUDDDLLLLHHHLHUH
               5576 UDDLDDUUDDDLLLLHHLHLUL
               5658 DDDLDDUUDDDLLLLHHLHLUL
               5740 UDDLDDUUDDDLLLLLHLHLDL
               5822 DDDLDDUUDDDLLLLLHLHLDL
               5904 UDDLDDUUDDDLLLLHHLHHUH
               5986 DDDLDDUUDDDLLLLHHLHHUH
               6068 UDDLDDUUDDDLLLLHHLLLDL
               6150 DDDLDDUUDDDLLLLHHLLLDL
               6232 UDDLDDUUDDDLLLLLHLLLDL
               6314 DDDLDDUUDDDLLLLLHLLLDL
               6396 UDDLDDUUDDDLLLLHHLLHUH
               6478 DDDLDDUUDDDLLLLHHLLHUH
               6560 UDDLDDUUDDDLLLLHLHHLDL
               6642 DDDLDDUUDDDLLLLHLHHLDL
               6724 UDDLDDUUDDDLLLLLLHHLDL
               6806 DDDLDDUUDDDLLLLLLHHLDL
               6888 UDDLDDUUDDDLLLLHLHHHUH
               6970 DDDLDDUUDDDLLLLHLHHHUH
               7052 UDDLDDUUDDDLLLLHLHLLDL
               7134 DDDLDDUUDDDLLLLHLHLLDL
               7216 UDDLDDUUDDDLLLLLLHLLDL
               7298 DDDLDDUUDDDLLLLLLHLLDL
               7380 UDDLDDUUDDDLLLLHLHLHUH
               7462 DDDLDDUUDDDLLLLHLHLHUH
               7544 UDDLDDUUDDDLLLLHLLHLDL
               7626 DDDLDDUUDDDLLLLHLLHLDL
               7708 UDDLDDUUDDDLLLLLLLHLDL
               7790 DDDLDDUUDDDLLLLLLLHLDL
               7872 UDDLDDUUDDDLLLLHLLHHUH
               7954 DDDLDDUUDDDLLLLHLLHHUH
               8036 UDDLDDUUDDDLLLLHLLLLDL
               8118 DDDLDDUUDDDLLLLHLLLLDL
               8200 UDDLDDUUDDDLLLLLLLLLDL
               8282 DDDLDDUUDDDLLLLLLLLLDL
               8364 UDDLDDUUDDDLLLLHLLLHUH
               8446 DDDLDDUUDDDLLLLHLLLHUH
               8528 UDDLDDUUDDDLLLLLHHHLDL
               8610 DDDLDDUUDDDLLLLLHHHLDL
               8692 UDDLDDUUDDDLHHHHHHHLUL
               8774 DDDLDDUUDDDLHHHHHHHLUL
               8856 UDDLDDUUDDDLLLLLHHHHDL
               8938 DDDLDDUUDDDLLLLLHHHHDL
               9020 UDDLDDUUDDDLLLLLHHLLUL
               9102 DDDLDDUUDDDLLLLLHHLLUL
               9184 UDDLDDUUDDDLHHHHHHLLUL
               9266 DDDLDDUUDDDLHHHHHHLLUL
               9348 UDDLDDUUDDDLLLLLHHLHDL
               9430 DDDLDDUUDDDLLLLLHHLHDL
               9512 UDDLDDUUDDDLLLLLHLHLUL
               9594 DDDLDDUUDDDLLLLLHLHLUL
               9676 UDDLDDUUDDDLHHHHHLHLUL
               9758 DDDLDDUUDDDLHHHHHLHLUL
               9840 UDDLDDUUDDDLLLLLHLHHDL
               9922 DDDLDDUUDDDLLLLLHLHHDL
              10004 UDDLDDUUDDDLLLLLHLLLUL
              10086 DDDLDDUUDDDLLLLLHLLLUL
              10168 UDDLDDUUDDDLHHHHHLLLUL
              10250 DDDLDDUUDDDLHHHHHLLLUL
              10332 UDDLDDUUDDDLLLLLHLLHDL
              10414 DDDLDDUUDDDLLLLLHLLHDL
              10496 UDDLDDUUDDDLLLLLLHHLUL
              10578 DDDLDDUUDDDLLLLLLHHLUL
              10660 UDDLDDUUDDDLHHHHLHHLUL
              10742 DDDLDDUUDDDLHHHHLHHLUL
              10824 UDDLDDUUDDDLLLLLLHHHDL
              10906 DDDLDDUUDDDLLLLLLHHHDL
              10988 UDDLDDUUDDDLLLLLLHLLUL
              11070 DDDLDDUUDDDLLLLLLHLLUL
              11152 UDDLDDUUDDDLHHHHLHLLUL
              11234 DDDLDDUUDDDLHHHHLHLLUL
              11316 UDDLDDUUDDDLLLLLLHLHDL
              11398 DDDLDDUUDDDLLLLLLHLHDL
              11480 UDDLDDUUDDDLLLLLLLHLUL
              11562 DDDLDDUUDDDLLLLLLLHLUL
              11644 UDDLDDUUDDDLHHHHLLHLUL
              11726 DDDLDDUUDDDLHHHHLLHLUL
              11808 UDDLDDUUDDDLLLLLLLHHDL
              11890 DDDLDDUUDDDLLLLLLLHHDL
              11972 UDDLDDUUDDDLLLLLLLLLUL
              12054 DDDLDDUUDDDLLLLLLLLLUL
              12136 UDDLDDUUDDDLHHHHLLLLUL
              12218 DDDLDDUUDDDLHHHHLLLLUL
              12300 UDDLDDUUDDDLLLLLLLLHDL
              12382 DDDLDDUUDDDLLLLLLLLHDL
              12464 UDDLDDUUDDDLHHHHHHHLUL
              12546 DDDLDDUUDDDLHHHHHHHLUL
              12628 UDDHDDUUDDDLHHHHHHHLDL
              12710 DDDHDDUUDDDLHHHHHHHLDL
              12792 UDDLDDUUDDDTTTTTTTTTDT
              12874 DDDLDDUUDDDTTTTTTTTTDT
              12956 UDDLDDUUDDDTTTTTTTTTDT
              13038 DDDLDDUUDDDTTTTTTTTTDT
              13120 UDDLDDUUDDDTTTTTTTTTDT
              13202 DDDLDDUUDDDTTTTTTTTTDT
              13284 UDDLDDUUDDDTTTTTTTTTDT
              13366 DDDLDDUUDDDTTTTTTTTTDT
              13448 UDDLDDUUDDDTTTTTTTTTDT
              13530 DDDLDDUUDDDTTTTTTTTTDT
              13612 UDDLDDUUDDDTTTTTTTTTDT
              13694 DDDLDDUUDDDTTTTTTTTTDT
              13776 UDDLDDUUDDDTTTTTTTTTDT
              13858 DDDLDDUUDDDTTTTTTTTTDT
              13940 UDDLDDUUDDDTTTTTTTTTDT
              14022 DDDLDDUUDDDTTTTTTTTTDT
              14104 UDDLDDUUDDDTTTTTTTTTDT
              14186 DDDLDDUUDDDTTTTTTTTTDT
              14268 UDDLDDUUDDDTTTTTTTTTDT
              14350 DDDLDDUUDDDTTTTTTTTTDT
              14432 UDDLDDUUDDDTTTTTTTTTDT
              14514 DDDLDDUUDDDTTTTTTTTTDT
              14596 UDDLDDUUDDDTTTTTTTTTDT
              14678 DDDLDDUUDDDTTTTTTTTTDT
              14760 UDDLDDUUDDDTTTTTTTTTDT
              14842 DDDLDDUUDDDTTTTTTTTTDT
              14924 UDDLDDUUDDDTTTTTTTTTDT
              15006 DDDLDDUUDDDTTTTTTTTTDT
              15088 UDDLDDUUDDDTTTTTTTTTDT
              15170 DDDLDDUUDDDTTTTTTTTTDT
              15252 UDDLDDUUDDDTTTTTTTTTDT
              15334 DDDLDDUUDDDTTTTTTTTTDT
              15416 UDDLDDUUDDDTTTTTTTTTDT
              15498 DDDLDDUUDDDTTTTTTTTTDT
              15580 UDDLDDUUDDDTTTTTTTTTDT
              15662 DDDLDDUUDDDTTTTTTTTTDT
              15744 UDDLDDUUDDDTTTTTTTTTDT
              15826 DDDLDDUUDDDTTTTTTTTTDT
              15908 UDDLDDUUDDDTTTTTTTTTDT
              15990 DDDLDDUUDDDTTTTTTTTTDT
              16072 UDDLDDUUDDDTTTTTTTTTDT
              16154 DDDLDDUUDDDTTTTTTTTTDT
              16236 UDDLDDUUDDDTTTTTTTTTDT
              16318 DDDLDDUUDDDTTTTTTTTTDT
              16400 UDDLDDUUDDDTTTTTTTTTDT
              16482 DDDLDDUUDDDTTTTTTTTTDT
              16564 UDDLDDUUDDDTTTTTTTTTDT
              16646 DDDLDDUUDDDTTTTTTTTTDT
              16728 UDDLDDUUDDDTTTTTTTTTDT
              16810 DDDLDDUUDDDTTTTTTTTTDT
              16892 UDDLDDUUDDDTTTTTTTTTDT
              16974 DDDLDDUUDDDTTTTTTTTTDT
              17056 UDDLDDUUDDDTTTTTTTTTDT
              17138 DDDLDDUUDDDTTTTTTTTTDT
              17220 UDDLDDUUDDDTTTTTTTTTDT
              17302 DDDLDDUUDDDTTTTTTTTTDT
              17384 UDDLDDUUDDDTTTTTTTTTDT
              17466 DDDLDDUUDDDTTTTTTTTTDT
              17548 UDDLDDUUDDDTTTTTTTTTDT
              17630 DDDLDDUUDDDTTTTTTTTTDT
              17712 UDDLDDUUDDDTTTTTTTTTDT
              17794 DDDLDDUUDDDTTTTTTTTTDT
              17876 UDDLDDUUDDDTTTTTTTTTDT
              17958 DDDLDDUUDDDTTTTTTTTTDT
              18040 UDDLDDUUDDDTTTTTTTTTDT
              18122 DDDLDDUUDDDTTTTTTTTTDT
              18204 UDDLDDUUDDDTTTTTTTTTDT
              18286 DDDLDDUUDDDTTTTTTTTTDT
              18368 UDDLDDUUDDDTTTTTTTTTDT
              18450 DDDLDDUUDDDTTTTTTTTTDT
              18532 UDDLDDUUDDDTTTTTTTTTDT
              18614 DDDLDDUUDDDTTTTTTTTTDT
              18696 UDDLDDUUDDDTTTTTTTTTDT
              18778 DDDLDDUUDDDTTTTTTTTTDT
              18860 UDDLDDUUDDDTTTTTTTTTDT
              18942 DDDLDDUUDDDTTTTTTTTTDT
              19024 UDDLDDUUDDDTTTTTTTTTDT
              19106 DDDLDDUUDDDTTTTTTTTTDT
              19188 UDDLDDUUDDDTTTTTTTTTDT
              19270 DDDLDDUUDDDTTTTTTTTTDT
              19352 UDDLDDUUDDDTTTTTTTTTDT
              19434 DDDLDDUUDDDTTTTTTTTTDT
              19516 UDDLDDUUDDDTTTTTTTTTDT
              19598 DDDLDDUUDDDTTTTTTTTTDT
              19680 UDDLDDUUDDDTTTTTTTTTDT
              19762 DDDLDDUUDDDTTTTTTTTTDT
              19844 UDDLDDUUDDDTTTTTTTTTDT
              19926 DDDLDDUUDDDTTTTTTTTTDT
              20008 UDDLDDUUDDDTTTTTTTTTDT
              20090 DDDLDDUUDDDTTTTTTTTTDT
              20172 UDDLDDUUDDDTTTTTTTTTDT
              20254 DDDLDDUUDDDTTTTTTTTTDT
              20336 UDDLDDUUDDDTTTTTTTTTDT
              20418 DDDLDDUUDDDTTTTTTTTTDT
              20500 UDDLDDUUDDDTTTTTTTTTDT
              20582 DDDLDDUUDDDTTTTTTTTTDT
              20664 UDDLDDUUDDDTTTTTTTTTDT
              20746 DDDLDDUUDDDTTTTTTTTTDT
              20828 UDDLDDUUDDDTTTTTTTTTDT
              20910 DDDLDDUUDDDTTTTTTTTTDT
              20992 UDDLDDUUDDDTTTTTTTTTDT
              21074 DDDLDDUUDDDTTTTTTTTTDT
              21156 UDDLDDUUDDDTTTTTTTTTDT
              21238 DDDLDDUUDDDTTTTTTTTTDT
              21320 UDDLDDUUDDDTTTTTTTTTDT
              21402 DDDLDDUUDDDTTTTTTTTTDT
              21484 UDDLDDUUDDDTTTTTTTTTDT
              21566 DDDLDDUUDDDTTTTTTTTTDT
              21648 UDDLDDUUDDDTTTTTTTTTDT
              21730 DDDLDDUUDDDTTTTTTTTTDT
              21812 UDDLDDUUDDDTTTTTTTTTDT
              21894 DDDLDDUUDDDTTTTTTTTTDT
              21976 UDDLDDUUDDDTTTTTTTTTDT
              22058 DDDLDDUUDDDTTTTTTTTTDT
              22140 UDDLDDUUDDDTTTTTTTTTDT
              22222 DDDLDDUUDDDTTTTTTTTTDT
              22304 UDDLDDUUDDDTTTTTTTTTDT
              22386 DDDLDDUUDDDTTTTTTTTTDT
              22468 UDDLDDUUDDDTTTTTTTTTDT
              22550 DDDLDDUUDDDTTTTTTTTTDT
              22632 UDDLDDUUDDDTTTTTTTTTDT
              22714 DDDLDDUUDDDTTTTTTTTTDT
              22796 UDDLDDUUDDDTTTTTTTTTDT
              22878 DDDLDDUUDDDTTTTTTTTTDT
              22960 UDDLDDUUDDDTTTTTTTTTDT
              23042 DDDLDDUUDDDTTTTTTTTTDT
              23124 UDDLDDUUDDDTTTTTTTTTDT
              23206 DDDLDDUUDDDTTTTTTTTTDT
              23288 UDDLDDUUDDDTTTTTTTTTDT
              23370 DDDLDDUUDDDTTTTTTTTTDT
              23452 UDDLDDUUDDDTTTTTTTTTDT
              23534 DDDLDDUUDDDTTTTTTTTTDT
              23616 UDDLDDUUDDDTTTTTTTTTDT
              23698 DDDLDDUUDDDTTTTTTTTTDT
              23780 UDDLDDUUDDDTTTTTTTTTDT
              23862 DDDLDDUUDDDTTTTTTTTTDT
              23944 UDDLDDUUDDDTTTTTTTTTDT
              24026 DDDLDDUUDDDTTTTTTTTTDT
              24108 UDDLDDUUDDDTTTTTTTTTDT
              24190 DDDLDDUUDDDTTTTTTTTTDT
              24272 UDDLDDUUDDDTTTTTTTTTDT
              24354 DDDLDDUUDDDTTTTTTTTTDT
              24436 UDDLDDUUDDDTTTTTTTTTDT
              24518 DDDLDDUUDDDTTTTTTTTTDT
              24600 UDDLDDUUDDDTTTTTTTTTDT
              24682 DDDLDDUUDDDTTTTTTTTTDT
              24764 UDDLDDUUDDDTTTTTTTTTDT
              24846 DDDLDDUUDDDTTTTTTTTTDT
              24928 UDDLDDUUDDDTTTTTTTTTDT
              25010 DDDLDDUUDDDTTTTTTTTTDT
              25092 UDDLDDUUDDDTTTTTTTTTDT
              25174 DDDLDDUUDDDTTTTTTTTTDT
              25256 UDDLDDUUDDDTTTTTTTTTDT
              25338 DDDLDDUUDDDTTTTTTTTTDT
              25420 UDDLDDUUDDDTTTTTTTTTDT
              25502 DDDLDDUUDDDTTTTTTTTTDT
              25584 UDDLDDUUDDDTTTTTTTTTDT
              25666 DDDLDDUUDDDTTTTTTTTTDT
              25748 UDDLDDUUDDDTTTTTTTTTDT
              25830 DDDLDDUUDDDTTTTTTTTTDT
              25912 UDDLDDUUDDDTTTTTTTTTDT
              25994 DDDLDDUUDDDTTTTTTTTTDT
              26076 UDDLDDUUDDDTTTTTTTTTDT
              26158 DDDLDDUUDDDTTTTTTTTTDT
              26240 UDDLDDUUDDDTTTTTTTTTDT
              26322 DDDLDDUUDDDTTTTTTTTTDT
              26404 UDDLDDUUDDDTTTTTTTTTDT
              26486 DDDLDDUUDDDTTTTTTTTTDT
              26568 UDDLDDUUDDDTTTTTTTTTDT
              26650 DDDLDDUUDDDTTTTTTTTTDT
              26732 UDDLDDUUDDDTTTTTTTTTDT
              26814 DDDLDDUUDDDTTTTTTTTTDT
              26896 UDDLDDUUDDDTTTTTTTTTDT
              26978 DDDLDDUUDDDTTTTTTTTTDT
              27060 UDDLDDUUDDDTTTTTTTTTDT
              27142 DDDLDDUUDDDTTTTTTTTTDT
              27224 UDDLDDUUDDDTTTTTTTTTDT
              27306 DDDLDDUUDDDTTTTTTTTTDT
              27388 UDDLDDUUDDDTTTTTTTTTDT
              27470 DDDLDDUUDDDTTTTTTTTTDT
              27552 UDDLDDUUDDDTTTTTTTTTDT
              27634 DDDLDDUUDDDTTTTTTTTTDT
              27716 UDDLDDUUDDDTTTTTTTTTDT
              27798 DDDLDDUUDDDTTTTTTTTTDT
              27880 UDDLDDUUDDDTTTTTTTTTDT
              27962 DDDLDDUUDDDTTTTTTTTTDT
              28044 UDDLDDUUDDDTTTTTTTTTDT
              28126 DDDLDDUUDDDTTTTTTTTTDT
              28208 UDDLDDUUDDDTTTTTTTTTDT
              28290 DDDLDDUUDDDTTTTTTTTTDT
              28372 UDDLDDUUDDDTTTTTTTTTDT
              28454 DDDLDDUUDDDTTTTTTTTTDT
              28536 UDDLDDUUDDDTTTTTTTTTDT
              28618 DDDLDDUUDDDTTTTTTTTTDT
              28700 UDDLDDUUDDDTTTTTTTTTDT
              28782 DDDLDDUUDDDTTTTTTTTTDT
              28864 UDDLDDUUDDDTTTTTTTTTDT
              28946 DDDLDDUUDDDTTTTTTTTTDT
              29028 UDDLDDUUDDDTTTTTTTTTDT
              29110 DDDLDDUUDDDTTTTTTTTTDT
              29192 UDDLDDUUDDDTTTTTTTTTDT
              29274 DDDLDDUUDDDTTTTTTTTTDT
              29356 UDDLDDUUDDDTTTTTTTTTDT
              29438 DDDLDDUUDDDTTTTTTTTTDT
              29520 UDDLDDUUDDDTTTTTTTTTDT
              29602 DDDLDDUUDDDTTTTTTTTTDT
              29684 UDDLDDUUDDDTTTTTTTTTDT
              29766 DDDLDDUUDDDTTTTTTTTTDT
              29848 UDDLDDUUDDDTTTTTTTTTDT
              29930 DDDLDDUUDDDTTTTTTTTTDT
              30012 UDDLDDUUDDDTTTTTTTTTDT
              30094 DDDLDDUUDDDTTTTTTTTTDT
              30176 UDDLDDUUDDDTTTTTTTTTDT
              30258 DDDLDDUUDDDTTTTTTTTTDT
              30340 UDDLDDUUDDDTTTTTTTTTDT
              30422 DDDLDDUUDDDTTTTTTTTTDT
              30504 UDDLDDUUDDDTTTTTTTTTDT
              30586 DDDLDDUUDDDTTTTTTTTTDT
              30668 UDDLDDUUDDDTTTTTTTTTDT
              30750 DDDLDDUUDDDTTTTTTTTTDT
              30832 UDDLDDUUDDDTTTTTTTTTDT
              30914 DDDLDDUUDDDTTTTTTTTTDT
              30996 UDDLDDUUDDDTTTTTTTTTDT
              31078 DDDLDDUUDDDTTTTTTTTTDT
              31160 UDDLDDUUDDDTTTTTTTTTDT
              31242 DDDLDDUUDDDTTTTTTTTTDT
              31324 UDDLDDUUDDDTTTTTTTTTDT
              31406 DDDLDDUUDDDTTTTTTTTTDT
              31488 UDDLDDUUDDDTTTTTTTTTDT
              31570 DDDLDDUUDDDTTTTTTTTTDT
              31652 UDDLDDUUDDDTTTTTTTTTDT
              31734 DDDLDDUUDDDTTTTTTTTTDT
              31816 UDDLDDUUDDDTTTTTTTTTDT
              31898 DDDLDDUUDDDTTTTTTTTTDT
              31980 UDDLDDUUDDDTTTTTTTTTDT
              32062 DDDLDDUUDDDTTTTTTTTTDT
              32144 UDDLDDUUDDDTTTTTTTTTDT
              32226 DDDLDDUUDDDTTTTTTTTTDT
              32308 UDDLDDUUDDDTTTTTTTTTDT
              32390 DDDLDDUUDDDTTTTTTTTTDT
              32472 UDDLDDUUDDDTTTTTTTTTDT
              32554 DDDLDDUUDDDTTTTTTTTTDT
              32636 UDDLDDUUDDDTTTTTTTTTDT
              32718 DDDLDDUUDDDTTTTTTTTTDT
              32800 UDDLDDUUDDDTTTTTTTTTDT
              32882 DDDLDDUUDDDTTTTTTTTTDT
              32964 UDDLDDUUDDDTTTTTTTTTDT
              33046 DDDLDDUUDDDTTTTTTTTTDT
              33128 UDDLDDUUDDDTTTTTTTTTDT
              33210 DDDLDDUUDDDTTTTTTTTTDT
              33292 UDDLDDUUDDDTTTTTTTTTDT
              33374 DDDLDDUUDDDTTTTTTTTTDT
              33415 DUDLDDUUDDDTTTTTTTTTDT
              33456 UUDLDDUUDDDTTTTTTTTTDT
              33538 DUDLDDUUDDDTTTTTTTTTDT
              33620 UUDLDDUUDDDTTTTTTTTTDT
              33702 DDDLDDUUDDDTTTTTTTTTDT
              33784 UDDLDDUUDDDTTTTTTTTTUT
              33866 DDULDDUUDDDTTTTTTTTTUT
              33948 UDULDDUUDDDLLLLLLLLLUL
              34030 DDDLDDUUDDDLLLLLLLLLUL
              34112 UDDLDDUUDDDLLLHHLLLLUL
              34194 DDDLDDUUDDDLLLHHLLLLUL
              34276 UDDLDDUUDDDLLLLHHHHLDL
              34358 DDDLDDUUDDDLLLLHHHHLDL
              34440 UDDLDDUUDDDLLLHLHHHHDL
              34522 DDDLDDUUDDDLLLHLHHHHDL
              34604 UDDLDDUUDDDLLLHLHHLLUL
              34686 DDDLDDUUDDDLLLHLHHLLUL
              34768 UDDLDDUUDDDLLLLHHHLLUL
              34850 DDDLDDUUDDDLLLLHHHLLUL
              34932 UDDLDDUUDDDLLLHLHHLHUH
              35014 DDDLDDUUDDDLLLHLHHLHUH
              35096 UDDLDDUUDDDLLLHLHLHLUL
              35178 DDDLDDUUDDDLLLHLHLHLUL
              35260 UDDLDDUUDDDLLLLHHLHLUL
              35342 DDDLDDUUDDDLLLLHHLHLUL
              35424 UDDLDDUUDDDLLLHLHLHHDL
              35506 DDDLDDUUDDDLLLHLHLHHDL
              35588 UDDLDDUUDDDLLLHLHLLLUL
              35670 DDDLDDUUDDDLLLHLHLLLUL
              35752 UDDLDDUUDDDLLLLHHLLLUL
              35834 DDDLDDUUDDDLLLLHHLLLUL
              35916 UDDLDDUUDDDLLLHLHLLHDL
              35998 DDDLDDUUDDDLLLHLHLLHDL
              36080 UDDLDDUUDDDLLLHLLHHLUL
              36162 DDDLDDUUDDDLLLHLLHHLUL
              36244 UDDLDDUUDDDLLLLHLHHLUL
              36326 DDDLDDUUDDDLLLLHLHHLUL
              36408 UDDLDDUUDDDLLLHLLHHHDL
              36490 DDDLDDUUDDDLLLHLLHHHDL
              36572 UDDLDDUUDDDLLLHLLHLLUL
              36654 DDDLDDUUDDDLLLHLLHLLUL
              36736 UDDLDDUUDDDLLLLHLHLLUL
              36818 DDDLDDUUDDDLLLLHLHLLUL
              36900 UDDLDDUUDDDLLLHLLHLHDL
              36982 DDDLDDUUDDDLLLHLLHLHDL
              37064 UDDLDDUUDDDLLLHLLLHLUL
              37146 DDDLDDUUDDDLLLHLLLHLUL
              37228 UDDLDDUUDDDLLLLHLLHLUL
              37310 DDDLDDUUDDDLLLLHLLHLUL
              37392 UDDLDDUUDDDLLLHLLLHHDL
              37474 DDDLDDUUDDDLLLHLLLHHDL
              37556 UDDLDDUUDDDLLLHLLLLLUL
              37638 DDDLDDUUDDDLLLHLLLLLUL
              37720 UDDLDDUUDDDLLLLHLLLLUL
              37802 DDDLDDUUDDDLLLLHLLLLUL
              37884 UDDLDDUUDDDLLLHLLLLHDL
              37966 DDDLDDUUDDDLLLHLLLLHDL
              38048 UDDLDDUUDDDLLLLHHHHLUL
              38130 DDDLDDUUDDDLLLLHHHHLUL
              38212 UDDLDDUUDDDLLLLLHHHLDL
              38294 DDDLDDUUDDDLLLLLHHHLDL
              38376 UDDLDDUUDDDLLLLHHHHHUH
              38458 DDDLDDUUDDDLLLLHHHHHUH
              38540 UDDLDDUUDDDLLLLHHHLLDL
              38622 DDDLDDUUDDDLLLLHHHLLDL
              38704 UDDLDDUUDDDLLLLLHHLLUL
              38786 DDDLDDUUDDDLLLLLHHLLUL
              38868 UDDLDDUUDDDLLLLHHHLHUH
              38950 DDDLDDUUDDDLLLLHHHLHUH
              39032 UDDLDDUUDDDLLLLHHLHLUL
              39114 DDDLDDUUDDDLLLLHHLHLUL
              39196 UDDLDDUUDDDLLLLLHLHLDL
              39278 DDDLDDUUDDDLLLLLHLHLDL
              39360 UDDLDDUUDDDLLLLHHLHHUH
              39442 DDDLDDUUDDDLLLLHHLHHUH
              39524 UDDLDDUUDDDLLLLHHLLLDL
              39606 DDDLDDUUDDDLLLLHHLLLDL
              39688 UDDLDDUUDDDLLLLLHLLLDL
              39770 DDDLDDUUDDDLLLLLHLLLDL
              39852 UDDLDDUUDDDLLLLHHLLHUH
              39934 DDDLDDUUDDDLLLLHHLLHUH
              40016 UDDLDDUUDDDLLLLHLHHLDL
              40098 DDDLDDUUDDDLLLLHLHHLDL
              40180 UDDLDDUUDDDLLLLLLHHLDL
              40262 DDDLDDUUDDDLLLLLLHHLDL
              40344 UDDLDDUUDDDLLLLHLHHHUH
              40426 DDDLDDUUDDDLLLLHLHHHUH
              40508 UDDLDDUUDDDLLLLHLHLLDL
              40590 DDDLDDUUDDDLLLLHLHLLDL
              40672 UDDLDDUUDDDLLLLLLHLLDL
              40754 DDDLDDUUDDDLLLLLLHLLDL
              40836 UDDLDDUUDDDLLLLHLHLHUH
              40918 DDDLDDUUDDDLLLLHLHLHUH
              41000 UDDLDDUUDDDLLLLHLLHLDL
              41082 DDDLDDUUDDDLLLLHLLHLDL
              41164 UDDLDDUUDDDLLLLLLLHLDL
              41246 DDDLDDUUDDDLLLLLLLHLDL
              41328 UDDLDDUUDDDLLLLHLLHHUH
              41410 DDDLDDUUDDDLLLLHLLHHUH
              41492 UDDLDDUUDDDLLLLHLLLLDL
              41574 DDDLDDUUDDDLLLLHLLLLDL
              41656 UDDLDDUUDDDLLLLLLLLLDL
              41738 DDDLDDUUDDDLLLLLLLLLDL
              41820 UDDLDDUUDDDLLLLHLLLHUH
              41902 DDDLDDUUDDDLLLLHLLLHUH
              41984 UDDLDDUUDDDLLLLLHHHLDL
              42066 DDDLDDUUDDDLLLLLHHHLDL
              42148 UDDLDDUUDDDLHHHHHHHLUL
              42230 DDDLDDUUDDDLHHHHHHHLUL
              42312 UDDLDDUUDDDLLLLLHHHHDL
              42394 DDDLDDUUDDDLLLLLHHHHDL
              42476 UDDLDDUUDDDLLLLLHHLLUL
              42558 DDDLDDUUDDDLLLLLHHLLUL
              42640 UDDLDDUUDDDLHHHHHHLLUL
              42722 DDDLDDUUDDDLHHHHHHLLUL
              42804 UDDLDDUUDDDLLLLLHHLHDL
              42886 DDDLDDUUDDDLLLLLHHLHDL
              42968 UDDLDDUUDDDLLLLLHLHLUL
              43050 DDDLDDUUDDDLLLLLHLHLUL
              43132 UDDLDDUUDDDLHHHHHLHLUL
              43214 DDDLDDUUDDDLHHHHHLHLUL
              43296 UDDLDDUUDDDLLLLLHLHHDL
              43378 DDDLDDUUDDDLLLLLHLHHDL
              43460 UDDLDDUUDDDLLLLLHLLLUL
              43542 DDDLDDUUDDDLLLLLHLLLUL
              43624 UDDLDDUUDDDLHHHHHLLLUL
              43706 DDDLDDUUDDDLHHHHHLLLUL
              43788 UDDLDDUUDDDLLLLLHLLHDL
              43870 DDDLDDUUDDDLLLLLHLLHDL
              43952 UDDLDDUUDDDLLLLLLHHLUL
              44034 DDDLDDUUDDDLLLLLLHHLUL
              44116 UDDLDDUUDDDLHHHHLHHLUL
              44198 DDDLDDUUDDDLHHHHLHHLUL
              44280 UDDLDDUUDDDLLLLLLHHHDL
              44362 DDDLDDUUDDDLLLLLLHHHDL
              44444 UDDLDDUUDDDLLLLLLHLLUL
              44526 DDDLDDUUDDDLLLLLLHLLUL
              44608 UDDLDDUUDDDLHHHHLHLLUL
              44690 DDDLDDUUDDDLHHHHLHLLUL
              44772 UDDLDDUUDDDLLLLLLHLHDL
              44854 DDDLDDUUDDDLLLLLLHLHDL
              44936 UDDLDDUUDDDLLLLLLLHLUL
              45018 DDDLDDUUDDDLLLLLLLHLUL
              45100 UDDLDDUUDDDLHHHHLLHLUL
              45182 DDDLDDUUDDDLHHHHLLHLUL
              45264 UDDLDDUUDDDLLLLLLLHHDL
              45346 DDDLDDUUDDDLLLLLLLHHDL
              45428 UDDLDDUUDDDLLLLLLLLLUL
              45510 DDDLDDUUDDDLLLLLLLLLUL
              45592 UDDLDDUUDDDLHHHHLLLLUL
              45674 DDDLDDUUDDDLHHHHLLLLUL
              45756 UDDLDDUUDDDLLLLLLLLHDL
              45838 DDDLDDUUDDDLLLLLLLLHDL
              45920 UDDLDDUUDDDLHHHHHHHLUL
              46002 DDDLDDUUDDDLHHHHHHHLUL
              46084 UDDHDDUUDDDLHHHHHHHLDL
              46166 DDDHDDUUDDDLHHHHHHHLDL
              46248 UDDLDDUUDDDTTTTTTTTTDT
              46330 DDDLDDUUDDDTTTTTTTTTDT
              46412 UDDLDDUUDDDTTTTTTTTTDT
              46494 DDDLDDUUDDDTTTTTTTTTDT
              46576 UDDLDDUUDDDTTTTTTTTTDT
              46658 DDDLDDUUDDDTTTTTTTTTDT
              46740 UDDLDDUUDDDTTTTTTTTTDT
              46822 DDDLDDUUDDDTTTTTTTTTDT
              46904 UDDLDDUUDDDTTTTTTTTTDT
              46986 DDDLDDUUDDDTTTTTTTTTDT
              47068 UDDLDDUUDDDTTTTTTTTTDT
              47150 DDDLDDUUDDDTTTTTTTTTDT
              47232 UDDLDDUUDDDTTTTTTTTTDT
              47314 DDDLDDUUDDDTTTTTTTTTDT
              47396 UDDLDDUUDDDTTTTTTTTTDT
              47478 DDDLDDUUDDDTTTTTTTTTDT
              47560 UDDLDDUUDDDTTTTTTTTTDT
              47642 DDDLDDUUDDDTTTTTTTTTDT
              47724 UDDLDDUUDDDTTTTTTTTTDT
              47806 DDDLDDUUDDDTTTTTTTTTDT
              47888 UDDLDDUUDDDTTTTTTTTTDT
              47970 DDDLDDUUDDDTTTTTTTTTDT
              48052 UDDLDDUUDDDTTTTTTTTTDT
              48134 DDDLDDUUDDDTTTTTTTTTDT
              48216 UDDLDDUUDDDTTTTTTTTTDT
              48298 DDDLDDUUDDDTTTTTTTTTDT
              48380 UDDLDDUUDDDTTTTTTTTTDT
              48462 DDDLDDUUDDDTTTTTTTTTDT
              48544 UDDLDDUUDDDTTTTTTTTTDT
              48626 DDDLDDUUDDDTTTTTTTTTDT
              48708 UDDLDDUUDDDTTTTTTTTTDT
              48790 DDDLDDUUDDDTTTTTTTTTDT
              48872 UDDLDDUUDDDTTTTTTTTTDT
              48954 DDDLDDUUDDDTTTTTTTTTDT
              49036 UDDLDDUUDDDTTTTTTTTTDT
              49118 DDDLDDUUDDDTTTTTTTTTDT
              49200 UDDLDDUUDDDTTTTTTTTTDT
              49282 DDDLDDUUDDDTTTTTTTTTDT
              49364 UDDLDDUUDDDTTTTTTTTTDT
              49446 DDDLDDUUDDDTTTTTTTTTDT
              49528 UDDLDDUUDDDTTTTTTTTTDT
              49610 DDDLDDUUDDDTTTTTTTTTDT
              49692 UDDLDDUUDDDTTTTTTTTTDT
              49774 DDDLDDUUDDDTTTTTTTTTDT
              49856 UDDLDDUUDDDTTTTTTTTTDT
              49938 DDDLDDUUDDDTTTTTTTTTDT
              50020 UDDLDDUUDDDTTTTTTTTTDT
              50102 DDDLDDUUDDDTTTTTTTTTDT
              50184 UDDLDDUUDDDTTTTTTTTTDT
              50266 DDDLDDUUDDDTTTTTTTTTDT
              50348 UDDLDDUUDDDTTTTTTTTTDT
              50430 DDDLDDUUDDDTTTTTTTTTDT
              50512 UDDLDDUUDDDTTTTTTTTTDT
              50594 DDDLDDUUDDDTTTTTTTTTDT
              50676 UDDLDDUUDDDTTTTTTTTTDT
              50758 DDDLDDUUDDDTTTTTTTTTDT
              50840 UDDLDDUUDDDTTTTTTTTTDT
              50922 DDDLDDUUDDDTTTTTTTTTDT
              51004 UDDLDDUUDDDTTTTTTTTTDT
              51086 DDDLDDUUDDDTTTTTTTTTDT
              51168 UDDLDDUUDDDTTTTTTTTTDT
              51250 DDDLDDUUDDDTTTTTTTTTDT
              51332 UDDLDDUUDDDTTTTTTTTTDT
              51414 DDDLDDUUDDDTTTTTTTTTDT
              51496 UDDLDDUUDDDTTTTTTTTTDT
              51578 DDDLDDUUDDDTTTTTTTTTDT
              51660 UDDLDDUUDDDTTTTTTTTTDT
              51742 DDDLDDUUDDDTTTTTTTTTDT
              51824 UDDLDDUUDDDTTTTTTTTTDT
              51906 DDDLDDUUDDDTTTTTTTTTDT
              51988 UDDLDDUUDDDTTTTTTTTTDT
              52070 DDDLDDUUDDDTTTTTTTTTDT
              52152 UDDLDDUUDDDTTTTTTTTTDT
              52234 DDDLDDUUDDDTTTTTTTTTDT
              52316 UDDLDDUUDDDTTTTTTTTTDT
              52398 DDDLDDUUDDDTTTTTTTTTDT
              52480 UDDLDDUUDDDTTTTTTTTTDT
              52562 DDDLDDUUDDDTTTTTTTTTDT
              52644 UDDLDDUUDDDTTTTTTTTTDT
              52726 DDDLDDUUDDDTTTTTTTTTDT
              52808 UDDLDDUUDDDTTTTTTTTTDT
              52890 DDDLDDUUDDDTTTTTTTTTDT
              52972 UDDLDDUUDDDTTTTTTTTTDT
              53054 DDDLDDUUDDDTTTTTTTTTDT
              53136 UDDLDDUUDDDTTTTTTTTTDT
              53218 DDDLDDUUDDDTTTTTTTTTDT
              53300 UDDLDDUUDDDTTTTTTTTTDT
              53382 DDDLDDUUDDDTTTTTTTTTDT
              53464 UDDLDDUUDDDTTTTTTTTTDT
              53546 DDDLDDUUDDDTTTTTTTTTDT
              53628 UDDLDDUUDDDTTTTTTTTTDT
              53710 DDDLDDUUDDDTTTTTTTTTDT
              53792 UDDLDDUUDDDTTTTTTTTTDT
              53874 DDDLDDUUDDDTTTTTTTTTDT
              53956 UDDLDDUUDDDTTTTTTTTTDT
              54038 DDDLDDUUDDDTTTTTTTTTDT
              54120 UDDLDDUUDDDTTTTTTTTTDT
              54202 DDDLDDUUDDDTTTTTTTTTDT
              54284 UDDLDDUUDDDTTTTTTTTTDT
              54366 DDDLDDUUDDDTTTTTTTTTDT
              54448 UDDLDDUUDDDTTTTTTTTTDT
              54530 DDDLDDUUDDDTTTTTTTTTDT
              54612 UDDLDDUUDDDTTTTTTTTTDT
              54694 DDDLDDUUDDDTTTTTTTTTDT
              54776 UDDLDDUUDDDTTTTTTTTTDT
              54858 DDDLDDUUDDDTTTTTTTTTDT
              54940 UDDLDDUUDDDTTTTTTTTTDT
              55022 DDDLDDUUDDDTTTTTTTTTDT
              55104 UDDLDDUUDDDTTTTTTTTTDT
              55186 DDDLDDUUDDDTTTTTTTTTDT
              55268 UDDLDDUUDDDTTTTTTTTTDT
              55350 DDDLDDUUDDDTTTTTTTTTDT
              55432 UDDLDDUUDDDTTTTTTTTTDT
              55514 DDDLDDUUDDDTTTTTTTTTDT
              55596 UDDLDDUUDDDTTTTTTTTTDT
              55678 DDDLDDUUDDDTTTTTTTTTDT
              55760 UDDLDDUUDDDTTTTTTTTTDT
              55842 DDDLDDUUDDDTTTTTTTTTDT
              55924 UDDLDDUUDDDTTTTTTTTTDT
              56006 DDDLDDUUDDDTTTTTTTTTDT
              56088 UDDLDDUUDDDTTTTTTTTTDT
              56170 DDDLDDUUDDDTTTTTTTTTDT
              56252 UDDLDDUUDDDTTTTTTTTTDT
              56334 DDDLDDUUDDDTTTTTTTTTDT
              56416 UDDLDDUUDDDTTTTTTTTTDT
              56498 DDDLDDUUDDDTTTTTTTTTDT
              56580 UDDLDDUUDDDTTTTTTTTTDT
              56662 DDDLDDUUDDDTTTTTTTTTDT
              56744 UDDLDDUUDDDTTTTTTTTTDT
              56826 DDDLDDUUDDDTTTTTTTTTDT
              56908 UDDLDDUUDDDTTTTTTTTTDT
              56990 DDDLDDUUDDDTTTTTTTTTDT
              57072 UDDLDDUUDDDTTTTTTTTTDT
              57154 DDDLDDUUDDDTTTTTTTTTDT
              57236 UDDLDDUUDDDTTTTTTTTTDT
              57318 DDDLDDUUDDDTTTTTTTTTDT
              57400 UDDLDDUUDDDTTTTTTTTTDT
              57482 DDDLDDUUDDDTTTTTTTTTDT
              57564 UDDLDDUUDDDTTTTTTTTTDT
              57646 DDDLDDUUDDDTTTTTTTTTDT
              57728 UDDLDDUUDDDTTTTTTTTTDT
              57810 DDDLDDUUDDDTTTTTTTTTDT
              57892 UDDLDDUUDDDTTTTTTTTTDT
              57974 DDDLDDUUDDDTTTTTTTTTDT
              58056 UDDLDDUUDDDTTTTTTTTTDT
              58138 DDDLDDUUDDDTTTTTTTTTDT
              58220 UDDLDDUUDDDTTTTTTTTTDT
              58302 DDDLDDUUDDDTTTTTTTTTDT
              58384 UDDLDDUUDDDTTTTTTTTTDT
              58466 DDDLDDUUDDDTTTTTTTTTDT
              58548 UDDLDDUUDDDTTTTTTTTTDT
              58630 DDDLDDUUDDDTTTTTTTTTDT
              58712 UDDLDDUUDDDTTTTTTTTTDT
              58794 DDDLDDUUDDDTTTTTTTTTDT
              58876 UDDLDDUUDDDTTTTTTTTTDT
              58958 DDDLDDUUDDDTTTTTTTTTDT
              59040 UDDLDDUUDDDTTTTTTTTTDT
              59122 DDDLDDUUDDDTTTTTTTTTDT
              59204 UDDLDDUUDDDTTTTTTTTTDT
              59286 DDDLDDUUDDDTTTTTTTTTDT
              59368 UDDLDDUUDDDTTTTTTTTTDT
              59450 DDDLDDUUDDDTTTTTTTTTDT
              59532 UDDLDDUUDDDTTTTTTTTTDT
              59614 DDDLDDUUDDDTTTTTTTTTDT
              59696 UDDLDDUUDDDTTTTTTTTTDT
              59778 DDDLDDUUDDDTTTTTTTTTDT
              59860 UDDLDDUUDDDTTTTTTTTTDT
              59942 DDDLDDUUDDDTTTTTTTTTDT
