                  0 UUUUUDUUUUDLDTTLDTTTTTTTTTT
                 82 DUUUUDUUUUDLDTTLDTTTTTTTTTT
                164 UUUUUDUUUUDLDTTLDTTTTTTTTTT
                246 DUUUUDUUUUDLDTTLDTTTTTTTTTT
                287 DDUUUDUUUUDLDTTLDTTTTTTTTTT
                328 UDUUUDUUUUDLDTTLDTTTTTTTTTT
                410 DDUUUDUUUUDLDTTLDTTTTTTTTTT
                451 DDUUUDUUUUULUTTLDTTTTTTTTTT
                492 UDUUUDUUUUULULLHDLTTTTTTTTT
                574 DDUUUDUUUUULULLHDLTTTTTTTTT
                656 UDUUUDUUUUULULLHDLTTTTTTTTT
                738 DDUUUDUUUUULULLHDLTTTTTTTTT
                820 UDUUUDUUUUULULLHDLTTTTTTTTT
                902 DDUUUDUUUUULULLHDLTTTTTTTTT
                943 DDUUUDUUUUULULLHULTTTTTTTTT
                984 UDUUUDUUUUULUTTLUHHHHLHHHHH
               1066 DDUUUDUUUUULUTTLUHHHHLHHHHH
               1148 UDUUUDUUUUULUTTLULTTTTTTTTT
               1230 DDUUUDUUUUULUTTLULTTTTTTTTT
               1271 DDUUUDUUUUULUTTLDLTTTTTTTTT
               1312 UDUUUDUUUUULULHHDLTTTTTTTTT
               1394 DDUUUDUUUUULULHHDLTTTTTTTTT
               1476 UDUUUDUUUUULULHHDLTTTTTTTTT
               1558 DDUUUDUUUUULULHHDLTTTTTTTTT
               1640 UDUUUDUUUUULULHHDLTTTTTTTTT
               1722 DDUUUDUUUUULULHHDLTTTTTTTTT
               1763 DDUUUDUUUUULULHHULTTTTTTTTT
               1804 UDUUUDUUUUULUTTLUHHHHLHHHHH
               1886 DDUUUDUUUUULUTTLUHHHHLHHHHH
               1968 UDUUUDUUUUULUTTLULTTTTTTTTT
               2050 DDUUUDUUUUULUTTLULTTTTTTTTT
               2091 DDUUUDUUUUULUTTLDLTTTTTTTTT
               2132 UDUUUDUUUUULUHLHDLTTTTTTTTT
               2214 DDUUUDUUUUULUHLHDLTTTTTTTTT
               2296 UDUUUDUUUUULUHLHDLTTTTTTTTT
               2378 DDUUUDUUUUULUHLHDLTTTTTTTTT
               2460 UDUUUDUUUUULUHLHDLTTTTTTTTT
               2542 DDUUUDUUUUULUHLHDLTTTTTTTTT
               2583 DDUUUDUUUUULUHLHULTTTTTTTTT
               2624 UDUUUDUUUUULUTTLUHHHHLHHHHH
               2706 DDUUUDUUUUULUTTLUHHHHLHHHHH
               2788 UDUUUDUUUUULUTTLULTTTTTTTTT
               2870 DDUUUDUUUUULUTTLULTTTTTTTTT
               2911 DDUUUDUUUUULUTTLDLTTTTTTTTT
               2952 UDUUUDUUUUULUHHHDLTTTTTTTTT
               3034 DDUUUDUUUUULUHHHDLTTTTTTTTT
               3116 UDUUUDUUUUULUHHHDLTTTTTTTTT
               3198 DDUUUDUUUUULUHHHDLTTTTTTTTT
               3280 UDUUUDUUUUULUHHHDLTTTTTTTTT
               3362 DDUUUDUUUUULUHHHDLTTTTTTTTT
               3403 DDUUUDUUUUULUHHHULTTTTTTTTT
               3444 UDUUUDUUUUULUTTLUHHHHLHHHHH
               3526 DDUUUDUUUUULUTTLUHHHHLHHHHH
               3608 UDUUUDUUUUUHUTTLULTTTTTTTTT
               3690 DDUUUDUUUUUHUTTLULTTTTTTTTT
               3731 DDUUUDUUUUUHUTTLDLTTTTTTTTT
               3772 UDUUUDUUUUUHUTTLDLTTTTTTTTT
               3854 DDUUUDUUUUUHUTTLDLTTTTTTTTT
               3936 UDUUUDUUUUUHUTTLDLTTTTTTTTT
               4018 DDUUUDUUUUUHUTTLDLTTTTTTTTT
               4100 UDUUUDUUUUUHUTTLDLTTTTTTTTT
               4182 DDUUUDUUUUUHUTTLDLTTTTTTTTT
               4223 DDUUUDUUUUUHDTTLDLTTTTTTTTT
               4264 UDUUUDUUUUULDTTLDTTTTTTTTTT
               4346 DDUUUDUUUUULDTTLDTTTTTTTTTT
               4428 UDUUUDUUUUULDTTLDTTTTTTTTTT
               4510 DDUUUDUUUUULDTTLDTTTTTTTTTT
               4592 UDUUUDUUUUULDTTLDTTTTTTTTTT
               4674 DDUUUDUUUUULDTTLDTTTTTTTTTT
               4756 UDUUUDUUUUULDTTLDTTTTTTTTTT
               4838 DDUUUDUUUUULDTTLDTTTTTTTTTT
               4920 UDUUUDUUUUULDTTLDTTTTTTTTTT
               5002 DDUUUDUUUUULDTTLDTTTTTTTTTT
               5084 UDUUUDUUUUULDTTLDTTTTTTTTTT
               5166 DDUUUDUUUUULDTTLDTTTTTTTTTT
               5248 UDUUUDUUUUULDTTLDTTTTTTTTTT
               5330 DDUUUDUUUUULDTTLDTTTTTTTTTT
               5412 UDUUUDUUUUULDTTLDTTTTTTTTTT
               5494 DDUUUDUUUUULDTTLDTTTTTTTTTT
               5576 UDUUUDUUUUULDTTLDTTTTTTTTTT
               5658 DDUUUDUUUUULDTTLDTTTTTTTTTT
               5740 UDUUUDUUUUULDTTLDTTTTTTTTTT
               5822 DDUUUDUUUUULDTTLDTTTTTTTTTT
               5904 UDUUUDUUUUULDTTLDTTTTTTTTTT
               5986 DDUUUDUUUUULDTTLDTTTTTTTTTT
               6068 UDUUUDUUUUULDTTLDTTTTTTTTTT
               6150 DDUUUDUUUUULDTTLDTTTTTTTTTT
               6232 UDUUUDUUUUULDTTLDTTTTTTTTTT
               6314 DDUUUDUUUUULDTTLDTTTTTTTTTT
               6396 UDUUUDUUUUULDTTLDTTTTTTTTTT
               6478 DDUUUDUUUUULDTTLDTTTTTTTTTT
               6560 UDUUUDUUUUULDTTLDTTTTTTTTTT
               6642 DDUUUDUUUUULDTTLDTTTTTTTTTT
               6724 UDUUUDUUUUULDTTLDTTTTTTTTTT
               6806 DDUUUDUUUUULDTTLDTTTTTTTTTT
               6888 UDUUUDUUUUULDTTLDTTTTTTTTTT
               6970 DDUUUDUUUUULDTTLDTTTTTTTTTT
               7052 UDUUUDUUUUULDTTLDTTTTTTTTTT
               7134 DDUUUDUUUUULDTTLDTTTTTTTTTT
               7216 UDUUUDUUUUULDTTLDTTTTTTTTTT
               7298 DDUUUDUUUUULDTTLDTTTTTTTTTT
               7380 UDUUUDUUUUULDTTLDTTTTTTTTTT
               7462 DDUUUDUUUUULDTTLDTTTTTTTTTT
               7544 UDUUUDUUUUULDTTLDTTTTTTTTTT
               7626 DDUUUDUUUUULDTTLDTTTTTTTTTT
               7708 UDUUUDUUUUULDTTLDTTTTTTTTTT
               7790 DDUUUDUUUUULDTTLDTTTTTTTTTT
               7872 UDUUUDUUUUULDTTLDTTTTTTTTTT
               7954 DDUUUDUUUUULDTTLDTTTTTTTTTT
               8036 UDUUUDUUUUULDTTLDTTTTTTTTTT
               8118 DDUUUDUUUUULDTTLDTTTTTTTTTT
               8200 UDUUUDUUUUULDTTLDTTTTTTTTTT
               8282 DDUUUDUUUUULDTTLDTTTTTTTTTT
               8364 UDUUUDUUUUULDTTLDTTTTTTTTTT
               8446 DDUUUDUUUUULDTTLDTTTTTTTTTT
               8528 UDUUUDUUUUULDTTLDTTTTTTTTTT
               8610 DDUUUDUUUUULDTTLDTTTTTTTTTT
               8692 UDUUUDUUUUULDTTLDTTTTTTTTTT
               8774 DDUUUDUUUUULDTTLDTTTTTTTTTT
               8856 UDUUUDUUUUULDTTLDTTTTTTTTTT
               8938 DDUUUDUUUUULDTTLDTTTTTTTTTT
               9020 UDUUUDUUUUULDTTLDTTTTTTTTTT
               9102 DDUUUDUUUUULDTTLDTTTTTTTTTT
               9184 UDUUUDUUUUULDTTLDTTTTTTTTTT
               9266 DDUUUDUUUUULDTTLDTTTTTTTTTT
               9348 UDUUUDUUUUULDTTLDTTTTTTTTTT
               9430 DDUUUDUUUUULDTTLDTTTTTTTTTT
               9512 UDUUUDUUUUULDTTLDTTTTTTTTTT
               9594 DDUUUDUUUUULDTTLDTTTTTTTTTT
               9676 UDUUUDUUUUULDTTLDTTTTTTTTTT
               9758 DDUUUDUUUUULDTTLDTTTTTTTTTT
               9840 UDUUUDUUUUULDTTLDTTTTTTTTTT
               9922 DDUUUDUUUUULDTTLDTTTTTTTTTT
              10004 UDUUUDUUUUULDTTLDTTTTTTTTTT
              10086 DDUUUDUUUUULDTTLDTTTTTTTTTT
              10168 UDUUUDUUUUULDTTLDTTTTTTTTTT
              10250 DDUUUDUUUUULDTTLDTTTTTTTTTT
              10332 UDUUUDUUUUULDTTLDTTTTTTTTTT
              10414 DDUUUDUUUUULDTTLDTTTTTTTTTT
              10496 UDUUUDUUUUULDTTLDTTTTTTTTTT
              10578 DDUUUDUUUUULDTTLDTTTTTTTTTT
              10660 UDUUUDUUUUULDTTLDTTTTTTTTTT
              10742 DDUUUDUUUUULDTTLDTTTTTTTTTT
              10824 UDUUUDUUUUULDTTLDTTTTTTTTTT
              10906 DDUUUDUUUUULDTTLDTTTTTTTTTT
              10988 UDUUUDUUUUULDTTLDTTTTTTTTTT
              11070 DDUUUDUUUUULDTTLDTTTTTTTTTT
              11152 UDUUUDUUUUULDTTLDTTTTTTTTTT
              11234 DDUUUDUUUUULDTTLDTTTTTTTTTT
              11316 UDUUUDUUUUULDTTLDTTTTTTTTTT
              11398 DDUUUDUUUUULDTTLDTTTTTTTTTT
              11480 UDUUUDUUUUULDTTLDTTTTTTTTTT
              11562 DDUUUDUUUUULDTTLDTTTTTTTTTT
              11644 UDUUUDUUUUULDTTLDTTTTTTTTTT
              11726 DDUUUDUUUUULDTTLDTTTTTTTTTT
              11808 UDUUUDUUUUULDTTLDTTTTTTTTTT
              11890 DDUUUDUUUUULDTTLDTTTTTTTTTT
              11972 UDUUUDUUUUULDTTLDTTTTTTTTTT
              12054 DDUUUDUUUUULDTTLDTTTTTTTTTT
              12136 UDUUUDUUUUULDTTLDTTTTTTTTTT
              12218 DDUUUDUUUUULDTTLDTTTTTTTTTT
              12300 UDUUUDUUUUULDTTLDTTTTTTTTTT
              12382 DDUUUDUUUUULDTTLDTTTTTTTTTT
              12464 UDUUUDUUUUULDTTLDTTTTTTTTTT
              12546 DDUUUDUUUUULDTTLDTTTTTTTTTT
              12628 UDUUUDUUUUULDTTLDTTTTTTTTTT
              12710 DDUUUDUUUUULDTTLDTTTTTTTTTT
              12792 UDUUUDUUUUULDTTLDTTTTTTTTTT
              12874 DDUUUDUUUUULDTTLDTTTTTTTTTT
              12956 UDUUUDUUUUULDTTLDTTTTTTTTTT
              13038 DDUUUDUUUUULDTTLDTTTTTTTTTT
              13120 UDUUUDUUUUULDTTLDTTTTTTTTTT
              13202 DDUUUDUUUUULDTTLDTTTTTTTTTT
              13284 UDUUUDUUUUULDTTLDTTTTTTTTTT
              13366 DDUUUDUUUUULDTTLDTTTTTTTTTT
              13448 UDUUUDUUUUULDTTLDTTTTTTTTTT
              13530 DDUUUDUUUUULDTTLDTTTTTTTTTT
              13612 UDUUUDUUUUULDTTLDTTTTTTTTTT
              13694 DDUUUDUUUUULDTTLDTTTTTTTTTT
              13776 UDUUUDUUUUULDTTLDTTTTTTTTTT
              13858 DDUUUDUUUUULDTTLDTTTTTTTTTT
              13940 UDUUUDUUUUULDTTLDTTTTTTTTTT
              14022 DDUUUDUUUUULDTTLDTTTTTTTTTT
              14104 UDUUUDUUUUULDTTLDTTTTTTTTTT
              14186 DDUUUDUUUUULDTTLDTTTTTTTTTT
              14268 UDUUUDUUUUULDTTLDTTTTTTTTTT
              14350 DDUUUDUUUUULDTTLDTTTTTTTTTT
              14432 UDUUUDUUUUULDTTLDTTTTTTTTTT
              14514 DDUUUDUUUUULDTTLDTTTTTTTTTT
              14596 UDUUUDUUUUULDTTLDTTTTTTTTTT
              14678 DDUUUDUUUUULDTTLDTTTTTTTTTT
              14760 UDUUUDUUUUULDTTLDTTTTTTTTTT
              14842 DDUUUDUUUUULDTTLDTTTTTTTTTT
              14924 UDUUUDUUUUULDTTLDTTTTTTTTTT
              15006 DDUUUDUUUUULDTTLDTTTTTTTTTT
              15088 UDUUUDUUUUULDTTLDTTTTTTTTTT
              15170 DDUUUDUUUUULDTTLDTTTTTTTTTT
              15252 UDUUUDUUUUULDTTLDTTTTTTTTTT
              15334 DDUUUDUUUUULDTTLDTTTTTTTTTT
              15416 UDUUUDUUUUULDTTLDTTTTTTTTTT
              15498 DDUUUDUUUUULDTTLDTTTTTTTTTT
              15580 UDUUUDUUUUULDTTLDTTTTTTTTTT
              15662 DDUUUDUUUUULDTTLDTTTTTTTTTT
              15744 UDUUUDUUUUULDTTLDTTTTTTTTTT
              15826 DDUUUDUUUUULDTTLDTTTTTTTTTT
              15908 UDUUUDUUUUULDTTLDTTTTTTTTTT
              15990 DDUUUDUUUUULDTTLDTTTTTTTTTT
              16072 UDUUUDUUUUULDTTLDTTTTTTTTTT
              16154 DDUUUDUUUUULDTTLDTTTTTTTTTT
              16236 UDUUUDUUUUULDTTLDTTTTTTTTTT
              16318 DDUUUDUUUUULDTTLDTTTTTTTTTT
              16400 UDUUUDUUUUULDTTLDTTTTTTTTTT
              16482 DDUUUDUUUUULDTTLDTTTTTTTTTT
              16564 UDUUUDUUUUULDTTLDTTTTTTTTTT
              16646 DDUUUDUUUUULDTTLDTTTTTTTTTT
              16728 UDUUUDUUUUULDTTLDTTTTTTTTTT
              16810 DDUUUDUUUUULDTTLDTTTTTTTTTT
              16892 UDUUUDUUUUULDTTLDTTTTTTTTTT
              16974 DDUUUDUUUUULDTTLDTTTTTTTTTT
              17056 UDUUUDUUUUULDTTLDTTTTTTTTTT
              17138 DDUUUDUUUUULDTTLDTTTTTTTTTT
              17220 UDUUUDUUUUULDTTLDTTTTTTTTTT
              17302 DDUUUDUUUUULDTTLDTTTTTTTTTT
              17384 UDUUUDUUUUULDTTLDTTTTTTTTTT
              17466 DDUUUDUUUUULDTTLDTTTTTTTTTT
              17548 UDUUUDUUUUULDTTLDTTTTTTTTTT
              17630 DDUUUDUUUUULDTTLDTTTTTTTTTT
              17712 UDUUUDUUUUULDTTLDTTTTTTTTTT
              17794 DDUUUDUUUUULDTTLDTTTTTTTTTT
              17876 UDUUUDUUUUULDTTLDTTTTTTTTTT
              17958 DDUUUDUUUUULDTTLDTTTTTTTTTT
              18040 UDUUUDUUUUULDTTLDTTTTTTTTTT
              18122 DDUUUDUUUUULDTTLDTTTTTTTTTT
              18204 UDUUUDUUUUULDTTLDTTTTTTTTTT
              18286 DDUUUDUUUUULDTTLDTTTTTTTTTT
              18368 UDUUUDUUUUULDTTLDTTTTTTTTTT
              18450 DDUUUDUUUUULDTTLDTTTTTTTTTT
              18532 UDUUUDUUUUULDTTLDTTTTTTTTTT
              18614 DDUUUDUUUUULDTTLDTTTTTTTTTT
              18696 UDUUUDUUUUULDTTLDTTTTTTTTTT
              18778 DDUUUDUUUUULDTTLDTTTTTTTTTT
              18860 UDUUUDUUUUULDTTLDTTTTTTTTTT
              18942 DDUUUDUUUUULDTTLDTTTTTTTTTT
              19024 UDUUUDUUUUULDTTLDTTTTTTTTTT
              19106 DDUUUDUUUUULDTTLDTTTTTTTTTT
              19188 UDUUUDUUUUULDTTLDTTTTTTTTTT
              19270 DDUUUDUUUUULDTTLDTTTTTTTTTT
              19352 UDUUUDUUUUULDTTLDTTTTTTTTTT
              19434 DDUUUDUUUUULDTTLDTTTTTTTTTT
              19516 UDUUUDUUUUULDTTLDTTTTTTTTTT
              19598 DDUUUDUUUUULDTTLDTTTTTTTTTT
              19680 UDUUUDUUUUULDTTLDTTTTTTTTTT
              19762 DDUUUDUUUUULDTTLDTTTTTTTTTT
              19844 UDUUUDUUUUULDTTLDTTTTTTTTTT
              19926 DDUUUDUUUUULDTTLDTTTTTTTTTT
