====================================================================================================================================
                                                               S L S                                                                
                                                            version: 3.3                                                            
                                                S I M U L A T I O N   R E S U L T S                                                 
====================================================================================================================================
 time         | c   r   m   m   m   m   m   m   m   m   d   r   s   m   m   l   l   w   a   a   a   a   a   a   a   a   d 
 in 1e-09 sec | l   s   a   a   a   a   a   a   a   a   r   e   t   a   a   u   u   r   d   d   d   d   d   d   d   d   a 
              | k   t   s   s   s   s   s   s   s   s   a   a   a   s   s   t   t   i   d   d   d   d   d   d   d   d   t 
              |         k   k   k   k   k   k   k   k   w   d   r   k   k   _   _   t   r   r   r   r   r   r   r   r   a 
              |         _   _   _   _   _   _   _   _   _   y   t   _   _   s   r   e   _   _   _   _   _   _   _   _     
              |         7   7   7   7   7   7   7   7   e           s   s   t   e       7   7   7   7   7   7   7   7     
              |         _   _   _   _   _   _   _   _   r           e   e   a   a       _   _   _   _   _   _   _   _     
              |         0   0   0   0   0   0   0   0   a           l   l   r   d       0   0   0   0   0   0   0   0     
              |         _   _   _   _   _   _   _   _   s           e   e   t   y       _   _   _   _   _   _   _   _     
              |         7   6   5   4   3   2   1   0   e           c   c               7   6   5   4   3   2   1   0     
              |                                                     t   t                                                 
              |                                                     _   _                                                 
              |                                                     1   1                                                 
              |                                                     _   _                                                 
              |                                                     0   0                                                 
              |                                                     _   _                                                 
              |                                                     1   0                                                 
====================================================================================================================================
          0.0 | 1   1   1   1   1   0   1   1   1   1   0   x   0   x   x   x   0   x   x   x   x   x   x   x   x   x   x
          0.0 | 1   1   1   1   1   0   1   1   1   1   0   0   0   0   1   1   0   0   1   0   1   0   1   1   0   1   1
         82.0 | 0   1   1   1   1   0   1   1   1   1   0   0   0   0   1   1   0   0   1   0   1   0   1   1   0   1   1
        164.0 | 1   1   1   1   1   0   1   1   1   1   0   0   0   0   1   1   0   0   1   0   1   0   1   1   0   1   1
        165.4 | 1   1   1   1   1   0   1   1   1   1   0   0   0   0   0   0   0   0   1   0   1   0   1   1   0   1   1
        246.0 | 0   1   1   1   1   0   1   1   1   1   0   0   0   0   0   0   0   0   1   0   1   0   1   1   0   1   1
        287.0 | 0   0   1   1   1   0   1   1   1   1   0   0   0   0   0   0   0   0   1   0   1   0   1   1   0   1   1
        328.0 | 1   0   1   1   1   0   1   1   1   1   0   0   0   0   0   0   0   0   1   0   1   0   1   1   0   1   1
        410.0 | 0   0   1   1   1   0   1   1   1   1   0   0   0   0   0   0   0   0   1   0   1   0   1   1   0   1   1
        451.0 | 0   0   1   1   1   0   1   1   1   1   1   0   1   0   0   0   0   0   1   0   1   0   1   1   0   1   1
        451.1 | 0   0   1   1   1   0   1   1   1   1   1   0   1   0   0   0   0   0   1   0   1   0   1   1   0   1   x
        492.0 | 1   0   1   1   1   0   1   1   1   1   1   0   1   0   0   0   0   0   1   0   1   0   1   1   0   1   x
        494.1 | 1   0   1   1   1   0   1   1   1   1   1   0   1   0   0   1   0   0   1   0   1   0   1   1   0   1   x
        574.0 | 0   0   1   1   1   0   1   1   1   1   1   0   1   0   0   1   0   0   1   0   1   0   1   1   0   1   x
        656.0 | 1   0   1   1   1   0   1   1   1   1   1   0   1   0   0   1   0   0   1   0   1   0   1   1   0   1   x
        738.0 | 0   0   1   1   1   0   1   1   1   1   1   0   1   0   0   1   0   0   1   0   1   0   1   1   0   1   x
        820.0 | 1   0   1   1   1   0   1   1   1   1   1   0   1   0   0   1   0   0   1   0   1   0   1   1   0   1   x
        902.0 | 0   0   1   1   1   0   1   1   1   1   1   0   1   0   0   1   0   0   1   0   1   0   1   1   0   1   x
        943.0 | 0   0   1   1   1   0   1   1   1   1   1   0   1   0   0   1   1   0   1   0   1   0   1   1   0   1   x
        984.0 | 1   0   1   1   1   0   1   1   1   1   1   0   1   0   0   1   1   0   1   0   1   0   1   1   0   1   x
        985.4 | 1   0   1   1   1   0   1   1   1   1   1   0   1   0   0   0   1   0   1   0   1   0   1   1   0   1   x
        987.2 | 1   0   1   1   1   0   1   1   1   1   1   0   1   0   0   0   1   1   1   0   1   0   1   1   0   1   x
        990.1 | 1   0   1   1   1   0   1   1   1   1   1   0   1   0   0   0   1   1   1   1   1   0   1   1   1   1   1
       1066.0 | 0   0   1   1   1   0   1   1   1   1   1   0   1   0   0   0   1   1   1   1   1   0   1   1   1   1   1
       1148.0 | 1   0   1   1   1   0   1   1   1   1   1   0   1   0   0   0   1   1   1   1   1   0   1   1   1   1   1
       1149.6 | 1   0   1   1   1   0   1   1   1   1   1   0   1   0   x   0   1   1   1   1   1   0   1   1   1   1   1
       1150.5 | 1   0   1   1   1   0   1   1   1   1   1   0   1   0   x   0   1   0   1   1   1   0   1   1   1   1   1
       1230.0 | 0   0   1   1   1   0   1   1   1   1   1   0   1   0   x   0   1   0   1   1   1   0   1   1   1   1   1
       1271.0 | 0   0   1   1   1   0   1   1   1   1   1   0   1   0   x   0   0   0   1   1   1   0   1   1   1   1   1
       1312.0 | 1   0   1   1   1   0   1   1   1   1   1   0   1   0   x   0   0   0   1   1   1   0   1   1   1   1   1
       1314.4 | 1   0   1   1   1   0   1   1   1   1   1   0   1   0   x   1   0   0   1   1   1   0   1   1   1   1   1
       1314.6 | 1   0   1   1   1   0   1   1   1   1   1   0   1   0   1   1   0   0   1   1   1   0   1   1   1   1   1
       1394.0 | 0   0   1   1   1   0   1   1   1   1   1   0   1   0   1   1   0   0   1   1   1   0   1   1   1   1   1
       1476.0 | 1   0   1   1   1   0   1   1   1   1   1   0   1   0   1   1   0   0   1   1   1   0   1   1   1   1   1
       1558.0 | 0   0   1   1   1   0   1   1   1   1   1   0   1   0   1   1   0   0   1   1   1   0   1   1   1   1   1
       1640.0 | 1   0   1   1   1   0   1   1   1   1   1   0   1   0   1   1   0   0   1   1   1   0   1   1   1   1   1
       1722.0 | 0   0   1   1   1   0   1   1   1   1   1   0   1   0   1   1   0   0   1   1   1   0   1   1   1   1   1
       1763.0 | 0   0   1   1   1   0   1   1   1   1   1   0   1   0   1   1   1   0   1   1   1   0   1   1   1   1   1
       1804.0 | 1   0   1   1   1   0   1   1   1   1   1   0   1   0   1   1   1   0   1   1   1   0   1   1   1   1   1
       1805.4 | 1   0   1   1   1   0   1   1   1   1   1   0   1   0   1   0   1   0   1   1   1   0   1   1   1   1   1
       1807.2 | 1   0   1   1   1   0   1   1   1   1   1   0   1   0   1   0   1   1   1   1   1   0   1   1   1   1   1
       1886.0 | 0   0   1   1   1   0   1   1   1   1   1   0   1   0   1   0   1   1   1   1   1   0   1   1   1   1   1
       1968.0 | 1   0   1   1   1   0   1   1   1   1   1   0   1   0   1   0   1   1   1   1   1   0   1   1   1   1   1
       1969.4 | 1   0   1   1   1   0   1   1   1   1   1   0   1   0   x   0   1   1   1   1   1   0   1   1   1   1   1
       1969.5 | 1   0   1   1   1   0   1   1   1   1   1   0   1   x   x   0   1   1   1   1   1   0   1   1   1   1   1
       1970.5 | 1   0   1   1   1   0   1   1   1   1   1   0   1   x   x   0   1   0   1   1   1   0   1   1   1   1   1
       2050.0 | 0   0   1   1   1   0   1   1   1   1   1   0   1   x   x   0   1   0   1   1   1   0   1   1   1   1   1
       2091.0 | 0   0   1   1   1   0   1   1   1   1   1   0   1   x   x   0   0   0   1   1   1   0   1   1   1   1   1
       2132.0 | 1   0   1   1   1   0   1   1   1   1   1   0   1   x   x   0   0   0   1   1   1   0   1   1   1   1   1
       2134.4 | 1   0   1   1   1   0   1   1   1   1   1   0   1   x   x   1   0   0   1   1   1   0   1   1   1   1   1
       2134.6 | 1   0   1   1   1   0   1   1   1   1   1   0   1   1   0   1   0   0   1   1   1   0   1   1   1   1   1
       2214.0 | 0   0   1   1   1   0   1   1   1   1   1   0   1   1   0   1   0   0   1   1   1   0   1   1   1   1   1
       2296.0 | 1   0   1   1   1   0   1   1   1   1   1   0   1   1   0   1   0   0   1   1   1   0   1   1   1   1   1
       2378.0 | 0   0   1   1   1   0   1   1   1   1   1   0   1   1   0   1   0   0   1   1   1   0   1   1   1   1   1
       2460.0 | 1   0   1   1   1   0   1   1   1   1   1   0   1   1   0   1   0   0   1   1   1   0   1   1   1   1   1
       2542.0 | 0   0   1   1   1   0   1   1   1   1   1   0   1   1   0   1   0   0   1   1   1   0   1   1   1   1   1
       2583.0 | 0   0   1   1   1   0   1   1   1   1   1   0   1   1   0   1   1   0   1   1   1   0   1   1   1   1   1
       2624.0 | 1   0   1   1   1   0   1   1   1   1   1   0   1   1   0   1   1   0   1   1   1   0   1   1   1   1   1
       2625.4 | 1   0   1   1   1   0   1   1   1   1   1   0   1   1   0   0   1   0   1   1   1   0   1   1   1   1   1
       2627.2 | 1   0   1   1   1   0   1   1   1   1   1   0   1   1   0   0   1   1   1   1   1   0   1   1   1   1   1
       2706.0 | 0   0   1   1   1   0   1   1   1   1   1   0   1   1   0   0   1   1   1   1   1   0   1   1   1   1   1
       2788.0 | 1   0   1   1   1   0   1   1   1   1   1   0   1   1   0   0   1   1   1   1   1   0   1   1   1   1   1
       2789.6 | 1   0   1   1   1   0   1   1   1   1   1   0   1   1   x   0   1   1   1   1   1   0   1   1   1   1   1
       2790.5 | 1   0   1   1   1   0   1   1   1   1   1   0   1   1   x   0   1   0   1   1   1   0   1   1   1   1   1
       2870.0 | 0   0   1   1   1   0   1   1   1   1   1   0   1   1   x   0   1   0   1   1   1   0   1   1   1   1   1
       2911.0 | 0   0   1   1   1   0   1   1   1   1   1   0   1   1   x   0   0   0   1   1   1   0   1   1   1   1   1
       2952.0 | 1   0   1   1   1   0   1   1   1   1   1   0   1   1   x   0   0   0   1   1   1   0   1   1   1   1   1
       2954.4 | 1   0   1   1   1   0   1   1   1   1   1   0   1   1   x   1   0   0   1   1   1   0   1   1   1   1   1
       2954.6 | 1   0   1   1   1   0   1   1   1   1   1   0   1   1   1   1   0   0   1   1   1   0   1   1   1   1   1
       3034.0 | 0   0   1   1   1   0   1   1   1   1   1   0   1   1   1   1   0   0   1   1   1   0   1   1   1   1   1
       3116.0 | 1   0   1   1   1   0   1   1   1   1   1   0   1   1   1   1   0   0   1   1   1   0   1   1   1   1   1
       3198.0 | 0   0   1   1   1   0   1   1   1   1   1   0   1   1   1   1   0   0   1   1   1   0   1   1   1   1   1
       3280.0 | 1   0   1   1   1   0   1   1   1   1   1   0   1   1   1   1   0   0   1   1   1   0   1   1   1   1   1
       3362.0 | 0   0   1   1   1   0   1   1   1   1   1   0   1   1   1   1   0   0   1   1   1   0   1   1   1   1   1
       3403.0 | 0   0   1   1   1   0   1   1   1   1   1   0   1   1   1   1   1   0   1   1   1   0   1   1   1   1   1
       3444.0 | 1   0   1   1   1   0   1   1   1   1   1   0   1   1   1   1   1   0   1   1   1   0   1   1   1   1   1
       3445.4 | 1   0   1   1   1   0   1   1   1   1   1   0   1   1   1   0   1   0   1   1   1   0   1   1   1   1   1
       3447.2 | 1   0   1   1   1   0   1   1   1   1   1   0   1   1   1   0   1   1   1   1   1   0   1   1   1   1   1
       3526.0 | 0   0   1   1   1   0   1   1   1   1   1   0   1   1   1   0   1   1   1   1   1   0   1   1   1   1   1
       3608.0 | 1   0   1   1   1   0   1   1   1   1   1   0   1   1   1   0   1   1   1   1   1   0   1   1   1   1   1
       3609.1 | 1   0   1   1   1   0   1   1   1   1   1   0   1   x   1   0   1   1   1   1   1   0   1   1   1   1   1
       3609.4 | 1   0   1   1   1   0   1   1   1   1   1   0   1   x   x   0   1   1   1   1   1   0   1   1   1   1   1
       3609.8 | 1   0   1   1   1   0   1   1   1   1   1   1   1   x   x   0   1   1   1   1   1   0   1   1   1   1   1
       3609.9 | 1   0   1   1   1   0   1   1   1   1   1   1   1   x   x   0   1   0   1   1   1   0   1   1   1   1   1
       3690.0 | 0   0   1   1   1   0   1   1   1   1   1   1   1   x   x   0   1   0   1   1   1   0   1   1   1   1   1
       3731.0 | 0   0   1   1   1   0   1   1   1   1   1   1   1   x   x   0   0   0   1   1   1   0   1   1   1   1   1
       3772.0 | 1   0   1   1   1   0   1   1   1   1   1   1   1   x   x   0   0   0   1   1   1   0   1   1   1   1   1
       3854.0 | 0   0   1   1   1   0   1   1   1   1   1   1   1   x   x   0   0   0   1   1   1   0   1   1   1   1   1
       3936.0 | 1   0   1   1   1   0   1   1   1   1   1   1   1   x   x   0   0   0   1   1   1   0   1   1   1   1   1
       4018.0 | 0   0   1   1   1   0   1   1   1   1   1   1   1   x   x   0   0   0   1   1   1   0   1   1   1   1   1
       4100.0 | 1   0   1   1   1   0   1   1   1   1   1   1   1   x   x   0   0   0   1   1   1   0   1   1   1   1   1
       4182.0 | 0   0   1   1   1   0   1   1   1   1   1   1   1   x   x   0   0   0   1   1   1   0   1   1   1   1   1
       4223.0 | 0   0   1   1   1   0   1   1   1   1   1   1   0   x   x   0   0   0   1   1   1   0   1   1   1   1   1
       4264.0 | 1   0   1   1   1   0   1   1   1   1   1   1   0   x   x   0   0   0   1   1   1   0   1   1   1   1   1
       4265.7 | 1   0   1   1   1   0   1   1   1   1   1   0   0   x   x   0   0   0   1   1   1   0   1   1   1   1   1
       4346.0 | 0   0   1   1   1   0   1   1   1   1   1   0   0   x   x   0   0   0   1   1   1   0   1   1   1   1   1
       4428.0 | 1   0   1   1   1   0   1   1   1   1   1   0   0   x   x   0   0   0   1   1   1   0   1   1   1   1   1
       4510.0 | 0   0   1   1   1   0   1   1   1   1   1   0   0   x   x   0   0   0   1   1   1   0   1   1   1   1   1
       4592.0 | 1   0   1   1   1   0   1   1   1   1   1   0   0   x   x   0   0   0   1   1   1   0   1   1   1   1   1
       4674.0 | 0   0   1   1   1   0   1   1   1   1   1   0   0   x   x   0   0   0   1   1   1   0   1   1   1   1   1
       4756.0 | 1   0   1   1   1   0   1   1   1   1   1   0   0   x   x   0   0   0   1   1   1   0   1   1   1   1   1
       4838.0 | 0   0   1   1   1   0   1   1   1   1   1   0   0   x   x   0   0   0   1   1   1   0   1   1   1   1   1
       4920.0 | 1   0   1   1   1   0   1   1   1   1   1   0   0   x   x   0   0   0   1   1   1   0   1   1   1   1   1
       5002.0 | 0   0   1   1   1   0   1   1   1   1   1   0   0   x   x   0   0   0   1   1   1   0   1   1   1   1   1
       5084.0 | 1   0   1   1   1   0   1   1   1   1   1   0   0   x   x   0   0   0   1   1   1   0   1   1   1   1   1
       5166.0 | 0   0   1   1   1   0   1   1   1   1   1   0   0   x   x   0   0   0   1   1   1   0   1   1   1   1   1
       5248.0 | 1   0   1   1   1   0   1   1   1   1   1   0   0   x   x   0   0   0   1   1   1   0   1   1   1   1   1
       5330.0 | 0   0   1   1   1   0   1   1   1   1   1   0   0   x   x   0   0   0   1   1   1   0   1   1   1   1   1
       5412.0 | 1   0   1   1   1   0   1   1   1   1   1   0   0   x   x   0   0   0   1   1   1   0   1   1   1   1   1
       5494.0 | 0   0   1   1   1   0   1   1   1   1   1   0   0   x   x   0   0   0   1   1   1   0   1   1   1   1   1
       5576.0 | 1   0   1   1   1   0   1   1   1   1   1   0   0   x   x   0   0   0   1   1   1   0   1   1   1   1   1
       5658.0 | 0   0   1   1   1   0   1   1   1   1   1   0   0   x   x   0   0   0   1   1   1   0   1   1   1   1   1
       5740.0 | 1   0   1   1   1   0   1   1   1   1   1   0   0   x   x   0   0   0   1   1   1   0   1   1   1   1   1
       5822.0 | 0   0   1   1   1   0   1   1   1   1   1   0   0   x   x   0   0   0   1   1   1   0   1   1   1   1   1
       5904.0 | 1   0   1   1   1   0   1   1   1   1   1   0   0   x   x   0   0   0   1   1   1   0   1   1   1   1   1
       5986.0 | 0   0   1   1   1   0   1   1   1   1   1   0   0   x   x   0   0   0   1   1   1   0   1   1   1   1   1
       6068.0 | 1   0   1   1   1   0   1   1   1   1   1   0   0   x   x   0   0   0   1   1   1   0   1   1   1   1   1
       6150.0 | 0   0   1   1   1   0   1   1   1   1   1   0   0   x   x   0   0   0   1   1   1   0   1   1   1   1   1
       6232.0 | 1   0   1   1   1   0   1   1   1   1   1   0   0   x   x   0   0   0   1   1   1   0   1   1   1   1   1
       6314.0 | 0   0   1   1   1   0   1   1   1   1   1   0   0   x   x   0   0   0   1   1   1   0   1   1   1   1   1
       6396.0 | 1   0   1   1   1   0   1   1   1   1   1   0   0   x   x   0   0   0   1   1   1   0   1   1   1   1   1
       6478.0 | 0   0   1   1   1   0   1   1   1   1   1   0   0   x   x   0   0   0   1   1   1   0   1   1   1   1   1
       6560.0 | 1   0   1   1   1   0   1   1   1   1   1   0   0   x   x   0   0   0   1   1   1   0   1   1   1   1   1
       6642.0 | 0   0   1   1   1   0   1   1   1   1   1   0   0   x   x   0   0   0   1   1   1   0   1   1   1   1   1
       6724.0 | 1   0   1   1   1   0   1   1   1   1   1   0   0   x   x   0   0   0   1   1   1   0   1   1   1   1   1
       6806.0 | 0   0   1   1   1   0   1   1   1   1   1   0   0   x   x   0   0   0   1   1   1   0   1   1   1   1   1
       6888.0 | 1   0   1   1   1   0   1   1   1   1   1   0   0   x   x   0   0   0   1   1   1   0   1   1   1   1   1
       6970.0 | 0   0   1   1   1   0   1   1   1   1   1   0   0   x   x   0   0   0   1   1   1   0   1   1   1   1   1
       7052.0 | 1   0   1   1   1   0   1   1   1   1   1   0   0   x   x   0   0   0   1   1   1   0   1   1   1   1   1
       7134.0 | 0   0   1   1   1   0   1   1   1   1   1   0   0   x   x   0   0   0   1   1   1   0   1   1   1   1   1
       7216.0 | 1   0   1   1   1   0   1   1   1   1   1   0   0   x   x   0   0   0   1   1   1   0   1   1   1   1   1
       7298.0 | 0   0   1   1   1   0   1   1   1   1   1   0   0   x   x   0   0   0   1   1   1   0   1   1   1   1   1
       7380.0 | 1   0   1   1   1   0   1   1   1   1   1   0   0   x   x   0   0   0   1   1   1   0   1   1   1   1   1
       7462.0 | 0   0   1   1   1   0   1   1   1   1   1   0   0   x   x   0   0   0   1   1   1   0   1   1   1   1   1
       7544.0 | 1   0   1   1   1   0   1   1   1   1   1   0   0   x   x   0   0   0   1   1   1   0   1   1   1   1   1
       7626.0 | 0   0   1   1   1   0   1   1   1   1   1   0   0   x   x   0   0   0   1   1   1   0   1   1   1   1   1
       7708.0 | 1   0   1   1   1   0   1   1   1   1   1   0   0   x   x   0   0   0   1   1   1   0   1   1   1   1   1
       7790.0 | 0   0   1   1   1   0   1   1   1   1   1   0   0   x   x   0   0   0   1   1   1   0   1   1   1   1   1
       7872.0 | 1   0   1   1   1   0   1   1   1   1   1   0   0   x   x   0   0   0   1   1   1   0   1   1   1   1   1
       7954.0 | 0   0   1   1   1   0   1   1   1   1   1   0   0   x   x   0   0   0   1   1   1   0   1   1   1   1   1
       8036.0 | 1   0   1   1   1   0   1   1   1   1   1   0   0   x   x   0   0   0   1   1   1   0   1   1   1   1   1
       8118.0 | 0   0   1   1   1   0   1   1   1   1   1   0   0   x   x   0   0   0   1   1   1   0   1   1   1   1   1
       8200.0 | 1   0   1   1   1   0   1   1   1   1   1   0   0   x   x   0   0   0   1   1   1   0   1   1   1   1   1
       8282.0 | 0   0   1   1   1   0   1   1   1   1   1   0   0   x   x   0   0   0   1   1   1   0   1   1   1   1   1
       8364.0 | 1   0   1   1   1   0   1   1   1   1   1   0   0   x   x   0   0   0   1   1   1   0   1   1   1   1   1
       8446.0 | 0   0   1   1   1   0   1   1   1   1   1   0   0   x   x   0   0   0   1   1   1   0   1   1   1   1   1
       8528.0 | 1   0   1   1   1   0   1   1   1   1   1   0   0   x   x   0   0   0   1   1   1   0   1   1   1   1   1
       8610.0 | 0   0   1   1   1   0   1   1   1   1   1   0   0   x   x   0   0   0   1   1   1   0   1   1   1   1   1
       8692.0 | 1   0   1   1   1   0   1   1   1   1   1   0   0   x   x   0   0   0   1   1   1   0   1   1   1   1   1
       8774.0 | 0   0   1   1   1   0   1   1   1   1   1   0   0   x   x   0   0   0   1   1   1   0   1   1   1   1   1
       8856.0 | 1   0   1   1   1   0   1   1   1   1   1   0   0   x   x   0   0   0   1   1   1   0   1   1   1   1   1
       8938.0 | 0   0   1   1   1   0   1   1   1   1   1   0   0   x   x   0   0   0   1   1   1   0   1   1   1   1   1
       9020.0 | 1   0   1   1   1   0   1   1   1   1   1   0   0   x   x   0   0   0   1   1   1   0   1   1   1   1   1
       9102.0 | 0   0   1   1   1   0   1   1   1   1   1   0   0   x   x   0   0   0   1   1   1   0   1   1   1   1   1
       9184.0 | 1   0   1   1   1   0   1   1   1   1   1   0   0   x   x   0   0   0   1   1   1   0   1   1   1   1   1
       9266.0 | 0   0   1   1   1   0   1   1   1   1   1   0   0   x   x   0   0   0   1   1   1   0   1   1   1   1   1
       9348.0 | 1   0   1   1   1   0   1   1   1   1   1   0   0   x   x   0   0   0   1   1   1   0   1   1   1   1   1
       9430.0 | 0   0   1   1   1   0   1   1   1   1   1   0   0   x   x   0   0   0   1   1   1   0   1   1   1   1   1
       9512.0 | 1   0   1   1   1   0   1   1   1   1   1   0   0   x   x   0   0   0   1   1   1   0   1   1   1   1   1
       9594.0 | 0   0   1   1   1   0   1   1   1   1   1   0   0   x   x   0   0   0   1   1   1   0   1   1   1   1   1
       9676.0 | 1   0   1   1   1   0   1   1   1   1   1   0   0   x   x   0   0   0   1   1   1   0   1   1   1   1   1
       9758.0 | 0   0   1   1   1   0   1   1   1   1   1   0   0   x   x   0   0   0   1   1   1   0   1   1   1   1   1
       9840.0 | 1   0   1   1   1   0   1   1   1   1   1   0   0   x   x   0   0   0   1   1   1   0   1   1   1   1   1
       9922.0 | 0   0   1   1   1   0   1   1   1   1   1   0   0   x   x   0   0   0   1   1   1   0   1   1   1   1   1
      10004.0 | 1   0   1   1   1   0   1   1   1   1   1   0   0   x   x   0   0   0   1   1   1   0   1   1   1   1   1
      10086.0 | 0   0   1   1   1   0   1   1   1   1   1   0   0   x   x   0   0   0   1   1   1   0   1   1   1   1   1
      10168.0 | 1   0   1   1   1   0   1   1   1   1   1   0   0   x   x   0   0   0   1   1   1   0   1   1   1   1   1
      10250.0 | 0   0   1   1   1   0   1   1   1   1   1   0   0   x   x   0   0   0   1   1   1   0   1   1   1   1   1
      10332.0 | 1   0   1   1   1   0   1   1   1   1   1   0   0   x   x   0   0   0   1   1   1   0   1   1   1   1   1
      10414.0 | 0   0   1   1   1   0   1   1   1   1   1   0   0   x   x   0   0   0   1   1   1   0   1   1   1   1   1
      10496.0 | 1   0   1   1   1   0   1   1   1   1   1   0   0   x   x   0   0   0   1   1   1   0   1   1   1   1   1
      10578.0 | 0   0   1   1   1   0   1   1   1   1   1   0   0   x   x   0   0   0   1   1   1   0   1   1   1   1   1
      10660.0 | 1   0   1   1   1   0   1   1   1   1   1   0   0   x   x   0   0   0   1   1   1   0   1   1   1   1   1
      10742.0 | 0   0   1   1   1   0   1   1   1   1   1   0   0   x   x   0   0   0   1   1   1   0   1   1   1   1   1
      10824.0 | 1   0   1   1   1   0   1   1   1   1   1   0   0   x   x   0   0   0   1   1   1   0   1   1   1   1   1
      10906.0 | 0   0   1   1   1   0   1   1   1   1   1   0   0   x   x   0   0   0   1   1   1   0   1   1   1   1   1
      10988.0 | 1   0   1   1   1   0   1   1   1   1   1   0   0   x   x   0   0   0   1   1   1   0   1   1   1   1   1
      11070.0 | 0   0   1   1   1   0   1   1   1   1   1   0   0   x   x   0   0   0   1   1   1   0   1   1   1   1   1
      11152.0 | 1   0   1   1   1   0   1   1   1   1   1   0   0   x   x   0   0   0   1   1   1   0   1   1   1   1   1
      11234.0 | 0   0   1   1   1   0   1   1   1   1   1   0   0   x   x   0   0   0   1   1   1   0   1   1   1   1   1
      11316.0 | 1   0   1   1   1   0   1   1   1   1   1   0   0   x   x   0   0   0   1   1   1   0   1   1   1   1   1
      11398.0 | 0   0   1   1   1   0   1   1   1   1   1   0   0   x   x   0   0   0   1   1   1   0   1   1   1   1   1
      11480.0 | 1   0   1   1   1   0   1   1   1   1   1   0   0   x   x   0   0   0   1   1   1   0   1   1   1   1   1
      11562.0 | 0   0   1   1   1   0   1   1   1   1   1   0   0   x   x   0   0   0   1   1   1   0   1   1   1   1   1
      11644.0 | 1   0   1   1   1   0   1   1   1   1   1   0   0   x   x   0   0   0   1   1   1   0   1   1   1   1   1
      11726.0 | 0   0   1   1   1   0   1   1   1   1   1   0   0   x   x   0   0   0   1   1   1   0   1   1   1   1   1
      11808.0 | 1   0   1   1   1   0   1   1   1   1   1   0   0   x   x   0   0   0   1   1   1   0   1   1   1   1   1
      11890.0 | 0   0   1   1   1   0   1   1   1   1   1   0   0   x   x   0   0   0   1   1   1   0   1   1   1   1   1
      11972.0 | 1   0   1   1   1   0   1   1   1   1   1   0   0   x   x   0   0   0   1   1   1   0   1   1   1   1   1
      12054.0 | 0   0   1   1   1   0   1   1   1   1   1   0   0   x   x   0   0   0   1   1   1   0   1   1   1   1   1
      12136.0 | 1   0   1   1   1   0   1   1   1   1   1   0   0   x   x   0   0   0   1   1   1   0   1   1   1   1   1
      12218.0 | 0   0   1   1   1   0   1   1   1   1   1   0   0   x   x   0   0   0   1   1   1   0   1   1   1   1   1
      12300.0 | 1   0   1   1   1   0   1   1   1   1   1   0   0   x   x   0   0   0   1   1   1   0   1   1   1   1   1
      12382.0 | 0   0   1   1   1   0   1   1   1   1   1   0   0   x   x   0   0   0   1   1   1   0   1   1   1   1   1
      12464.0 | 1   0   1   1   1   0   1   1   1   1   1   0   0   x   x   0   0   0   1   1   1   0   1   1   1   1   1
      12546.0 | 0   0   1   1   1   0   1   1   1   1   1   0   0   x   x   0   0   0   1   1   1   0   1   1   1   1   1
      12628.0 | 1   0   1   1   1   0   1   1   1   1   1   0   0   x   x   0   0   0   1   1   1   0   1   1   1   1   1
      12710.0 | 0   0   1   1   1   0   1   1   1   1   1   0   0   x   x   0   0   0   1   1   1   0   1   1   1   1   1
      12792.0 | 1   0   1   1   1   0   1   1   1   1   1   0   0   x   x   0   0   0   1   1   1   0   1   1   1   1   1
      12874.0 | 0   0   1   1   1   0   1   1   1   1   1   0   0   x   x   0   0   0   1   1   1   0   1   1   1   1   1
      12956.0 | 1   0   1   1   1   0   1   1   1   1   1   0   0   x   x   0   0   0   1   1   1   0   1   1   1   1   1
      13038.0 | 0   0   1   1   1   0   1   1   1   1   1   0   0   x   x   0   0   0   1   1   1   0   1   1   1   1   1
      13120.0 | 1   0   1   1   1   0   1   1   1   1   1   0   0   x   x   0   0   0   1   1   1   0   1   1   1   1   1
      13202.0 | 0   0   1   1   1   0   1   1   1   1   1   0   0   x   x   0   0   0   1   1   1   0   1   1   1   1   1
      13284.0 | 1   0   1   1   1   0   1   1   1   1   1   0   0   x   x   0   0   0   1   1   1   0   1   1   1   1   1
      13366.0 | 0   0   1   1   1   0   1   1   1   1   1   0   0   x   x   0   0   0   1   1   1   0   1   1   1   1   1
      13448.0 | 1   0   1   1   1   0   1   1   1   1   1   0   0   x   x   0   0   0   1   1   1   0   1   1   1   1   1
      13530.0 | 0   0   1   1   1   0   1   1   1   1   1   0   0   x   x   0   0   0   1   1   1   0   1   1   1   1   1
      13612.0 | 1   0   1   1   1   0   1   1   1   1   1   0   0   x   x   0   0   0   1   1   1   0   1   1   1   1   1
      13694.0 | 0   0   1   1   1   0   1   1   1   1   1   0   0   x   x   0   0   0   1   1   1   0   1   1   1   1   1
      13776.0 | 1   0   1   1   1   0   1   1   1   1   1   0   0   x   x   0   0   0   1   1   1   0   1   1   1   1   1
      13858.0 | 0   0   1   1   1   0   1   1   1   1   1   0   0   x   x   0   0   0   1   1   1   0   1   1   1   1   1
      13940.0 | 1   0   1   1   1   0   1   1   1   1   1   0   0   x   x   0   0   0   1   1   1   0   1   1   1   1   1
      14022.0 | 0   0   1   1   1   0   1   1   1   1   1   0   0   x   x   0   0   0   1   1   1   0   1   1   1   1   1
      14104.0 | 1   0   1   1   1   0   1   1   1   1   1   0   0   x   x   0   0   0   1   1   1   0   1   1   1   1   1
      14186.0 | 0   0   1   1   1   0   1   1   1   1   1   0   0   x   x   0   0   0   1   1   1   0   1   1   1   1   1
      14268.0 | 1   0   1   1   1   0   1   1   1   1   1   0   0   x   x   0   0   0   1   1   1   0   1   1   1   1   1
      14350.0 | 0   0   1   1   1   0   1   1   1   1   1   0   0   x   x   0   0   0   1   1   1   0   1   1   1   1   1
      14432.0 | 1   0   1   1   1   0   1   1   1   1   1   0   0   x   x   0   0   0   1   1   1   0   1   1   1   1   1
      14514.0 | 0   0   1   1   1   0   1   1   1   1   1   0   0   x   x   0   0   0   1   1   1   0   1   1   1   1   1
      14596.0 | 1   0   1   1   1   0   1   1   1   1   1   0   0   x   x   0   0   0   1   1   1   0   1   1   1   1   1
      14678.0 | 0   0   1   1   1   0   1   1   1   1   1   0   0   x   x   0   0   0   1   1   1   0   1   1   1   1   1
      14760.0 | 1   0   1   1   1   0   1   1   1   1   1   0   0   x   x   0   0   0   1   1   1   0   1   1   1   1   1
      14842.0 | 0   0   1   1   1   0   1   1   1   1   1   0   0   x   x   0   0   0   1   1   1   0   1   1   1   1   1
      14924.0 | 1   0   1   1   1   0   1   1   1   1   1   0   0   x   x   0   0   0   1   1   1   0   1   1   1   1   1
      15006.0 | 0   0   1   1   1   0   1   1   1   1   1   0   0   x   x   0   0   0   1   1   1   0   1   1   1   1   1
      15088.0 | 1   0   1   1   1   0   1   1   1   1   1   0   0   x   x   0   0   0   1   1   1   0   1   1   1   1   1
      15170.0 | 0   0   1   1   1   0   1   1   1   1   1   0   0   x   x   0   0   0   1   1   1   0   1   1   1   1   1
      15252.0 | 1   0   1   1   1   0   1   1   1   1   1   0   0   x   x   0   0   0   1   1   1   0   1   1   1   1   1
      15334.0 | 0   0   1   1   1   0   1   1   1   1   1   0   0   x   x   0   0   0   1   1   1   0   1   1   1   1   1
      15416.0 | 1   0   1   1   1   0   1   1   1   1   1   0   0   x   x   0   0   0   1   1   1   0   1   1   1   1   1
      15498.0 | 0   0   1   1   1   0   1   1   1   1   1   0   0   x   x   0   0   0   1   1   1   0   1   1   1   1   1
      15580.0 | 1   0   1   1   1   0   1   1   1   1   1   0   0   x   x   0   0   0   1   1   1   0   1   1   1   1   1
      15662.0 | 0   0   1   1   1   0   1   1   1   1   1   0   0   x   x   0   0   0   1   1   1   0   1   1   1   1   1
      15744.0 | 1   0   1   1   1   0   1   1   1   1   1   0   0   x   x   0   0   0   1   1   1   0   1   1   1   1   1
      15826.0 | 0   0   1   1   1   0   1   1   1   1   1   0   0   x   x   0   0   0   1   1   1   0   1   1   1   1   1
      15908.0 | 1   0   1   1   1   0   1   1   1   1   1   0   0   x   x   0   0   0   1   1   1   0   1   1   1   1   1
      15990.0 | 0   0   1   1   1   0   1   1   1   1   1   0   0   x   x   0   0   0   1   1   1   0   1   1   1   1   1
      16072.0 | 1   0   1   1   1   0   1   1   1   1   1   0   0   x   x   0   0   0   1   1   1   0   1   1   1   1   1
      16154.0 | 0   0   1   1   1   0   1   1   1   1   1   0   0   x   x   0   0   0   1   1   1   0   1   1   1   1   1
      16236.0 | 1   0   1   1   1   0   1   1   1   1   1   0   0   x   x   0   0   0   1   1   1   0   1   1   1   1   1
      16318.0 | 0   0   1   1   1   0   1   1   1   1   1   0   0   x   x   0   0   0   1   1   1   0   1   1   1   1   1
      16400.0 | 1   0   1   1   1   0   1   1   1   1   1   0   0   x   x   0   0   0   1   1   1   0   1   1   1   1   1
      16482.0 | 0   0   1   1   1   0   1   1   1   1   1   0   0   x   x   0   0   0   1   1   1   0   1   1   1   1   1
      16564.0 | 1   0   1   1   1   0   1   1   1   1   1   0   0   x   x   0   0   0   1   1   1   0   1   1   1   1   1
      16646.0 | 0   0   1   1   1   0   1   1   1   1   1   0   0   x   x   0   0   0   1   1   1   0   1   1   1   1   1
      16728.0 | 1   0   1   1   1   0   1   1   1   1   1   0   0   x   x   0   0   0   1   1   1   0   1   1   1   1   1
      16810.0 | 0   0   1   1   1   0   1   1   1   1   1   0   0   x   x   0   0   0   1   1   1   0   1   1   1   1   1
      16892.0 | 1   0   1   1   1   0   1   1   1   1   1   0   0   x   x   0   0   0   1   1   1   0   1   1   1   1   1
      16974.0 | 0   0   1   1   1   0   1   1   1   1   1   0   0   x   x   0   0   0   1   1   1   0   1   1   1   1   1
      17056.0 | 1   0   1   1   1   0   1   1   1   1   1   0   0   x   x   0   0   0   1   1   1   0   1   1   1   1   1
      17138.0 | 0   0   1   1   1   0   1   1   1   1   1   0   0   x   x   0   0   0   1   1   1   0   1   1   1   1   1
      17220.0 | 1   0   1   1   1   0   1   1   1   1   1   0   0   x   x   0   0   0   1   1   1   0   1   1   1   1   1
      17302.0 | 0   0   1   1   1   0   1   1   1   1   1   0   0   x   x   0   0   0   1   1   1   0   1   1   1   1   1
      17384.0 | 1   0   1   1   1   0   1   1   1   1   1   0   0   x   x   0   0   0   1   1   1   0   1   1   1   1   1
      17466.0 | 0   0   1   1   1   0   1   1   1   1   1   0   0   x   x   0   0   0   1   1   1   0   1   1   1   1   1
      17548.0 | 1   0   1   1   1   0   1   1   1   1   1   0   0   x   x   0   0   0   1   1   1   0   1   1   1   1   1
      17630.0 | 0   0   1   1   1   0   1   1   1   1   1   0   0   x   x   0   0   0   1   1   1   0   1   1   1   1   1
      17712.0 | 1   0   1   1   1   0   1   1   1   1   1   0   0   x   x   0   0   0   1   1   1   0   1   1   1   1   1
      17794.0 | 0   0   1   1   1   0   1   1   1   1   1   0   0   x   x   0   0   0   1   1   1   0   1   1   1   1   1
      17876.0 | 1   0   1   1   1   0   1   1   1   1   1   0   0   x   x   0   0   0   1   1   1   0   1   1   1   1   1
      17958.0 | 0   0   1   1   1   0   1   1   1   1   1   0   0   x   x   0   0   0   1   1   1   0   1   1   1   1   1
      18040.0 | 1   0   1   1   1   0   1   1   1   1   1   0   0   x   x   0   0   0   1   1   1   0   1   1   1   1   1
      18122.0 | 0   0   1   1   1   0   1   1   1   1   1   0   0   x   x   0   0   0   1   1   1   0   1   1   1   1   1
      18204.0 | 1   0   1   1   1   0   1   1   1   1   1   0   0   x   x   0   0   0   1   1   1   0   1   1   1   1   1
      18286.0 | 0   0   1   1   1   0   1   1   1   1   1   0   0   x   x   0   0   0   1   1   1   0   1   1   1   1   1
      18368.0 | 1   0   1   1   1   0   1   1   1   1   1   0   0   x   x   0   0   0   1   1   1   0   1   1   1   1   1
      18450.0 | 0   0   1   1   1   0   1   1   1   1   1   0   0   x   x   0   0   0   1   1   1   0   1   1   1   1   1
      18532.0 | 1   0   1   1   1   0   1   1   1   1   1   0   0   x   x   0   0   0   1   1   1   0   1   1   1   1   1
      18614.0 | 0   0   1   1   1   0   1   1   1   1   1   0   0   x   x   0   0   0   1   1   1   0   1   1   1   1   1
      18696.0 | 1   0   1   1   1   0   1   1   1   1   1   0   0   x   x   0   0   0   1   1   1   0   1   1   1   1   1
      18778.0 | 0   0   1   1   1   0   1   1   1   1   1   0   0   x   x   0   0   0   1   1   1   0   1   1   1   1   1
      18860.0 | 1   0   1   1   1   0   1   1   1   1   1   0   0   x   x   0   0   0   1   1   1   0   1   1   1   1   1
      18942.0 | 0   0   1   1   1   0   1   1   1   1   1   0   0   x   x   0   0   0   1   1   1   0   1   1   1   1   1
      19024.0 | 1   0   1   1   1   0   1   1   1   1   1   0   0   x   x   0   0   0   1   1   1   0   1   1   1   1   1
      19106.0 | 0   0   1   1   1   0   1   1   1   1   1   0   0   x   x   0   0   0   1   1   1   0   1   1   1   1   1
      19188.0 | 1   0   1   1   1   0   1   1   1   1   1   0   0   x   x   0   0   0   1   1   1   0   1   1   1   1   1
      19270.0 | 0   0   1   1   1   0   1   1   1   1   1   0   0   x   x   0   0   0   1   1   1   0   1   1   1   1   1
      19352.0 | 1   0   1   1   1   0   1   1   1   1   1   0   0   x   x   0   0   0   1   1   1   0   1   1   1   1   1
      19434.0 | 0   0   1   1   1   0   1   1   1   1   1   0   0   x   x   0   0   0   1   1   1   0   1   1   1   1   1
      19516.0 | 1   0   1   1   1   0   1   1   1   1   1   0   0   x   x   0   0   0   1   1   1   0   1   1   1   1   1
      19598.0 | 0   0   1   1   1   0   1   1   1   1   1   0   0   x   x   0   0   0   1   1   1   0   1   1   1   1   1
      19680.0 | 1   0   1   1   1   0   1   1   1   1   1   0   0   x   x   0   0   0   1   1   1   0   1   1   1   1   1
      19762.0 | 0   0   1   1   1   0   1   1   1   1   1   0   0   x   x   0   0   0   1   1   1   0   1   1   1   1   1
      19844.0 | 1   0   1   1   1   0   1   1   1   1   1   0   0   x   x   0   0   0   1   1   1   0   1   1   1   1   1
      19925.9 | 1   0   1   1   1   0   1   1   1   1   1   0   0   x   x   0   0   0   1   1   1   0   1   1   1   1   1
====================================================================================================================================
  network : De_piece                                                                                                   nodes : 248  
====================================================================================================================================
