                  0 DUDLDDDDDDDDTTTTTTTTTT
                 82 UUDLDDDDDDDDTTTTTTTTTT
                164 DUDLDDDDDDDDTTTTTTTTTT
                200 DDDLDDDDDDDDTTTTTTTTTT
                220 DDULUDUDUUDDTTTTTTTTTT
                246 UDULUDUDUUDDHHLLHLHHHL
                328 DDULUDUDUUDDHHLLHLHHHL
                410 UDULUDUDUUDDHHLLHLHHLL
                492 DDULUDUDUUDDHHLLHLHHLL
                574 UDULUDUDUUDDHHLLHLHLHH
                656 DDULUDUDUUDDHHLLHLHLHH
                738 UDULUDUDUUDDHHLLHLHLLH
                820 DDULUDUDUUDDHHLLHLHLLH
                902 UDULUDUDUUDDHHLLHLLHHL
                984 DDULUDUDUUDDHHLLHLLHHL
               1066 UDULUDUDUUDDHHLLHLLHLH
               1148 DDULUDUDUUDDHHLLHLLHLH
               1230 UDULUDUDUUDDHHLLHLLLHL
               1312 DDULUDUDUUDDHHLLHLLLHL
               1394 UDULUDUDUUDDHHLLHLLLLH
               1476 DDULUDUDUUDDHHLLHLLLLH
               1558 UDUHUDUDUUDDLTTTTTTTTT
               1640 DDUHUDUDUUDDLTTTTTTTTT
               1722 UDUHUDUDUUDDLTTTTTTTTT
               1804 DDUHUDUDUUDDLTTTTTTTTT
               1886 UDUHUDUDUUDDLTTTTTTTTT
               1968 DDUHUDUDUUDDLTTTTTTTTT
               2050 UDUHUDUDUUDDLTTTTTTTTT
               2132 DDUHUDUDUUDDLTTTTTTTTT
               2214 UDUHUDUDUUDDLTTTTTTTTT
               2296 DDUHUDUDUUDDLTTTTTTTTT
               2378 UDUHUDUDUUDDLTTTTTTTTT
               2460 DDUHUDUDUUDDLTTTTTTTTT
               2542 UDUHUDUDUUDDLTTTTTTTTT
               2624 DDUHUDUDUUDDLTTTTTTTTT
               2706 UDUHUDUDUUDDLTTTTTTTTT
               2788 DDUHUDUDUUDDLTTTTTTTTT
               2870 UDUHUDUDUUDDLTTTTTTTTT
               2952 DDUHUDUDUUDDLTTTTTTTTT
               3034 UDUHUDUDUUDDLTTTTTTTTT
               3116 DDUHUDUDUUDDLTTTTTTTTT
               3198 UDUHUDUDUUDDLTTTTTTTTT
               3280 DDUHUDUDUUDDLTTTTTTTTT
               3362 UDUHUDUDUUDDLTTTTTTTTT
               3444 DDUHUDUDUUDDLTTTTTTTTT
               3526 UDUHUDUDUUDDLTTTTTTTTT
               3608 DDUHUDUDUUDDLTTTTTTTTT
               3690 UDUHUDUDUUDDLTTTTTTTTT
               3772 DDUHUDUDUUDDLTTTTTTTTT
               3854 UDUHUDUDUUDDLTTTTTTTTT
               3936 DDUHUDUDUUDDLTTTTTTTTT
               4018 UDUHUDUDUUDDLTTTTTTTTT
               4100 DDUHUDUDUUDDLTTTTTTTTT
               4182 UDUHUDUDUUDDLTTTTTTTTT
               4264 DDUHUDUDUUDDLTTTTTTTTT
               4346 UDUHUDUDUUDDLTTTTTTTTT
               4428 DDUHUDUDUUDDLTTTTTTTTT
               4510 UDUHUDUDUUDDLTTTTTTTTT
               4592 DDUHUDUDUUDDLTTTTTTTTT
               4674 UDUHUDUDUUDDLTTTTTTTTT
               4756 DDUHUDUDUUDDLTTTTTTTTT
               4838 UDUHUDUDUUDDLTTTTTTTTT
               4920 DDUHUDUDUUDDLTTTTTTTTT
               5002 UDUHUDUDUUDDLTTTTTTTTT
               5084 DDUHUDUDUUDDLTTTTTTTTT
               5166 UDUHUDUDUUDDLTTTTTTTTT
               5248 DDUHUDUDUUDDLTTTTTTTTT
               5330 UDUHUDUDUUDDLTTTTTTTTT
               5412 DDUHUDUDUUDDLTTTTTTTTT
               5494 UDUHUDUDUUDDLTTTTTTTTT
               5576 DDUHUDUDUUDDLTTTTTTTTT
               5658 UDUHUDUDUUDDLTTTTTTTTT
               5740 DDUHUDUDUUDDLTTTTTTTTT
               5822 UDUHUDUDUUDDLTTTTTTTTT
               5904 DDUHUDUDUUDDLTTTTTTTTT
               5986 UDUHUDUDUUDDLTTTTTTTTT
               6068 DDUHUDUDUUDDLTTTTTTTTT
               6150 UDUHUDUDUUDDLTTTTTTTTT
               6232 DDUHUDUDUUDDLTTTTTTTTT
               6314 UDUHUDUDUUDDLTTTTTTTTT
               6396 DDUHUDUDUUDDLTTTTTTTTT
               6478 UDUHUDUDUUDDLTTTTTTTTT
               6560 DDUHUDUDUUDDLTTTTTTTTT
               6642 UDUHUDUDUUDDLTTTTTTTTT
               6724 DDUHUDUDUUDDLTTTTTTTTT
               6806 UDUHUDUDUUDDLTTTTTTTTT
               6888 DDUHUDUDUUDDLTTTTTTTTT
               6970 UDUHUDUDUUDDLTTTTTTTTT
               7052 DDUHUDUDUUDDLTTTTTTTTT
               7134 UDUHUDUDUUDDLTTTTTTTTT
               7216 DDUHUDUDUUDDLTTTTTTTTT
               7298 UDUHUDUDUUDDLTTTTTTTTT
               7380 DDUHUDUDUUDDLTTTTTTTTT
               7462 UDUHUDUDUUDDLTTTTTTTTT
               7544 DDUHUDUDUUDDLTTTTTTTTT
               7626 UDUHUDUDUUDDLTTTTTTTTT
               7708 DDUHUDUDUUDDLTTTTTTTTT
               7790 UDUHUDUDUUDDLTTTTTTTTT
               7872 DDUHUDUDUUDDLTTTTTTTTT
               7954 UDUHUDUDUUDDLTTTTTTTTT
               8036 DDUHUDUDUUDDLTTTTTTTTT
               8118 UDUHUDUDUUDDLTTTTTTTTT
               8200 DDUHUDUDUUDDLTTTTTTTTT
               8282 UDUHUDUDUUDDLTTTTTTTTT
               8364 DDUHUDUDUUDDLTTTTTTTTT
               8446 UDUHUDUDUUDDLTTTTTTTTT
               8528 DDUHUDUDUUDDLTTTTTTTTT
               8610 UDUHUDUDUUDDLTTTTTTTTT
               8692 DDUHUDUDUUDDLTTTTTTTTT
               8774 UDUHUDUDUUDDLTTTTTTTTT
               8856 DDUHUDUDUUDDLTTTTTTTTT
               8938 UDUHUDUDUUDDLTTTTTTTTT
               9020 DDUHUDUDUUDDLTTTTTTTTT
               9102 UDUHUDUDUUDDLTTTTTTTTT
               9184 DDUHUDUDUUDDLTTTTTTTTT
               9266 UDUHUDUDUUDDLTTTTTTTTT
               9348 DDUHUDUDUUDDLTTTTTTTTT
               9430 UDUHUDUDUUDDLTTTTTTTTT
               9512 DDUHUDUDUUDDLTTTTTTTTT
               9594 UDUHUDUDUUDDLTTTTTTTTT
               9676 DDUHUDUDUUDDLTTTTTTTTT
               9758 UDUHUDUDUUDDLTTTTTTTTT
               9840 DDUHUDUDUUDDLTTTTTTTTT
               9922 UDUHUDUDUUDDLTTTTTTTTT
