====================================================================================================================================
                                                               S L S                                                                
                                                            version: 3.3                                                            
                                                S I M U L A T I O N   R E S U L T S                                                 
====================================================================================================================================
 time         | d   d   d   d   d   d   d   d   d   d   d   d   d   d   d   d   d   d   d   d   d   d 
 in 1e-09 sec | s   s   s   s   s   s   s   s   s   s   s   s   s   s   s   s   s   s   s   s   s   s 
              | _   _   _   _   _   _   _   _   _   _   _   _   _   _   _   _   _   _   _   _   _   _ 
              | c   r   d   r   i   i   i   i   i   i   i   i   w   a   a   a   a   a   a   a   a   d 
              | l   s   r   e   n   n   n   n   n   n   n   n   r   d   d   d   d   d   d   d   d   a 
              | k   t   a   a   p   p   p   p   p   p   p   p   i   d   d   d   d   d   d   d   d   t 
              |         w   d   u   u   u   u   u   u   u   u   t   r   r   r   r   r   r   r   r   a 
              |             y   t   t   t   t   t   t   t   t   e   _   _   _   _   _   _   _   _   _ 
              |                 _   _   _   _   _   _   _   _       7   7   7   7   7   7   7   7   o 
              |                 7   7   7   7   7   7   7   7       _   _   _   _   _   _   _   _   u 
              |                 _   _   _   _   _   _   _   _       0   0   0   0   0   0   0   0   t 
              |                 0   0   0   0   0   0   0   0       _   _   _   _   _   _   _   _     
              |                 _   _   _   _   _   _   _   _       7   6   5   4   3   2   1   0     
              |                 7   6   5   4   3   2   1   0                                         
====================================================================================================================================
          0.0 | 0   1   0   x   0   0   0   0   0   0   0   0   x   x   x   x   x   x   x   x   x   x
          0.0 | 0   1   0   0   0   0   0   0   0   0   0   0   1   1   0   0   1   0   0   0   0   0
      10000.0 | 1   1   0   0   0   0   0   0   0   0   0   0   1   1   0   0   1   0   0   0   0   0
      10001.3 | 1   1   0   0   0   0   0   0   0   0   0   0   1   1   0   0   1   0   1   0   0   0
      10001.4 | 1   1   0   0   0   0   0   0   0   0   0   0   1   1   0   0   1   0   1   1   1   0
      20000.0 | 0   0   0   0   0   0   0   0   0   0   0   0   1   1   0   0   1   0   1   1   1   0
      30000.0 | 1   0   0   0   0   0   0   0   0   0   0   0   1   1   0   0   1   0   1   1   1   0
      40000.0 | 0   0   1   0   1   0   1   0   1   1   0   0   1   1   0   0   1   0   1   1   1   0
      50000.0 | 1   0   1   0   1   0   1   0   1   1   0   0   1   1   0   0   1   0   1   1   1   0
      60000.0 | 0   0   0   0   1   0   1   0   1   1   0   0   1   1   0   0   1   0   1   1   1   0
      70000.0 | 1   0   0   0   1   0   1   0   1   1   0   0   1   1   0   0   1   0   1   1   1   0
      70002.0 | 1   0   0   0   1   0   1   0   1   1   0   0   1   1   0   0   1   0   1   1   0   0
      80000.0 | 0   0   0   0   1   0   1   0   1   1   0   0   1   1   0   0   1   0   1   1   0   0
      90000.0 | 1   0   0   0   1   0   1   0   1   1   0   0   1   1   0   0   1   0   1   1   0   0
      90001.4 | 1   0   0   0   1   0   1   0   1   1   0   0   1   1   0   0   1   0   1   1   1   0
      90002.2 | 1   0   0   0   1   0   1   0   1   1   0   0   1   1   0   0   1   0   1   0   1   0
      90003.5 | 1   0   0   0   1   0   1   0   1   1   0   0   1   1   0   0   1   0   1   0   1   1
     100000.0 | 0   0   0   0   1   0   1   0   1   1   0   0   1   1   0   0   1   0   1   0   1   1
     110000.0 | 1   0   0   0   1   0   1   0   1   1   0   0   1   1   0   0   1   0   1   0   1   1
     110002.0 | 1   0   0   0   1   0   1   0   1   1   0   0   1   1   0   0   1   0   1   0   0   1
     120000.0 | 0   0   0   0   1   0   1   0   1   1   0   0   1   1   0   0   1   0   1   0   0   1
     130000.0 | 1   0   0   0   1   0   1   0   1   1   0   0   1   1   0   0   1   0   1   0   0   1
     130001.4 | 1   0   0   0   1   0   1   0   1   1   0   0   1   1   0   0   1   0   1   1   1   1
     130001.9 | 1   0   0   0   1   0   1   0   1   1   0   0   1   1   0   0   1   0   0   1   1   1
     130002.6 | 1   0   0   0   1   0   1   0   1   1   0   0   1   1   0   0   1   0   0   1   1   0
     140000.0 | 0   0   0   0   1   0   1   0   1   1   0   0   1   1   0   0   1   0   0   1   1   0
     150000.0 | 1   0   0   0   1   0   1   0   1   1   0   0   1   1   0   0   1   0   0   1   1   0
     150002.0 | 1   0   0   0   1   0   1   0   1   1   0   0   1   1   0   0   1   0   0   1   0   0
     150003.1 | 1   0   0   0   1   0   1   0   1   1   0   0   1   1   0   0   1   0   0   1   0   1
     160000.0 | 0   0   0   0   1   0   1   0   1   1   0   0   1   1   0   0   1   0   0   1   0   1
     170000.0 | 1   0   0   0   1   0   1   0   1   1   0   0   1   1   0   0   1   0   0   1   0   1
     170001.4 | 1   0   0   0   1   0   1   0   1   1   0   0   1   1   0   0   1   0   0   1   1   1
     170002.2 | 1   0   0   0   1   0   1   0   1   1   0   0   1   1   0   0   1   0   0   0   1   1
     170002.4 | 1   0   0   0   1   0   1   0   1   1   0   0   1   1   0   0   1   0   0   0   1   0
     180000.0 | 0   0   0   0   1   0   1   0   1   1   0   0   1   1   0   0   1   0   0   0   1   0
     190000.0 | 1   0   0   0   1   0   1   0   1   1   0   0   1   1   0   0   1   0   0   0   1   0
     190002.0 | 1   0   0   0   1   0   1   0   1   1   0   0   1   1   0   0   1   0   0   0   0   0
     190003.1 | 1   0   0   0   1   0   1   0   1   1   0   0   1   1   0   0   1   0   0   0   0   1
     200000.0 | 0   0   0   0   1   0   1   0   1   1   0   0   1   1   0   0   1   0   0   0   0   1
     210000.0 | 1   0   0   0   1   0   1   0   1   1   0   0   1   1   0   0   1   0   0   0   0   1
     210001.3 | 1   0   0   0   1   0   1   0   1   1   0   0   1   1   0   0   1   0   1   0   0   1
     210001.4 | 1   0   0   0   1   0   1   0   1   1   0   0   1   1   0   0   1   0   1   1   1   1
     210002.4 | 1   0   0   1   1   0   1   0   1   1   0   0   1   1   0   0   1   0   1   1   1   1
     210002.8 | 1   0   0   1   1   0   1   0   1   1   0   0   1   1   0   0   1   0   1   1   1   x
     220000.0 | 0   0   0   1   1   0   1   0   1   1   0   0   1   1   0   0   1   0   1   1   1   x
     230000.0 | 1   0   0   1   1   0   1   0   1   1   0   0   1   1   0   0   1   0   1   1   1   x
     230001.3 | 1   0   0   0   1   0   1   0   1   1   0   0   1   1   0   0   1   0   1   1   1   x
     240000.0 | 0   0   0   0   1   0   1   0   1   1   0   0   1   1   0   0   1   0   1   1   1   x
     250000.0 | 1   0   0   0   1   0   1   0   1   1   0   0   1   1   0   0   1   0   1   1   1   x
     260000.0 | 0   0   0   0   1   0   1   0   1   1   0   0   1   1   0   0   1   0   1   1   1   x
     270000.0 | 1   0   0   0   1   0   1   0   1   1   0   0   1   1   0   0   1   0   1   1   1   x
     280000.0 | 0   0   0   0   1   0   1   0   1   1   0   0   1   1   0   0   1   0   1   1   1   x
     290000.0 | 1   0   0   0   1   0   1   0   1   1   0   0   1   1   0   0   1   0   1   1   1   x
     300000.0 | 0   0   0   0   1   0   1   0   1   1   0   0   1   1   0   0   1   0   1   1   1   x
     310000.0 | 1   0   0   0   1   0   1   0   1   1   0   0   1   1   0   0   1   0   1   1   1   x
     320000.0 | 0   0   0   0   1   0   1   0   1   1   0   0   1   1   0   0   1   0   1   1   1   x
     330000.0 | 1   0   0   0   1   0   1   0   1   1   0   0   1   1   0   0   1   0   1   1   1   x
     340000.0 | 0   0   0   0   1   0   1   0   1   1   0   0   1   1   0   0   1   0   1   1   1   x
     350000.0 | 1   0   0   0   1   0   1   0   1   1   0   0   1   1   0   0   1   0   1   1   1   x
     360000.0 | 0   0   0   0   1   0   1   0   1   1   0   0   1   1   0   0   1   0   1   1   1   x
     370000.0 | 1   0   0   0   1   0   1   0   1   1   0   0   1   1   0   0   1   0   1   1   1   x
     380000.0 | 0   0   0   0   1   0   1   0   1   1   0   0   1   1   0   0   1   0   1   1   1   x
     390000.0 | 1   0   0   0   1   0   1   0   1   1   0   0   1   1   0   0   1   0   1   1   1   x
     400000.0 | 0   0   0   0   1   0   1   0   1   1   0   0   1   1   0   0   1   0   1   1   1   x
     410000.0 | 1   0   0   0   1   0   1   0   1   1   0   0   1   1   0   0   1   0   1   1   1   x
     420000.0 | 0   0   0   0   1   0   1   0   1   1   0   0   1   1   0   0   1   0   1   1   1   x
     430000.0 | 1   0   0   0   1   0   1   0   1   1   0   0   1   1   0   0   1   0   1   1   1   x
     440000.0 | 0   0   0   0   1   0   1   0   1   1   0   0   1   1   0   0   1   0   1   1   1   x
     450000.0 | 1   0   0   0   1   0   1   0   1   1   0   0   1   1   0   0   1   0   1   1   1   x
     460000.0 | 0   0   0   0   1   0   1   0   1   1   0   0   1   1   0   0   1   0   1   1   1   x
     470000.0 | 1   0   0   0   1   0   1   0   1   1   0   0   1   1   0   0   1   0   1   1   1   x
     480000.0 | 0   0   0   0   1   0   1   0   1   1   0   0   1   1   0   0   1   0   1   1   1   x
     490000.0 | 1   0   0   0   1   0   1   0   1   1   0   0   1   1   0   0   1   0   1   1   1   x
     500000.0 | 0   0   0   0   1   0   1   0   1   1   0   0   1   1   0   0   1   0   1   1   1   x
     510000.0 | 1   0   0   0   1   0   1   0   1   1   0   0   1   1   0   0   1   0   1   1   1   x
     520000.0 | 0   0   0   0   1   0   1   0   1   1   0   0   1   1   0   0   1   0   1   1   1   x
     530000.0 | 1   0   0   0   1   0   1   0   1   1   0   0   1   1   0   0   1   0   1   1   1   x
     540000.0 | 0   0   0   0   1   0   1   0   1   1   0   0   1   1   0   0   1   0   1   1   1   x
     550000.0 | 1   0   0   0   1   0   1   0   1   1   0   0   1   1   0   0   1   0   1   1   1   x
     559999.9 | 1   0   0   0   1   0   1   0   1   1   0   0   1   1   0   0   1   0   1   1   1   x
====================================================================================================================================
  network : Draw_score                                                                                                 nodes : 236  
====================================================================================================================================
