                  0 UUDDXXX
                 82 DUDDXXX
                164 UUDDLLL
                246 DUDDLLL
                287 DDDDLLL
                328 UDDDHLL
                410 DDDDHLL
                492 UDDDHHL
                574 DDDDHHL
                656 UDDDLHH
                738 DDDDLHH
                820 UDDDHLH
                902 DDDDHLH
                984 UDDDLHL
               1066 DDDDLHL
               1148 UDDDLLH
               1230 DDDDLLH
               1312 UDDDLLL
               1394 DDDDLLL
               1476 UDDDHLL
               1558 DDDDHLL
               1640 UDDDHHL
               1722 DDDDHHL
               1804 UDDDLHH
               1886 DDDDLHH
               1927 DDUDLHH
               1968 UDUDHLH
               2050 DDUDHLH
               2132 UDUDHLH
               2214 DDUDHLH
               2296 UDUDLHL
               2378 DDUDLHL
               2460 UDUDLHL
               2542 DDUDLHL
               2624 UDUDLLH
               2706 DDUDLLH
               2788 UDUDLLH
               2870 DDUDLLH
               2952 UDUDLLL
               3034 DDUDLLL
               3116 UDUDLLL
               3198 DDUDLLL
               3280 UDUDHLL
               3362 DDUDHLL
               3444 UDUDHLL
               3526 DDUDHLL
               3608 UDUDHHL
               3690 DDUDHHL
               3731 DDDDHHL
               3772 UDDDHHL
               3854 DDDDHHL
               3936 UDDDHHL
               4018 DDDDHHL
               4100 UDDDHHL
               4182 DDDDHHL
               4264 UDDDHHL
               4346 DDDDHHL
               4428 UDDDHHL
               4510 DDDDHHL
               4592 UDDDHHL
               4674 DDDDHHL
               4756 UDDDHHL
               4838 DDDDHHL
               4920 UDDDHHL
               5002 DDDDHHL
               5084 UDDDHHL
               5166 DDDDHHL
               5248 UDDDHHL
               5330 DDDDHHL
               5371 DDDUHHL
               5412 UDDUHHL
               5494 DDDUHHL
               5535 DDDDHHL
               5576 UDDDLHH
               5658 DDDDLHH
               5740 UDDDHLH
               5822 DDDDHLH
               5904 UDDDLHL
               5986 DDDDLHL
               6068 UDDDLLH
               6150 DDDDLLH
               6232 UDDDLLL
               6314 DDDDLLL
               6396 UDDDHLL
               6478 DDDDHLL
               6560 UDDDHHL
               6642 DDDDHHL
               6724 UDDDLHH
               6806 DDDDLHH
               6888 UDDDHLH
               6970 DDDDHLH
               7052 UDDDLHL
               7134 DDDDLHL
               7216 UDDDLLH
               7298 DDDDLLH
               7380 UDDDLLL
               7462 DDDDLLL
               7544 UDDDHLL
               7626 DDDDHLL
               7708 UDDDHHL
               7790 DDDDHHL
               7872 UDDDLHH
               7954 DDDDLHH
               8036 UDDDHLH
               8118 DDDDHLH
               8200 UDDDLHL
               8282 DDDDLHL
               8364 UDDDLLH
               8446 DDDDLLH
               8528 UDDDLLL
               8610 DDDDLLL
               8692 UDDDHLL
               8774 DDDDHLL
               8856 UDDDHHL
               8938 DDDDHHL
               9020 UDDDLHH
               9102 DDDDLHH
               9184 UDDDHLH
               9266 DDDDHLH
               9348 UDDDLHL
               9430 DDDDLHL
               9512 UDDDLLH
               9594 DDDDLLH
               9676 UDDDLLL
               9758 DDDDLLL
               9840 UDDDHLL
               9922 DDDDHLL
              10004 UDDDHHL
              10086 DDDDHHL
              10168 UDDDLHH
              10250 DDDDLHH
              10332 UDDDHLH
              10414 DDDDHLH
              10496 UDDDLHL
              10578 DDDDLHL
              10660 UDDDLLH
              10742 DDDDLLH
              10824 UDDDLLL
              10906 DDDDLLL
              10988 UDDDHLL
              11070 DDDDHLL
              11152 UDDDHHL
              11234 DDDDHHL
              11316 UDDDLHH
              11398 DDDDLHH
              11480 UDDDHLH
              11562 DDDDHLH
              11644 UDDDLHL
              11726 DDDDLHL
              11808 UDDDLLH
              11890 DDDDLLH
              11972 UDDDLLL
              12054 DDDDLLL
              12136 UDDDHLL
              12218 DDDDHLL
              12300 UDDDHHL
              12382 DDDDHHL
              12464 UDDDLHH
              12546 DDDDLHH
              12628 UDDDHLH
              12710 DDDDHLH
              12792 UDDDLHL
              12874 DDDDLHL
              12956 UDDDLLH
              13038 DDDDLLH
              13120 UDDDLLL
              13202 DDDDLLL
              13284 UDDDHLL
              13366 DDDDHLL
              13448 UDDDHHL
              13530 DDDDHHL
              13612 UDDDLHH
              13694 DDDDLHH
              13776 UDDDHLH
              13858 DDDDHLH
              13940 UDDDLHL
              14022 DDDDLHL
              14104 UDDDLLH
              14186 DDDDLLH
              14268 UDDDLLL
              14350 DDDDLLL
              14432 UDDDHLL
              14514 DDDDHLL
              14596 UDDDHHL
              14678 DDDDHHL
              14760 UDDDLHH
              14842 DDDDLHH
              14924 UDDDHLH
              15006 DDDDHLH
              15088 UDDDLHL
              15170 DDDDLHL
              15252 UDDDLLH
              15334 DDDDLLH
              15416 UDDDLLL
              15498 DDDDLLL
              15580 UDDDHLL
              15662 DDDDHLL
              15744 UDDDHHL
              15826 DDDDHHL
              15908 UDDDLHH
              15990 DDDDLHH
              16072 UDDDHLH
              16154 DDDDHLH
              16236 UDDDLHL
              16318 DDDDLHL
              16400 UDDDLLH
              16482 DDDDLLH
              16564 UDDDLLL
              16646 DDDDLLL
              16728 UDDDHLL
              16810 DDDDHLL
              16892 UDDDHHL
              16974 DDDDHHL
              17056 UDDDLHH
              17138 DDDDLHH
              17220 UDDDHLH
              17302 DDDDHLH
              17384 UDDDLHL
              17466 DDDDLHL
              17548 UDDDLLH
              17630 DDDDLLH
              17712 UDDDLLL
              17794 DDDDLLL
              17876 UDDDHLL
              17958 DDDDHLL
              18040 UDDDHHL
              18122 DDDDHHL
              18204 UDDDLHH
              18286 DDDDLHH
              18368 UDDDHLH
              18450 DDDDHLH
              18532 UDDDLHL
              18614 DDDDLHL
              18696 UDDDLLH
              18778 DDDDLLH
              18860 UDDDLLL
              18942 DDDDLLL
              19024 UDDDHLL
              19106 DDDDHLL
              19188 UDDDHHL
              19270 DDDDHHL
              19352 UDDDLHH
              19434 DDDDLHH
              19516 UDDDHLH
              19598 DDDDHLH
              19680 UDDDLHL
              19762 DDDDLHL
              19844 UDDDLLH
              19926 DDDDLLH
              20008 UDDDLLL
              20090 DDDDLLL
              20172 UDDDHLL
              20254 DDDDHLL
              20336 UDDDHHL
              20418 DDDDHHL
              20500 UDDDLHH
              20582 DDDDLHH
              20664 UDDDHLH
              20746 DDDDHLH
              20828 UDDDLHL
              20910 DDDDLHL
              20992 UDDDLLH
