================================================================================
                                     S L S                                      
                                  version: 3.3                                  
                      S I M U L A T I O N   R E S U L T S                       
================================================================================
 time         | c   r   b   n   o   o   o 
 in 1e-09 sec | l   s   u   e   u   u   u 
              | k   t   t   w   t   t   t 
              |         t   _   p   p   p 
              |         o   n   u   u   u 
              |         n   u   t   t   t 
              |         _   m   _   _   _ 
              |         s   b   2   2   2 
              |         e   e   _   _   _ 
              |         e   r   0   0   0 
              |         d       _   _   _ 
              |                 2   1   0 
================================================================================
          0.0 | 1   1   0   0   x   x   x
          0.0 | 1   1   0   0   1   0   0
         82.0 | 0   1   0   0   1   0   0
        164.0 | 1   1   0   0   1   0   0
        164.8 | 1   1   0   0   0   0   0
        246.0 | 0   1   0   0   0   0   0
        287.0 | 0   0   0   0   0   0   0
        328.0 | 1   0   0   0   0   0   0
        329.1 | 1   0   0   0   1   0   0
        410.0 | 0   0   0   0   1   0   0
        492.0 | 1   0   0   0   1   0   0
        493.4 | 1   0   0   0   1   1   0
        574.0 | 0   0   0   0   1   1   0
        656.0 | 1   0   0   0   1   1   0
        656.8 | 1   0   0   0   0   1   0
        657.1 | 1   0   0   0   0   1   1
        738.0 | 0   0   0   0   0   1   1
        820.0 | 1   0   0   0   0   1   1
        821.0 | 1   0   0   0   0   0   1
        821.1 | 1   0   0   0   1   0   1
        902.0 | 0   0   0   0   1   0   1
        984.0 | 1   0   0   0   1   0   1
        984.8 | 1   0   0   0   0   0   0
        985.4 | 1   0   0   0   0   1   0
       1066.0 | 0   0   0   0   0   1   0
       1148.0 | 1   0   0   0   0   1   0
       1149.0 | 1   0   0   0   0   0   0
       1149.1 | 1   0   0   0   0   0   1
       1230.0 | 0   0   0   0   0   0   1
       1312.0 | 1   0   0   0   0   0   1
       1312.8 | 1   0   0   0   0   0   0
       1394.0 | 0   0   0   0   0   0   0
       1476.0 | 1   0   0   0   0   0   0
       1477.1 | 1   0   0   0   1   0   0
       1558.0 | 0   0   0   0   1   0   0
       1640.0 | 1   0   0   0   1   0   0
       1641.4 | 1   0   0   0   1   1   0
       1722.0 | 0   0   0   0   1   1   0
       1804.0 | 1   0   0   0   1   1   0
       1804.8 | 1   0   0   0   0   1   0
       1805.1 | 1   0   0   0   0   1   1
       1886.0 | 0   0   0   0   0   1   1
       1927.0 | 0   0   1   0   0   1   1
       1968.0 | 1   0   1   0   0   1   1
       1969.0 | 1   0   1   0   0   0   1
       1969.1 | 1   0   1   0   1   0   1
       2050.0 | 0   0   1   0   1   0   1
       2132.0 | 1   0   1   0   1   0   1
       2214.0 | 0   0   1   0   1   0   1
       2296.0 | 1   0   1   0   1   0   1
       2296.8 | 1   0   1   0   0   0   0
       2297.4 | 1   0   1   0   0   1   0
       2378.0 | 0   0   1   0   0   1   0
       2460.0 | 1   0   1   0   0   1   0
       2542.0 | 0   0   1   0   0   1   0
       2624.0 | 1   0   1   0   0   1   0
       2625.0 | 1   0   1   0   0   0   0
       2625.1 | 1   0   1   0   0   0   1
       2706.0 | 0   0   1   0   0   0   1
       2788.0 | 1   0   1   0   0   0   1
       2870.0 | 0   0   1   0   0   0   1
       2952.0 | 1   0   1   0   0   0   1
       2952.8 | 1   0   1   0   0   0   0
       3034.0 | 0   0   1   0   0   0   0
       3116.0 | 1   0   1   0   0   0   0
       3198.0 | 0   0   1   0   0   0   0
       3280.0 | 1   0   1   0   0   0   0
       3281.1 | 1   0   1   0   1   0   0
       3362.0 | 0   0   1   0   1   0   0
       3444.0 | 1   0   1   0   1   0   0
       3526.0 | 0   0   1   0   1   0   0
       3608.0 | 1   0   1   0   1   0   0
       3609.4 | 1   0   1   0   1   1   0
       3690.0 | 0   0   1   0   1   1   0
       3731.0 | 0   0   0   0   1   1   0
       3772.0 | 1   0   0   0   1   1   0
       3854.0 | 0   0   0   0   1   1   0
       3936.0 | 1   0   0   0   1   1   0
       4018.0 | 0   0   0   0   1   1   0
       4100.0 | 1   0   0   0   1   1   0
       4182.0 | 0   0   0   0   1   1   0
       4264.0 | 1   0   0   0   1   1   0
       4346.0 | 0   0   0   0   1   1   0
       4428.0 | 1   0   0   0   1   1   0
       4510.0 | 0   0   0   0   1   1   0
       4592.0 | 1   0   0   0   1   1   0
       4674.0 | 0   0   0   0   1   1   0
       4756.0 | 1   0   0   0   1   1   0
       4838.0 | 0   0   0   0   1   1   0
       4920.0 | 1   0   0   0   1   1   0
       5002.0 | 0   0   0   0   1   1   0
       5084.0 | 1   0   0   0   1   1   0
       5166.0 | 0   0   0   0   1   1   0
       5248.0 | 1   0   0   0   1   1   0
       5330.0 | 0   0   0   0   1   1   0
       5371.0 | 0   0   0   1   1   1   0
       5412.0 | 1   0   0   1   1   1   0
       5494.0 | 0   0   0   1   1   1   0
       5535.0 | 0   0   0   0   1   1   0
       5576.0 | 1   0   0   0   1   1   0
       5576.8 | 1   0   0   0   0   1   0
       5577.1 | 1   0   0   0   0   1   1
       5658.0 | 0   0   0   0   0   1   1
       5740.0 | 1   0   0   0   0   1   1
       5741.0 | 1   0   0   0   0   0   1
       5741.1 | 1   0   0   0   1   0   1
       5822.0 | 0   0   0   0   1   0   1
       5904.0 | 1   0   0   0   1   0   1
       5904.8 | 1   0   0   0   0   0   0
       5905.4 | 1   0   0   0   0   1   0
       5986.0 | 0   0   0   0   0   1   0
       6068.0 | 1   0   0   0   0   1   0
       6069.0 | 1   0   0   0   0   0   0
       6069.1 | 1   0   0   0   0   0   1
       6150.0 | 0   0   0   0   0   0   1
       6232.0 | 1   0   0   0   0   0   1
       6232.8 | 1   0   0   0   0   0   0
       6314.0 | 0   0   0   0   0   0   0
       6396.0 | 1   0   0   0   0   0   0
       6397.1 | 1   0   0   0   1   0   0
       6478.0 | 0   0   0   0   1   0   0
       6560.0 | 1   0   0   0   1   0   0
       6561.4 | 1   0   0   0   1   1   0
       6642.0 | 0   0   0   0   1   1   0
       6724.0 | 1   0   0   0   1   1   0
       6724.8 | 1   0   0   0   0   1   0
       6725.1 | 1   0   0   0   0   1   1
       6806.0 | 0   0   0   0   0   1   1
       6888.0 | 1   0   0   0   0   1   1
       6889.0 | 1   0   0   0   0   0   1
       6889.1 | 1   0   0   0   1   0   1
       6970.0 | 0   0   0   0   1   0   1
       7052.0 | 1   0   0   0   1   0   1
       7052.8 | 1   0   0   0   0   0   0
       7053.4 | 1   0   0   0   0   1   0
       7134.0 | 0   0   0   0   0   1   0
       7216.0 | 1   0   0   0   0   1   0
       7217.0 | 1   0   0   0   0   0   0
       7217.1 | 1   0   0   0   0   0   1
       7298.0 | 0   0   0   0   0   0   1
       7380.0 | 1   0   0   0   0   0   1
       7380.8 | 1   0   0   0   0   0   0
       7462.0 | 0   0   0   0   0   0   0
       7544.0 | 1   0   0   0   0   0   0
       7545.1 | 1   0   0   0   1   0   0
       7626.0 | 0   0   0   0   1   0   0
       7708.0 | 1   0   0   0   1   0   0
       7709.4 | 1   0   0   0   1   1   0
       7790.0 | 0   0   0   0   1   1   0
       7872.0 | 1   0   0   0   1   1   0
       7872.8 | 1   0   0   0   0   1   0
       7873.1 | 1   0   0   0   0   1   1
       7954.0 | 0   0   0   0   0   1   1
       8036.0 | 1   0   0   0   0   1   1
       8037.0 | 1   0   0   0   0   0   1
       8037.1 | 1   0   0   0   1   0   1
       8118.0 | 0   0   0   0   1   0   1
       8200.0 | 1   0   0   0   1   0   1
       8200.8 | 1   0   0   0   0   0   0
       8201.4 | 1   0   0   0   0   1   0
       8282.0 | 0   0   0   0   0   1   0
       8364.0 | 1   0   0   0   0   1   0
       8365.0 | 1   0   0   0   0   0   0
       8365.1 | 1   0   0   0   0   0   1
       8446.0 | 0   0   0   0   0   0   1
       8528.0 | 1   0   0   0   0   0   1
       8528.8 | 1   0   0   0   0   0   0
       8610.0 | 0   0   0   0   0   0   0
       8692.0 | 1   0   0   0   0   0   0
       8693.1 | 1   0   0   0   1   0   0
       8774.0 | 0   0   0   0   1   0   0
       8856.0 | 1   0   0   0   1   0   0
       8857.4 | 1   0   0   0   1   1   0
       8938.0 | 0   0   0   0   1   1   0
       9020.0 | 1   0   0   0   1   1   0
       9020.8 | 1   0   0   0   0   1   0
       9021.1 | 1   0   0   0   0   1   1
       9102.0 | 0   0   0   0   0   1   1
       9184.0 | 1   0   0   0   0   1   1
       9185.0 | 1   0   0   0   0   0   1
       9185.1 | 1   0   0   0   1   0   1
       9266.0 | 0   0   0   0   1   0   1
       9348.0 | 1   0   0   0   1   0   1
       9348.8 | 1   0   0   0   0   0   0
       9349.4 | 1   0   0   0   0   1   0
       9430.0 | 0   0   0   0   0   1   0
       9512.0 | 1   0   0   0   0   1   0
       9513.0 | 1   0   0   0   0   0   0
       9513.1 | 1   0   0   0   0   0   1
       9594.0 | 0   0   0   0   0   0   1
       9676.0 | 1   0   0   0   0   0   1
       9676.8 | 1   0   0   0   0   0   0
       9758.0 | 0   0   0   0   0   0   0
       9840.0 | 1   0   0   0   0   0   0
       9841.1 | 1   0   0   0   1   0   0
       9922.0 | 0   0   0   0   1   0   0
      10004.0 | 1   0   0   0   1   0   0
      10005.4 | 1   0   0   0   1   1   0
      10086.0 | 0   0   0   0   1   1   0
      10168.0 | 1   0   0   0   1   1   0
      10168.8 | 1   0   0   0   0   1   0
      10169.1 | 1   0   0   0   0   1   1
      10250.0 | 0   0   0   0   0   1   1
      10332.0 | 1   0   0   0   0   1   1
      10333.0 | 1   0   0   0   0   0   1
      10333.1 | 1   0   0   0   1   0   1
      10414.0 | 0   0   0   0   1   0   1
      10496.0 | 1   0   0   0   1   0   1
      10496.8 | 1   0   0   0   0   0   0
      10497.4 | 1   0   0   0   0   1   0
      10578.0 | 0   0   0   0   0   1   0
      10660.0 | 1   0   0   0   0   1   0
      10661.0 | 1   0   0   0   0   0   0
      10661.1 | 1   0   0   0   0   0   1
      10742.0 | 0   0   0   0   0   0   1
      10824.0 | 1   0   0   0   0   0   1
      10824.8 | 1   0   0   0   0   0   0
      10906.0 | 0   0   0   0   0   0   0
      10988.0 | 1   0   0   0   0   0   0
      10989.1 | 1   0   0   0   1   0   0
      11070.0 | 0   0   0   0   1   0   0
      11152.0 | 1   0   0   0   1   0   0
      11153.4 | 1   0   0   0   1   1   0
      11234.0 | 0   0   0   0   1   1   0
      11316.0 | 1   0   0   0   1   1   0
      11316.8 | 1   0   0   0   0   1   0
      11317.1 | 1   0   0   0   0   1   1
      11398.0 | 0   0   0   0   0   1   1
      11480.0 | 1   0   0   0   0   1   1
      11481.0 | 1   0   0   0   0   0   1
      11481.1 | 1   0   0   0   1   0   1
      11562.0 | 0   0   0   0   1   0   1
      11644.0 | 1   0   0   0   1   0   1
      11644.8 | 1   0   0   0   0   0   0
      11645.4 | 1   0   0   0   0   1   0
      11726.0 | 0   0   0   0   0   1   0
      11808.0 | 1   0   0   0   0   1   0
      11809.0 | 1   0   0   0   0   0   0
      11809.1 | 1   0   0   0   0   0   1
      11890.0 | 0   0   0   0   0   0   1
      11972.0 | 1   0   0   0   0   0   1
      11972.8 | 1   0   0   0   0   0   0
      12054.0 | 0   0   0   0   0   0   0
      12136.0 | 1   0   0   0   0   0   0
      12137.1 | 1   0   0   0   1   0   0
      12218.0 | 0   0   0   0   1   0   0
      12300.0 | 1   0   0   0   1   0   0
      12301.4 | 1   0   0   0   1   1   0
      12382.0 | 0   0   0   0   1   1   0
      12464.0 | 1   0   0   0   1   1   0
      12464.8 | 1   0   0   0   0   1   0
      12465.1 | 1   0   0   0   0   1   1
      12546.0 | 0   0   0   0   0   1   1
      12628.0 | 1   0   0   0   0   1   1
      12629.0 | 1   0   0   0   0   0   1
      12629.1 | 1   0   0   0   1   0   1
      12710.0 | 0   0   0   0   1   0   1
      12792.0 | 1   0   0   0   1   0   1
      12792.8 | 1   0   0   0   0   0   0
      12793.4 | 1   0   0   0   0   1   0
      12874.0 | 0   0   0   0   0   1   0
      12956.0 | 1   0   0   0   0   1   0
      12957.0 | 1   0   0   0   0   0   0
      12957.1 | 1   0   0   0   0   0   1
      13038.0 | 0   0   0   0   0   0   1
      13120.0 | 1   0   0   0   0   0   1
      13120.8 | 1   0   0   0   0   0   0
      13202.0 | 0   0   0   0   0   0   0
      13284.0 | 1   0   0   0   0   0   0
      13285.1 | 1   0   0   0   1   0   0
      13366.0 | 0   0   0   0   1   0   0
      13448.0 | 1   0   0   0   1   0   0
      13449.4 | 1   0   0   0   1   1   0
      13530.0 | 0   0   0   0   1   1   0
      13612.0 | 1   0   0   0   1   1   0
      13612.8 | 1   0   0   0   0   1   0
      13613.1 | 1   0   0   0   0   1   1
      13694.0 | 0   0   0   0   0   1   1
      13776.0 | 1   0   0   0   0   1   1
      13777.0 | 1   0   0   0   0   0   1
      13777.1 | 1   0   0   0   1   0   1
      13858.0 | 0   0   0   0   1   0   1
      13940.0 | 1   0   0   0   1   0   1
      13940.8 | 1   0   0   0   0   0   0
      13941.4 | 1   0   0   0   0   1   0
      14022.0 | 0   0   0   0   0   1   0
      14104.0 | 1   0   0   0   0   1   0
      14105.0 | 1   0   0   0   0   0   0
      14105.1 | 1   0   0   0   0   0   1
      14186.0 | 0   0   0   0   0   0   1
      14268.0 | 1   0   0   0   0   0   1
      14268.8 | 1   0   0   0   0   0   0
      14350.0 | 0   0   0   0   0   0   0
      14432.0 | 1   0   0   0   0   0   0
      14433.1 | 1   0   0   0   1   0   0
      14514.0 | 0   0   0   0   1   0   0
      14596.0 | 1   0   0   0   1   0   0
      14597.4 | 1   0   0   0   1   1   0
      14678.0 | 0   0   0   0   1   1   0
      14760.0 | 1   0   0   0   1   1   0
      14760.8 | 1   0   0   0   0   1   0
      14761.1 | 1   0   0   0   0   1   1
      14842.0 | 0   0   0   0   0   1   1
      14924.0 | 1   0   0   0   0   1   1
      14925.0 | 1   0   0   0   0   0   1
      14925.1 | 1   0   0   0   1   0   1
      15006.0 | 0   0   0   0   1   0   1
      15088.0 | 1   0   0   0   1   0   1
      15088.8 | 1   0   0   0   0   0   0
      15089.4 | 1   0   0   0   0   1   0
      15170.0 | 0   0   0   0   0   1   0
      15252.0 | 1   0   0   0   0   1   0
      15253.0 | 1   0   0   0   0   0   0
      15253.1 | 1   0   0   0   0   0   1
      15334.0 | 0   0   0   0   0   0   1
      15416.0 | 1   0   0   0   0   0   1
      15416.8 | 1   0   0   0   0   0   0
      15498.0 | 0   0   0   0   0   0   0
      15580.0 | 1   0   0   0   0   0   0
      15581.1 | 1   0   0   0   1   0   0
      15662.0 | 0   0   0   0   1   0   0
      15744.0 | 1   0   0   0   1   0   0
      15745.4 | 1   0   0   0   1   1   0
      15826.0 | 0   0   0   0   1   1   0
      15908.0 | 1   0   0   0   1   1   0
      15908.8 | 1   0   0   0   0   1   0
      15909.1 | 1   0   0   0   0   1   1
      15990.0 | 0   0   0   0   0   1   1
      16072.0 | 1   0   0   0   0   1   1
      16073.0 | 1   0   0   0   0   0   1
      16073.1 | 1   0   0   0   1   0   1
      16154.0 | 0   0   0   0   1   0   1
      16236.0 | 1   0   0   0   1   0   1
      16236.8 | 1   0   0   0   0   0   0
      16237.4 | 1   0   0   0   0   1   0
      16318.0 | 0   0   0   0   0   1   0
      16400.0 | 1   0   0   0   0   1   0
      16401.0 | 1   0   0   0   0   0   0
      16401.1 | 1   0   0   0   0   0   1
      16482.0 | 0   0   0   0   0   0   1
      16564.0 | 1   0   0   0   0   0   1
      16564.8 | 1   0   0   0   0   0   0
      16646.0 | 0   0   0   0   0   0   0
      16728.0 | 1   0   0   0   0   0   0
      16729.1 | 1   0   0   0   1   0   0
      16810.0 | 0   0   0   0   1   0   0
      16892.0 | 1   0   0   0   1   0   0
      16893.4 | 1   0   0   0   1   1   0
      16974.0 | 0   0   0   0   1   1   0
      17056.0 | 1   0   0   0   1   1   0
      17056.8 | 1   0   0   0   0   1   0
      17057.1 | 1   0   0   0   0   1   1
      17138.0 | 0   0   0   0   0   1   1
      17220.0 | 1   0   0   0   0   1   1
      17221.0 | 1   0   0   0   0   0   1
      17221.1 | 1   0   0   0   1   0   1
      17302.0 | 0   0   0   0   1   0   1
      17384.0 | 1   0   0   0   1   0   1
      17384.8 | 1   0   0   0   0   0   0
      17385.4 | 1   0   0   0   0   1   0
      17466.0 | 0   0   0   0   0   1   0
      17548.0 | 1   0   0   0   0   1   0
      17549.0 | 1   0   0   0   0   0   0
      17549.1 | 1   0   0   0   0   0   1
      17630.0 | 0   0   0   0   0   0   1
      17712.0 | 1   0   0   0   0   0   1
      17712.8 | 1   0   0   0   0   0   0
      17794.0 | 0   0   0   0   0   0   0
      17876.0 | 1   0   0   0   0   0   0
      17877.1 | 1   0   0   0   1   0   0
      17958.0 | 0   0   0   0   1   0   0
      18040.0 | 1   0   0   0   1   0   0
      18041.4 | 1   0   0   0   1   1   0
      18122.0 | 0   0   0   0   1   1   0
      18204.0 | 1   0   0   0   1   1   0
      18204.8 | 1   0   0   0   0   1   0
      18205.1 | 1   0   0   0   0   1   1
      18286.0 | 0   0   0   0   0   1   1
      18368.0 | 1   0   0   0   0   1   1
      18369.0 | 1   0   0   0   0   0   1
      18369.1 | 1   0   0   0   1   0   1
      18450.0 | 0   0   0   0   1   0   1
      18532.0 | 1   0   0   0   1   0   1
      18532.8 | 1   0   0   0   0   0   0
      18533.4 | 1   0   0   0   0   1   0
      18614.0 | 0   0   0   0   0   1   0
      18696.0 | 1   0   0   0   0   1   0
      18697.0 | 1   0   0   0   0   0   0
      18697.1 | 1   0   0   0   0   0   1
      18778.0 | 0   0   0   0   0   0   1
      18860.0 | 1   0   0   0   0   0   1
      18860.8 | 1   0   0   0   0   0   0
      18942.0 | 0   0   0   0   0   0   0
      19024.0 | 1   0   0   0   0   0   0
      19025.1 | 1   0   0   0   1   0   0
      19106.0 | 0   0   0   0   1   0   0
      19188.0 | 1   0   0   0   1   0   0
      19189.4 | 1   0   0   0   1   1   0
      19270.0 | 0   0   0   0   1   1   0
      19352.0 | 1   0   0   0   1   1   0
      19352.8 | 1   0   0   0   0   1   0
      19353.1 | 1   0   0   0   0   1   1
      19434.0 | 0   0   0   0   0   1   1
      19516.0 | 1   0   0   0   0   1   1
      19517.0 | 1   0   0   0   0   0   1
      19517.1 | 1   0   0   0   1   0   1
      19598.0 | 0   0   0   0   1   0   1
      19680.0 | 1   0   0   0   1   0   1
      19680.8 | 1   0   0   0   0   0   0
      19681.4 | 1   0   0   0   0   1   0
      19762.0 | 0   0   0   0   0   1   0
      19844.0 | 1   0   0   0   0   1   0
      19845.0 | 1   0   0   0   0   0   0
      19845.1 | 1   0   0   0   0   0   1
      19926.0 | 0   0   0   0   0   0   1
      20008.0 | 1   0   0   0   0   0   1
      20008.8 | 1   0   0   0   0   0   0
      20090.0 | 0   0   0   0   0   0   0
      20172.0 | 1   0   0   0   0   0   0
      20173.1 | 1   0   0   0   1   0   0
      20254.0 | 0   0   0   0   1   0   0
      20336.0 | 1   0   0   0   1   0   0
      20337.4 | 1   0   0   0   1   1   0
      20418.0 | 0   0   0   0   1   1   0
      20500.0 | 1   0   0   0   1   1   0
      20500.8 | 1   0   0   0   0   1   0
      20501.1 | 1   0   0   0   0   1   1
      20582.0 | 0   0   0   0   0   1   1
      20664.0 | 1   0   0   0   0   1   1
      20665.0 | 1   0   0   0   0   0   1
      20665.1 | 1   0   0   0   1   0   1
      20746.0 | 0   0   0   0   1   0   1
      20828.0 | 1   0   0   0   1   0   1
      20828.8 | 1   0   0   0   0   0   0
      20829.4 | 1   0   0   0   0   1   0
      20910.0 | 0   0   0   0   0   1   0
      20991.9 | 0   0   0   0   0   1   0
================================================================================
  network : Npg                                                    nodes : 113  
================================================================================
