                  0 DDDDDDDLLLL
                100 DDDDDDULLLH
                200 DDDDDUDLHLL
                300 DDDDDUULHLH
                400 DDDDUDDLLLL
                500 DDDDUDULLLH
                600 DDDDUUDLHLL
                700 DDDDUUULHLH
                800 DDDUDDDLLLL
                900 DDDUDDULLLH
               1000 DDDUDUDLHLL
               1100 DDDUDUULHLH
               1200 DDDUUDDLLLL
               1300 DDDUUDULLLH
               1400 DDDUUUDLHLL
               1500 DDDUUUULHLH
               1600 DDUDDDDLHLL
               1700 DDUDDDULHLH
               1800 DDUDDUDLHHL
               1900 DDUDDUULHHH
               2000 DDUDUDDLLLL
               2100 DDUDUDULHLL
               2200 DDUDUUDHLLL
               2300 DDUDUUUHHLL
               2400 DDUUDDDLHLL
               2500 DDUUDDULHLH
               2600 DDUUDUDLHHL
               2700 DDUUDUULHHH
               2800 DDUUUDDLLLL
               2900 DDUUUDULHLL
               3000 DDUUUUDHLLL
               3100 DDUUUUUHHLL
               3200 DUDDDDDLLLH
               3300 DUDDDDULHLL
               3400 DUDDDUDLHLH
               3500 DUDDDUULHHL
               3600 DUDDUDDLLLL
               3700 DUDDUDULHLL
               3800 DUDDUUDLHLH
               3900 DUDDUUUHLLL
               4000 DUDUDDDLLLL
               4100 DUDUDDULLLH
               4200 DUDUDUDLLHL
               4300 DUDUDUULHLH
               4400 DUDUUDDLLLH
               4500 DUDUUDULHLH
               4600 DUDUUUDHLLH
               4700 DUDUUUULHLL
               4800 DUUDDDDLHLL
               4900 DUUDDDULHLH
               5000 DUUDDUDLHHL
               5100 DUUDDUULLHL
               5200 DUUDUDDLLLL
               5300 DUUDUDULHLL
               5400 DUUDUUDHLLL
               5500 DUUDUUUHLLH
               5600 DUUUDDDLHLL
               5700 DUUUDDULHLH
               5800 DUUUDUDLHHL
               5900 DUUUDUUHLLL
               6000 DUUUUDDHLLH
               6100 DUUUUDULHLH
               6200 DUUUUUDLLLH
               6300 DUUUUUULLLL
               6400 UDDDDDDLLLL
               6500 UDDDDDULHLL
               6600 UDDDDUDLHLH
               6700 UDDDDUULHHL
               6800 UDDDUDDLLLL
               6900 UDDDUDULLLH
               7000 UDDDUUDLHLL
               7100 UDDDUUUHLLL
               7200 UDDUDDDLLLL
               7300 UDDUDDULLLH
               7400 UDDUDUDLLHL
               7500 UDDUDUULHHL
               7600 UDDUUDDLLLH
               7700 UDDUUDULHLH
               7800 UDDUUUDHLLH
               7900 UDDUUUUHLLL
               8000 UDUDDDDLLLH
               8100 UDUDDDULLHL
               8200 UDUDDUDLHLL
               8300 UDUDDUULHLH
               8400 UDUDUDDLLLL
               8500 UDUDUDULHLL
               8600 UDUDUUDLHLH
               8700 UDUDUUUHLLH
               8800 UDUUDDDLLLH
               8900 UDUUDDULLHL
               9000 UDUUDUDLHLL
               9100 UDUUDUULHLH
               9200 UDUUUDDLLLL
               9300 UDUUUDULHLL
               9400 UDUUUUDLHLH
               9500 UDUUUUUHLLH
               9600 UUDDDDDLLLL
               9700 UUDDDDULLLH
               9800 UUDDDUDLHLH
               9900 UUDDDUULHHL
              10000 UUDDUDDLHLL
              10100 UUDDUDUHLLL
              10200 UUDDUUDLLLH
              10300 UUDDUUULHLH
              10400 UUDUDDDLLLL
              10500 UUDUDDULLLH
              10600 UUDUDUDLHLH
              10700 UUDUDUULHHL
              10800 UUDUUDDLHLL
              10900 UUDUUDUHLLL
              11000 UUDUUUDLLLH
              11100 UUDUUUULHLH
