                  0 UUNLLDNNNNNNNNNNNNNNNN
                 80 DUNLLDNNNNNNNNNNNNNNNN
                160 UUNLLDNNNNNNNNNNNNNNNN
                240 DUNLLDNNNNNNNNNNNNNNNN
                300 DDDLLDDDDDDDUDDDDDUDUD
                320 UDDLLDDDDDDDUDDDDDUDUD
                400 DDDLLDDDDDDDUDDDDDUDUD
                460 DDULLUDDDDDDUDDDDDUDUD
                480 UDULLUDDDDDDUDDDDDUDUD
                560 DDULLUDDDDDDUDDDDDUDUD
                620 DDDLLDDDDDUDUDDDDDUDUD
                640 UDDLLDDDDDUDUDDDDDUDUD
                720 DDDLLDDDDDUDUDDDDDUDUD
                780 DDULLUDDDDUDUDDDDDUDUD
                800 UDULLUDDDDUDUDDDDDUDUD
                880 DDULLUDDDDUDUDDDDDUDUD
                940 DDDLLDDDUDUDUDDDDDUDUD
                960 UDDLHDDDUDUDUDDDDDUDUD
               1040 DDDLHDDDUDUDUDDDDDUDUD
               1100 DDULHUDDUDUDUDDDDDUDUD
               1120 UDULHUDDUDUDUDDDDDUDUD
               1200 DDULHUDDUDUDUDDDDDUDUD
               1260 DDDLHUDDUDUDUDDDDDUDUD
               1280 UDDHHUDDUDUDUDDDDDUDUD
               1360 DDDHHUDDUDUDUDDDDDUDUD
               1420 DDDHHDDDDDDDUDDDDDUDUD
               1440 UDDHHDDDDDDDUDDDDDUDUD
               1520 DDDHHDDDDDDDUDDDDDUDUD
               1580 DDDHHDDDDDUDUDDDDDUDUD
               1600 UDDHHDDDDDUDUDDDDDUDUD
               1680 DDDHHDDDDDUDUDDDDDUDUD
               1740 DDDHHDDDUDUDUDDDDDUDUD
               1760 UDDLHDDDUDUDUDDDDDUDUD
               1840 DDDLHDDDUDUDUDDDDDUDUD
               1900 DDDLHDDDUDUDUDDDDDDDUD
               1920 UDDLHDDDUDUDUDDDDDDDUD
               2000 DDDLHDDDUDUDUDDDDDDDUD
               2060 DDDLHDDDUDUDUDDDDDUDUD
               2080 UDDLHDDDUDUDUDDDDDUDUD
               2160 DDDLHDDDUDUDUDDDDDUDUD
               2220 DDDLHDDDUDUDUDDDUDUDUD
               2240 UDDLLDDDUDUDUDDDUDUDUD
               2320 DDDLLDDDUDUDUDDDUDUDUD
               2380 DDDLLDDDDDDDDUDDUDUDUD
               2400 UDDLLDDDDDDDDUDDUDUDUD
               2480 DDDLLDDDDDDDDUDDUDUDUD
               2540 DDULLUDDDDDDDUDDUDUDUD
               2560 UDULLUDDDDDDDUDDUDUDUD
               2640 DDULLUDDDDDDDUDDUDUDUD
               2700 DDDLLDDDDDDDDUDDUDUDUD
               2720 UDDHLDDDDDDDDUDDUDUDUD
               2800 DDDHLDDDDDDDDUDDUDUDUD
               2860 DDDHLDUDDDDDDUDDUDUDUD
               2880 UDDLLDUDDDDDDUDDUDUDUD
               2960 DDDLLDUDDDDDDUDDUDUDUD
               3020 DDULLUUDDDDDDUDDUDUDUD
               3040 UDULLUUDDDDDDUDDUDUDUD
               3120 DDULLUUDDDDDDUDDUDUDUD
               3180 DDDLLDUDDDDDDUDDUDUDUD
               3200 UDDHLDUDDDDDDUDDUDUDUD
               3280 DDDHLDUDDDDDDUDDUDUDUD
               3340 DDDHLDDDDDDDDUDDUDUDUD
               3360 UDDHLDDDDDDDDUDDUDUDUD
               3440 DDDHLDDDDDDDDUDDUDUDUD
               3500 DUDLLDDDDDDDDUDDUDUDUD
               3520 UUDLLDDDDDDDDUDDUDUDUD
               3600 DUDLLDDDDDDDDUDDUDUDUD
               3680 UUDLLDDDDDDDDUDDUDUDUD
               3760 DUDLLDDDDDDDDUDDUDUDUD
               3800 DDDLLDDDDDDDUDDDDDUDUD
               3840 UDDLLDDDDDDDUDDDDDUDUD
               3920 DDDLLDDDDDDDUDDDDDUDUD
               3960 DDULLUDDDDDDUDDDDDUDUD
               4000 UDULLUDDDDDDUDDDDDUDUD
               4080 DDULLUDDDDDDUDDDDDUDUD
               4120 DDDLLDDDDDUDUDDDDDUDUD
               4160 UDDLLDDDDDUDUDDDDDUDUD
               4240 DDDLLDDDDDUDUDDDDDUDUD
               4280 DDULLUDDDDUDUDDDDDUDUD
               4320 UDULLUDDDDUDUDDDDDUDUD
               4400 DDULLUDDDDUDUDDDDDUDUD
               4440 DDDLLDDDUDUDUDDDDDUDUD
               4480 UDDLHDDDUDUDUDDDDDUDUD
               4560 DDDLHDDDUDUDUDDDDDUDUD
               4600 DDULHUDDUDUDUDDDDDUDUD
               4640 UDULHUDDUDUDUDDDDDUDUD
               4720 DDULHUDDUDUDUDDDDDUDUD
               4760 DDDLHUDDUDUDUDDDDDUDUD
               4800 UDDHHUDDUDUDUDDDDDUDUD
               4880 DDDHHUDDUDUDUDDDDDUDUD
               4920 DDDHHDDDDDDDUDDDDDUDUD
               4960 UDDHHDDDDDDDUDDDDDUDUD
               5040 DDDHHDDDDDDDUDDDDDUDUD
               5080 DDDHHDDDDDUDUDDDDDUDUD
               5120 UDDHHDDDDDUDUDDDDDUDUD
               5200 DDDHHDDDDDUDUDDDDDUDUD
               5240 DDDHHDDDUDUDUDDDDDUDUD
               5280 UDDLHDDDUDUDUDDDDDUDUD
               5360 DDDLHDDDUDUDUDDDDDUDUD
               5400 DDDLHDDDUDUDUDDDDDDDUD
               5440 UDDLHDDDUDUDUDDDDDDDUD
               5520 DDDLHDDDUDUDUDDDDDDDUD
               5560 DDDLHDDDUDUDUDDDDDUDUD
               5600 UDDLHDDDUDUDUDDDDDUDUD
               5680 DDDLHDDDUDUDUDDDDDUDUD
               5720 DDDLHDDDUDUDUDDDUDUDUD
               5760 UDDLLDDDUDUDUDDDUDUDUD
               5840 DDDLLDDDUDUDUDDDUDUDUD
               5880 DDDLLDDDDDDDDUDDUDUDUD
               5920 UDDLLDDDDDDDDUDDUDUDUD
               6000 DDDLLDDDDDDDDUDDUDUDUD
               6040 DDULLUDDDDDDDUDDUDUDUD
               6080 UDULLUDDDDDDDUDDUDUDUD
               6160 DDULLUDDDDDDDUDDUDUDUD
               6200 DDDLLDDDDDDDDUDDUDUDUD
               6240 UDDHLDDDDDDDDUDDUDUDUD
               6320 DDDHLDDDDDDDDUDDUDUDUD
               6360 DDDHLDUDDDDDDUDDUDUDUD
               6400 UDDLLDUDDDDDDUDDUDUDUD
               6480 DDDLLDUDDDDDDUDDUDUDUD
               6520 DDULLUUDDDDDDUDDUDUDUD
               6560 UDULLUUDDDDDDUDDUDUDUD
               6640 DDULLUUDDDDDDUDDUDUDUD
               6680 DDDLLDUDDDDDDUDDUDUDUD
               6720 UDDHLDUDDDDDDUDDUDUDUD
               6800 DDDHLDUDDDDDDUDDUDUDUD
               6840 DDDHLDDDDDDDDUDDUDUDUD
               6880 UDDHLDDDDDDDDUDDUDUDUD
               6960 DDDHLDDDDDDDDUDDUDUDUD
               7000 DUDLLDDDDDDDDUDDUDUDUD
               7040 UUDLLDDDDDDDDUDDUDUDUD
               7120 DUDLLDDDDDDDDUDDUDUDUD
               7200 UUDLLDDDDDDDDUDDUDUDUD
               7280 DUDLLDDDDDDDDUDDUDUDUD
               7300 DDDLLDDDDDDDUDDDDDUDUD
               7360 UDDLLDDDDDDDUDDDDDUDUD
               7440 DDDLLDDDDDDDUDDDDDUDUD
               7460 DDULLUDDDDDDUDDDDDUDUD
               7520 UDULLUDDDDDDUDDDDDUDUD
               7600 DDULLUDDDDDDUDDDDDUDUD
               7620 DDDLLDDDDDUDUDDDDDUDUD
               7680 UDDLLDDDDDUDUDDDDDUDUD
               7760 DDDLLDDDDDUDUDDDDDUDUD
               7780 DDULLUDDDDUDUDDDDDUDUD
               7840 UDULLUDDDDUDUDDDDDUDUD
               7920 DDULLUDDDDUDUDDDDDUDUD
               7940 DDDLLDDDUDUDUDDDDDUDUD
               8000 UDDLHDDDUDUDUDDDDDUDUD
               8080 DDDLHDDDUDUDUDDDDDUDUD
               8100 DDULHUDDUDUDUDDDDDUDUD
               8160 UDULHUDDUDUDUDDDDDUDUD
               8240 DDULHUDDUDUDUDDDDDUDUD
               8260 DDDLHUDDUDUDUDDDDDUDUD
               8320 UDDHHUDDUDUDUDDDDDUDUD
               8400 DDDHHUDDUDUDUDDDDDUDUD
               8420 DDDHHDDDDDDDUDDDDDUDUD
               8480 UDDHHDDDDDDDUDDDDDUDUD
               8560 DDDHHDDDDDDDUDDDDDUDUD
               8580 DDDHHDDDDDUDUDDDDDUDUD
               8640 UDDHHDDDDDUDUDDDDDUDUD
               8720 DDDHHDDDDDUDUDDDDDUDUD
               8740 DDDHHDDDUDUDUDDDDDUDUD
               8800 UDDLHDDDUDUDUDDDDDUDUD
               8880 DDDLHDDDUDUDUDDDDDUDUD
               8900 DDDLHDDDUDUDUDDDDDDDUD
               8960 UDDLHDDDUDUDUDDDDDDDUD
               9040 DDDLHDDDUDUDUDDDDDDDUD
               9060 DDDLHDDDUDUDUDDDDDUDUD
               9120 UDDLHDDDUDUDUDDDDDUDUD
               9200 DDDLHDDDUDUDUDDDDDUDUD
               9220 DDDLHDDDUDUDUDDDUDUDUD
               9280 UDDLLDDDUDUDUDDDUDUDUD
               9360 DDDLLDDDUDUDUDDDUDUDUD
               9380 DDDLLDDDDDDDDUDDUDUDUD
               9440 UDDLLDDDDDDDDUDDUDUDUD
               9520 DDDLLDDDDDDDDUDDUDUDUD
               9540 DDULLUDDDDDDDUDDUDUDUD
               9600 UDULLUDDDDDDDUDDUDUDUD
               9680 DDULLUDDDDDDDUDDUDUDUD
               9700 DDDLLDDDDDDDDUDDUDUDUD
               9760 UDDHLDDDDDDDDUDDUDUDUD
               9840 DDDHLDDDDDDDDUDDUDUDUD
               9860 DDDHLDUDDDDDDUDDUDUDUD
               9920 UDDLLDUDDDDDDUDDUDUDUD
              10000 DDDLLDUDDDDDDUDDUDUDUD
              10020 DDULLUUDDDDDDUDDUDUDUD
              10080 UDULLUUDDDDDDUDDUDUDUD
              10160 DDULLUUDDDDDDUDDUDUDUD
              10180 DDDLLDUDDDDDDUDDUDUDUD
              10240 UDDHLDUDDDDDDUDDUDUDUD
              10320 DDDHLDUDDDDDDUDDUDUDUD
              10340 DDDHLDDDDDDDDUDDUDUDUD
              10400 UDDHLDDDDDDDDUDDUDUDUD
              10480 DDDHLDDDDDDDDUDDUDUDUD
              10500 DUDLLDDDDDDDDUDDUDUDUD
              10560 UUDLLDDDDDDDDUDDUDUDUD
              10640 DUDLLDDDDDDDDUDDUDUDUD
              10720 UUDLLDDDDDDDDUDDUDUDUD
              10800 DDDLLDDDDDDDUDDDDDUDUD
              10880 UDDLLDDDDDDDUDDDDDUDUD
              10960 DDULLUDDDDDDUDDDDDUDUD
              11040 UDULLUDDDDDDUDDDDDUDUD
              11120 DDDLLDDDDDUDUDDDDDUDUD
              11200 UDDLLDDDDDUDUDDDDDUDUD
              11280 DDULLUDDDDUDUDDDDDUDUD
              11360 UDULLUDDDDUDUDDDDDUDUD
              11440 DDDLLDDDUDUDUDDDDDUDUD
              11520 UDDLHDDDUDUDUDDDDDUDUD
              11600 DDULHUDDUDUDUDDDDDUDUD
              11680 UDULHUDDUDUDUDDDDDUDUD
              11760 DDDLHUDDUDUDUDDDDDUDUD
              11840 UDDHHUDDUDUDUDDDDDUDUD
              11920 DDDHHDDDDDDDUDDDDDUDUD
              12000 UDDHHDDDDDDDUDDDDDUDUD
              12080 DDDHHDDDDDUDUDDDDDUDUD
              12160 UDDHHDDDDDUDUDDDDDUDUD
              12240 DDDHHDDDUDUDUDDDDDUDUD
              12320 UDDLHDDDUDUDUDDDDDUDUD
              12400 DDDLHDDDUDUDUDDDDDDDUD
              12480 UDDLHDDDUDUDUDDDDDDDUD
              12560 DDDLHDDDUDUDUDDDDDUDUD
              12640 UDDLHDDDUDUDUDDDDDUDUD
              12720 DDDLHDDDUDUDUDDDUDUDUD
              12800 UDDLLDDDUDUDUDDDUDUDUD
              12880 DDDLLDDDDDDDDUDDUDUDUD
              12960 UDDLLDDDDDDDDUDDUDUDUD
              13040 DDULLUDDDDDDDUDDUDUDUD
              13120 UDULLUDDDDDDDUDDUDUDUD
              13200 DDDLLDDDDDDDDUDDUDUDUD
              13280 UDDHLDDDDDDDDUDDUDUDUD
              13360 DDDHLDUDDDDDDUDDUDUDUD
              13440 UDDLLDUDDDDDDUDDUDUDUD
              13520 DDULLUUDDDDDDUDDUDUDUD
              13600 UDULLUUDDDDDDUDDUDUDUD
              13680 DDDLLDUDDDDDDUDDUDUDUD
              13760 UDDHLDUDDDDDDUDDUDUDUD
              13840 DDDHLDDDDDDDDUDDUDUDUD
              13920 UDDHLDDDDDDDDUDDUDUDUD
              14000 DUDLLDDDDDDDDUDDUDUDUD
              14080 UUDLLDDDDDDDDUDDUDUDUD
              14160 DUDLLDDDDDDDDUDDUDUDUD
              14240 UUDLLDDDDDDDDUDDUDUDUD
              14300 UDDLLDDDDDDDUDDDDDUDUD
              14320 DDDLLDDDDDDDUDDDDDUDUD
              14400 UDDLLDDDDDDDUDDDDDUDUD
              14460 UDULLUDDDDDDUDDDDDUDUD
              14480 DDULLUDDDDDDUDDDDDUDUD
              14560 UDULLUDDDDDDUDDDDDUDUD
              14620 UDDLLDDDDDUDUDDDDDUDUD
              14640 DDDLLDDDDDUDUDDDDDUDUD
              14720 UDDLLDDDDDUDUDDDDDUDUD
              14780 UDULLUDDDDUDUDDDDDUDUD
              14800 DDULLUDDDDUDUDDDDDUDUD
              14880 UDULLUDDDDUDUDDDDDUDUD
              14940 UDDLLDDDUDUDUDDDDDUDUD
              14960 DDDLLDDDUDUDUDDDDDUDUD
              15040 UDDLHDDDUDUDUDDDDDUDUD
              15100 UDULHUDDUDUDUDDDDDUDUD
              15120 DDULHUDDUDUDUDDDDDUDUD
              15200 UDULHUDDUDUDUDDDDDUDUD
              15260 UDDLHUDDUDUDUDDDDDUDUD
              15280 DDDLHUDDUDUDUDDDDDUDUD
              15360 UDDHHUDDUDUDUDDDDDUDUD
              15420 UDDHHDDDDDDDUDDDDDUDUD
              15440 DDDHHDDDDDDDUDDDDDUDUD
              15520 UDDHHDDDDDDDUDDDDDUDUD
              15580 UDDHHDDDDDUDUDDDDDUDUD
              15600 DDDHHDDDDDUDUDDDDDUDUD
              15680 UDDHHDDDDDUDUDDDDDUDUD
              15740 UDDHHDDDUDUDUDDDDDUDUD
              15760 DDDHHDDDUDUDUDDDDDUDUD
              15840 UDDLHDDDUDUDUDDDDDUDUD
              15900 UDDLHDDDUDUDUDDDDDDDUD
              15920 DDDLHDDDUDUDUDDDDDDDUD
              16000 UDDLHDDDUDUDUDDDDDDDUD
              16060 UDDLHDDDUDUDUDDDDDUDUD
              16080 DDDLHDDDUDUDUDDDDDUDUD
              16160 UDDLHDDDUDUDUDDDDDUDUD
              16220 UDDLHDDDUDUDUDDDUDUDUD
              16240 DDDLHDDDUDUDUDDDUDUDUD
              16320 UDDLLDDDUDUDUDDDUDUDUD
              16380 UDDLLDDDDDDDDUDDUDUDUD
              16400 DDDLLDDDDDDDDUDDUDUDUD
              16480 UDDLLDDDDDDDDUDDUDUDUD
              16540 UDULLUDDDDDDDUDDUDUDUD
              16560 DDULLUDDDDDDDUDDUDUDUD
              16640 UDULLUDDDDDDDUDDUDUDUD
              16700 UDDLLDDDDDDDDUDDUDUDUD
              16720 DDDLLDDDDDDDDUDDUDUDUD
              16800 UDDHLDDDDDDDDUDDUDUDUD
              16860 UDDHLDUDDDDDDUDDUDUDUD
              16880 DDDHLDUDDDDDDUDDUDUDUD
              16960 UDDLLDUDDDDDDUDDUDUDUD
              17020 UDULLUUDDDDDDUDDUDUDUD
              17040 DDULLUUDDDDDDUDDUDUDUD
              17120 UDULLUUDDDDDDUDDUDUDUD
              17180 UDDLLDUDDDDDDUDDUDUDUD
              17200 DDDLLDUDDDDDDUDDUDUDUD
              17280 UDDHLDUDDDDDDUDDUDUDUD
              17340 UDDHLDDDDDDDDUDDUDUDUD
              17360 DDDHLDDDDDDDDUDDUDUDUD
              17440 UDDHLDDDDDDDDUDDUDUDUD
              17500 UUDLLDDDDDDDDUDDUDUDUD
              17520 DUDLLDDDDDDDDUDDUDUDUD
              17600 UUDLLDDDDDDDDUDDUDUDUD
              17680 DUDLLDDDDDDDDUDDUDUDUD
              17760 UUDLLDDDDDDDDUDDUDUDUD
              17800 UDDLLDDDDDDDUDDDDDUDUD
              17840 DDDLLDDDDDDDUDDDDDUDUD
              17920 UDDLLDDDDDDDUDDDDDUDUD
              17960 UDULLUDDDDDDUDDDDDUDUD
              18000 DDULLUDDDDDDUDDDDDUDUD
              18080 UDULLUDDDDDDUDDDDDUDUD
              18120 UDDLLDDDDDUDUDDDDDUDUD
              18160 DDDLLDDDDDUDUDDDDDUDUD
              18240 UDDLLDDDDDUDUDDDDDUDUD
              18280 UDULLUDDDDUDUDDDDDUDUD
              18320 DDULLUDDDDUDUDDDDDUDUD
              18400 UDULLUDDDDUDUDDDDDUDUD
              18440 UDDLLDDDUDUDUDDDDDUDUD
              18480 DDDLLDDDUDUDUDDDDDUDUD
              18560 UDDLHDDDUDUDUDDDDDUDUD
              18600 UDULHUDDUDUDUDDDDDUDUD
              18640 DDULHUDDUDUDUDDDDDUDUD
              18720 UDULHUDDUDUDUDDDDDUDUD
              18760 UDDLHUDDUDUDUDDDDDUDUD
              18800 DDDLHUDDUDUDUDDDDDUDUD
              18880 UDDHHUDDUDUDUDDDDDUDUD
              18920 UDDHHDDDDDDDUDDDDDUDUD
              18960 DDDHHDDDDDDDUDDDDDUDUD
              19040 UDDHHDDDDDDDUDDDDDUDUD
              19080 UDDHHDDDDDUDUDDDDDUDUD
              19120 DDDHHDDDDDUDUDDDDDUDUD
              19200 UDDHHDDDDDUDUDDDDDUDUD
              19240 UDDHHDDDUDUDUDDDDDUDUD
              19280 DDDHHDDDUDUDUDDDDDUDUD
              19360 UDDLHDDDUDUDUDDDDDUDUD
              19400 UDDLHDDDUDUDUDDDDDDDUD
              19440 DDDLHDDDUDUDUDDDDDDDUD
              19520 UDDLHDDDUDUDUDDDDDDDUD
              19560 UDDLHDDDUDUDUDDDDDUDUD
              19600 DDDLHDDDUDUDUDDDDDUDUD
              19680 UDDLHDDDUDUDUDDDDDUDUD
              19720 UDDLHDDDUDUDUDDDUDUDUD
              19760 DDDLHDDDUDUDUDDDUDUDUD
              19840 UDDLLDDDUDUDUDDDUDUDUD
              19880 UDDLLDDDDDDDDUDDUDUDUD
              19920 DDDLLDDDDDDDDUDDUDUDUD
              20000 UDDLLDDDDDDDDUDDUDUDUD
