====================================================================================================================================
                                                               S L S                                                                
                                                            version: 3.3                                                            
                                                S I M U L A T I O N   R E S U L T S                                                 
====================================================================================================================================
 time         | c   r   d   d   d   w   a   a   a   a   a   a   a   a   a   a   a   a   a   a   a   a 
 in 1e-09 sec | l   s   i   o   o   e   d   d   d   d   d   d   d   d   d   d   d   d   d   d   d   d 
              | k   t       1   2       d   d   d   d   d   d   d   d   d   d   d   d   d   d   d   d 
              |                         r   r   r   r   r   r   r   r   r   r   r   r   r   r   r   r 
              |                         1   1   1   1   1   1   1   1   2   2   2   2   2   2   2   2 
              |                         _   _   _   _   _   _   _   _   _   _   _   _   _   _   _   _ 
              |                         7   7   7   7   7   7   7   7   7   7   7   7   7   7   7   7 
              |                         _   _   _   _   _   _   _   _   _   _   _   _   _   _   _   _ 
              |                         0   0   0   0   0   0   0   0   0   0   0   0   0   0   0   0 
              |                         _   _   _   _   _   _   _   _   _   _   _   _   _   _   _   _ 
              |                         7   6   5   4   3   2   1   0   7   6   5   4   3   2   1   0 
====================================================================================================================================
          0.0 | 1   1   x   0   0   0   x   x   x   x   x   x   x   x   x   x   x   x   x   x   x   x
         80.0 | 0   1   x   0   0   0   x   x   x   x   x   x   x   x   x   x   x   x   x   x   x   x
        160.0 | 1   1   x   0   0   0   x   x   x   x   x   x   x   x   x   x   x   x   x   x   x   x
        240.0 | 0   1   x   0   0   0   x   x   x   x   x   x   x   x   x   x   x   x   x   x   x   x
        300.0 | 0   0   0   0   0   0   0   0   0   0   0   0   1   0   0   0   0   0   1   0   1   0
        320.0 | 1   0   0   0   0   0   0   0   0   0   0   0   1   0   0   0   0   0   1   0   1   0
        400.0 | 0   0   0   0   0   0   0   0   0   0   0   0   1   0   0   0   0   0   1   0   1   0
        460.0 | 0   0   1   0   0   1   0   0   0   0   0   0   1   0   0   0   0   0   1   0   1   0
        480.0 | 1   0   1   0   0   1   0   0   0   0   0   0   1   0   0   0   0   0   1   0   1   0
        560.0 | 0   0   1   0   0   1   0   0   0   0   0   0   1   0   0   0   0   0   1   0   1   0
        620.0 | 0   0   0   0   0   0   0   0   0   0   1   0   1   0   0   0   0   0   1   0   1   0
        640.0 | 1   0   0   0   0   0   0   0   0   0   1   0   1   0   0   0   0   0   1   0   1   0
        720.0 | 0   0   0   0   0   0   0   0   0   0   1   0   1   0   0   0   0   0   1   0   1   0
        780.0 | 0   0   1   0   0   1   0   0   0   0   1   0   1   0   0   0   0   0   1   0   1   0
        800.0 | 1   0   1   0   0   1   0   0   0   0   1   0   1   0   0   0   0   0   1   0   1   0
        880.0 | 0   0   1   0   0   1   0   0   0   0   1   0   1   0   0   0   0   0   1   0   1   0
        940.0 | 0   0   0   0   0   0   0   0   1   0   1   0   1   0   0   0   0   0   1   0   1   0
        960.0 | 1   0   0   0   0   0   0   0   1   0   1   0   1   0   0   0   0   0   1   0   1   0
        960.9 | 1   0   0   0   1   0   0   0   1   0   1   0   1   0   0   0   0   0   1   0   1   0
       1040.0 | 0   0   0   0   1   0   0   0   1   0   1   0   1   0   0   0   0   0   1   0   1   0
       1100.0 | 0   0   1   0   1   1   0   0   1   0   1   0   1   0   0   0   0   0   1   0   1   0
       1120.0 | 1   0   1   0   1   1   0   0   1   0   1   0   1   0   0   0   0   0   1   0   1   0
       1200.0 | 0   0   1   0   1   1   0   0   1   0   1   0   1   0   0   0   0   0   1   0   1   0
       1260.0 | 0   0   0   0   1   1   0   0   1   0   1   0   1   0   0   0   0   0   1   0   1   0
       1280.0 | 1   0   0   0   1   1   0   0   1   0   1   0   1   0   0   0   0   0   1   0   1   0
       1280.9 | 1   0   0   1   1   1   0   0   1   0   1   0   1   0   0   0   0   0   1   0   1   0
       1360.0 | 0   0   0   1   1   1   0   0   1   0   1   0   1   0   0   0   0   0   1   0   1   0
       1420.0 | 0   0   0   1   1   0   0   0   0   0   0   0   1   0   0   0   0   0   1   0   1   0
       1440.0 | 1   0   0   1   1   0   0   0   0   0   0   0   1   0   0   0   0   0   1   0   1   0
       1520.0 | 0   0   0   1   1   0   0   0   0   0   0   0   1   0   0   0   0   0   1   0   1   0
       1580.0 | 0   0   0   1   1   0   0   0   0   0   1   0   1   0   0   0   0   0   1   0   1   0
       1600.0 | 1   0   0   1   1   0   0   0   0   0   1   0   1   0   0   0   0   0   1   0   1   0
       1680.0 | 0   0   0   1   1   0   0   0   0   0   1   0   1   0   0   0   0   0   1   0   1   0
       1740.0 | 0   0   0   1   1   0   0   0   1   0   1   0   1   0   0   0   0   0   1   0   1   0
       1760.0 | 1   0   0   1   1   0   0   0   1   0   1   0   1   0   0   0   0   0   1   0   1   0
       1760.8 | 1   0   0   0   1   0   0   0   1   0   1   0   1   0   0   0   0   0   1   0   1   0
       1840.0 | 0   0   0   0   1   0   0   0   1   0   1   0   1   0   0   0   0   0   1   0   1   0
       1900.0 | 0   0   0   0   1   0   0   0   1   0   1   0   1   0   0   0   0   0   0   0   1   0
       1920.0 | 1   0   0   0   1   0   0   0   1   0   1   0   1   0   0   0   0   0   0   0   1   0
       2000.0 | 0   0   0   0   1   0   0   0   1   0   1   0   1   0   0   0   0   0   0   0   1   0
       2060.0 | 0   0   0   0   1   0   0   0   1   0   1   0   1   0   0   0   0   0   1   0   1   0
       2080.0 | 1   0   0   0   1   0   0   0   1   0   1   0   1   0   0   0   0   0   1   0   1   0
       2160.0 | 0   0   0   0   1   0   0   0   1   0   1   0   1   0   0   0   0   0   1   0   1   0
       2220.0 | 0   0   0   0   1   0   0   0   1   0   1   0   1   0   0   0   1   0   1   0   1   0
       2240.0 | 1   0   0   0   1   0   0   0   1   0   1   0   1   0   0   0   1   0   1   0   1   0
       2240.8 | 1   0   0   0   0   0   0   0   1   0   1   0   1   0   0   0   1   0   1   0   1   0
       2320.0 | 0   0   0   0   0   0   0   0   1   0   1   0   1   0   0   0   1   0   1   0   1   0
       2380.0 | 0   0   0   0   0   0   0   0   0   0   0   0   0   1   0   0   1   0   1   0   1   0
       2400.0 | 1   0   0   0   0   0   0   0   0   0   0   0   0   1   0   0   1   0   1   0   1   0
       2480.0 | 0   0   0   0   0   0   0   0   0   0   0   0   0   1   0   0   1   0   1   0   1   0
       2540.0 | 0   0   1   0   0   1   0   0   0   0   0   0   0   1   0   0   1   0   1   0   1   0
       2560.0 | 1   0   1   0   0   1   0   0   0   0   0   0   0   1   0   0   1   0   1   0   1   0
       2640.0 | 0   0   1   0   0   1   0   0   0   0   0   0   0   1   0   0   1   0   1   0   1   0
       2700.0 | 0   0   0   0   0   0   0   0   0   0   0   0   0   1   0   0   1   0   1   0   1   0
       2720.0 | 1   0   0   0   0   0   0   0   0   0   0   0   0   1   0   0   1   0   1   0   1   0
       2720.9 | 1   0   0   1   0   0   0   0   0   0   0   0   0   1   0   0   1   0   1   0   1   0
       2800.0 | 0   0   0   1   0   0   0   0   0   0   0   0   0   1   0   0   1   0   1   0   1   0
       2860.0 | 0   0   0   1   0   0   1   0   0   0   0   0   0   1   0   0   1   0   1   0   1   0
       2880.0 | 1   0   0   1   0   0   1   0   0   0   0   0   0   1   0   0   1   0   1   0   1   0
       2880.8 | 1   0   0   0   0   0   1   0   0   0   0   0   0   1   0   0   1   0   1   0   1   0
       2960.0 | 0   0   0   0   0   0   1   0   0   0   0   0   0   1   0   0   1   0   1   0   1   0
       3020.0 | 0   0   1   0   0   1   1   0   0   0   0   0   0   1   0   0   1   0   1   0   1   0
       3040.0 | 1   0   1   0   0   1   1   0   0   0   0   0   0   1   0   0   1   0   1   0   1   0
       3120.0 | 0   0   1   0   0   1   1   0   0   0   0   0   0   1   0   0   1   0   1   0   1   0
       3180.0 | 0   0   0   0   0   0   1   0   0   0   0   0   0   1   0   0   1   0   1   0   1   0
       3200.0 | 1   0   0   0   0   0   1   0   0   0   0   0   0   1   0   0   1   0   1   0   1   0
       3200.9 | 1   0   0   1   0   0   1   0   0   0   0   0   0   1   0   0   1   0   1   0   1   0
       3280.0 | 0   0   0   1   0   0   1   0   0   0   0   0   0   1   0   0   1   0   1   0   1   0
       3340.0 | 0   0   0   1   0   0   0   0   0   0   0   0   0   1   0   0   1   0   1   0   1   0
       3360.0 | 1   0   0   1   0   0   0   0   0   0   0   0   0   1   0   0   1   0   1   0   1   0
       3440.0 | 0   0   0   1   0   0   0   0   0   0   0   0   0   1   0   0   1   0   1   0   1   0
       3500.0 | 0   1   0   1   0   0   0   0   0   0   0   0   0   1   0   0   1   0   1   0   1   0
       3500.7 | 0   1   0   0   0   0   0   0   0   0   0   0   0   1   0   0   1   0   1   0   1   0
       3520.0 | 1   1   0   0   0   0   0   0   0   0   0   0   0   1   0   0   1   0   1   0   1   0
       3600.0 | 0   1   0   0   0   0   0   0   0   0   0   0   0   1   0   0   1   0   1   0   1   0
       3680.0 | 1   1   0   0   0   0   0   0   0   0   0   0   0   1   0   0   1   0   1   0   1   0
       3760.0 | 0   1   0   0   0   0   0   0   0   0   0   0   0   1   0   0   1   0   1   0   1   0
       3800.0 | 0   0   0   0   0   0   0   0   0   0   0   0   1   0   0   0   0   0   1   0   1   0
       3840.0 | 1   0   0   0   0   0   0   0   0   0   0   0   1   0   0   0   0   0   1   0   1   0
       3920.0 | 0   0   0   0   0   0   0   0   0   0   0   0   1   0   0   0   0   0   1   0   1   0
       3960.0 | 0   0   1   0   0   1   0   0   0   0   0   0   1   0   0   0   0   0   1   0   1   0
       4000.0 | 1   0   1   0   0   1   0   0   0   0   0   0   1   0   0   0   0   0   1   0   1   0
       4080.0 | 0   0   1   0   0   1   0   0   0   0   0   0   1   0   0   0   0   0   1   0   1   0
       4120.0 | 0   0   0   0   0   0   0   0   0   0   1   0   1   0   0   0   0   0   1   0   1   0
       4160.0 | 1   0   0   0   0   0   0   0   0   0   1   0   1   0   0   0   0   0   1   0   1   0
       4240.0 | 0   0   0   0   0   0   0   0   0   0   1   0   1   0   0   0   0   0   1   0   1   0
       4280.0 | 0   0   1   0   0   1   0   0   0   0   1   0   1   0   0   0   0   0   1   0   1   0
       4320.0 | 1   0   1   0   0   1   0   0   0   0   1   0   1   0   0   0   0   0   1   0   1   0
       4400.0 | 0   0   1   0   0   1   0   0   0   0   1   0   1   0   0   0   0   0   1   0   1   0
       4440.0 | 0   0   0   0   0   0   0   0   1   0   1   0   1   0   0   0   0   0   1   0   1   0
       4480.0 | 1   0   0   0   0   0   0   0   1   0   1   0   1   0   0   0   0   0   1   0   1   0
       4480.9 | 1   0   0   0   1   0   0   0   1   0   1   0   1   0   0   0   0   0   1   0   1   0
       4560.0 | 0   0   0   0   1   0   0   0   1   0   1   0   1   0   0   0   0   0   1   0   1   0
       4600.0 | 0   0   1   0   1   1   0   0   1   0   1   0   1   0   0   0   0   0   1   0   1   0
       4640.0 | 1   0   1   0   1   1   0   0   1   0   1   0   1   0   0   0   0   0   1   0   1   0
       4720.0 | 0   0   1   0   1   1   0   0   1   0   1   0   1   0   0   0   0   0   1   0   1   0
       4760.0 | 0   0   0   0   1   1   0   0   1   0   1   0   1   0   0   0   0   0   1   0   1   0
       4800.0 | 1   0   0   0   1   1   0   0   1   0   1   0   1   0   0   0   0   0   1   0   1   0
       4800.9 | 1   0   0   1   1   1   0   0   1   0   1   0   1   0   0   0   0   0   1   0   1   0
       4880.0 | 0   0   0   1   1   1   0   0   1   0   1   0   1   0   0   0   0   0   1   0   1   0
       4920.0 | 0   0   0   1   1   0   0   0   0   0   0   0   1   0   0   0   0   0   1   0   1   0
       4960.0 | 1   0   0   1   1   0   0   0   0   0   0   0   1   0   0   0   0   0   1   0   1   0
       5040.0 | 0   0   0   1   1   0   0   0   0   0   0   0   1   0   0   0   0   0   1   0   1   0
       5080.0 | 0   0   0   1   1   0   0   0   0   0   1   0   1   0   0   0   0   0   1   0   1   0
       5120.0 | 1   0   0   1   1   0   0   0   0   0   1   0   1   0   0   0   0   0   1   0   1   0
       5200.0 | 0   0   0   1   1   0   0   0   0   0   1   0   1   0   0   0   0   0   1   0   1   0
       5240.0 | 0   0   0   1   1   0   0   0   1   0   1   0   1   0   0   0   0   0   1   0   1   0
       5280.0 | 1   0   0   1   1   0   0   0   1   0   1   0   1   0   0   0   0   0   1   0   1   0
       5280.8 | 1   0   0   0   1   0   0   0   1   0   1   0   1   0   0   0   0   0   1   0   1   0
       5360.0 | 0   0   0   0   1   0   0   0   1   0   1   0   1   0   0   0   0   0   1   0   1   0
       5400.0 | 0   0   0   0   1   0   0   0   1   0   1   0   1   0   0   0   0   0   0   0   1   0
       5440.0 | 1   0   0   0   1   0   0   0   1   0   1   0   1   0   0   0   0   0   0   0   1   0
       5520.0 | 0   0   0   0   1   0   0   0   1   0   1   0   1   0   0   0   0   0   0   0   1   0
       5560.0 | 0   0   0   0   1   0   0   0   1   0   1   0   1   0   0   0   0   0   1   0   1   0
       5600.0 | 1   0   0   0   1   0   0   0   1   0   1   0   1   0   0   0   0   0   1   0   1   0
       5680.0 | 0   0   0   0   1   0   0   0   1   0   1   0   1   0   0   0   0   0   1   0   1   0
       5720.0 | 0   0   0   0   1   0   0   0   1   0   1   0   1   0   0   0   1   0   1   0   1   0
       5760.0 | 1   0   0   0   1   0   0   0   1   0   1   0   1   0   0   0   1   0   1   0   1   0
       5760.8 | 1   0   0   0   0   0   0   0   1   0   1   0   1   0   0   0   1   0   1   0   1   0
       5840.0 | 0   0   0   0   0   0   0   0   1   0   1   0   1   0   0   0   1   0   1   0   1   0
       5880.0 | 0   0   0   0   0   0   0   0   0   0   0   0   0   1   0   0   1   0   1   0   1   0
       5920.0 | 1   0   0   0   0   0   0   0   0   0   0   0   0   1   0   0   1   0   1   0   1   0
       6000.0 | 0   0   0   0   0   0   0   0   0   0   0   0   0   1   0   0   1   0   1   0   1   0
       6040.0 | 0   0   1   0   0   1   0   0   0   0   0   0   0   1   0   0   1   0   1   0   1   0
       6080.0 | 1   0   1   0   0   1   0   0   0   0   0   0   0   1   0   0   1   0   1   0   1   0
       6160.0 | 0   0   1   0   0   1   0   0   0   0   0   0   0   1   0   0   1   0   1   0   1   0
       6200.0 | 0   0   0   0   0   0   0   0   0   0   0   0   0   1   0   0   1   0   1   0   1   0
       6240.0 | 1   0   0   0   0   0   0   0   0   0   0   0   0   1   0   0   1   0   1   0   1   0
       6240.9 | 1   0   0   1   0   0   0   0   0   0   0   0   0   1   0   0   1   0   1   0   1   0
       6320.0 | 0   0   0   1   0   0   0   0   0   0   0   0   0   1   0   0   1   0   1   0   1   0
       6360.0 | 0   0   0   1   0   0   1   0   0   0   0   0   0   1   0   0   1   0   1   0   1   0
       6400.0 | 1   0   0   1   0   0   1   0   0   0   0   0   0   1   0   0   1   0   1   0   1   0
       6400.8 | 1   0   0   0   0   0   1   0   0   0   0   0   0   1   0   0   1   0   1   0   1   0
       6480.0 | 0   0   0   0   0   0   1   0   0   0   0   0   0   1   0   0   1   0   1   0   1   0
       6520.0 | 0   0   1   0   0   1   1   0   0   0   0   0   0   1   0   0   1   0   1   0   1   0
       6560.0 | 1   0   1   0   0   1   1   0   0   0   0   0   0   1   0   0   1   0   1   0   1   0
       6640.0 | 0   0   1   0   0   1   1   0   0   0   0   0   0   1   0   0   1   0   1   0   1   0
       6680.0 | 0   0   0   0   0   0   1   0   0   0   0   0   0   1   0   0   1   0   1   0   1   0
       6720.0 | 1   0   0   0   0   0   1   0   0   0   0   0   0   1   0   0   1   0   1   0   1   0
       6720.9 | 1   0   0   1   0   0   1   0   0   0   0   0   0   1   0   0   1   0   1   0   1   0
       6800.0 | 0   0   0   1   0   0   1   0   0   0   0   0   0   1   0   0   1   0   1   0   1   0
       6840.0 | 0   0   0   1   0   0   0   0   0   0   0   0   0   1   0   0   1   0   1   0   1   0
       6880.0 | 1   0   0   1   0   0   0   0   0   0   0   0   0   1   0   0   1   0   1   0   1   0
       6960.0 | 0   0   0   1   0   0   0   0   0   0   0   0   0   1   0   0   1   0   1   0   1   0
       7000.0 | 0   1   0   1   0   0   0   0   0   0   0   0   0   1   0   0   1   0   1   0   1   0
       7000.7 | 0   1   0   0   0   0   0   0   0   0   0   0   0   1   0   0   1   0   1   0   1   0
       7040.0 | 1   1   0   0   0   0   0   0   0   0   0   0   0   1   0   0   1   0   1   0   1   0
       7120.0 | 0   1   0   0   0   0   0   0   0   0   0   0   0   1   0   0   1   0   1   0   1   0
       7200.0 | 1   1   0   0   0   0   0   0   0   0   0   0   0   1   0   0   1   0   1   0   1   0
       7280.0 | 0   1   0   0   0   0   0   0   0   0   0   0   0   1   0   0   1   0   1   0   1   0
       7300.0 | 0   0   0   0   0   0   0   0   0   0   0   0   1   0   0   0   0   0   1   0   1   0
       7360.0 | 1   0   0   0   0   0   0   0   0   0   0   0   1   0   0   0   0   0   1   0   1   0
       7440.0 | 0   0   0   0   0   0   0   0   0   0   0   0   1   0   0   0   0   0   1   0   1   0
       7460.0 | 0   0   1   0   0   1   0   0   0   0   0   0   1   0   0   0   0   0   1   0   1   0
       7520.0 | 1   0   1   0   0   1   0   0   0   0   0   0   1   0   0   0   0   0   1   0   1   0
       7600.0 | 0   0   1   0   0   1   0   0   0   0   0   0   1   0   0   0   0   0   1   0   1   0
       7620.0 | 0   0   0   0   0   0   0   0   0   0   1   0   1   0   0   0   0   0   1   0   1   0
       7680.0 | 1   0   0   0   0   0   0   0   0   0   1   0   1   0   0   0   0   0   1   0   1   0
       7760.0 | 0   0   0   0   0   0   0   0   0   0   1   0   1   0   0   0   0   0   1   0   1   0
       7780.0 | 0   0   1   0   0   1   0   0   0   0   1   0   1   0   0   0   0   0   1   0   1   0
       7840.0 | 1   0   1   0   0   1   0   0   0   0   1   0   1   0   0   0   0   0   1   0   1   0
       7920.0 | 0   0   1   0   0   1   0   0   0   0   1   0   1   0   0   0   0   0   1   0   1   0
       7940.0 | 0   0   0   0   0   0   0   0   1   0   1   0   1   0   0   0   0   0   1   0   1   0
       8000.0 | 1   0   0   0   0   0   0   0   1   0   1   0   1   0   0   0   0   0   1   0   1   0
       8000.9 | 1   0   0   0   1   0   0   0   1   0   1   0   1   0   0   0   0   0   1   0   1   0
       8080.0 | 0   0   0   0   1   0   0   0   1   0   1   0   1   0   0   0   0   0   1   0   1   0
       8100.0 | 0   0   1   0   1   1   0   0   1   0   1   0   1   0   0   0   0   0   1   0   1   0
       8160.0 | 1   0   1   0   1   1   0   0   1   0   1   0   1   0   0   0   0   0   1   0   1   0
       8240.0 | 0   0   1   0   1   1   0   0   1   0   1   0   1   0   0   0   0   0   1   0   1   0
       8260.0 | 0   0   0   0   1   1   0   0   1   0   1   0   1   0   0   0   0   0   1   0   1   0
       8320.0 | 1   0   0   0   1   1   0   0   1   0   1   0   1   0   0   0   0   0   1   0   1   0
       8320.9 | 1   0   0   1   1   1   0   0   1   0   1   0   1   0   0   0   0   0   1   0   1   0
       8400.0 | 0   0   0   1   1   1   0   0   1   0   1   0   1   0   0   0   0   0   1   0   1   0
       8420.0 | 0   0   0   1   1   0   0   0   0   0   0   0   1   0   0   0   0   0   1   0   1   0
       8480.0 | 1   0   0   1   1   0   0   0   0   0   0   0   1   0   0   0   0   0   1   0   1   0
       8560.0 | 0   0   0   1   1   0   0   0   0   0   0   0   1   0   0   0   0   0   1   0   1   0
       8580.0 | 0   0   0   1   1   0   0   0   0   0   1   0   1   0   0   0   0   0   1   0   1   0
       8640.0 | 1   0   0   1   1   0   0   0   0   0   1   0   1   0   0   0   0   0   1   0   1   0
       8720.0 | 0   0   0   1   1   0   0   0   0   0   1   0   1   0   0   0   0   0   1   0   1   0
       8740.0 | 0   0   0   1   1   0   0   0   1   0   1   0   1   0   0   0   0   0   1   0   1   0
       8800.0 | 1   0   0   1   1   0   0   0   1   0   1   0   1   0   0   0   0   0   1   0   1   0
       8800.8 | 1   0   0   0   1   0   0   0   1   0   1   0   1   0   0   0   0   0   1   0   1   0
       8880.0 | 0   0   0   0   1   0   0   0   1   0   1   0   1   0   0   0   0   0   1   0   1   0
       8900.0 | 0   0   0   0   1   0   0   0   1   0   1   0   1   0   0   0   0   0   0   0   1   0
       8960.0 | 1   0   0   0   1   0   0   0   1   0   1   0   1   0   0   0   0   0   0   0   1   0
       9040.0 | 0   0   0   0   1   0   0   0   1   0   1   0   1   0   0   0   0   0   0   0   1   0
       9060.0 | 0   0   0   0   1   0   0   0   1   0   1   0   1   0   0   0   0   0   1   0   1   0
       9120.0 | 1   0   0   0   1   0   0   0   1   0   1   0   1   0   0   0   0   0   1   0   1   0
       9200.0 | 0   0   0   0   1   0   0   0   1   0   1   0   1   0   0   0   0   0   1   0   1   0
       9220.0 | 0   0   0   0   1   0   0   0   1   0   1   0   1   0   0   0   1   0   1   0   1   0
       9280.0 | 1   0   0   0   1   0   0   0   1   0   1   0   1   0   0   0   1   0   1   0   1   0
       9280.8 | 1   0   0   0   0   0   0   0   1   0   1   0   1   0   0   0   1   0   1   0   1   0
       9360.0 | 0   0   0   0   0   0   0   0   1   0   1   0   1   0   0   0   1   0   1   0   1   0
       9380.0 | 0   0   0   0   0   0   0   0   0   0   0   0   0   1   0   0   1   0   1   0   1   0
       9440.0 | 1   0   0   0   0   0   0   0   0   0   0   0   0   1   0   0   1   0   1   0   1   0
       9520.0 | 0   0   0   0   0   0   0   0   0   0   0   0   0   1   0   0   1   0   1   0   1   0
       9540.0 | 0   0   1   0   0   1   0   0   0   0   0   0   0   1   0   0   1   0   1   0   1   0
       9600.0 | 1   0   1   0   0   1   0   0   0   0   0   0   0   1   0   0   1   0   1   0   1   0
       9680.0 | 0   0   1   0   0   1   0   0   0   0   0   0   0   1   0   0   1   0   1   0   1   0
       9700.0 | 0   0   0   0   0   0   0   0   0   0   0   0   0   1   0   0   1   0   1   0   1   0
       9760.0 | 1   0   0   0   0   0   0   0   0   0   0   0   0   1   0   0   1   0   1   0   1   0
       9760.9 | 1   0   0   1   0   0   0   0   0   0   0   0   0   1   0   0   1   0   1   0   1   0
       9840.0 | 0   0   0   1   0   0   0   0   0   0   0   0   0   1   0   0   1   0   1   0   1   0
       9860.0 | 0   0   0   1   0   0   1   0   0   0   0   0   0   1   0   0   1   0   1   0   1   0
       9920.0 | 1   0   0   1   0   0   1   0   0   0   0   0   0   1   0   0   1   0   1   0   1   0
       9920.8 | 1   0   0   0   0   0   1   0   0   0   0   0   0   1   0   0   1   0   1   0   1   0
      10000.0 | 0   0   0   0   0   0   1   0   0   0   0   0   0   1   0   0   1   0   1   0   1   0
      10020.0 | 0   0   1   0   0   1   1   0   0   0   0   0   0   1   0   0   1   0   1   0   1   0
      10080.0 | 1   0   1   0   0   1   1   0   0   0   0   0   0   1   0   0   1   0   1   0   1   0
      10160.0 | 0   0   1   0   0   1   1   0   0   0   0   0   0   1   0   0   1   0   1   0   1   0
      10180.0 | 0   0   0   0   0   0   1   0   0   0   0   0   0   1   0   0   1   0   1   0   1   0
      10240.0 | 1   0   0   0   0   0   1   0   0   0   0   0   0   1   0   0   1   0   1   0   1   0
      10240.9 | 1   0   0   1   0   0   1   0   0   0   0   0   0   1   0   0   1   0   1   0   1   0
      10320.0 | 0   0   0   1   0   0   1   0   0   0   0   0   0   1   0   0   1   0   1   0   1   0
      10340.0 | 0   0   0   1   0   0   0   0   0   0   0   0   0   1   0   0   1   0   1   0   1   0
      10400.0 | 1   0   0   1   0   0   0   0   0   0   0   0   0   1   0   0   1   0   1   0   1   0
      10480.0 | 0   0   0   1   0   0   0   0   0   0   0   0   0   1   0   0   1   0   1   0   1   0
      10500.0 | 0   1   0   1   0   0   0   0   0   0   0   0   0   1   0   0   1   0   1   0   1   0
      10500.7 | 0   1   0   0   0   0   0   0   0   0   0   0   0   1   0   0   1   0   1   0   1   0
      10560.0 | 1   1   0   0   0   0   0   0   0   0   0   0   0   1   0   0   1   0   1   0   1   0
      10640.0 | 0   1   0   0   0   0   0   0   0   0   0   0   0   1   0   0   1   0   1   0   1   0
      10720.0 | 1   1   0   0   0   0   0   0   0   0   0   0   0   1   0   0   1   0   1   0   1   0
      10800.0 | 0   0   0   0   0   0   0   0   0   0   0   0   1   0   0   0   0   0   1   0   1   0
      10880.0 | 1   0   0   0   0   0   0   0   0   0   0   0   1   0   0   0   0   0   1   0   1   0
      10960.0 | 0   0   1   0   0   1   0   0   0   0   0   0   1   0   0   0   0   0   1   0   1   0
      11040.0 | 1   0   1   0   0   1   0   0   0   0   0   0   1   0   0   0   0   0   1   0   1   0
      11120.0 | 0   0   0   0   0   0   0   0   0   0   1   0   1   0   0   0   0   0   1   0   1   0
      11200.0 | 1   0   0   0   0   0   0   0   0   0   1   0   1   0   0   0   0   0   1   0   1   0
      11280.0 | 0   0   1   0   0   1   0   0   0   0   1   0   1   0   0   0   0   0   1   0   1   0
      11360.0 | 1   0   1   0   0   1   0   0   0   0   1   0   1   0   0   0   0   0   1   0   1   0
      11440.0 | 0   0   0   0   0   0   0   0   1   0   1   0   1   0   0   0   0   0   1   0   1   0
      11520.0 | 1   0   0   0   0   0   0   0   1   0   1   0   1   0   0   0   0   0   1   0   1   0
      11520.9 | 1   0   0   0   1   0   0   0   1   0   1   0   1   0   0   0   0   0   1   0   1   0
      11600.0 | 0   0   1   0   1   1   0   0   1   0   1   0   1   0   0   0   0   0   1   0   1   0
      11680.0 | 1   0   1   0   1   1   0   0   1   0   1   0   1   0   0   0   0   0   1   0   1   0
      11760.0 | 0   0   0   0   1   1   0   0   1   0   1   0   1   0   0   0   0   0   1   0   1   0
      11840.0 | 1   0   0   0   1   1   0   0   1   0   1   0   1   0   0   0   0   0   1   0   1   0
      11840.9 | 1   0   0   1   1   1   0   0   1   0   1   0   1   0   0   0   0   0   1   0   1   0
      11920.0 | 0   0   0   1   1   0   0   0   0   0   0   0   1   0   0   0   0   0   1   0   1   0
      12000.0 | 1   0   0   1   1   0   0   0   0   0   0   0   1   0   0   0   0   0   1   0   1   0
      12080.0 | 0   0   0   1   1   0   0   0   0   0   1   0   1   0   0   0   0   0   1   0   1   0
      12160.0 | 1   0   0   1   1   0   0   0   0   0   1   0   1   0   0   0   0   0   1   0   1   0
      12240.0 | 0   0   0   1   1   0   0   0   1   0   1   0   1   0   0   0   0   0   1   0   1   0
      12320.0 | 1   0   0   1   1   0   0   0   1   0   1   0   1   0   0   0   0   0   1   0   1   0
      12320.8 | 1   0   0   0   1   0   0   0   1   0   1   0   1   0   0   0   0   0   1   0   1   0
      12400.0 | 0   0   0   0   1   0   0   0   1   0   1   0   1   0   0   0   0   0   0   0   1   0
      12480.0 | 1   0   0   0   1   0   0   0   1   0   1   0   1   0   0   0   0   0   0   0   1   0
      12560.0 | 0   0   0   0   1   0   0   0   1   0   1   0   1   0   0   0   0   0   1   0   1   0
      12640.0 | 1   0   0   0   1   0   0   0   1   0   1   0   1   0   0   0   0   0   1   0   1   0
      12720.0 | 0   0   0   0   1   0   0   0   1   0   1   0   1   0   0   0   1   0   1   0   1   0
      12800.0 | 1   0   0   0   1   0   0   0   1   0   1   0   1   0   0   0   1   0   1   0   1   0
      12800.8 | 1   0   0   0   0   0   0   0   1   0   1   0   1   0   0   0   1   0   1   0   1   0
      12880.0 | 0   0   0   0   0   0   0   0   0   0   0   0   0   1   0   0   1   0   1   0   1   0
      12960.0 | 1   0   0   0   0   0   0   0   0   0   0   0   0   1   0   0   1   0   1   0   1   0
      13040.0 | 0   0   1   0   0   1   0   0   0   0   0   0   0   1   0   0   1   0   1   0   1   0
      13120.0 | 1   0   1   0   0   1   0   0   0   0   0   0   0   1   0   0   1   0   1   0   1   0
      13200.0 | 0   0   0   0   0   0   0   0   0   0   0   0   0   1   0   0   1   0   1   0   1   0
      13280.0 | 1   0   0   0   0   0   0   0   0   0   0   0   0   1   0   0   1   0   1   0   1   0
      13280.9 | 1   0   0   1   0   0   0   0   0   0   0   0   0   1   0   0   1   0   1   0   1   0
      13360.0 | 0   0   0   1   0   0   1   0   0   0   0   0   0   1   0   0   1   0   1   0   1   0
      13440.0 | 1   0   0   1   0   0   1   0   0   0   0   0   0   1   0   0   1   0   1   0   1   0
      13440.8 | 1   0   0   0   0   0   1   0   0   0   0   0   0   1   0   0   1   0   1   0   1   0
      13520.0 | 0   0   1   0   0   1   1   0   0   0   0   0   0   1   0   0   1   0   1   0   1   0
      13600.0 | 1   0   1   0   0   1   1   0   0   0   0   0   0   1   0   0   1   0   1   0   1   0
      13680.0 | 0   0   0   0   0   0   1   0   0   0   0   0   0   1   0   0   1   0   1   0   1   0
      13760.0 | 1   0   0   0   0   0   1   0   0   0   0   0   0   1   0   0   1   0   1   0   1   0
      13760.9 | 1   0   0   1   0   0   1   0   0   0   0   0   0   1   0   0   1   0   1   0   1   0
      13840.0 | 0   0   0   1   0   0   0   0   0   0   0   0   0   1   0   0   1   0   1   0   1   0
      13920.0 | 1   0   0   1   0   0   0   0   0   0   0   0   0   1   0   0   1   0   1   0   1   0
      14000.0 | 0   1   0   1   0   0   0   0   0   0   0   0   0   1   0   0   1   0   1   0   1   0
      14000.6 | 0   1   0   0   0   0   0   0   0   0   0   0   0   1   0   0   1   0   1   0   1   0
      14080.0 | 1   1   0   0   0   0   0   0   0   0   0   0   0   1   0   0   1   0   1   0   1   0
      14160.0 | 0   1   0   0   0   0   0   0   0   0   0   0   0   1   0   0   1   0   1   0   1   0
      14240.0 | 1   1   0   0   0   0   0   0   0   0   0   0   0   1   0   0   1   0   1   0   1   0
      14300.0 | 1   0   0   0   0   0   0   0   0   0   0   0   1   0   0   0   0   0   1   0   1   0
      14320.0 | 0   0   0   0   0   0   0   0   0   0   0   0   1   0   0   0   0   0   1   0   1   0
      14400.0 | 1   0   0   0   0   0   0   0   0   0   0   0   1   0   0   0   0   0   1   0   1   0
      14460.0 | 1   0   1   0   0   1   0   0   0   0   0   0   1   0   0   0   0   0   1   0   1   0
      14480.0 | 0   0   1   0   0   1   0   0   0   0   0   0   1   0   0   0   0   0   1   0   1   0
      14560.0 | 1   0   1   0   0   1   0   0   0   0   0   0   1   0   0   0   0   0   1   0   1   0
      14620.0 | 1   0   0   0   0   0   0   0   0   0   1   0   1   0   0   0   0   0   1   0   1   0
      14640.0 | 0   0   0   0   0   0   0   0   0   0   1   0   1   0   0   0   0   0   1   0   1   0
      14720.0 | 1   0   0   0   0   0   0   0   0   0   1   0   1   0   0   0   0   0   1   0   1   0
      14780.0 | 1   0   1   0   0   1   0   0   0   0   1   0   1   0   0   0   0   0   1   0   1   0
      14800.0 | 0   0   1   0   0   1   0   0   0   0   1   0   1   0   0   0   0   0   1   0   1   0
      14880.0 | 1   0   1   0   0   1   0   0   0   0   1   0   1   0   0   0   0   0   1   0   1   0
      14940.0 | 1   0   0   0   0   0   0   0   1   0   1   0   1   0   0   0   0   0   1   0   1   0
      14960.0 | 0   0   0   0   0   0   0   0   1   0   1   0   1   0   0   0   0   0   1   0   1   0
      15040.0 | 1   0   0   0   0   0   0   0   1   0   1   0   1   0   0   0   0   0   1   0   1   0
      15040.9 | 1   0   0   0   1   0   0   0   1   0   1   0   1   0   0   0   0   0   1   0   1   0
      15100.0 | 1   0   1   0   1   1   0   0   1   0   1   0   1   0   0   0   0   0   1   0   1   0
      15120.0 | 0   0   1   0   1   1   0   0   1   0   1   0   1   0   0   0   0   0   1   0   1   0
      15200.0 | 1   0   1   0   1   1   0   0   1   0   1   0   1   0   0   0   0   0   1   0   1   0
      15260.0 | 1   0   0   0   1   1   0   0   1   0   1   0   1   0   0   0   0   0   1   0   1   0
      15280.0 | 0   0   0   0   1   1   0   0   1   0   1   0   1   0   0   0   0   0   1   0   1   0
      15360.0 | 1   0   0   0   1   1   0   0   1   0   1   0   1   0   0   0   0   0   1   0   1   0
      15360.9 | 1   0   0   1   1   1   0   0   1   0   1   0   1   0   0   0   0   0   1   0   1   0
      15420.0 | 1   0   0   1   1   0   0   0   0   0   0   0   1   0   0   0   0   0   1   0   1   0
      15440.0 | 0   0   0   1   1   0   0   0   0   0   0   0   1   0   0   0   0   0   1   0   1   0
      15520.0 | 1   0   0   1   1   0   0   0   0   0   0   0   1   0   0   0   0   0   1   0   1   0
      15580.0 | 1   0   0   1   1   0   0   0   0   0   1   0   1   0   0   0   0   0   1   0   1   0
      15600.0 | 0   0   0   1   1   0   0   0   0   0   1   0   1   0   0   0   0   0   1   0   1   0
      15680.0 | 1   0   0   1   1   0   0   0   0   0   1   0   1   0   0   0   0   0   1   0   1   0
      15740.0 | 1   0   0   1   1   0   0   0   1   0   1   0   1   0   0   0   0   0   1   0   1   0
      15760.0 | 0   0   0   1   1   0   0   0   1   0   1   0   1   0   0   0   0   0   1   0   1   0
      15840.0 | 1   0   0   1   1   0   0   0   1   0   1   0   1   0   0   0   0   0   1   0   1   0
      15840.8 | 1   0   0   0   1   0   0   0   1   0   1   0   1   0   0   0   0   0   1   0   1   0
      15900.0 | 1   0   0   0   1   0   0   0   1   0   1   0   1   0   0   0   0   0   0   0   1   0
      15920.0 | 0   0   0   0   1   0   0   0   1   0   1   0   1   0   0   0   0   0   0   0   1   0
      16000.0 | 1   0   0   0   1   0   0   0   1   0   1   0   1   0   0   0   0   0   0   0   1   0
      16060.0 | 1   0   0   0   1   0   0   0   1   0   1   0   1   0   0   0   0   0   1   0   1   0
      16080.0 | 0   0   0   0   1   0   0   0   1   0   1   0   1   0   0   0   0   0   1   0   1   0
      16160.0 | 1   0   0   0   1   0   0   0   1   0   1   0   1   0   0   0   0   0   1   0   1   0
      16220.0 | 1   0   0   0   1   0   0   0   1   0   1   0   1   0   0   0   1   0   1   0   1   0
      16240.0 | 0   0   0   0   1   0   0   0   1   0   1   0   1   0   0   0   1   0   1   0   1   0
      16320.0 | 1   0   0   0   1   0   0   0   1   0   1   0   1   0   0   0   1   0   1   0   1   0
      16320.8 | 1   0   0   0   0   0   0   0   1   0   1   0   1   0   0   0   1   0   1   0   1   0
      16380.0 | 1   0   0   0   0   0   0   0   0   0   0   0   0   1   0   0   1   0   1   0   1   0
      16400.0 | 0   0   0   0   0   0   0   0   0   0   0   0   0   1   0   0   1   0   1   0   1   0
      16480.0 | 1   0   0   0   0   0   0   0   0   0   0   0   0   1   0   0   1   0   1   0   1   0
      16540.0 | 1   0   1   0   0   1   0   0   0   0   0   0   0   1   0   0   1   0   1   0   1   0
      16560.0 | 0   0   1   0   0   1   0   0   0   0   0   0   0   1   0   0   1   0   1   0   1   0
      16640.0 | 1   0   1   0   0   1   0   0   0   0   0   0   0   1   0   0   1   0   1   0   1   0
      16700.0 | 1   0   0   0   0   0   0   0   0   0   0   0   0   1   0   0   1   0   1   0   1   0
      16720.0 | 0   0   0   0   0   0   0   0   0   0   0   0   0   1   0   0   1   0   1   0   1   0
      16800.0 | 1   0   0   0   0   0   0   0   0   0   0   0   0   1   0   0   1   0   1   0   1   0
      16800.9 | 1   0   0   1   0   0   0   0   0   0   0   0   0   1   0   0   1   0   1   0   1   0
      16860.0 | 1   0   0   1   0   0   1   0   0   0   0   0   0   1   0   0   1   0   1   0   1   0
      16880.0 | 0   0   0   1   0   0   1   0   0   0   0   0   0   1   0   0   1   0   1   0   1   0
      16960.0 | 1   0   0   1   0   0   1   0   0   0   0   0   0   1   0   0   1   0   1   0   1   0
      16960.8 | 1   0   0   0   0   0   1   0   0   0   0   0   0   1   0   0   1   0   1   0   1   0
      17020.0 | 1   0   1   0   0   1   1   0   0   0   0   0   0   1   0   0   1   0   1   0   1   0
      17040.0 | 0   0   1   0   0   1   1   0   0   0   0   0   0   1   0   0   1   0   1   0   1   0
      17120.0 | 1   0   1   0   0   1   1   0   0   0   0   0   0   1   0   0   1   0   1   0   1   0
      17180.0 | 1   0   0   0   0   0   1   0   0   0   0   0   0   1   0   0   1   0   1   0   1   0
      17200.0 | 0   0   0   0   0   0   1   0   0   0   0   0   0   1   0   0   1   0   1   0   1   0
      17280.0 | 1   0   0   0   0   0   1   0   0   0   0   0   0   1   0   0   1   0   1   0   1   0
      17280.9 | 1   0   0   1   0   0   1   0   0   0   0   0   0   1   0   0   1   0   1   0   1   0
      17340.0 | 1   0   0   1   0   0   0   0   0   0   0   0   0   1   0   0   1   0   1   0   1   0
      17360.0 | 0   0   0   1   0   0   0   0   0   0   0   0   0   1   0   0   1   0   1   0   1   0
      17440.0 | 1   0   0   1   0   0   0   0   0   0   0   0   0   1   0   0   1   0   1   0   1   0
      17500.0 | 1   1   0   1   0   0   0   0   0   0   0   0   0   1   0   0   1   0   1   0   1   0
      17500.6 | 1   1   0   0   0   0   0   0   0   0   0   0   0   1   0   0   1   0   1   0   1   0
      17520.0 | 0   1   0   0   0   0   0   0   0   0   0   0   0   1   0   0   1   0   1   0   1   0
      17600.0 | 1   1   0   0   0   0   0   0   0   0   0   0   0   1   0   0   1   0   1   0   1   0
      17680.0 | 0   1   0   0   0   0   0   0   0   0   0   0   0   1   0   0   1   0   1   0   1   0
      17760.0 | 1   1   0   0   0   0   0   0   0   0   0   0   0   1   0   0   1   0   1   0   1   0
      17800.0 | 1   0   0   0   0   0   0   0   0   0   0   0   1   0   0   0   0   0   1   0   1   0
      17840.0 | 0   0   0   0   0   0   0   0   0   0   0   0   1   0   0   0   0   0   1   0   1   0
      17920.0 | 1   0   0   0   0   0   0   0   0   0   0   0   1   0   0   0   0   0   1   0   1   0
      17960.0 | 1   0   1   0   0   1   0   0   0   0   0   0   1   0   0   0   0   0   1   0   1   0
      18000.0 | 0   0   1   0   0   1   0   0   0   0   0   0   1   0   0   0   0   0   1   0   1   0
      18080.0 | 1   0   1   0   0   1   0   0   0   0   0   0   1   0   0   0   0   0   1   0   1   0
      18120.0 | 1   0   0   0   0   0   0   0   0   0   1   0   1   0   0   0   0   0   1   0   1   0
      18160.0 | 0   0   0   0   0   0   0   0   0   0   1   0   1   0   0   0   0   0   1   0   1   0
      18240.0 | 1   0   0   0   0   0   0   0   0   0   1   0   1   0   0   0   0   0   1   0   1   0
      18280.0 | 1   0   1   0   0   1   0   0   0   0   1   0   1   0   0   0   0   0   1   0   1   0
      18320.0 | 0   0   1   0   0   1   0   0   0   0   1   0   1   0   0   0   0   0   1   0   1   0
      18400.0 | 1   0   1   0   0   1   0   0   0   0   1   0   1   0   0   0   0   0   1   0   1   0
      18440.0 | 1   0   0   0   0   0   0   0   1   0   1   0   1   0   0   0   0   0   1   0   1   0
      18480.0 | 0   0   0   0   0   0   0   0   1   0   1   0   1   0   0   0   0   0   1   0   1   0
      18560.0 | 1   0   0   0   0   0   0   0   1   0   1   0   1   0   0   0   0   0   1   0   1   0
      18560.9 | 1   0   0   0   1   0   0   0   1   0   1   0   1   0   0   0   0   0   1   0   1   0
      18600.0 | 1   0   1   0   1   1   0   0   1   0   1   0   1   0   0   0   0   0   1   0   1   0
      18640.0 | 0   0   1   0   1   1   0   0   1   0   1   0   1   0   0   0   0   0   1   0   1   0
      18720.0 | 1   0   1   0   1   1   0   0   1   0   1   0   1   0   0   0   0   0   1   0   1   0
      18760.0 | 1   0   0   0   1   1   0   0   1   0   1   0   1   0   0   0   0   0   1   0   1   0
      18800.0 | 0   0   0   0   1   1   0   0   1   0   1   0   1   0   0   0   0   0   1   0   1   0
      18880.0 | 1   0   0   0   1   1   0   0   1   0   1   0   1   0   0   0   0   0   1   0   1   0
      18880.9 | 1   0   0   1   1   1   0   0   1   0   1   0   1   0   0   0   0   0   1   0   1   0
      18920.0 | 1   0   0   1   1   0   0   0   0   0   0   0   1   0   0   0   0   0   1   0   1   0
      18960.0 | 0   0   0   1   1   0   0   0   0   0   0   0   1   0   0   0   0   0   1   0   1   0
      19040.0 | 1   0   0   1   1   0   0   0   0   0   0   0   1   0   0   0   0   0   1   0   1   0
      19080.0 | 1   0   0   1   1   0   0   0   0   0   1   0   1   0   0   0   0   0   1   0   1   0
      19120.0 | 0   0   0   1   1   0   0   0   0   0   1   0   1   0   0   0   0   0   1   0   1   0
      19200.0 | 1   0   0   1   1   0   0   0   0   0   1   0   1   0   0   0   0   0   1   0   1   0
      19240.0 | 1   0   0   1   1   0   0   0   1   0   1   0   1   0   0   0   0   0   1   0   1   0
      19280.0 | 0   0   0   1   1   0   0   0   1   0   1   0   1   0   0   0   0   0   1   0   1   0
      19360.0 | 1   0   0   1   1   0   0   0   1   0   1   0   1   0   0   0   0   0   1   0   1   0
      19360.8 | 1   0   0   0   1   0   0   0   1   0   1   0   1   0   0   0   0   0   1   0   1   0
      19400.0 | 1   0   0   0   1   0   0   0   1   0   1   0   1   0   0   0   0   0   0   0   1   0
      19440.0 | 0   0   0   0   1   0   0   0   1   0   1   0   1   0   0   0   0   0   0   0   1   0
      19520.0 | 1   0   0   0   1   0   0   0   1   0   1   0   1   0   0   0   0   0   0   0   1   0
      19560.0 | 1   0   0   0   1   0   0   0   1   0   1   0   1   0   0   0   0   0   1   0   1   0
      19600.0 | 0   0   0   0   1   0   0   0   1   0   1   0   1   0   0   0   0   0   1   0   1   0
      19680.0 | 1   0   0   0   1   0   0   0   1   0   1   0   1   0   0   0   0   0   1   0   1   0
      19720.0 | 1   0   0   0   1   0   0   0   1   0   1   0   1   0   0   0   1   0   1   0   1   0
      19760.0 | 0   0   0   0   1   0   0   0   1   0   1   0   1   0   0   0   1   0   1   0   1   0
      19840.0 | 1   0   0   0   1   0   0   0   1   0   1   0   1   0   0   0   1   0   1   0   1   0
      19840.8 | 1   0   0   0   0   0   0   0   1   0   1   0   1   0   0   0   1   0   1   0   1   0
      19880.0 | 1   0   0   0   0   0   0   0   0   0   0   0   0   1   0   0   1   0   1   0   1   0
      19920.0 | 0   0   0   0   0   0   0   0   0   0   0   0   0   1   0   0   1   0   1   0   1   0
      19999.9 | 0   0   0   0   0   0   0   0   0   0   0   0   0   1   0   0   1   0   1   0   1   0
====================================================================================================================================
  network : Sr_if                                                                                                     nodes : 6490  
====================================================================================================================================
