================================================================================
                                     S L S                                      
                                  version: 3.3                                  
                      S I M U L A T I O N   R E S U L T S                       
================================================================================
 time         | c   v   r   c   t   s   r 
 in 1e-09 sec | l   g   s   n   i   t   e 
              | k   a   t   t   m   a   a 
              |     _       _   e   r   d 
              |     c       r       t   y 
              |     l       s             
              |     k       t             
================================================================================
          0.0 | 1   1   1   0   x   x   x
          0.0 | 1   1   1   0   x   x   0
         82.0 | 0   1   1   0   x   x   0
        164.0 | 1   1   1   0   x   x   0
        246.0 | 0   1   1   0   x   x   0
        287.0 | 0   1   0   0   1   0   0
        328.0 | 1   1   0   0   1   0   0
        410.0 | 0   1   0   0   1   0   0
        451.0 | 0   1   0   0   1   1   0
        492.0 | 1   1   0   0   1   1   0
        574.0 | 0   1   0   0   1   1   0
        615.0 | 0   1   0   0   1   0   0
        656.0 | 1   1   0   0   1   0   0
        738.0 | 0   1   0   0   1   0   0
        800.0 | 0   0   0   0   1   0   0
        820.0 | 1   0   0   0   1   0   0
        902.0 | 0   0   0   0   1   0   0
        984.0 | 1   0   0   0   1   0   0
       1066.0 | 0   0   0   0   1   0   0
       1148.0 | 1   0   0   0   1   0   0
       1230.0 | 0   0   0   0   1   0   0
       1312.0 | 1   0   0   0   1   0   0
       1394.0 | 0   0   0   0   1   0   0
       1476.0 | 1   0   0   0   1   0   0
       1558.0 | 0   0   0   0   1   0   0
       1600.0 | 0   1   0   0   1   0   0
       1640.0 | 1   1   0   0   1   0   0
       1722.0 | 0   1   0   0   1   0   0
       1804.0 | 1   1   0   0   1   0   0
       1886.0 | 0   1   0   0   1   0   0
       1968.0 | 1   1   0   0   1   0   0
       2050.0 | 0   1   0   0   1   0   0
       2132.0 | 1   1   0   0   1   0   0
       2214.0 | 0   1   0   0   1   0   0
       2296.0 | 1   1   0   0   1   0   0
       2378.0 | 0   1   0   0   1   0   0
       2400.0 | 0   0   0   0   1   0   0
       2460.0 | 1   0   0   0   1   0   0
       2542.0 | 0   0   0   0   1   0   0
       2624.0 | 1   0   0   0   1   0   0
       2706.0 | 0   0   0   0   1   0   0
       2788.0 | 1   0   0   0   1   0   0
       2870.0 | 0   0   0   0   1   0   0
       2952.0 | 1   0   0   0   1   0   0
       3034.0 | 0   0   0   0   1   0   0
       3116.0 | 1   0   0   0   1   0   0
       3198.0 | 0   0   0   0   1   0   0
       3200.0 | 0   1   0   0   1   0   0
       3280.0 | 1   1   0   0   1   0   0
       3362.0 | 0   1   0   0   1   0   0
       3444.0 | 1   1   0   0   1   0   0
       3526.0 | 0   1   0   0   1   0   0
       3608.0 | 1   1   0   0   1   0   0
       3690.0 | 0   1   0   0   1   0   0
       3772.0 | 1   1   0   0   1   0   0
       3854.0 | 0   1   0   0   1   0   0
       3936.0 | 1   1   0   0   1   0   0
       4000.0 | 1   0   0   0   1   0   0
       4018.0 | 0   0   0   0   1   0   0
       4100.0 | 1   0   0   0   1   0   0
       4182.0 | 0   0   0   0   1   0   0
       4264.0 | 1   0   0   0   1   0   0
       4346.0 | 0   0   0   0   1   0   0
       4428.0 | 1   0   0   0   1   0   0
       4510.0 | 0   0   0   0   1   0   0
       4592.0 | 1   0   0   0   1   0   0
       4674.0 | 0   0   0   0   1   0   0
       4756.0 | 1   0   0   0   1   0   0
       4800.0 | 1   1   0   0   1   0   0
       4838.0 | 0   1   0   0   1   0   0
       4920.0 | 1   1   0   0   1   0   0
       5002.0 | 0   1   0   0   1   0   0
       5084.0 | 1   1   0   0   1   0   0
       5166.0 | 0   1   0   0   1   0   0
       5248.0 | 1   1   0   0   1   0   0
       5330.0 | 0   1   0   0   1   0   0
       5412.0 | 1   1   0   0   1   0   0
       5494.0 | 0   1   0   0   1   0   0
       5576.0 | 1   1   0   0   1   0   0
       5600.0 | 1   0   0   0   1   0   0
       5658.0 | 0   0   0   0   1   0   0
       5740.0 | 1   0   0   0   1   0   0
       5822.0 | 0   0   0   0   1   0   0
       5904.0 | 1   0   0   0   1   0   0
       5986.0 | 0   0   0   0   1   0   0
       6068.0 | 1   0   0   0   1   0   0
       6150.0 | 0   0   0   0   1   0   0
       6232.0 | 1   0   0   0   1   0   0
       6314.0 | 0   0   0   0   1   0   0
       6396.0 | 1   0   0   0   1   0   0
       6400.0 | 1   1   0   0   1   0   0
       6478.0 | 0   1   0   0   1   0   0
       6560.0 | 1   1   0   0   1   0   0
       6642.0 | 0   1   0   0   1   0   0
       6724.0 | 1   1   0   0   1   0   0
       6806.0 | 0   1   0   0   1   0   0
       6888.0 | 1   1   0   0   1   0   0
       6970.0 | 0   1   0   0   1   0   0
       7052.0 | 1   1   0   0   1   0   0
       7134.0 | 0   1   0   0   1   0   0
       7200.0 | 0   0   0   0   1   0   0
       7216.0 | 1   0   0   0   1   0   0
       7298.0 | 0   0   0   0   1   0   0
       7380.0 | 1   0   0   0   1   0   0
       7462.0 | 0   0   0   0   1   0   0
       7544.0 | 1   0   0   0   1   0   0
       7626.0 | 0   0   0   0   1   0   0
       7708.0 | 1   0   0   0   1   0   0
       7790.0 | 0   0   0   0   1   0   0
       7872.0 | 1   0   0   0   1   0   0
       7954.0 | 0   0   0   0   1   0   0
       8000.0 | 0   1   0   0   1   0   0
       8036.0 | 1   1   0   0   1   0   0
       8118.0 | 0   1   0   0   1   0   0
       8200.0 | 1   1   0   0   1   0   0
       8282.0 | 0   1   0   0   1   0   0
       8364.0 | 1   1   0   0   1   0   0
       8446.0 | 0   1   0   0   1   0   0
       8528.0 | 1   1   0   0   1   0   0
       8610.0 | 0   1   0   0   1   0   0
       8692.0 | 1   1   0   0   1   0   0
       8774.0 | 0   1   0   0   1   0   0
       8800.0 | 0   0   0   0   1   0   0
       8856.0 | 1   0   0   0   1   0   0
       8938.0 | 0   0   0   0   1   0   0
       9020.0 | 1   0   0   0   1   0   0
       9102.0 | 0   0   0   0   1   0   0
       9184.0 | 1   0   0   0   1   0   0
       9266.0 | 0   0   0   0   1   0   0
       9348.0 | 1   0   0   0   1   0   0
       9430.0 | 0   0   0   0   1   0   0
       9512.0 | 1   0   0   0   1   0   0
       9594.0 | 0   0   0   0   1   0   0
       9600.0 | 0   1   0   0   1   0   0
       9676.0 | 1   1   0   0   1   0   0
       9758.0 | 0   1   0   0   1   0   0
       9840.0 | 1   1   0   0   1   0   0
       9922.0 | 0   1   0   0   1   0   0
      10004.0 | 1   1   0   0   1   0   0
      10086.0 | 0   1   0   0   1   0   0
      10168.0 | 1   1   0   0   1   0   0
      10250.0 | 0   1   0   0   1   0   0
      10332.0 | 1   1   0   0   1   0   0
      10400.0 | 1   0   0   0   1   0   0
      10414.0 | 0   0   0   0   1   0   0
      10496.0 | 1   0   0   0   1   0   0
      10578.0 | 0   0   0   0   1   0   0
      10660.0 | 1   0   0   0   1   0   0
      10742.0 | 0   0   0   0   1   0   0
      10824.0 | 1   0   0   0   1   0   0
      10906.0 | 0   0   0   0   1   0   0
      10988.0 | 1   0   0   0   1   0   0
      11070.0 | 0   0   0   0   1   0   0
      11152.0 | 1   0   0   0   1   0   0
      11200.0 | 1   1   0   0   1   0   0
      11234.0 | 0   1   0   0   1   0   0
      11316.0 | 1   1   0   0   1   0   0
      11398.0 | 0   1   0   0   1   0   0
      11480.0 | 1   1   0   0   1   0   0
      11562.0 | 0   1   0   0   1   0   0
      11644.0 | 1   1   0   0   1   0   0
      11726.0 | 0   1   0   0   1   0   0
      11808.0 | 1   1   0   0   1   0   0
      11890.0 | 0   1   0   0   1   0   0
      11972.0 | 1   1   0   0   1   0   0
      12000.0 | 1   0   0   0   1   0   0
      12054.0 | 0   0   0   0   1   0   0
      12136.0 | 1   0   0   0   1   0   0
      12218.0 | 0   0   0   0   1   0   0
      12300.0 | 1   0   0   0   1   0   0
      12382.0 | 0   0   0   0   1   0   0
      12464.0 | 1   0   0   0   1   0   0
      12546.0 | 0   0   0   0   1   0   0
      12628.0 | 1   0   0   0   1   0   0
      12710.0 | 0   0   0   0   1   0   0
      12792.0 | 1   0   0   0   1   0   0
      12800.0 | 1   1   0   0   1   0   0
      12874.0 | 0   1   0   0   1   0   0
      12956.0 | 1   1   0   0   1   0   0
      13038.0 | 0   1   0   0   1   0   0
      13120.0 | 1   1   0   0   1   0   0
      13202.0 | 0   1   0   0   1   0   0
      13284.0 | 1   1   0   0   1   0   0
      13366.0 | 0   1   0   0   1   0   0
      13448.0 | 1   1   0   0   1   0   0
      13530.0 | 0   1   0   0   1   0   0
      13600.0 | 0   0   0   0   1   0   0
      13612.0 | 1   0   0   0   1   0   0
      13694.0 | 0   0   0   0   1   0   0
      13776.0 | 1   0   0   0   1   0   0
      13858.0 | 0   0   0   0   1   0   0
      13940.0 | 1   0   0   0   1   0   0
      14022.0 | 0   0   0   0   1   0   0
      14104.0 | 1   0   0   0   1   0   0
      14186.0 | 0   0   0   0   1   0   0
      14268.0 | 1   0   0   0   1   0   0
      14350.0 | 0   0   0   0   1   0   0
      14400.0 | 0   1   0   0   1   0   0
      14432.0 | 1   1   0   0   1   0   0
      14514.0 | 0   1   0   0   1   0   0
      14596.0 | 1   1   0   0   1   0   0
      14678.0 | 0   1   0   0   1   0   0
      14760.0 | 1   1   0   0   1   0   0
      14842.0 | 0   1   0   0   1   0   0
      14924.0 | 1   1   0   0   1   0   0
      15006.0 | 0   1   0   0   1   0   0
      15088.0 | 1   1   0   0   1   0   0
      15170.0 | 0   1   0   0   1   0   0
      15200.0 | 0   0   0   0   1   0   0
      15252.0 | 1   0   0   0   1   0   0
      15334.0 | 0   0   0   0   1   0   0
      15416.0 | 1   0   0   0   1   0   0
      15498.0 | 0   0   0   0   1   0   0
      15580.0 | 1   0   0   0   1   0   0
      15662.0 | 0   0   0   0   1   0   0
      15744.0 | 1   0   0   0   1   0   0
      15826.0 | 0   0   0   0   1   0   0
      15908.0 | 1   0   0   0   1   0   0
      15990.0 | 0   0   0   0   1   0   0
      16000.0 | 0   1   0   0   1   0   0
      16072.0 | 1   1   0   0   1   0   0
      16154.0 | 0   1   0   0   1   0   0
      16236.0 | 1   1   0   0   1   0   0
      16318.0 | 0   1   0   0   1   0   0
      16400.0 | 1   1   0   0   1   0   0
      16482.0 | 0   1   0   0   1   0   0
      16564.0 | 1   1   0   0   1   0   0
      16646.0 | 0   1   0   0   1   0   0
      16728.0 | 1   1   0   0   1   0   0
      16800.0 | 1   0   0   0   1   0   0
      16810.0 | 0   0   0   0   1   0   0
      16892.0 | 1   0   0   0   1   0   0
      16974.0 | 0   0   0   0   1   0   0
      17056.0 | 1   0   0   0   1   0   0
      17138.0 | 0   0   0   0   1   0   0
      17220.0 | 1   0   0   0   1   0   0
      17302.0 | 0   0   0   0   1   0   0
      17384.0 | 1   0   0   0   1   0   0
      17466.0 | 0   0   0   0   1   0   0
      17548.0 | 1   0   0   0   1   0   0
      17600.0 | 1   1   0   0   1   0   0
      17630.0 | 0   1   0   0   1   0   0
      17712.0 | 1   1   0   0   1   0   0
      17794.0 | 0   1   0   0   1   0   0
      17876.0 | 1   1   0   0   1   0   0
      17958.0 | 0   1   0   0   1   0   0
      18040.0 | 1   1   0   0   1   0   0
      18122.0 | 0   1   0   0   1   0   0
      18204.0 | 1   1   0   0   1   0   0
      18286.0 | 0   1   0   0   1   0   0
      18368.0 | 1   1   0   0   1   0   0
      18400.0 | 1   0   0   0   1   0   0
      18450.0 | 0   0   0   0   1   0   0
      18532.0 | 1   0   0   0   1   0   0
      18614.0 | 0   0   0   0   1   0   0
      18696.0 | 1   0   0   0   1   0   0
      18778.0 | 0   0   0   0   1   0   0
      18860.0 | 1   0   0   0   1   0   0
      18942.0 | 0   0   0   0   1   0   0
      19024.0 | 1   0   0   0   1   0   0
      19106.0 | 0   0   0   0   1   0   0
      19188.0 | 1   0   0   0   1   0   0
      19200.0 | 1   1   0   0   1   0   0
      19270.0 | 0   1   0   0   1   0   0
      19352.0 | 1   1   0   0   1   0   0
      19434.0 | 0   1   0   0   1   0   0
      19516.0 | 1   1   0   0   1   0   0
      19598.0 | 0   1   0   0   1   0   0
      19680.0 | 1   1   0   0   1   0   0
      19762.0 | 0   1   0   0   1   0   0
      19844.0 | 1   1   0   0   1   0   0
      19926.0 | 0   1   0   0   1   0   0
      20000.0 | 0   0   0   0   1   0   0
      20008.0 | 1   0   0   0   1   0   0
      20090.0 | 0   0   0   0   1   0   0
      20172.0 | 1   0   0   0   1   0   0
      20254.0 | 0   0   0   0   1   0   0
      20336.0 | 1   0   0   0   1   0   0
      20418.0 | 0   0   0   0   1   0   0
      20500.0 | 1   0   0   0   1   0   0
      20582.0 | 0   0   0   0   1   0   0
      20664.0 | 1   0   0   0   1   0   0
      20746.0 | 0   0   0   0   1   0   0
      20800.0 | 0   1   0   0   1   0   0
      20828.0 | 1   1   0   0   1   0   0
      20910.0 | 0   1   0   0   1   0   0
      20992.0 | 1   1   0   0   1   0   0
      21074.0 | 0   1   0   0   1   0   0
      21156.0 | 1   1   0   0   1   0   0
      21238.0 | 0   1   0   0   1   0   0
      21320.0 | 1   1   0   0   1   0   0
      21402.0 | 0   1   0   0   1   0   0
      21484.0 | 1   1   0   0   1   0   0
      21566.0 | 0   1   0   0   1   0   0
      21600.0 | 0   0   0   0   1   0   0
      21648.0 | 1   0   0   0   1   0   0
      21730.0 | 0   0   0   0   1   0   0
      21812.0 | 1   0   0   0   1   0   0
      21894.0 | 0   0   0   0   1   0   0
      21976.0 | 1   0   0   0   1   0   0
      22058.0 | 0   0   0   0   1   0   0
      22140.0 | 1   0   0   0   1   0   0
      22222.0 | 0   0   0   0   1   0   0
      22304.0 | 1   0   0   0   1   0   0
      22386.0 | 0   0   0   0   1   0   0
      22400.0 | 0   1   0   0   1   0   0
      22468.0 | 1   1   0   0   1   0   0
      22550.0 | 0   1   0   0   1   0   0
      22632.0 | 1   1   0   0   1   0   0
      22714.0 | 0   1   0   0   1   0   0
      22796.0 | 1   1   0   0   1   0   0
      22878.0 | 0   1   0   0   1   0   0
      22960.0 | 1   1   0   0   1   0   0
      23042.0 | 0   1   0   0   1   0   0
      23124.0 | 1   1   0   0   1   0   0
      23200.0 | 1   0   0   0   1   0   0
      23206.0 | 0   0   0   0   1   0   0
      23288.0 | 1   0   0   0   1   0   0
      23370.0 | 0   0   0   0   1   0   0
      23452.0 | 1   0   0   0   1   0   0
      23534.0 | 0   0   0   0   1   0   0
      23616.0 | 1   0   0   0   1   0   0
      23698.0 | 0   0   0   0   1   0   0
      23780.0 | 1   0   0   0   1   0   0
      23862.0 | 0   0   0   0   1   0   0
      23944.0 | 1   0   0   0   1   0   0
      24000.0 | 1   1   0   0   1   0   0
      24026.0 | 0   1   0   0   1   0   0
      24108.0 | 1   1   0   0   1   0   0
      24190.0 | 0   1   0   0   1   0   0
      24272.0 | 1   1   0   0   1   0   0
      24354.0 | 0   1   0   0   1   0   0
      24436.0 | 1   1   0   0   1   0   0
      24518.0 | 0   1   0   0   1   0   0
      24600.0 | 1   1   0   0   1   0   0
      24682.0 | 0   1   0   0   1   0   0
      24764.0 | 1   1   0   0   1   0   0
      24800.0 | 1   0   0   0   1   0   0
      24846.0 | 0   0   0   0   1   0   0
      24928.0 | 1   0   0   0   1   0   0
      25010.0 | 0   0   0   0   1   0   0
      25092.0 | 1   0   0   0   1   0   0
      25174.0 | 0   0   0   0   1   0   0
      25256.0 | 1   0   0   0   1   0   0
      25338.0 | 0   0   0   0   1   0   0
      25420.0 | 1   0   0   0   1   0   0
      25502.0 | 0   0   0   0   1   0   0
      25584.0 | 1   0   0   0   1   0   0
      25600.0 | 1   1   0   0   1   0   0
      25666.0 | 0   1   0   0   1   0   0
      25748.0 | 1   1   0   0   1   0   0
      25830.0 | 0   1   0   0   1   0   0
      25912.0 | 1   1   0   0   1   0   0
      25994.0 | 0   1   0   0   1   0   0
      26076.0 | 1   1   0   0   1   0   0
      26158.0 | 0   1   0   0   1   0   0
      26240.0 | 1   1   0   0   1   0   0
      26322.0 | 0   1   0   0   1   0   0
      26400.0 | 0   0   0   0   1   0   0
      26404.0 | 1   0   0   0   1   0   0
      26486.0 | 0   0   0   0   1   0   0
      26568.0 | 1   0   0   0   1   0   0
      26650.0 | 0   0   0   0   1   0   0
      26732.0 | 1   0   0   0   1   0   0
      26814.0 | 0   0   0   0   1   0   0
      26896.0 | 1   0   0   0   1   0   0
      26978.0 | 0   0   0   0   1   0   0
      27060.0 | 1   0   0   0   1   0   0
      27142.0 | 0   0   0   0   1   0   0
      27200.0 | 0   1   0   0   1   0   0
      27224.0 | 1   1   0   0   1   0   0
      27306.0 | 0   1   0   0   1   0   0
      27388.0 | 1   1   0   0   1   0   0
      27470.0 | 0   1   0   0   1   0   0
      27552.0 | 1   1   0   0   1   0   0
      27634.0 | 0   1   0   0   1   0   0
      27716.0 | 1   1   0   0   1   0   0
      27798.0 | 0   1   0   0   1   0   0
      27880.0 | 1   1   0   0   1   0   0
      27962.0 | 0   1   0   0   1   0   0
      28000.0 | 0   0   0   0   1   0   0
      28044.0 | 1   0   0   0   1   0   0
      28126.0 | 0   0   0   0   1   0   0
      28208.0 | 1   0   0   0   1   0   0
      28290.0 | 0   0   0   0   1   0   0
      28372.0 | 1   0   0   0   1   0   0
      28454.0 | 0   0   0   0   1   0   0
      28536.0 | 1   0   0   0   1   0   0
      28618.0 | 0   0   0   0   1   0   0
      28700.0 | 1   0   0   0   1   0   0
      28782.0 | 0   0   0   0   1   0   0
      28800.0 | 0   1   0   0   1   0   0
      28864.0 | 1   1   0   0   1   0   0
      28946.0 | 0   1   0   0   1   0   0
      29028.0 | 1   1   0   0   1   0   0
      29110.0 | 0   1   0   0   1   0   0
      29192.0 | 1   1   0   0   1   0   0
      29274.0 | 0   1   0   0   1   0   0
      29356.0 | 1   1   0   0   1   0   0
      29438.0 | 0   1   0   0   1   0   0
      29520.0 | 1   1   0   0   1   0   0
      29600.0 | 1   0   0   0   1   0   0
      29602.0 | 0   0   0   0   1   0   0
      29684.0 | 1   0   0   0   1   0   0
      29766.0 | 0   0   0   0   1   0   0
      29848.0 | 1   0   0   0   1   0   0
      29930.0 | 0   0   0   0   1   0   0
      30012.0 | 1   0   0   0   1   0   0
      30094.0 | 0   0   0   0   1   0   0
      30176.0 | 1   0   0   0   1   0   0
      30258.0 | 0   0   0   0   1   0   0
      30340.0 | 1   0   0   0   1   0   0
      30400.0 | 1   1   0   0   1   0   0
      30422.0 | 0   1   0   0   1   0   0
      30504.0 | 1   1   0   0   1   0   0
      30586.0 | 0   1   0   0   1   0   0
      30668.0 | 1   1   0   0   1   0   0
      30750.0 | 0   1   0   0   1   0   0
      30832.0 | 1   1   0   0   1   0   0
      30914.0 | 0   1   0   0   1   0   0
      30996.0 | 1   1   0   0   1   0   0
      31078.0 | 0   1   0   0   1   0   0
      31160.0 | 1   1   0   0   1   0   0
      31200.0 | 1   0   0   0   1   0   0
      31242.0 | 0   0   0   0   1   0   0
      31324.0 | 1   0   0   0   1   0   0
      31406.0 | 0   0   0   0   1   0   0
      31488.0 | 1   0   0   0   1   0   0
      31570.0 | 0   0   0   0   1   0   0
      31652.0 | 1   0   0   0   1   0   0
      31734.0 | 0   0   0   0   1   0   0
      31816.0 | 1   0   0   0   1   0   0
      31898.0 | 0   0   0   0   1   0   0
      31980.0 | 1   0   0   0   1   0   0
      32000.0 | 1   1   0   0   1   0   0
      32062.0 | 0   1   0   0   1   0   0
      32144.0 | 1   1   0   0   1   0   0
      32226.0 | 0   1   0   0   1   0   0
      32308.0 | 1   1   0   0   1   0   0
      32390.0 | 0   1   0   0   1   0   0
      32472.0 | 1   1   0   0   1   0   0
      32554.0 | 0   1   0   0   1   0   0
      32636.0 | 1   1   0   0   1   0   0
      32718.0 | 0   1   0   0   1   0   0
      32800.0 | 1   0   0   0   1   0   0
      32882.0 | 0   0   0   0   1   0   0
      32964.0 | 1   0   0   0   1   0   0
      33046.0 | 0   0   0   0   1   0   0
      33128.0 | 1   0   0   0   1   0   0
      33210.0 | 0   0   0   0   1   0   0
      33292.0 | 1   0   0   0   1   0   0
      33374.0 | 0   0   0   0   1   0   0
      33456.0 | 1   0   0   0   1   0   0
      33538.0 | 0   0   0   0   1   0   0
      33600.0 | 0   1   0   0   1   0   0
      33620.0 | 1   1   0   0   1   0   0
      33702.0 | 0   1   0   0   1   0   0
      33784.0 | 1   1   0   0   1   0   0
      33866.0 | 0   1   0   0   1   0   0
      33948.0 | 1   1   0   0   1   0   0
      34030.0 | 0   1   0   0   1   0   0
      34112.0 | 1   1   0   0   1   0   0
      34194.0 | 0   1   0   0   1   0   0
      34276.0 | 1   1   0   0   1   0   0
      34358.0 | 0   1   0   0   1   0   0
      34400.0 | 0   0   0   0   1   0   0
      34440.0 | 1   0   0   0   1   0   0
      34522.0 | 0   0   0   0   1   0   0
      34604.0 | 1   0   0   0   1   0   0
      34686.0 | 0   0   0   0   1   0   0
      34768.0 | 1   0   0   0   1   0   0
      34850.0 | 0   0   0   0   1   0   0
      34932.0 | 1   0   0   0   1   0   0
      35014.0 | 0   0   0   0   1   0   0
      35096.0 | 1   0   0   0   1   0   0
      35178.0 | 0   0   0   0   1   0   0
      35200.0 | 0   1   0   0   1   0   0
      35260.0 | 1   1   0   0   1   0   0
      35342.0 | 0   1   0   0   1   0   0
      35424.0 | 1   1   0   0   1   0   0
      35506.0 | 0   1   0   0   1   0   0
      35588.0 | 1   1   0   0   1   0   0
      35670.0 | 0   1   0   0   1   0   0
      35752.0 | 1   1   0   0   1   0   0
      35834.0 | 0   1   0   0   1   0   0
      35916.0 | 1   1   0   0   1   0   0
      35998.0 | 0   1   0   0   1   0   0
      36000.0 | 0   0   0   0   1   0   0
      36080.0 | 1   0   0   0   1   0   0
      36162.0 | 0   0   0   0   1   0   0
      36244.0 | 1   0   0   0   1   0   0
      36326.0 | 0   0   0   0   1   0   0
      36408.0 | 1   0   0   0   1   0   0
      36490.0 | 0   0   0   0   1   0   0
      36572.0 | 1   0   0   0   1   0   0
      36654.0 | 0   0   0   0   1   0   0
      36736.0 | 1   0   0   0   1   0   0
      36800.0 | 1   1   0   0   1   0   0
      36818.0 | 0   1   0   0   1   0   0
      36900.0 | 1   1   0   0   1   0   0
      36982.0 | 0   1   0   0   1   0   0
      37064.0 | 1   1   0   0   1   0   0
      37146.0 | 0   1   0   0   1   0   0
      37228.0 | 1   1   0   0   1   0   0
      37310.0 | 0   1   0   0   1   0   0
      37392.0 | 1   1   0   0   1   0   0
      37474.0 | 0   1   0   0   1   0   0
      37556.0 | 1   1   0   0   1   0   0
      37600.0 | 1   0   0   0   1   0   0
      37638.0 | 0   0   0   0   1   0   0
      37720.0 | 1   0   0   0   1   0   0
      37802.0 | 0   0   0   0   1   0   0
      37884.0 | 1   0   0   0   1   0   0
      37966.0 | 0   0   0   0   1   0   0
      38048.0 | 1   0   0   0   1   0   0
      38130.0 | 0   0   0   0   1   0   0
      38212.0 | 1   0   0   0   1   0   0
      38294.0 | 0   0   0   0   1   0   0
      38376.0 | 1   0   0   0   1   0   0
      38400.0 | 1   1   0   0   1   0   0
      38458.0 | 0   1   0   0   1   0   0
      38540.0 | 1   1   0   0   1   0   0
      38622.0 | 0   1   0   0   1   0   0
      38704.0 | 1   1   0   0   1   0   0
      38786.0 | 0   1   0   0   1   0   0
      38868.0 | 1   1   0   0   1   0   0
      38950.0 | 0   1   0   0   1   0   0
      39032.0 | 1   1   0   0   1   0   0
      39114.0 | 0   1   0   0   1   0   0
      39196.0 | 1   1   0   0   1   0   0
      39200.0 | 1   0   0   0   1   0   0
      39278.0 | 0   0   0   0   1   0   0
      39360.0 | 1   0   0   0   1   0   0
      39442.0 | 0   0   0   0   1   0   0
      39524.0 | 1   0   0   0   1   0   0
      39606.0 | 0   0   0   0   1   0   0
      39688.0 | 1   0   0   0   1   0   0
      39770.0 | 0   0   0   0   1   0   0
      39852.0 | 1   0   0   0   1   0   0
      39934.0 | 0   0   0   0   1   0   0
      40000.0 | 0   1   0   0   1   0   0
      40016.0 | 1   1   0   0   1   0   0
      40098.0 | 0   1   0   0   1   0   0
      40180.0 | 1   1   0   0   1   0   0
      40262.0 | 0   1   0   0   1   0   0
      40344.0 | 1   1   0   0   1   0   0
      40426.0 | 0   1   0   0   1   0   0
      40508.0 | 1   1   0   0   1   0   0
      40590.0 | 0   1   0   0   1   0   0
      40672.0 | 1   1   0   0   1   0   0
      40754.0 | 0   1   0   0   1   0   0
      40800.0 | 0   0   0   0   1   0   0
      40836.0 | 1   0   0   0   1   0   0
      40918.0 | 0   0   0   0   1   0   0
      41000.0 | 1   0   0   0   1   0   0
      41082.0 | 0   0   0   0   1   0   0
      41164.0 | 1   0   0   0   1   0   0
      41246.0 | 0   0   0   0   1   0   0
      41328.0 | 1   0   0   0   1   0   0
      41410.0 | 0   0   0   0   1   0   0
      41492.0 | 1   0   0   0   1   0   0
      41574.0 | 0   0   0   0   1   0   0
      41600.0 | 0   1   0   0   1   0   0
      41656.0 | 1   1   0   0   1   0   0
      41738.0 | 0   1   0   0   1   0   0
      41820.0 | 1   1   0   0   1   0   0
      41902.0 | 0   1   0   0   1   0   0
      41984.0 | 1   1   0   0   1   0   0
      42066.0 | 0   1   0   0   1   0   0
      42148.0 | 1   1   0   0   1   0   0
      42230.0 | 0   1   0   0   1   0   0
      42312.0 | 1   1   0   0   1   0   0
      42394.0 | 0   1   0   0   1   0   0
      42400.0 | 0   0   0   0   1   0   0
      42476.0 | 1   0   0   0   1   0   0
      42558.0 | 0   0   0   0   1   0   0
      42640.0 | 1   0   0   0   1   0   0
      42722.0 | 0   0   0   0   1   0   0
      42804.0 | 1   0   0   0   1   0   0
      42886.0 | 0   0   0   0   1   0   0
      42968.0 | 1   0   0   0   1   0   0
      43050.0 | 0   0   0   0   1   0   0
      43132.0 | 1   0   0   0   1   0   0
      43200.0 | 1   1   0   0   1   0   0
      43214.0 | 0   1   0   0   1   0   0
      43296.0 | 1   1   0   0   1   0   0
      43378.0 | 0   1   0   0   1   0   0
      43460.0 | 1   1   0   0   1   0   0
      43542.0 | 0   1   0   0   1   0   0
      43624.0 | 1   1   0   0   1   0   0
      43706.0 | 0   1   0   0   1   0   0
      43788.0 | 1   1   0   0   1   0   0
      43870.0 | 0   1   0   0   1   0   0
      43952.0 | 1   1   0   0   1   0   0
      44000.0 | 1   0   0   0   1   0   0
      44034.0 | 0   0   0   0   1   0   0
      44116.0 | 1   0   0   0   1   0   0
      44198.0 | 0   0   0   0   1   0   0
      44280.0 | 1   0   0   0   1   0   0
      44362.0 | 0   0   0   0   1   0   0
      44444.0 | 1   0   0   0   1   0   0
      44526.0 | 0   0   0   0   1   0   0
      44608.0 | 1   0   0   0   1   0   0
      44690.0 | 0   0   0   0   1   0   0
      44772.0 | 1   0   0   0   1   0   0
      44800.0 | 1   1   0   0   1   0   0
      44854.0 | 0   1   0   0   1   0   0
      44936.0 | 1   1   0   0   1   0   0
      45018.0 | 0   1   0   0   1   0   0
      45100.0 | 1   1   0   0   1   0   0
      45182.0 | 0   1   0   0   1   0   0
      45264.0 | 1   1   0   0   1   0   0
      45346.0 | 0   1   0   0   1   0   0
      45428.0 | 1   1   0   0   1   0   0
      45510.0 | 0   1   0   0   1   0   0
      45592.0 | 1   1   0   0   1   0   0
      45600.0 | 1   0   0   0   1   0   0
      45674.0 | 0   0   0   0   1   0   0
      45756.0 | 1   0   0   0   1   0   0
      45838.0 | 0   0   0   0   1   0   0
      45920.0 | 1   0   0   0   1   0   0
      46002.0 | 0   0   0   0   1   0   0
      46084.0 | 1   0   0   0   1   0   0
      46166.0 | 0   0   0   0   1   0   0
      46248.0 | 1   0   0   0   1   0   0
      46330.0 | 0   0   0   0   1   0   0
      46400.0 | 0   1   0   0   1   0   0
      46412.0 | 1   1   0   0   1   0   0
      46494.0 | 0   1   0   0   1   0   0
      46576.0 | 1   1   0   0   1   0   0
      46658.0 | 0   1   0   0   1   0   0
      46740.0 | 1   1   0   0   1   0   0
      46822.0 | 0   1   0   0   1   0   0
      46904.0 | 1   1   0   0   1   0   0
      46986.0 | 0   1   0   0   1   0   0
      47068.0 | 1   1   0   0   1   0   0
      47150.0 | 0   1   0   0   1   0   0
      47200.0 | 0   0   0   0   1   0   0
      47232.0 | 1   0   0   0   1   0   0
      47314.0 | 0   0   0   0   1   0   0
      47396.0 | 1   0   0   0   1   0   0
      47478.0 | 0   0   0   0   1   0   0
      47560.0 | 1   0   0   0   1   0   0
      47642.0 | 0   0   0   0   1   0   0
      47724.0 | 1   0   0   0   1   0   0
      47806.0 | 0   0   0   0   1   0   0
      47888.0 | 1   0   0   0   1   0   0
      47970.0 | 0   0   0   0   1   0   0
      48000.0 | 0   1   0   0   1   0   0
      48052.0 | 1   1   0   0   1   0   0
      48134.0 | 0   1   0   0   1   0   0
      48216.0 | 1   1   0   0   1   0   0
      48298.0 | 0   1   0   0   1   0   0
      48380.0 | 1   1   0   0   1   0   0
      48382.5 | 1   1   0   0   1   0   1
      48462.0 | 0   1   0   0   1   0   1
      48544.0 | 1   1   0   0   1   0   1
      48545.6 | 1   1   0   0   1   0   0
      48626.0 | 0   1   0   0   1   0   0
      48708.0 | 1   1   0   0   1   0   0
      48790.0 | 0   1   0   0   1   0   0
      48800.0 | 0   0   0   0   1   0   0
      48872.0 | 1   0   0   0   1   0   0
      48954.0 | 0   0   0   0   1   0   0
      49036.0 | 1   0   0   0   1   0   0
      49118.0 | 0   0   0   0   1   0   0
      49200.0 | 1   0   0   0   1   0   0
      49282.0 | 0   0   0   0   1   0   0
      49364.0 | 1   0   0   0   1   0   0
      49446.0 | 0   0   0   0   1   0   0
      49528.0 | 1   0   0   0   1   0   0
      49600.0 | 1   1   0   0   1   0   0
      49610.0 | 0   1   0   0   1   0   0
      49692.0 | 1   1   0   0   1   0   0
      49774.0 | 0   1   0   0   1   0   0
      49856.0 | 1   1   0   0   1   0   0
      49938.0 | 0   1   0   0   1   0   0
      50020.0 | 1   1   0   0   1   0   0
      50102.0 | 0   1   0   0   1   0   0
      50184.0 | 1   1   0   0   1   0   0
      50266.0 | 0   1   0   0   1   0   0
      50348.0 | 1   1   0   0   1   0   0
      50400.0 | 1   0   0   0   1   0   0
      50430.0 | 0   0   0   0   1   0   0
      50512.0 | 1   0   0   0   1   0   0
      50594.0 | 0   0   0   0   1   0   0
      50676.0 | 1   0   0   0   1   0   0
      50758.0 | 0   0   0   0   1   0   0
      50840.0 | 1   0   0   0   1   0   0
      50922.0 | 0   0   0   0   1   0   0
      51004.0 | 1   0   0   0   1   0   0
      51086.0 | 0   0   0   0   1   0   0
      51168.0 | 1   0   0   0   1   0   0
      51200.0 | 1   1   0   0   1   0   0
      51250.0 | 0   1   0   0   1   0   0
      51332.0 | 1   1   0   0   1   0   0
      51414.0 | 0   1   0   0   1   0   0
      51496.0 | 1   1   0   0   1   0   0
      51578.0 | 0   1   0   0   1   0   0
      51660.0 | 1   1   0   0   1   0   0
      51742.0 | 0   1   0   0   1   0   0
      51824.0 | 1   1   0   0   1   0   0
      51906.0 | 0   1   0   0   1   0   0
      51988.0 | 1   1   0   0   1   0   0
      52000.0 | 1   0   0   0   1   0   0
      52070.0 | 0   0   0   0   1   0   0
      52152.0 | 1   0   0   0   1   0   0
      52234.0 | 0   0   0   0   1   0   0
      52316.0 | 1   0   0   0   1   0   0
      52398.0 | 0   0   0   0   1   0   0
      52480.0 | 1   0   0   0   1   0   0
      52562.0 | 0   0   0   0   1   0   0
      52644.0 | 1   0   0   0   1   0   0
      52726.0 | 0   0   0   0   1   0   0
      52800.0 | 0   1   0   0   1   0   0
      52808.0 | 1   1   0   0   1   0   0
      52890.0 | 0   1   0   0   1   0   0
      52972.0 | 1   1   0   0   1   0   0
      53054.0 | 0   1   0   0   1   0   0
      53136.0 | 1   1   0   0   1   0   0
      53218.0 | 0   1   0   0   1   0   0
      53300.0 | 1   1   0   0   1   0   0
      53382.0 | 0   1   0   0   1   0   0
      53464.0 | 1   1   0   0   1   0   0
      53546.0 | 0   1   0   0   1   0   0
      53600.0 | 0   0   0   0   1   0   0
      53628.0 | 1   0   0   0   1   0   0
      53710.0 | 0   0   0   0   1   0   0
      53792.0 | 1   0   0   0   1   0   0
      53874.0 | 0   0   0   0   1   0   0
      53956.0 | 1   0   0   0   1   0   0
      54038.0 | 0   0   0   0   1   0   0
      54120.0 | 1   0   0   0   1   0   0
      54202.0 | 0   0   0   0   1   0   0
      54284.0 | 1   0   0   0   1   0   0
      54366.0 | 0   0   0   0   1   0   0
      54400.0 | 0   1   0   0   1   0   0
      54448.0 | 1   1   0   0   1   0   0
      54530.0 | 0   1   0   0   1   0   0
      54612.0 | 1   1   0   0   1   0   0
      54694.0 | 0   1   0   0   1   0   0
      54776.0 | 1   1   0   0   1   0   0
      54858.0 | 0   1   0   0   1   0   0
      54940.0 | 1   1   0   0   1   0   0
      55022.0 | 0   1   0   0   1   0   0
      55104.0 | 1   1   0   0   1   0   0
      55186.0 | 0   1   0   0   1   0   0
      55200.0 | 0   0   0   0   1   0   0
      55268.0 | 1   0   0   0   1   0   0
      55350.0 | 0   0   0   0   1   0   0
      55432.0 | 1   0   0   0   1   0   0
      55514.0 | 0   0   0   0   1   0   0
      55596.0 | 1   0   0   0   1   0   0
      55678.0 | 0   0   0   0   1   0   0
      55760.0 | 1   0   0   0   1   0   0
      55842.0 | 0   0   0   0   1   0   0
      55924.0 | 1   0   0   0   1   0   0
      56000.0 | 1   1   0   0   1   0   0
      56006.0 | 0   1   0   0   1   0   0
      56088.0 | 1   1   0   0   1   0   0
      56170.0 | 0   1   0   0   1   0   0
      56252.0 | 1   1   0   0   1   0   0
      56334.0 | 0   1   0   0   1   0   0
      56416.0 | 1   1   0   0   1   0   0
      56498.0 | 0   1   0   0   1   0   0
      56580.0 | 1   1   0   0   1   0   0
      56662.0 | 0   1   0   0   1   0   0
      56744.0 | 1   1   0   0   1   0   0
      56800.0 | 1   0   0   0   1   0   0
      56826.0 | 0   0   0   0   1   0   0
      56908.0 | 1   0   0   0   1   0   0
      56990.0 | 0   0   0   0   1   0   0
      57072.0 | 1   0   0   0   1   0   0
      57154.0 | 0   0   0   0   1   0   0
      57236.0 | 1   0   0   0   1   0   0
      57318.0 | 0   0   0   0   1   0   0
      57400.0 | 1   0   0   0   1   0   0
      57482.0 | 0   0   0   0   1   0   0
      57564.0 | 1   0   0   0   1   0   0
      57600.0 | 1   1   0   0   1   0   0
      57646.0 | 0   1   0   0   1   0   0
      57728.0 | 1   1   0   0   1   0   0
      57810.0 | 0   1   0   0   1   0   0
      57892.0 | 1   1   0   0   1   0   0
      57974.0 | 0   1   0   0   1   0   0
      58056.0 | 1   1   0   0   1   0   0
      58138.0 | 0   1   0   0   1   0   0
      58220.0 | 1   1   0   0   1   0   0
      58302.0 | 0   1   0   0   1   0   0
      58384.0 | 1   1   0   0   1   0   0
      58400.0 | 1   0   0   0   1   0   0
      58466.0 | 0   0   0   0   1   0   0
      58548.0 | 1   0   0   0   1   0   0
      58630.0 | 0   0   0   0   1   0   0
      58712.0 | 1   0   0   0   1   0   0
      58794.0 | 0   0   0   0   1   0   0
      58876.0 | 1   0   0   0   1   0   0
      58958.0 | 0   0   0   0   1   0   0
      59040.0 | 1   0   0   0   1   0   0
      59122.0 | 0   0   0   0   1   0   0
      59200.0 | 0   1   0   0   1   0   0
      59204.0 | 1   1   0   0   1   0   0
      59286.0 | 0   1   0   0   1   0   0
      59368.0 | 1   1   0   0   1   0   0
      59450.0 | 0   1   0   0   1   0   0
      59532.0 | 1   1   0   0   1   0   0
      59614.0 | 0   1   0   0   1   0   0
      59696.0 | 1   1   0   0   1   0   0
      59778.0 | 0   1   0   0   1   0   0
      59860.0 | 1   1   0   0   1   0   0
      59942.0 | 0   1   0   0   1   0   0
      60000.0 | 0   0   0   0   1   0   0
      60024.0 | 1   0   0   0   1   0   0
      60106.0 | 0   0   0   0   1   0   0
      60188.0 | 1   0   0   0   1   0   0
      60270.0 | 0   0   0   0   1   0   0
      60352.0 | 1   0   0   0   1   0   0
      60434.0 | 0   0   0   0   1   0   0
      60516.0 | 1   0   0   0   1   0   0
      60598.0 | 0   0   0   0   1   0   0
      60680.0 | 1   0   0   0   1   0   0
      60762.0 | 0   0   0   0   1   0   0
      60800.0 | 0   1   0   0   1   0   0
      60844.0 | 1   1   0   0   1   0   0
      60926.0 | 0   1   0   0   1   0   0
      61008.0 | 1   1   0   0   1   0   0
      61090.0 | 0   1   0   0   1   0   0
      61172.0 | 1   1   0   0   1   0   0
      61254.0 | 0   1   0   0   1   0   0
      61336.0 | 1   1   0   0   1   0   0
      61418.0 | 0   1   0   0   1   0   0
      61500.0 | 1   1   0   0   1   0   0
      61582.0 | 0   1   0   0   1   0   0
      61600.0 | 0   0   0   0   1   0   0
      61664.0 | 1   0   0   0   1   0   0
      61746.0 | 0   0   0   0   1   0   0
      61828.0 | 1   0   0   0   1   0   0
      61910.0 | 0   0   0   0   1   0   0
      61992.0 | 1   0   0   0   1   0   0
      62074.0 | 0   0   0   0   1   0   0
      62156.0 | 1   0   0   0   1   0   0
      62238.0 | 0   0   0   0   1   0   0
      62320.0 | 1   0   0   0   1   0   0
      62400.0 | 1   1   0   0   1   0   0
      62402.0 | 0   1   0   0   1   0   0
      62484.0 | 1   1   0   0   1   0   0
      62566.0 | 0   1   0   0   1   0   0
      62648.0 | 1   1   0   0   1   0   0
      62730.0 | 0   1   0   0   1   0   0
      62812.0 | 1   1   0   0   1   0   0
      62894.0 | 0   1   0   0   1   0   0
      62976.0 | 1   1   0   0   1   0   0
      63058.0 | 0   1   0   0   1   0   0
      63140.0 | 1   1   0   0   1   0   0
      63200.0 | 1   0   0   0   1   0   0
      63222.0 | 0   0   0   0   1   0   0
      63304.0 | 1   0   0   0   1   0   0
      63386.0 | 0   0   0   0   1   0   0
      63468.0 | 1   0   0   0   1   0   0
      63550.0 | 0   0   0   0   1   0   0
      63632.0 | 1   0   0   0   1   0   0
      63714.0 | 0   0   0   0   1   0   0
      63796.0 | 1   0   0   0   1   0   0
      63878.0 | 0   0   0   0   1   0   0
      63960.0 | 1   0   0   0   1   0   0
      64000.0 | 1   1   0   0   1   0   0
      64042.0 | 0   1   0   0   1   0   0
      64124.0 | 1   1   0   0   1   0   0
      64206.0 | 0   1   0   0   1   0   0
      64288.0 | 1   1   0   0   1   0   0
      64370.0 | 0   1   0   0   1   0   0
      64452.0 | 1   1   0   0   1   0   0
      64534.0 | 0   1   0   0   1   0   0
      64616.0 | 1   1   0   0   1   0   0
      64698.0 | 0   1   0   0   1   0   0
      64780.0 | 1   1   0   0   1   0   0
      64800.0 | 1   0   0   0   1   0   0
      64862.0 | 0   0   0   0   1   0   0
      64944.0 | 1   0   0   0   1   0   0
      65026.0 | 0   0   0   0   1   0   0
      65108.0 | 1   0   0   0   1   0   0
      65190.0 | 0   0   0   0   1   0   0
      65272.0 | 1   0   0   0   1   0   0
      65354.0 | 0   0   0   0   1   0   0
      65436.0 | 1   0   0   0   1   0   0
      65518.0 | 0   0   0   0   1   0   0
      65600.0 | 1   1   0   0   1   0   0
      65682.0 | 0   1   0   0   1   0   0
      65764.0 | 1   1   0   0   1   0   0
      65846.0 | 0   1   0   0   1   0   0
      65928.0 | 1   1   0   0   1   0   0
      66010.0 | 0   1   0   0   1   0   0
      66092.0 | 1   1   0   0   1   0   0
      66174.0 | 0   1   0   0   1   0   0
      66256.0 | 1   1   0   0   1   0   0
      66338.0 | 0   1   0   0   1   0   0
      66400.0 | 0   0   0   0   1   0   0
      66420.0 | 1   0   0   0   1   0   0
      66502.0 | 0   0   0   0   1   0   0
      66584.0 | 1   0   0   0   1   0   0
      66666.0 | 0   0   0   0   1   0   0
      66748.0 | 1   0   0   0   1   0   0
      66830.0 | 0   0   0   0   1   0   0
      66912.0 | 1   0   0   0   1   0   0
      66994.0 | 0   0   0   0   1   0   0
      67076.0 | 1   0   0   0   1   0   0
      67158.0 | 0   0   0   0   1   0   0
      67200.0 | 0   1   0   0   1   0   0
      67240.0 | 1   1   0   0   1   0   0
      67322.0 | 0   1   0   0   1   0   0
      67404.0 | 1   1   0   0   1   0   0
      67486.0 | 0   1   0   0   1   0   0
      67568.0 | 1   1   0   0   1   0   0
      67650.0 | 0   1   0   0   1   0   0
      67732.0 | 1   1   0   0   1   0   0
      67814.0 | 0   1   0   0   1   0   0
      67896.0 | 1   1   0   0   1   0   0
      67978.0 | 0   1   0   0   1   0   0
      68000.0 | 0   0   0   0   1   0   0
      68060.0 | 1   0   0   0   1   0   0
      68142.0 | 0   0   0   0   1   0   0
      68224.0 | 1   0   0   0   1   0   0
      68306.0 | 0   0   0   0   1   0   0
      68388.0 | 1   0   0   0   1   0   0
      68470.0 | 0   0   0   0   1   0   0
      68552.0 | 1   0   0   0   1   0   0
      68634.0 | 0   0   0   0   1   0   0
      68716.0 | 1   0   0   0   1   0   0
      68798.0 | 0   0   0   0   1   0   0
      68800.0 | 0   1   0   0   1   0   0
      68880.0 | 1   1   0   0   1   0   0
      68962.0 | 0   1   0   0   1   0   0
      69044.0 | 1   1   0   0   1   0   0
      69126.0 | 0   1   0   0   1   0   0
      69208.0 | 1   1   0   0   1   0   0
      69290.0 | 0   1   0   0   1   0   0
      69372.0 | 1   1   0   0   1   0   0
      69454.0 | 0   1   0   0   1   0   0
      69536.0 | 1   1   0   0   1   0   0
      69600.0 | 1   0   0   0   1   0   0
      69618.0 | 0   0   0   0   1   0   0
      69700.0 | 1   0   0   0   1   0   0
      69782.0 | 0   0   0   0   1   0   0
      69864.0 | 1   0   0   0   1   0   0
      69946.0 | 0   0   0   0   1   0   0
      70028.0 | 1   0   0   0   1   0   0
      70110.0 | 0   0   0   0   1   0   0
      70192.0 | 1   0   0   0   1   0   0
      70274.0 | 0   0   0   0   1   0   0
      70356.0 | 1   0   0   0   1   0   0
      70400.0 | 1   1   0   0   1   0   0
      70438.0 | 0   1   0   0   1   0   0
      70520.0 | 1   1   0   0   1   0   0
      70602.0 | 0   1   0   0   1   0   0
      70684.0 | 1   1   0   0   1   0   0
      70766.0 | 0   1   0   0   1   0   0
      70848.0 | 1   1   0   0   1   0   0
      70930.0 | 0   1   0   0   1   0   0
      71012.0 | 1   1   0   0   1   0   0
      71094.0 | 0   1   0   0   1   0   0
      71176.0 | 1   1   0   0   1   0   0
      71200.0 | 1   0   0   0   1   0   0
      71258.0 | 0   0   0   0   1   0   0
      71340.0 | 1   0   0   0   1   0   0
      71422.0 | 0   0   0   0   1   0   0
      71504.0 | 1   0   0   0   1   0   0
      71586.0 | 0   0   0   0   1   0   0
      71668.0 | 1   0   0   0   1   0   0
      71750.0 | 0   0   0   0   1   0   0
      71832.0 | 1   0   0   0   1   0   0
      71914.0 | 0   0   0   0   1   0   0
      71996.0 | 1   0   0   0   1   0   0
      72000.0 | 1   1   0   0   1   0   0
      72078.0 | 0   1   0   0   1   0   0
      72160.0 | 1   1   0   0   1   0   0
      72242.0 | 0   1   0   0   1   0   0
      72324.0 | 1   1   0   0   1   0   0
      72406.0 | 0   1   0   0   1   0   0
      72488.0 | 1   1   0   0   1   0   0
      72570.0 | 0   1   0   0   1   0   0
      72652.0 | 1   1   0   0   1   0   0
      72734.0 | 0   1   0   0   1   0   0
      72800.0 | 0   0   0   0   1   0   0
      72816.0 | 1   0   0   0   1   0   0
      72898.0 | 0   0   0   0   1   0   0
      72980.0 | 1   0   0   0   1   0   0
      73062.0 | 0   0   0   0   1   0   0
      73144.0 | 1   0   0   0   1   0   0
      73226.0 | 0   0   0   0   1   0   0
      73308.0 | 1   0   0   0   1   0   0
      73390.0 | 0   0   0   0   1   0   0
      73472.0 | 1   0   0   0   1   0   0
      73554.0 | 0   0   0   0   1   0   0
      73600.0 | 0   1   0   0   1   0   0
      73636.0 | 1   1   0   0   1   0   0
      73718.0 | 0   1   0   0   1   0   0
      73800.0 | 1   1   0   0   1   0   0
      73882.0 | 0   1   0   0   1   0   0
      73964.0 | 1   1   0   0   1   0   0
      74046.0 | 0   1   0   0   1   0   0
      74128.0 | 1   1   0   0   1   0   0
      74210.0 | 0   1   0   0   1   0   0
      74292.0 | 1   1   0   0   1   0   0
      74374.0 | 0   1   0   0   1   0   0
      74400.0 | 0   0   0   0   1   0   0
      74456.0 | 1   0   0   0   1   0   0
      74538.0 | 0   0   0   0   1   0   0
      74620.0 | 1   0   0   0   1   0   0
      74702.0 | 0   0   0   0   1   0   0
      74784.0 | 1   0   0   0   1   0   0
      74866.0 | 0   0   0   0   1   0   0
      74948.0 | 1   0   0   0   1   0   0
      75030.0 | 0   0   0   0   1   0   0
      75112.0 | 1   0   0   0   1   0   0
      75194.0 | 0   0   0   0   1   0   0
      75200.0 | 0   1   0   0   1   0   0
      75276.0 | 1   1   0   0   1   0   0
      75358.0 | 0   1   0   0   1   0   0
      75440.0 | 1   1   0   0   1   0   0
      75522.0 | 0   1   0   0   1   0   0
      75604.0 | 1   1   0   0   1   0   0
      75686.0 | 0   1   0   0   1   0   0
      75768.0 | 1   1   0   0   1   0   0
      75850.0 | 0   1   0   0   1   0   0
      75932.0 | 1   1   0   0   1   0   0
      76000.0 | 1   0   0   0   1   0   0
      76014.0 | 0   0   0   0   1   0   0
      76096.0 | 1   0   0   0   1   0   0
      76178.0 | 0   0   0   0   1   0   0
      76260.0 | 1   0   0   0   1   0   0
      76342.0 | 0   0   0   0   1   0   0
      76424.0 | 1   0   0   0   1   0   0
      76506.0 | 0   0   0   0   1   0   0
      76588.0 | 1   0   0   0   1   0   0
      76670.0 | 0   0   0   0   1   0   0
      76752.0 | 1   0   0   0   1   0   0
      76800.0 | 1   1   0   0   1   0   0
      76834.0 | 0   1   0   0   1   0   0
      76916.0 | 1   1   0   0   1   0   0
      76998.0 | 0   1   0   0   1   0   0
      77080.0 | 1   1   0   0   1   0   0
      77162.0 | 0   1   0   0   1   0   0
      77244.0 | 1   1   0   0   1   0   0
      77326.0 | 0   1   0   0   1   0   0
      77408.0 | 1   1   0   0   1   0   0
      77490.0 | 0   1   0   0   1   0   0
      77572.0 | 1   1   0   0   1   0   0
      77600.0 | 1   0   0   0   1   0   0
      77654.0 | 0   0   0   0   1   0   0
      77736.0 | 1   0   0   0   1   0   0
      77818.0 | 0   0   0   0   1   0   0
      77900.0 | 1   0   0   0   1   0   0
      77982.0 | 0   0   0   0   1   0   0
      78064.0 | 1   0   0   0   1   0   0
      78146.0 | 0   0   0   0   1   0   0
      78228.0 | 1   0   0   0   1   0   0
      78310.0 | 0   0   0   0   1   0   0
      78392.0 | 1   0   0   0   1   0   0
      78400.0 | 1   1   0   0   1   0   0
      78474.0 | 0   1   0   0   1   0   0
      78556.0 | 1   1   0   0   1   0   0
      78638.0 | 0   1   0   0   1   0   0
      78720.0 | 1   1   0   0   1   0   0
      78802.0 | 0   1   0   0   1   0   0
      78884.0 | 1   1   0   0   1   0   0
      78966.0 | 0   1   0   0   1   0   0
      79048.0 | 1   1   0   0   1   0   0
      79130.0 | 0   1   0   0   1   0   0
      79200.0 | 0   0   0   0   1   0   0
      79212.0 | 1   0   0   0   1   0   0
      79294.0 | 0   0   0   0   1   0   0
      79376.0 | 1   0   0   0   1   0   0
      79458.0 | 0   0   0   0   1   0   0
      79540.0 | 1   0   0   0   1   0   0
      79622.0 | 0   0   0   0   1   0   0
      79704.0 | 1   0   0   0   1   0   0
      79786.0 | 0   0   0   0   1   0   0
      79868.0 | 1   0   0   0   1   0   0
      79950.0 | 0   0   0   0   1   0   0
      80000.0 | 0   1   0   0   1   0   0
      80032.0 | 1   1   0   0   1   0   0
      80114.0 | 0   1   0   0   1   0   0
      80196.0 | 1   1   0   0   1   0   0
      80278.0 | 0   1   0   0   1   0   0
      80360.0 | 1   1   0   0   1   0   0
      80442.0 | 0   1   0   0   1   0   0
      80524.0 | 1   1   0   0   1   0   0
      80606.0 | 0   1   0   0   1   0   0
      80688.0 | 1   1   0   0   1   0   0
      80770.0 | 0   1   0   0   1   0   0
      80800.0 | 0   0   0   0   1   0   0
      80852.0 | 1   0   0   0   1   0   0
      80934.0 | 0   0   0   0   1   0   0
      81016.0 | 1   0   0   0   1   0   0
      81098.0 | 0   0   0   0   1   0   0
      81180.0 | 1   0   0   0   1   0   0
      81262.0 | 0   0   0   0   1   0   0
      81344.0 | 1   0   0   0   1   0   0
      81426.0 | 0   0   0   0   1   0   0
      81508.0 | 1   0   0   0   1   0   0
      81590.0 | 0   0   0   0   1   0   0
      81600.0 | 0   1   0   0   1   0   0
      81672.0 | 1   1   0   0   1   0   0
      81754.0 | 0   1   0   0   1   0   0
      81836.0 | 1   1   0   0   1   0   0
      81918.0 | 0   1   0   0   1   0   0
      82000.0 | 1   1   0   0   1   0   0
      82082.0 | 0   1   0   0   1   0   0
      82164.0 | 1   1   0   0   1   0   0
      82246.0 | 0   1   0   0   1   0   0
      82328.0 | 1   1   0   0   1   0   0
      82400.0 | 1   0   0   0   1   0   0
      82410.0 | 0   0   0   0   1   0   0
      82492.0 | 1   0   0   0   1   0   0
      82574.0 | 0   0   0   0   1   0   0
      82656.0 | 1   0   0   0   1   0   0
      82738.0 | 0   0   0   0   1   0   0
      82820.0 | 1   0   0   0   1   0   0
      82902.0 | 0   0   0   0   1   0   0
      82984.0 | 1   0   0   0   1   0   0
      83066.0 | 0   0   0   0   1   0   0
      83148.0 | 1   0   0   0   1   0   0
      83200.0 | 1   1   0   0   1   0   0
      83230.0 | 0   1   0   0   1   0   0
      83312.0 | 1   1   0   0   1   0   0
      83394.0 | 0   1   0   0   1   0   0
      83476.0 | 1   1   0   0   1   0   0
      83558.0 | 0   1   0   0   1   0   0
      83640.0 | 1   1   0   0   1   0   0
      83722.0 | 0   1   0   0   1   0   0
      83804.0 | 1   1   0   0   1   0   0
      83886.0 | 0   1   0   0   1   0   0
      83968.0 | 1   1   0   0   1   0   0
      84000.0 | 1   0   0   0   1   0   0
      84050.0 | 0   0   0   0   1   0   0
      84132.0 | 1   0   0   0   1   0   0
      84214.0 | 0   0   0   0   1   0   0
      84296.0 | 1   0   0   0   1   0   0
      84378.0 | 0   0   0   0   1   0   0
      84460.0 | 1   0   0   0   1   0   0
      84542.0 | 0   0   0   0   1   0   0
      84624.0 | 1   0   0   0   1   0   0
      84706.0 | 0   0   0   0   1   0   0
      84788.0 | 1   0   0   0   1   0   0
      84800.0 | 1   1   0   0   1   0   0
      84870.0 | 0   1   0   0   1   0   0
      84952.0 | 1   1   0   0   1   0   0
      85034.0 | 0   1   0   0   1   0   0
      85116.0 | 1   1   0   0   1   0   0
      85198.0 | 0   1   0   0   1   0   0
      85280.0 | 1   1   0   0   1   0   0
      85362.0 | 0   1   0   0   1   0   0
      85444.0 | 1   1   0   0   1   0   0
      85526.0 | 0   1   0   0   1   0   0
      85600.0 | 0   0   0   0   1   0   0
      85608.0 | 1   0   0   0   1   0   0
      85690.0 | 0   0   0   0   1   0   0
      85772.0 | 1   0   0   0   1   0   0
      85854.0 | 0   0   0   0   1   0   0
      85936.0 | 1   0   0   0   1   0   0
      86018.0 | 0   0   0   0   1   0   0
      86100.0 | 1   0   0   0   1   0   0
      86182.0 | 0   0   0   0   1   0   0
      86264.0 | 1   0   0   0   1   0   0
      86346.0 | 0   0   0   0   1   0   0
      86400.0 | 0   1   0   0   1   0   0
      86428.0 | 1   1   0   0   1   0   0
      86510.0 | 0   1   0   0   1   0   0
      86592.0 | 1   1   0   0   1   0   0
      86674.0 | 0   1   0   0   1   0   0
      86756.0 | 1   1   0   0   1   0   0
      86838.0 | 0   1   0   0   1   0   0
      86920.0 | 1   1   0   0   1   0   0
      87002.0 | 0   1   0   0   1   0   0
      87084.0 | 1   1   0   0   1   0   0
      87166.0 | 0   1   0   0   1   0   0
      87200.0 | 0   0   0   0   1   0   0
      87248.0 | 1   0   0   0   1   0   0
      87330.0 | 0   0   0   0   1   0   0
      87412.0 | 1   0   0   0   1   0   0
      87494.0 | 0   0   0   0   1   0   0
      87576.0 | 1   0   0   0   1   0   0
      87658.0 | 0   0   0   0   1   0   0
      87740.0 | 1   0   0   0   1   0   0
      87822.0 | 0   0   0   0   1   0   0
      87904.0 | 1   0   0   0   1   0   0
      87986.0 | 0   0   0   0   1   0   0
      88000.0 | 0   1   0   0   1   0   0
      88068.0 | 1   1   0   0   1   0   0
      88150.0 | 0   1   0   0   1   0   0
      88232.0 | 1   1   0   0   1   0   0
      88314.0 | 0   1   0   0   1   0   0
      88396.0 | 1   1   0   0   1   0   0
      88478.0 | 0   1   0   0   1   0   0
      88560.0 | 1   1   0   0   1   0   0
      88642.0 | 0   1   0   0   1   0   0
      88724.0 | 1   1   0   0   1   0   0
      88800.0 | 1   0   0   0   1   0   0
      88806.0 | 0   0   0   0   1   0   0
      88888.0 | 1   0   0   0   1   0   0
      88970.0 | 0   0   0   0   1   0   0
      89052.0 | 1   0   0   0   1   0   0
      89134.0 | 0   0   0   0   1   0   0
      89216.0 | 1   0   0   0   1   0   0
      89298.0 | 0   0   0   0   1   0   0
      89380.0 | 1   0   0   0   1   0   0
      89462.0 | 0   0   0   0   1   0   0
      89544.0 | 1   0   0   0   1   0   0
      89600.0 | 1   1   0   0   1   0   0
      89626.0 | 0   1   0   0   1   0   0
      89708.0 | 1   1   0   0   1   0   0
      89790.0 | 0   1   0   0   1   0   0
      89872.0 | 1   1   0   0   1   0   0
      89954.0 | 0   1   0   0   1   0   0
      90036.0 | 1   1   0   0   1   0   0
      90118.0 | 0   1   0   0   1   0   0
      90200.0 | 1   1   0   0   1   0   0
      90282.0 | 0   1   0   0   1   0   0
      90364.0 | 1   1   0   0   1   0   0
      90400.0 | 1   0   0   0   1   0   0
      90446.0 | 0   0   0   0   1   0   0
      90528.0 | 1   0   0   0   1   0   0
      90610.0 | 0   0   0   0   1   0   0
      90692.0 | 1   0   0   0   1   0   0
      90774.0 | 0   0   0   0   1   0   0
      90856.0 | 1   0   0   0   1   0   0
      90938.0 | 0   0   0   0   1   0   0
      91020.0 | 1   0   0   0   1   0   0
      91102.0 | 0   0   0   0   1   0   0
      91184.0 | 1   0   0   0   1   0   0
      91200.0 | 1   1   0   0   1   0   0
      91266.0 | 0   1   0   0   1   0   0
      91348.0 | 1   1   0   0   1   0   0
      91430.0 | 0   1   0   0   1   0   0
      91512.0 | 1   1   0   0   1   0   0
      91594.0 | 0   1   0   0   1   0   0
      91676.0 | 1   1   0   0   1   0   0
      91758.0 | 0   1   0   0   1   0   0
      91840.0 | 1   1   0   0   1   0   0
      91922.0 | 0   1   0   0   1   0   0
      92000.0 | 0   0   0   0   1   0   0
      92004.0 | 1   0   0   0   1   0   0
      92086.0 | 0   0   0   0   1   0   0
      92168.0 | 1   0   0   0   1   0   0
      92250.0 | 0   0   0   0   1   0   0
      92332.0 | 1   0   0   0   1   0   0
      92414.0 | 0   0   0   0   1   0   0
      92496.0 | 1   0   0   0   1   0   0
      92578.0 | 0   0   0   0   1   0   0
      92660.0 | 1   0   0   0   1   0   0
      92742.0 | 0   0   0   0   1   0   0
      92800.0 | 0   1   0   0   1   0   0
      92824.0 | 1   1   0   0   1   0   0
      92906.0 | 0   1   0   0   1   0   0
      92988.0 | 1   1   0   0   1   0   0
      93070.0 | 0   1   0   0   1   0   0
      93152.0 | 1   1   0   0   1   0   0
      93234.0 | 0   1   0   0   1   0   0
      93316.0 | 1   1   0   0   1   0   0
      93398.0 | 0   1   0   0   1   0   0
      93480.0 | 1   1   0   0   1   0   0
      93562.0 | 0   1   0   0   1   0   0
      93600.0 | 0   0   0   0   1   0   0
      93644.0 | 1   0   0   0   1   0   0
      93726.0 | 0   0   0   0   1   0   0
      93808.0 | 1   0   0   0   1   0   0
      93890.0 | 0   0   0   0   1   0   0
      93972.0 | 1   0   0   0   1   0   0
      94054.0 | 0   0   0   0   1   0   0
      94136.0 | 1   0   0   0   1   0   0
      94218.0 | 0   0   0   0   1   0   0
      94300.0 | 1   0   0   0   1   0   0
      94382.0 | 0   0   0   0   1   0   0
      94400.0 | 0   1   0   0   1   0   0
      94464.0 | 1   1   0   0   1   0   0
      94546.0 | 0   1   0   0   1   0   0
      94628.0 | 1   1   0   0   1   0   0
      94710.0 | 0   1   0   0   1   0   0
      94792.0 | 1   1   0   0   1   0   0
      94874.0 | 0   1   0   0   1   0   0
      94956.0 | 1   1   0   0   1   0   0
      95038.0 | 0   1   0   0   1   0   0
      95120.0 | 1   1   0   0   1   0   0
      95200.0 | 1   0   0   0   1   0   0
      95202.0 | 0   0   0   0   1   0   0
      95284.0 | 1   0   0   0   1   0   0
      95366.0 | 0   0   0   0   1   0   0
      95448.0 | 1   0   0   0   1   0   0
      95530.0 | 0   0   0   0   1   0   0
      95612.0 | 1   0   0   0   1   0   0
      95694.0 | 0   0   0   0   1   0   0
      95776.0 | 1   0   0   0   1   0   0
      95858.0 | 0   0   0   0   1   0   0
      95940.0 | 1   0   0   0   1   0   0
      96000.0 | 1   1   0   0   1   0   0
      96022.0 | 0   1   0   0   1   0   0
      96104.0 | 1   1   0   0   1   0   0
      96186.0 | 0   1   0   0   1   0   0
      96268.0 | 1   1   0   0   1   0   0
      96350.0 | 0   1   0   0   1   0   0
      96432.0 | 1   1   0   0   1   0   0
      96514.0 | 0   1   0   0   1   0   0
      96596.0 | 1   1   0   0   1   0   0
      96678.0 | 0   1   0   0   1   0   0
      96760.0 | 1   1   0   0   1   0   0
      96800.0 | 1   0   0   0   1   0   0
      96842.0 | 0   0   0   0   1   0   0
      96924.0 | 1   0   0   0   1   0   0
      97006.0 | 0   0   0   0   1   0   0
      97088.0 | 1   0   0   0   1   0   0
      97170.0 | 0   0   0   0   1   0   0
      97252.0 | 1   0   0   0   1   0   0
      97334.0 | 0   0   0   0   1   0   0
      97416.0 | 1   0   0   0   1   0   0
      97498.0 | 0   0   0   0   1   0   0
      97580.0 | 1   0   0   0   1   0   0
      97600.0 | 1   1   0   0   1   0   0
      97662.0 | 0   1   0   0   1   0   0
      97744.0 | 1   1   0   0   1   0   0
      97826.0 | 0   1   0   0   1   0   0
      97908.0 | 1   1   0   0   1   0   0
      97990.0 | 0   1   0   0   1   0   0
      98072.0 | 1   1   0   0   1   0   0
      98154.0 | 0   1   0   0   1   0   0
      98236.0 | 1   1   0   0   1   0   0
      98318.0 | 0   1   0   0   1   0   0
      98400.0 | 1   0   0   0   1   0   0
      98482.0 | 0   0   0   0   1   0   0
      98564.0 | 1   0   0   0   1   0   0
      98646.0 | 0   0   0   0   1   0   0
      98728.0 | 1   0   0   0   1   0   0
      98810.0 | 0   0   0   0   1   0   0
      98892.0 | 1   0   0   0   1   0   0
      98974.0 | 0   0   0   0   1   0   0
      99056.0 | 1   0   0   0   1   0   0
      99138.0 | 0   0   0   0   1   0   0
      99200.0 | 0   1   0   0   1   0   0
      99220.0 | 1   1   0   0   1   0   0
      99302.0 | 0   1   0   0   1   0   0
      99384.0 | 1   1   0   0   1   0   0
      99466.0 | 0   1   0   0   1   0   0
      99548.0 | 1   1   0   0   1   0   0
      99630.0 | 0   1   0   0   1   0   0
      99712.0 | 1   1   0   0   1   0   0
      99794.0 | 0   1   0   0   1   0   0
      99876.0 | 1   1   0   0   1   0   0
      99958.0 | 0   1   0   0   1   0   0
      99999.9 | 0   1   0   0   1   0   0
================================================================================
  network : Timer                                                  nodes : 281  
================================================================================
