                  0 UUUDNNL
                 82 DUUDNNL
                164 UUUDNNL
                246 DUUDNNL
                287 DUDDUDL
                328 UUDDUDL
                410 DUDDUDL
                451 DUDDUUL
                492 UUDDUUL
                574 DUDDUUL
                615 DUDDUDL
                656 UUDDUDL
                738 DUDDUDL
                800 DDDDUDL
                820 UDDDUDL
                902 DDDDUDL
                984 UDDDUDL
               1066 DDDDUDL
               1148 UDDDUDL
               1230 DDDDUDL
               1312 UDDDUDL
               1394 DDDDUDL
               1476 UDDDUDL
               1558 DDDDUDL
               1600 DUDDUDL
               1640 UUDDUDL
               1722 DUDDUDL
               1804 UUDDUDL
               1886 DUDDUDL
               1968 UUDDUDL
               2050 DUDDUDL
               2132 UUDDUDL
               2214 DUDDUDL
               2296 UUDDUDL
               2378 DUDDUDL
               2400 DDDDUDL
               2460 UDDDUDL
               2542 DDDDUDL
               2624 UDDDUDL
               2706 DDDDUDL
               2788 UDDDUDL
               2870 DDDDUDL
               2952 UDDDUDL
               3034 DDDDUDL
               3116 UDDDUDL
               3198 DDDDUDL
               3200 DUDDUDL
               3280 UUDDUDL
               3362 DUDDUDL
               3444 UUDDUDL
               3526 DUDDUDL
               3608 UUDDUDL
               3690 DUDDUDL
               3772 UUDDUDL
               3854 DUDDUDL
               3936 UUDDUDL
               4000 UDDDUDL
               4018 DDDDUDL
               4100 UDDDUDL
               4182 DDDDUDL
               4264 UDDDUDL
               4346 DDDDUDL
               4428 UDDDUDL
               4510 DDDDUDL
               4592 UDDDUDL
               4674 DDDDUDL
               4756 UDDDUDL
               4800 UUDDUDL
               4838 DUDDUDL
               4920 UUDDUDL
               5002 DUDDUDL
               5084 UUDDUDL
               5166 DUDDUDL
               5248 UUDDUDL
               5330 DUDDUDL
               5412 UUDDUDL
               5494 DUDDUDL
               5576 UUDDUDL
               5600 UDDDUDL
               5658 DDDDUDL
               5740 UDDDUDL
               5822 DDDDUDL
               5904 UDDDUDL
               5986 DDDDUDL
               6068 UDDDUDL
               6150 DDDDUDL
               6232 UDDDUDL
               6314 DDDDUDL
               6396 UDDDUDL
               6400 UUDDUDL
               6478 DUDDUDL
               6560 UUDDUDL
               6642 DUDDUDL
               6724 UUDDUDL
               6806 DUDDUDL
               6888 UUDDUDL
               6970 DUDDUDL
               7052 UUDDUDL
               7134 DUDDUDL
               7200 DDDDUDL
               7216 UDDDUDL
               7298 DDDDUDL
               7380 UDDDUDL
               7462 DDDDUDL
               7544 UDDDUDL
               7626 DDDDUDL
               7708 UDDDUDL
               7790 DDDDUDL
               7872 UDDDUDL
               7954 DDDDUDL
               8000 DUDDUDL
               8036 UUDDUDL
               8118 DUDDUDL
               8200 UUDDUDL
               8282 DUDDUDL
               8364 UUDDUDL
               8446 DUDDUDL
               8528 UUDDUDL
               8610 DUDDUDL
               8692 UUDDUDL
               8774 DUDDUDL
               8800 DDDDUDL
               8856 UDDDUDL
               8938 DDDDUDL
               9020 UDDDUDL
               9102 DDDDUDL
               9184 UDDDUDL
               9266 DDDDUDL
               9348 UDDDUDL
               9430 DDDDUDL
               9512 UDDDUDL
               9594 DDDDUDL
               9600 DUDDUDL
               9676 UUDDUDL
               9758 DUDDUDL
               9840 UUDDUDL
               9922 DUDDUDL
              10004 UUDDUDL
              10086 DUDDUDL
              10168 UUDDUDL
              10250 DUDDUDL
              10332 UUDDUDL
              10400 UDDDUDL
              10414 DDDDUDL
              10496 UDDDUDL
              10578 DDDDUDL
              10660 UDDDUDL
              10742 DDDDUDL
              10824 UDDDUDL
              10906 DDDDUDL
              10988 UDDDUDL
              11070 DDDDUDL
              11152 UDDDUDL
              11200 UUDDUDL
              11234 DUDDUDL
              11316 UUDDUDL
              11398 DUDDUDL
              11480 UUDDUDL
              11562 DUDDUDL
              11644 UUDDUDL
              11726 DUDDUDL
              11808 UUDDUDL
              11890 DUDDUDL
              11972 UUDDUDL
              12000 UDDDUDL
              12054 DDDDUDL
              12136 UDDDUDL
              12218 DDDDUDL
              12300 UDDDUDL
              12382 DDDDUDL
              12464 UDDDUDL
              12546 DDDDUDL
              12628 UDDDUDL
              12710 DDDDUDL
              12792 UDDDUDL
              12800 UUDDUDL
              12874 DUDDUDL
              12956 UUDDUDL
              13038 DUDDUDL
              13120 UUDDUDL
              13202 DUDDUDL
              13284 UUDDUDL
              13366 DUDDUDL
              13448 UUDDUDL
              13530 DUDDUDL
              13600 DDDDUDL
              13612 UDDDUDL
              13694 DDDDUDL
              13776 UDDDUDL
              13858 DDDDUDL
              13940 UDDDUDL
              14022 DDDDUDL
              14104 UDDDUDL
              14186 DDDDUDL
              14268 UDDDUDL
              14350 DDDDUDL
              14400 DUDDUDL
              14432 UUDDUDL
              14514 DUDDUDL
              14596 UUDDUDL
              14678 DUDDUDL
              14760 UUDDUDL
              14842 DUDDUDL
              14924 UUDDUDL
              15006 DUDDUDL
              15088 UUDDUDL
              15170 DUDDUDL
              15200 DDDDUDL
              15252 UDDDUDL
              15334 DDDDUDL
              15416 UDDDUDL
              15498 DDDDUDL
              15580 UDDDUDL
              15662 DDDDUDL
              15744 UDDDUDL
              15826 DDDDUDL
              15908 UDDDUDL
              15990 DDDDUDL
              16000 DUDDUDL
              16072 UUDDUDL
              16154 DUDDUDL
              16236 UUDDUDL
              16318 DUDDUDL
              16400 UUDDUDL
              16482 DUDDUDL
              16564 UUDDUDL
              16646 DUDDUDL
              16728 UUDDUDL
              16800 UDDDUDL
              16810 DDDDUDL
              16892 UDDDUDL
              16974 DDDDUDL
              17056 UDDDUDL
              17138 DDDDUDL
              17220 UDDDUDL
              17302 DDDDUDL
              17384 UDDDUDL
              17466 DDDDUDL
              17548 UDDDUDL
              17600 UUDDUDL
              17630 DUDDUDL
              17712 UUDDUDL
              17794 DUDDUDL
              17876 UUDDUDL
              17958 DUDDUDL
              18040 UUDDUDL
              18122 DUDDUDL
              18204 UUDDUDL
              18286 DUDDUDL
              18368 UUDDUDL
              18400 UDDDUDL
              18450 DDDDUDL
              18532 UDDDUDL
              18614 DDDDUDL
              18696 UDDDUDL
              18778 DDDDUDL
              18860 UDDDUDL
              18942 DDDDUDL
              19024 UDDDUDL
              19106 DDDDUDL
              19188 UDDDUDL
              19200 UUDDUDL
              19270 DUDDUDL
              19352 UUDDUDL
              19434 DUDDUDL
              19516 UUDDUDL
              19598 DUDDUDL
              19680 UUDDUDL
              19762 DUDDUDL
              19844 UUDDUDL
              19926 DUDDUDL
              20000 DDDDUDL
              20008 UDDDUDL
              20090 DDDDUDL
              20172 UDDDUDL
              20254 DDDDUDL
              20336 UDDDUDL
              20418 DDDDUDL
              20500 UDDDUDL
              20582 DDDDUDL
              20664 UDDDUDL
              20746 DDDDUDL
              20800 DUDDUDL
              20828 UUDDUDL
              20910 DUDDUDL
              20992 UUDDUDL
              21074 DUDDUDL
              21156 UUDDUDL
              21238 DUDDUDL
              21320 UUDDUDL
              21402 DUDDUDL
              21484 UUDDUDL
              21566 DUDDUDL
              21600 DDDDUDL
              21648 UDDDUDL
              21730 DDDDUDL
              21812 UDDDUDL
              21894 DDDDUDL
              21976 UDDDUDL
              22058 DDDDUDL
              22140 UDDDUDL
              22222 DDDDUDL
              22304 UDDDUDL
              22386 DDDDUDL
              22400 DUDDUDL
              22468 UUDDUDL
              22550 DUDDUDL
              22632 UUDDUDL
              22714 DUDDUDL
              22796 UUDDUDL
              22878 DUDDUDL
              22960 UUDDUDL
              23042 DUDDUDL
              23124 UUDDUDL
              23200 UDDDUDL
              23206 DDDDUDL
              23288 UDDDUDL
              23370 DDDDUDL
              23452 UDDDUDL
              23534 DDDDUDL
              23616 UDDDUDL
              23698 DDDDUDL
              23780 UDDDUDL
              23862 DDDDUDL
              23944 UDDDUDL
              24000 UUDDUDL
              24026 DUDDUDL
              24108 UUDDUDL
              24190 DUDDUDL
              24272 UUDDUDL
              24354 DUDDUDL
              24436 UUDDUDL
              24518 DUDDUDL
              24600 UUDDUDL
              24682 DUDDUDL
              24764 UUDDUDL
              24800 UDDDUDL
              24846 DDDDUDL
              24928 UDDDUDL
              25010 DDDDUDL
              25092 UDDDUDL
              25174 DDDDUDL
              25256 UDDDUDL
              25338 DDDDUDL
              25420 UDDDUDL
              25502 DDDDUDL
              25584 UDDDUDL
              25600 UUDDUDL
              25666 DUDDUDL
              25748 UUDDUDL
              25830 DUDDUDL
              25912 UUDDUDL
              25994 DUDDUDL
              26076 UUDDUDL
              26158 DUDDUDL
              26240 UUDDUDL
              26322 DUDDUDL
              26400 DDDDUDL
              26404 UDDDUDL
              26486 DDDDUDL
              26568 UDDDUDL
              26650 DDDDUDL
              26732 UDDDUDL
              26814 DDDDUDL
              26896 UDDDUDL
              26978 DDDDUDL
              27060 UDDDUDL
              27142 DDDDUDL
              27200 DUDDUDL
              27224 UUDDUDL
              27306 DUDDUDL
              27388 UUDDUDL
              27470 DUDDUDL
              27552 UUDDUDL
              27634 DUDDUDL
              27716 UUDDUDL
              27798 DUDDUDL
              27880 UUDDUDL
              27962 DUDDUDL
              28000 DDDDUDL
              28044 UDDDUDL
              28126 DDDDUDL
              28208 UDDDUDL
              28290 DDDDUDL
              28372 UDDDUDL
              28454 DDDDUDL
              28536 UDDDUDL
              28618 DDDDUDL
              28700 UDDDUDL
              28782 DDDDUDL
              28800 DUDDUDL
              28864 UUDDUDL
              28946 DUDDUDL
              29028 UUDDUDL
              29110 DUDDUDL
              29192 UUDDUDL
              29274 DUDDUDL
              29356 UUDDUDL
              29438 DUDDUDL
              29520 UUDDUDL
              29600 UDDDUDL
              29602 DDDDUDL
              29684 UDDDUDL
              29766 DDDDUDL
              29848 UDDDUDL
              29930 DDDDUDL
              30012 UDDDUDL
              30094 DDDDUDL
              30176 UDDDUDL
              30258 DDDDUDL
              30340 UDDDUDL
              30400 UUDDUDL
              30422 DUDDUDL
              30504 UUDDUDL
              30586 DUDDUDL
              30668 UUDDUDL
              30750 DUDDUDL
              30832 UUDDUDL
              30914 DUDDUDL
              30996 UUDDUDL
              31078 DUDDUDL
              31160 UUDDUDL
              31200 UDDDUDL
              31242 DDDDUDL
              31324 UDDDUDL
              31406 DDDDUDL
              31488 UDDDUDL
              31570 DDDDUDL
              31652 UDDDUDL
              31734 DDDDUDL
              31816 UDDDUDL
              31898 DDDDUDL
              31980 UDDDUDL
              32000 UUDDUDL
              32062 DUDDUDL
              32144 UUDDUDL
              32226 DUDDUDL
              32308 UUDDUDL
              32390 DUDDUDL
              32472 UUDDUDL
              32554 DUDDUDL
              32636 UUDDUDL
              32718 DUDDUDL
              32800 UDDDUDL
              32882 DDDDUDL
              32964 UDDDUDL
              33046 DDDDUDL
              33128 UDDDUDL
              33210 DDDDUDL
              33292 UDDDUDL
              33374 DDDDUDL
              33456 UDDDUDL
              33538 DDDDUDL
              33600 DUDDUDL
              33620 UUDDUDL
              33702 DUDDUDL
              33784 UUDDUDL
              33866 DUDDUDL
              33948 UUDDUDL
              34030 DUDDUDL
              34112 UUDDUDL
              34194 DUDDUDL
              34276 UUDDUDL
              34358 DUDDUDL
              34400 DDDDUDL
              34440 UDDDUDL
              34522 DDDDUDL
              34604 UDDDUDL
              34686 DDDDUDL
              34768 UDDDUDL
              34850 DDDDUDL
              34932 UDDDUDL
              35014 DDDDUDL
              35096 UDDDUDL
              35178 DDDDUDL
              35200 DUDDUDL
              35260 UUDDUDL
              35342 DUDDUDL
              35424 UUDDUDL
              35506 DUDDUDL
              35588 UUDDUDL
              35670 DUDDUDL
              35752 UUDDUDL
              35834 DUDDUDL
              35916 UUDDUDL
              35998 DUDDUDL
              36000 DDDDUDL
              36080 UDDDUDL
              36162 DDDDUDL
              36244 UDDDUDL
              36326 DDDDUDL
              36408 UDDDUDL
              36490 DDDDUDL
              36572 UDDDUDL
              36654 DDDDUDL
              36736 UDDDUDL
              36800 UUDDUDL
              36818 DUDDUDL
              36900 UUDDUDL
              36982 DUDDUDL
              37064 UUDDUDL
              37146 DUDDUDL
              37228 UUDDUDL
              37310 DUDDUDL
              37392 UUDDUDL
              37474 DUDDUDL
              37556 UUDDUDL
              37600 UDDDUDL
              37638 DDDDUDL
              37720 UDDDUDL
              37802 DDDDUDL
              37884 UDDDUDL
              37966 DDDDUDL
              38048 UDDDUDL
              38130 DDDDUDL
              38212 UDDDUDL
              38294 DDDDUDL
              38376 UDDDUDL
              38400 UUDDUDL
              38458 DUDDUDL
              38540 UUDDUDL
              38622 DUDDUDL
              38704 UUDDUDL
              38786 DUDDUDL
              38868 UUDDUDL
              38950 DUDDUDL
              39032 UUDDUDL
              39114 DUDDUDL
              39196 UUDDUDL
              39200 UDDDUDL
              39278 DDDDUDL
              39360 UDDDUDL
              39442 DDDDUDL
              39524 UDDDUDL
              39606 DDDDUDL
              39688 UDDDUDL
              39770 DDDDUDL
              39852 UDDDUDL
              39934 DDDDUDL
              40000 DUDDUDL
              40016 UUDDUDL
              40098 DUDDUDL
              40180 UUDDUDL
              40262 DUDDUDL
              40344 UUDDUDL
              40426 DUDDUDL
              40508 UUDDUDL
              40590 DUDDUDL
              40672 UUDDUDL
              40754 DUDDUDL
              40800 DDDDUDL
              40836 UDDDUDL
              40918 DDDDUDL
              41000 UDDDUDL
              41082 DDDDUDL
              41164 UDDDUDL
              41246 DDDDUDL
              41328 UDDDUDL
              41410 DDDDUDL
              41492 UDDDUDL
              41574 DDDDUDL
              41600 DUDDUDL
              41656 UUDDUDL
              41738 DUDDUDL
              41820 UUDDUDL
              41902 DUDDUDL
              41984 UUDDUDL
              42066 DUDDUDL
              42148 UUDDUDL
              42230 DUDDUDL
              42312 UUDDUDL
              42394 DUDDUDL
              42400 DDDDUDL
              42476 UDDDUDL
              42558 DDDDUDL
              42640 UDDDUDL
              42722 DDDDUDL
              42804 UDDDUDL
              42886 DDDDUDL
              42968 UDDDUDL
              43050 DDDDUDL
              43132 UDDDUDL
              43200 UUDDUDL
              43214 DUDDUDL
              43296 UUDDUDL
              43378 DUDDUDL
              43460 UUDDUDL
              43542 DUDDUDL
              43624 UUDDUDL
              43706 DUDDUDL
              43788 UUDDUDL
              43870 DUDDUDL
              43952 UUDDUDL
              44000 UDDDUDL
              44034 DDDDUDL
              44116 UDDDUDL
              44198 DDDDUDL
              44280 UDDDUDL
              44362 DDDDUDL
              44444 UDDDUDL
              44526 DDDDUDL
              44608 UDDDUDL
              44690 DDDDUDL
              44772 UDDDUDL
              44800 UUDDUDL
              44854 DUDDUDL
              44936 UUDDUDL
              45018 DUDDUDL
              45100 UUDDUDL
              45182 DUDDUDL
              45264 UUDDUDL
              45346 DUDDUDL
              45428 UUDDUDL
              45510 DUDDUDL
              45592 UUDDUDL
              45600 UDDDUDL
              45674 DDDDUDL
              45756 UDDDUDL
              45838 DDDDUDL
              45920 UDDDUDL
              46002 DDDDUDL
              46084 UDDDUDL
              46166 DDDDUDL
              46248 UDDDUDL
              46330 DDDDUDL
              46400 DUDDUDL
              46412 UUDDUDL
              46494 DUDDUDL
              46576 UUDDUDL
              46658 DUDDUDL
              46740 UUDDUDL
              46822 DUDDUDL
              46904 UUDDUDL
              46986 DUDDUDL
              47068 UUDDUDL
              47150 DUDDUDL
              47200 DDDDUDL
              47232 UDDDUDL
              47314 DDDDUDL
              47396 UDDDUDL
              47478 DDDDUDL
              47560 UDDDUDL
              47642 DDDDUDL
              47724 UDDDUDL
              47806 DDDDUDL
              47888 UDDDUDL
              47970 DDDDUDL
              48000 DUDDUDL
              48052 UUDDUDL
              48134 DUDDUDL
              48216 UUDDUDL
              48298 DUDDUDL
              48380 UUDDUDH
              48462 DUDDUDH
              48544 UUDDUDL
              48626 DUDDUDL
              48708 UUDDUDL
              48790 DUDDUDL
              48800 DDDDUDL
              48872 UDDDUDL
              48954 DDDDUDL
              49036 UDDDUDL
              49118 DDDDUDL
              49200 UDDDUDL
              49282 DDDDUDL
              49364 UDDDUDL
              49446 DDDDUDL
              49528 UDDDUDL
              49600 UUDDUDL
              49610 DUDDUDL
              49692 UUDDUDL
              49774 DUDDUDL
              49856 UUDDUDL
              49938 DUDDUDL
              50020 UUDDUDL
              50102 DUDDUDL
              50184 UUDDUDL
              50266 DUDDUDL
              50348 UUDDUDL
              50400 UDDDUDL
              50430 DDDDUDL
              50512 UDDDUDL
              50594 DDDDUDL
              50676 UDDDUDL
              50758 DDDDUDL
              50840 UDDDUDL
              50922 DDDDUDL
              51004 UDDDUDL
              51086 DDDDUDL
              51168 UDDDUDL
              51200 UUDDUDL
              51250 DUDDUDL
              51332 UUDDUDL
              51414 DUDDUDL
              51496 UUDDUDL
              51578 DUDDUDL
              51660 UUDDUDL
              51742 DUDDUDL
              51824 UUDDUDL
              51906 DUDDUDL
              51988 UUDDUDL
              52000 UDDDUDL
              52070 DDDDUDL
              52152 UDDDUDL
              52234 DDDDUDL
              52316 UDDDUDL
              52398 DDDDUDL
              52480 UDDDUDL
              52562 DDDDUDL
              52644 UDDDUDL
              52726 DDDDUDL
              52800 DUDDUDL
              52808 UUDDUDL
              52890 DUDDUDL
              52972 UUDDUDL
              53054 DUDDUDL
              53136 UUDDUDL
              53218 DUDDUDL
              53300 UUDDUDL
              53382 DUDDUDL
              53464 UUDDUDL
              53546 DUDDUDL
              53600 DDDDUDL
              53628 UDDDUDL
              53710 DDDDUDL
              53792 UDDDUDL
              53874 DDDDUDL
              53956 UDDDUDL
              54038 DDDDUDL
              54120 UDDDUDL
              54202 DDDDUDL
              54284 UDDDUDL
              54366 DDDDUDL
              54400 DUDDUDL
              54448 UUDDUDL
              54530 DUDDUDL
              54612 UUDDUDL
              54694 DUDDUDL
              54776 UUDDUDL
              54858 DUDDUDL
              54940 UUDDUDL
              55022 DUDDUDL
              55104 UUDDUDL
              55186 DUDDUDL
              55200 DDDDUDL
              55268 UDDDUDL
              55350 DDDDUDL
              55432 UDDDUDL
              55514 DDDDUDL
              55596 UDDDUDL
              55678 DDDDUDL
              55760 UDDDUDL
              55842 DDDDUDL
              55924 UDDDUDL
              56000 UUDDUDL
              56006 DUDDUDL
              56088 UUDDUDL
              56170 DUDDUDL
              56252 UUDDUDL
              56334 DUDDUDL
              56416 UUDDUDL
              56498 DUDDUDL
              56580 UUDDUDL
              56662 DUDDUDL
              56744 UUDDUDL
              56800 UDDDUDL
              56826 DDDDUDL
              56908 UDDDUDL
              56990 DDDDUDL
              57072 UDDDUDL
              57154 DDDDUDL
              57236 UDDDUDL
              57318 DDDDUDL
              57400 UDDDUDL
              57482 DDDDUDL
              57564 UDDDUDL
              57600 UUDDUDL
              57646 DUDDUDL
              57728 UUDDUDL
              57810 DUDDUDL
              57892 UUDDUDL
              57974 DUDDUDL
              58056 UUDDUDL
              58138 DUDDUDL
              58220 UUDDUDL
              58302 DUDDUDL
              58384 UUDDUDL
              58400 UDDDUDL
              58466 DDDDUDL
              58548 UDDDUDL
              58630 DDDDUDL
              58712 UDDDUDL
              58794 DDDDUDL
              58876 UDDDUDL
              58958 DDDDUDL
              59040 UDDDUDL
              59122 DDDDUDL
              59200 DUDDUDL
              59204 UUDDUDL
              59286 DUDDUDL
              59368 UUDDUDL
              59450 DUDDUDL
              59532 UUDDUDL
              59614 DUDDUDL
              59696 UUDDUDL
              59778 DUDDUDL
              59860 UUDDUDL
              59942 DUDDUDL
              60000 DDDDUDL
              60024 UDDDUDL
              60106 DDDDUDL
              60188 UDDDUDL
              60270 DDDDUDL
              60352 UDDDUDL
              60434 DDDDUDL
              60516 UDDDUDL
              60598 DDDDUDL
              60680 UDDDUDL
              60762 DDDDUDL
              60800 DUDDUDL
              60844 UUDDUDL
              60926 DUDDUDL
              61008 UUDDUDL
              61090 DUDDUDL
              61172 UUDDUDL
              61254 DUDDUDL
              61336 UUDDUDL
              61418 DUDDUDL
              61500 UUDDUDL
              61582 DUDDUDL
              61600 DDDDUDL
              61664 UDDDUDL
              61746 DDDDUDL
              61828 UDDDUDL
              61910 DDDDUDL
              61992 UDDDUDL
              62074 DDDDUDL
              62156 UDDDUDL
              62238 DDDDUDL
              62320 UDDDUDL
              62400 UUDDUDL
              62402 DUDDUDL
              62484 UUDDUDL
              62566 DUDDUDL
              62648 UUDDUDL
              62730 DUDDUDL
              62812 UUDDUDL
              62894 DUDDUDL
              62976 UUDDUDL
              63058 DUDDUDL
              63140 UUDDUDL
              63200 UDDDUDL
              63222 DDDDUDL
              63304 UDDDUDL
              63386 DDDDUDL
              63468 UDDDUDL
              63550 DDDDUDL
              63632 UDDDUDL
              63714 DDDDUDL
              63796 UDDDUDL
              63878 DDDDUDL
              63960 UDDDUDL
              64000 UUDDUDL
              64042 DUDDUDL
              64124 UUDDUDL
              64206 DUDDUDL
              64288 UUDDUDL
              64370 DUDDUDL
              64452 UUDDUDL
              64534 DUDDUDL
              64616 UUDDUDL
              64698 DUDDUDL
              64780 UUDDUDL
              64800 UDDDUDL
              64862 DDDDUDL
              64944 UDDDUDL
              65026 DDDDUDL
              65108 UDDDUDL
              65190 DDDDUDL
              65272 UDDDUDL
              65354 DDDDUDL
              65436 UDDDUDL
              65518 DDDDUDL
              65600 UUDDUDL
              65682 DUDDUDL
              65764 UUDDUDL
              65846 DUDDUDL
              65928 UUDDUDL
              66010 DUDDUDL
              66092 UUDDUDL
              66174 DUDDUDL
              66256 UUDDUDL
              66338 DUDDUDL
              66400 DDDDUDL
              66420 UDDDUDL
              66502 DDDDUDL
              66584 UDDDUDL
              66666 DDDDUDL
              66748 UDDDUDL
              66830 DDDDUDL
              66912 UDDDUDL
              66994 DDDDUDL
              67076 UDDDUDL
              67158 DDDDUDL
              67200 DUDDUDL
              67240 UUDDUDL
              67322 DUDDUDL
              67404 UUDDUDL
              67486 DUDDUDL
              67568 UUDDUDL
              67650 DUDDUDL
              67732 UUDDUDL
              67814 DUDDUDL
              67896 UUDDUDL
              67978 DUDDUDL
              68000 DDDDUDL
              68060 UDDDUDL
              68142 DDDDUDL
              68224 UDDDUDL
              68306 DDDDUDL
              68388 UDDDUDL
              68470 DDDDUDL
              68552 UDDDUDL
              68634 DDDDUDL
              68716 UDDDUDL
              68798 DDDDUDL
              68800 DUDDUDL
              68880 UUDDUDL
              68962 DUDDUDL
              69044 UUDDUDL
              69126 DUDDUDL
              69208 UUDDUDL
              69290 DUDDUDL
              69372 UUDDUDL
              69454 DUDDUDL
              69536 UUDDUDL
              69600 UDDDUDL
              69618 DDDDUDL
              69700 UDDDUDL
              69782 DDDDUDL
              69864 UDDDUDL
              69946 DDDDUDL
              70028 UDDDUDL
              70110 DDDDUDL
              70192 UDDDUDL
              70274 DDDDUDL
              70356 UDDDUDL
              70400 UUDDUDL
              70438 DUDDUDL
              70520 UUDDUDL
              70602 DUDDUDL
              70684 UUDDUDL
              70766 DUDDUDL
              70848 UUDDUDL
              70930 DUDDUDL
              71012 UUDDUDL
              71094 DUDDUDL
              71176 UUDDUDL
              71200 UDDDUDL
              71258 DDDDUDL
              71340 UDDDUDL
              71422 DDDDUDL
              71504 UDDDUDL
              71586 DDDDUDL
              71668 UDDDUDL
              71750 DDDDUDL
              71832 UDDDUDL
              71914 DDDDUDL
              71996 UDDDUDL
              72000 UUDDUDL
              72078 DUDDUDL
              72160 UUDDUDL
              72242 DUDDUDL
              72324 UUDDUDL
              72406 DUDDUDL
              72488 UUDDUDL
              72570 DUDDUDL
              72652 UUDDUDL
              72734 DUDDUDL
              72800 DDDDUDL
              72816 UDDDUDL
              72898 DDDDUDL
              72980 UDDDUDL
              73062 DDDDUDL
              73144 UDDDUDL
              73226 DDDDUDL
              73308 UDDDUDL
              73390 DDDDUDL
              73472 UDDDUDL
              73554 DDDDUDL
              73600 DUDDUDL
              73636 UUDDUDL
              73718 DUDDUDL
              73800 UUDDUDL
              73882 DUDDUDL
              73964 UUDDUDL
              74046 DUDDUDL
              74128 UUDDUDL
              74210 DUDDUDL
              74292 UUDDUDL
              74374 DUDDUDL
              74400 DDDDUDL
              74456 UDDDUDL
              74538 DDDDUDL
              74620 UDDDUDL
              74702 DDDDUDL
              74784 UDDDUDL
              74866 DDDDUDL
              74948 UDDDUDL
              75030 DDDDUDL
              75112 UDDDUDL
              75194 DDDDUDL
              75200 DUDDUDL
              75276 UUDDUDL
              75358 DUDDUDL
              75440 UUDDUDL
              75522 DUDDUDL
              75604 UUDDUDL
              75686 DUDDUDL
              75768 UUDDUDL
              75850 DUDDUDL
              75932 UUDDUDL
              76000 UDDDUDL
              76014 DDDDUDL
              76096 UDDDUDL
              76178 DDDDUDL
              76260 UDDDUDL
              76342 DDDDUDL
              76424 UDDDUDL
              76506 DDDDUDL
              76588 UDDDUDL
              76670 DDDDUDL
              76752 UDDDUDL
              76800 UUDDUDL
              76834 DUDDUDL
              76916 UUDDUDL
              76998 DUDDUDL
              77080 UUDDUDL
              77162 DUDDUDL
              77244 UUDDUDL
              77326 DUDDUDL
              77408 UUDDUDL
              77490 DUDDUDL
              77572 UUDDUDL
              77600 UDDDUDL
              77654 DDDDUDL
              77736 UDDDUDL
              77818 DDDDUDL
              77900 UDDDUDL
              77982 DDDDUDL
              78064 UDDDUDL
              78146 DDDDUDL
              78228 UDDDUDL
              78310 DDDDUDL
              78392 UDDDUDL
              78400 UUDDUDL
              78474 DUDDUDL
              78556 UUDDUDL
              78638 DUDDUDL
              78720 UUDDUDL
              78802 DUDDUDL
              78884 UUDDUDL
              78966 DUDDUDL
              79048 UUDDUDL
              79130 DUDDUDL
              79200 DDDDUDL
              79212 UDDDUDL
              79294 DDDDUDL
              79376 UDDDUDL
              79458 DDDDUDL
              79540 UDDDUDL
              79622 DDDDUDL
              79704 UDDDUDL
              79786 DDDDUDL
              79868 UDDDUDL
              79950 DDDDUDL
              80000 DUDDUDL
              80032 UUDDUDL
              80114 DUDDUDL
              80196 UUDDUDL
              80278 DUDDUDL
              80360 UUDDUDL
              80442 DUDDUDL
              80524 UUDDUDL
              80606 DUDDUDL
              80688 UUDDUDL
              80770 DUDDUDL
              80800 DDDDUDL
              80852 UDDDUDL
              80934 DDDDUDL
              81016 UDDDUDL
              81098 DDDDUDL
              81180 UDDDUDL
              81262 DDDDUDL
              81344 UDDDUDL
              81426 DDDDUDL
              81508 UDDDUDL
              81590 DDDDUDL
              81600 DUDDUDL
              81672 UUDDUDL
              81754 DUDDUDL
              81836 UUDDUDL
              81918 DUDDUDL
              82000 UUDDUDL
              82082 DUDDUDL
              82164 UUDDUDL
              82246 DUDDUDL
              82328 UUDDUDL
              82400 UDDDUDL
              82410 DDDDUDL
              82492 UDDDUDL
              82574 DDDDUDL
              82656 UDDDUDL
              82738 DDDDUDL
              82820 UDDDUDL
              82902 DDDDUDL
              82984 UDDDUDL
              83066 DDDDUDL
              83148 UDDDUDL
              83200 UUDDUDL
              83230 DUDDUDL
              83312 UUDDUDL
              83394 DUDDUDL
              83476 UUDDUDL
              83558 DUDDUDL
              83640 UUDDUDL
              83722 DUDDUDL
              83804 UUDDUDL
              83886 DUDDUDL
              83968 UUDDUDL
              84000 UDDDUDL
              84050 DDDDUDL
              84132 UDDDUDL
              84214 DDDDUDL
              84296 UDDDUDL
              84378 DDDDUDL
              84460 UDDDUDL
              84542 DDDDUDL
              84624 UDDDUDL
              84706 DDDDUDL
              84788 UDDDUDL
              84800 UUDDUDL
              84870 DUDDUDL
              84952 UUDDUDL
              85034 DUDDUDL
              85116 UUDDUDL
              85198 DUDDUDL
              85280 UUDDUDL
              85362 DUDDUDL
              85444 UUDDUDL
              85526 DUDDUDL
              85600 DDDDUDL
              85608 UDDDUDL
              85690 DDDDUDL
              85772 UDDDUDL
              85854 DDDDUDL
              85936 UDDDUDL
              86018 DDDDUDL
              86100 UDDDUDL
              86182 DDDDUDL
              86264 UDDDUDL
              86346 DDDDUDL
              86400 DUDDUDL
              86428 UUDDUDL
              86510 DUDDUDL
              86592 UUDDUDL
              86674 DUDDUDL
              86756 UUDDUDL
              86838 DUDDUDL
              86920 UUDDUDL
              87002 DUDDUDL
              87084 UUDDUDL
              87166 DUDDUDL
              87200 DDDDUDL
              87248 UDDDUDL
              87330 DDDDUDL
              87412 UDDDUDL
              87494 DDDDUDL
              87576 UDDDUDL
              87658 DDDDUDL
              87740 UDDDUDL
              87822 DDDDUDL
              87904 UDDDUDL
              87986 DDDDUDL
              88000 DUDDUDL
              88068 UUDDUDL
              88150 DUDDUDL
              88232 UUDDUDL
              88314 DUDDUDL
              88396 UUDDUDL
              88478 DUDDUDL
              88560 UUDDUDL
              88642 DUDDUDL
              88724 UUDDUDL
              88800 UDDDUDL
              88806 DDDDUDL
              88888 UDDDUDL
              88970 DDDDUDL
              89052 UDDDUDL
              89134 DDDDUDL
              89216 UDDDUDL
              89298 DDDDUDL
              89380 UDDDUDL
              89462 DDDDUDL
              89544 UDDDUDL
              89600 UUDDUDL
              89626 DUDDUDL
              89708 UUDDUDL
              89790 DUDDUDL
              89872 UUDDUDL
              89954 DUDDUDL
              90036 UUDDUDL
              90118 DUDDUDL
              90200 UUDDUDL
              90282 DUDDUDL
              90364 UUDDUDL
              90400 UDDDUDL
              90446 DDDDUDL
              90528 UDDDUDL
              90610 DDDDUDL
              90692 UDDDUDL
              90774 DDDDUDL
              90856 UDDDUDL
              90938 DDDDUDL
              91020 UDDDUDL
              91102 DDDDUDL
              91184 UDDDUDL
              91200 UUDDUDL
              91266 DUDDUDL
              91348 UUDDUDL
              91430 DUDDUDL
              91512 UUDDUDL
              91594 DUDDUDL
              91676 UUDDUDL
              91758 DUDDUDL
              91840 UUDDUDL
              91922 DUDDUDL
              92000 DDDDUDL
              92004 UDDDUDL
              92086 DDDDUDL
              92168 UDDDUDL
              92250 DDDDUDL
              92332 UDDDUDL
              92414 DDDDUDL
              92496 UDDDUDL
              92578 DDDDUDL
              92660 UDDDUDL
              92742 DDDDUDL
              92800 DUDDUDL
              92824 UUDDUDL
              92906 DUDDUDL
              92988 UUDDUDL
              93070 DUDDUDL
              93152 UUDDUDL
              93234 DUDDUDL
              93316 UUDDUDL
              93398 DUDDUDL
              93480 UUDDUDL
              93562 DUDDUDL
              93600 DDDDUDL
              93644 UDDDUDL
              93726 DDDDUDL
              93808 UDDDUDL
              93890 DDDDUDL
              93972 UDDDUDL
              94054 DDDDUDL
              94136 UDDDUDL
              94218 DDDDUDL
              94300 UDDDUDL
              94382 DDDDUDL
              94400 DUDDUDL
              94464 UUDDUDL
              94546 DUDDUDL
              94628 UUDDUDL
              94710 DUDDUDL
              94792 UUDDUDL
              94874 DUDDUDL
              94956 UUDDUDL
              95038 DUDDUDL
              95120 UUDDUDL
              95200 UDDDUDL
              95202 DDDDUDL
              95284 UDDDUDL
              95366 DDDDUDL
              95448 UDDDUDL
              95530 DDDDUDL
              95612 UDDDUDL
              95694 DDDDUDL
              95776 UDDDUDL
              95858 DDDDUDL
              95940 UDDDUDL
              96000 UUDDUDL
              96022 DUDDUDL
              96104 UUDDUDL
              96186 DUDDUDL
              96268 UUDDUDL
              96350 DUDDUDL
              96432 UUDDUDL
              96514 DUDDUDL
              96596 UUDDUDL
              96678 DUDDUDL
              96760 UUDDUDL
              96800 UDDDUDL
              96842 DDDDUDL
              96924 UDDDUDL
              97006 DDDDUDL
              97088 UDDDUDL
              97170 DDDDUDL
              97252 UDDDUDL
              97334 DDDDUDL
              97416 UDDDUDL
              97498 DDDDUDL
              97580 UDDDUDL
              97600 UUDDUDL
              97662 DUDDUDL
              97744 UUDDUDL
              97826 DUDDUDL
              97908 UUDDUDL
              97990 DUDDUDL
              98072 UUDDUDL
              98154 DUDDUDL
              98236 UUDDUDL
              98318 DUDDUDL
              98400 UDDDUDL
              98482 DDDDUDL
              98564 UDDDUDL
              98646 DDDDUDL
              98728 UDDDUDL
              98810 DDDDUDL
              98892 UDDDUDL
              98974 DDDDUDL
              99056 UDDDUDL
              99138 DDDDUDL
              99200 DUDDUDL
              99220 UUDDUDL
              99302 DUDDUDL
              99384 UUDDUDL
              99466 DUDDUDL
              99548 UUDDUDL
              99630 DUDDUDL
              99712 UUDDUDL
              99794 DUDDUDL
              99876 UUDDUDL
              99958 DUDDUDL
             100000 DDDDUDL
