                  0 DUDLDDDDDDDDLTTTTTTTTT
              10000 UUDLDDDDDDDDLTTTTTTTTT
              20000 DDDLDDDDDDDDLTTTTTTTTT
              30000 UDDLDDDDDDDDLTTTTTTTTT
              40000 DDULUDUDUUDDLTTTTTTTTT
              50000 UDULUDUDUUDDHHLLHLHHHL
              60000 DDDLUDUDUUDDHHLLHLHHHL
              70000 UDDLUDUDUUDDHHLLHLHHLL
              80000 DDDLUDUDUUDDHHLLHLHHLL
              90000 UDDLUDUDUUDDHHLLHLHLHH
             100000 DDDLUDUDUUDDHHLLHLHLHH
             110000 UDDLUDUDUUDDHHLLHLHLLH
             120000 DDDLUDUDUUDDHHLLHLHLLH
             130000 UDDLUDUDUUDDHHLLHLLHHL
             140000 DDDLUDUDUUDDHHLLHLLHHL
             150000 UDDLUDUDUUDDHHLLHLLHLH
             160000 DDDLUDUDUUDDHHLLHLLHLH
             170000 UDDLUDUDUUDDHHLLHLLLHL
             180000 DDDLUDUDUUDDHHLLHLLLHL
             190000 UDDLUDUDUUDDHHLLHLLLLH
             200000 DDDLUDUDUUDDHHLLHLLLLH
             210000 UDDHUDUDUUDDLTTTTTTTTT
             220000 DDDHUDUDUUDDLTTTTTTTTT
             230000 UDDLUDUDUUDDLTTTTTTTTT
             240000 DDDLUDUDUUDDLTTTTTTTTT
             250000 UDDLUDUDUUDDLTTTTTTTTT
             260000 DDDLUDUDUUDDLTTTTTTTTT
             270000 UDDLUDUDUUDDLTTTTTTTTT
             280000 DDDLUDUDUUDDLTTTTTTTTT
             290000 UDDLUDUDUUDDLTTTTTTTTT
             300000 DDDLUDUDUUDDLTTTTTTTTT
