                  0 UUNNNNNNNNXXLXDLDDLTTTTTTTTN
                 10 DUNNNNNNNNXXLXDLDDLTTTTTTTTN
                 20 UUNNNNNNNNXXLXDLDDLTTTTTTTTN
                 30 DDNNNNNNNNXXLXDLDDLTTTTTTTTN
                 40 UDNNNNNNNNXXLLDLDDLTTTTTTTTN
                 50 DDDUUDUUDDLLLLULDDLTTTTTTTTN
                 60 UDDUUDUUDDLLLLUHDDLTTTTTTTTN
                 70 DDDUUDUUDDLLLLUHDDLTTTTTTTTD
                 80 UDDUUDUUDDLLLLUHDDLTTTTTTTTD
                 90 DDDUUDUUDDLLLLUHDDLTTTTTTTTD
                100 UDDUUDUUDDLLLLUHDDLTTTTTTTTD
                110 DDDUUDUUDDLLLLUHDDLTTTTTTTTD
                120 UDDUUDUUDDLLLLUHDDLTTTTTTTTD
                130 DDDUUDUUDDLLLLUHDDLTTTTTTTTD
                140 UDDUUDUUDDLLLLUHDDLTTTTTTTTD
                150 DDDUUDUUDDLLLLUHDDLTTTTTTTTD
                160 UDDUUDUUDDLLLLUHDDLTTTTTTTTD
                170 DDDUUDUUDDLLLLUHDDLTTTTTTTTD
                180 UDDUUDUUDDLLLLUHDDLTTTTTTTTD
                190 DDDUUDUUDDLLLLUHDDLTTTTTTTTD
                200 UDDUUDUUDDLLLLUHDDLTTTTTTTTD
                210 DDDUUDUUDDLLLLUHUDLTTTTTTTTD
                220 UDDUUDUUDDLLLLULUDLLHHLHHLLD
                230 DDDUUDUUDDLLLLULUDLLHHLHHLLD
                240 UDDUUDUUDDLLLLULUDLTTTTTTTTD
                250 DDDUUDUUDDLLLLULDDLTTTTTTTTD
                260 UDDUUDUUDDLHLLUHDDLTTTTTTTTD
                270 DDDUUDUUDDLHLLUHDDLTTTTTTTTD
                280 UDDUUDUUDDLHLLUHDDLTTTTTTTTD
                290 DDDUUDUUDDLHLLUHDDLTTTTTTTTD
                300 UDDUUDUUDDLHLLUHDDLTTTTTTTTD
                310 DDDUUDUUDDLHLLUHDDLTTTTTTTTD
                320 UDDUUDUUDDLHLLUHDDLTTTTTTTTD
                330 DDDUUDUUDDLHLLUHDDLTTTTTTTTD
                340 UDDUUDUUDDLHLLUHDDLTTTTTTTTD
                350 DDDUUDUUDDLHLLUHDDLTTTTTTTTD
                360 UDDUUDUUDDLHLLUHDDLTTTTTTTTD
                370 DDDUUDUUDDLHLLUHDDLTTTTTTTTD
                380 UDDUUDUUDDLHLLUHDDLTTTTTTTTD
                390 DDDUUDUUDDLHLLUHDDLTTTTTTTTD
                400 UDDUUDUUDDLHLLUHDDLTTTTTTTTD
                410 DDDUUDUUDDLHLLUHDDLTTTTTTTTD
                420 UDDUUDUUDDLHLLUHDDLTTTTTTTTD
                430 DDDUUDUUDDLHLLUHDDLTTTTTTTTD
                440 UDDUUDUUDDLHLLUHDDLTTTTTTTTD
                450 DDDUUDUUDDLHLLUHDDLTTTTTTTTD
                460 UDDUUDUUDDLHLLUHDDLTTTTTTTTD
                470 DDDUUDUUDDLHLLUHDDLTTTTTTTTD
                480 UDDUUDUUDDLHLLUHDDLTTTTTTTTD
                490 DDDUUDUUDDLHLLUHDDLTTTTTTTTD
                500 UDDUUDUUDDLHLLUHDDLTTTTTTTTD
                510 DDDUUDUUDDLHLLUHDDLTTTTTTTTD
                520 UDDUUDUUDDLHLLUHDDLTTTTTTTTD
                530 DDDUUDUUDDLHLLUHDDLTTTTTTTTD
                540 UDDUUDUUDDLHLLUHDDLTTTTTTTTD
                550 DDDUUDUUDDLHLLUHDDLTTTTTTTTD
                560 UDDUUDUUDDLHLLUHDDLTTTTTTTTD
                570 DDDUUDUUDDLHLLUHDDLTTTTTTTTD
                580 UDDUUDUUDDLHLLUHDDLTTTTTTTTD
                590 DDDUUDUUDDLHLLUHDDLTTTTTTTTD
                600 UDDUUDUUDDLHLLUHDDLTTTTTTTTD
                610 DDDUUDUUDDLHLLUHDDLTTTTTTTTD
                620 UDDUUDUUDDLHLLUHDDLTTTTTTTTD
                630 DDDUUDUUDDLHLLUHDDLTTTTTTTTD
                640 UDDUUDUUDDLHLLUHDDLTTTTTTTTD
                650 DDDUUDUUDDLHLLUHDDLTTTTTTTTD
                660 UDDUUDUUDDLHLLUHDDLTTTTTTTTD
                670 DDDUUDUUDDLHLLUHDDLTTTTTTTTD
                680 UDDUUDUUDDLHLLUHDDLTTTTTTTTD
                690 DDDUUDUUDDLHLLUHDDLTTTTTTTTD
                700 UDDUUDUUDDLHLLUHDDLTTTTTTTTD
                710 DDDUUDUUDDLHLLUHUDLTTTTTTTTD
                720 UDDUUDUUDDLHLLULUDLLHHLHHLLD
                730 DDDUUDUUDDLHLLULUDLLHHLHHLLD
                740 UDDUUDUUDDLHLLULUDLTTTTTTTTD
                750 DDDUUDUUDDLHLLULDDLTTTTTTTTD
                760 UDDUUDUUDDHLLLUHDDLTTTTTTTTD
                770 DDDUUDUUDDHLLLUHDDLTTTTTTTTD
                780 UDDUUDUUDDHLLLUHDDLTTTTTTTTD
                790 DDDUUDUUDDHLLLUHDDLTTTTTTTTD
                800 UDDUUDUUDDHLLLUHDDLTTTTTTTTD
                810 DDDUUDUUDDHLLLUHDDLTTTTTTTTD
                820 UDDUUDUUDDHLLLUHDDLTTTTTTTTD
                830 DDDUUDUUDDHLLLUHDDLTTTTTTTTD
                840 UDDUUDUUDDHLLLUHDDLTTTTTTTTD
                850 DDDUUDUUDDHLLLUHDDLTTTTTTTTD
                860 UDDUUDUUDDHLLLUHDDLTTTTTTTTD
                870 DDDUUDUUDDHLLLUHDDLTTTTTTTTD
                880 UDDUUDUUDDHLLLUHDDLTTTTTTTTD
                890 DDDUUDUUDDHLLLUHDDLTTTTTTTTD
                900 UDDUUDUUDDHLLLUHDDLTTTTTTTTD
                910 DDDUUDUUDDHLLLUHDDLTTTTTTTTD
                920 UDDUUDUUDDHLLLUHDDLTTTTTTTTD
                930 DDDUUDUUDDHLLLUHDDLTTTTTTTTD
                940 UDDUUDUUDDHLLLUHDDLTTTTTTTTD
                950 DDDUUDUUDDHLLLUHDDLTTTTTTTTD
                960 UDDUUDUUDDHLLLUHDDLTTTTTTTTD
                970 DDDUUDUUDDHLLLUHDDLTTTTTTTTD
                980 UDDUUDUUDDHLLLUHDDLTTTTTTTTD
                990 DDDDDDUUUUHLLLUHDDLTTTTTTTTD
               1000 UDDDDDUUUUHLLLUHDDLTTTTTTTTD
               1010 DDDDDDUUUUHLLLUHDDLTTTTTTTTD
               1020 UDDDDDUUUUHLLLUHDDLTTTTTTTTD
               1030 DDDDDDUUUUHLLLUHDDLTTTTTTTTD
               1040 UDDDDDUUUUHLLLUHDDLTTTTTTTTD
               1050 DDDDDDUUUUHLLLUHDDLTTTTTTTTD
               1060 UDDDDDUUUUHLLLUHDDLTTTTTTTTD
               1070 DDDDDDUUUUHLLLUHDDLTTTTTTTTD
               1080 UDDDDDUUUUHLLLUHDDLTTTTTTTTD
               1090 DDDDDDUUUUHLLLUHDDLTTTTTTTTD
               1100 UDDDDDUUUUHLLLUHDDLTTTTTTTTD
               1110 DDDDDDUUUUHLLLUHDDLTTTTTTTTD
               1120 UDDDDDUUUUHLLLUHDDLTTTTTTTTD
               1130 DDDDDDUUUUHLLLUHDDLTTTTTTTTD
               1140 UDDDDDUUUUHLLLUHDDLTTTTTTTTD
               1150 DDDDDDUUUUHLLLUHDDLTTTTTTTTD
               1160 UDDDDDUUUUHLLLUHDDLTTTTTTTTD
               1170 DDDDDDUUUUHLLLUHDDLTTTTTTTTD
               1180 UDDDDDUUUUHLLLUHDDLTTTTTTTTD
               1190 DDDDDDUUUUHLLLUHDDLTTTTTTTTD
               1200 UDDDDDUUUUHLLLUHDDLTTTTTTTTD
               1210 DDDDDDUUUUHLLLUHUDLTTTTTTTTD
               1220 UDDDDDUUUUHLLLULUDLLLLLHHHHD
               1230 DDDDDDUUUUHLLLULUDLLLLLHHHHD
               1240 UDDDDDUUUUHLLLULUDLTTTTTTTTD
               1250 DDDDDDUUUUHLLLULDDLTTTTTTTTD
               1260 UDDDDDUUUUHHLLUHDDLTTTTTTTTD
               1270 DDDDDDUUUUHHLLUHDDLTTTTTTTTD
               1280 UDDDDDUUUUHHLLUHDDLTTTTTTTTD
               1290 DDDDDDUUUUHHLLUHDDLTTTTTTTTD
               1300 UDDDDDUUUUHHLLUHDDLTTTTTTTTD
               1310 DDDDDDUUUUHHLLUHDDLTTTTTTTTD
               1320 UDDDDDUUUUHHLLUHDDLTTTTTTTTD
               1330 DDDDDDUUUUHHLLUHDDLTTTTTTTTD
               1340 UDDDDDUUUUHHLLUHDDLTTTTTTTTD
               1350 DDDDDDUUUUHHLLUHDDLTTTTTTTTD
               1360 UDDDDDUUUUHHLLUHDDLTTTTTTTTD
               1370 DDDDDDUUUUHHLLUHDDLTTTTTTTTD
               1380 UDDDDDUUUUHHLLUHDDLTTTTTTTTD
               1390 DDDDDDUUUUHHLLUHDDLTTTTTTTTD
               1400 UDDDDDUUUUHHLLUHDDLTTTTTTTTD
               1410 DDDDDDUUUUHHLLUHDDLTTTTTTTTD
               1420 UDDDDDUUUUHHLLUHDDLTTTTTTTTD
               1430 DDDDDDUUUUHHLLUHDDLTTTTTTTTD
               1440 UDDDDDUUUUHHLLUHDDLTTTTTTTTD
               1450 DDDDDDUUUUHHLLUHDDLTTTTTTTTD
               1460 UDDDDDUUUUHHLLUHDDLTTTTTTTTD
               1470 DDDDDDUUUUHHLLUHDDLTTTTTTTTD
               1480 UDDDDDUUUUHHLLUHDDLTTTTTTTTD
               1490 DDDDDDUUUUHHLLUHDDLTTTTTTTTD
               1500 UDDDDDUUUUHHLLUHDDLTTTTTTTTD
               1510 DDDDDDUUUUHHLLUHDDLTTTTTTTTD
               1520 UDDDDDUUUUHHLLUHDDLTTTTTTTTD
               1530 DDDDDDUUUUHHLLUHDDLTTTTTTTTD
               1540 UDDDDDUUUUHHLLUHDDLTTTTTTTTD
               1550 DDDDDDUUUUHHLLUHDDLTTTTTTTTD
               1560 UDDDDDUUUUHHLLUHDDLTTTTTTTTD
               1570 DDDDDDUUUUHHLLUHDDLTTTTTTTTD
               1580 UDDDDDUUUUHHLLUHDDLTTTTTTTTD
               1590 DDDDDDUUUUHHLLUHDDLTTTTTTTTD
               1600 UDDDDDUUUUHHLLUHDDLTTTTTTTTD
               1610 DDDDDDUUUUHHLLUHDDLTTTTTTTTD
               1620 UDDDDDUUUUHHLLUHDDLTTTTTTTTD
               1630 DDDDDDUUUUHHLLUHDDLTTTTTTTTD
               1640 UDDDDDUUUUHHLLUHDDLTTTTTTTTD
               1650 DDDDDDUUUUHHLLUHDDLTTTTTTTTD
               1660 UDDDDDUUUUHHLLUHDDLTTTTTTTTD
               1670 DDDDDDUUUUHHLLUHDDLTTTTTTTTD
               1680 UDDDDDUUUUHHLLUHDDLTTTTTTTTD
               1690 DDDDDDUUUUHHLLUHDDLTTTTTTTTD
               1700 UDDDDDUUUUHHLLUHDDLTTTTTTTTD
               1710 DDDDDDUUUUHHLLUHUDLTTTTTTTTD
               1720 UDDDDDUUUUHHLLULUDLLLLLHHHHD
               1730 DDDDDDUUUUHHLLULUDLLLLLHHHHD
               1740 UDDDDDUUUUHHLLULUDLTTTTTTTTD
               1750 DDDDDDUUUUHHLLULDDLTTTTTTTTD
               1760 UDDDDDUUUULLHHULDDLTTTTTTTTD
               1770 DDDDDDUUUULLHHULDDLTTTTTTTTD
               1780 UDDDDDUUUULLHHULDDLTTTTTTTTD
               1790 DDDDDDUUUULLHHULDDLTTTTTTTTD
               1800 UDDDDDUUUULLHHULDDLTTTTTTTTD
               1810 DDDDDDUUUULLHHULDDLTTTTTTTTD
               1820 UDDDDDUUUULLHHULDDLTTTTTTTTD
               1830 DDDDDDUUUULLHHULDDLTTTTTTTTD
               1840 UDDDDDUUUULLHHULDDLTTTTTTTTD
               1850 DDDDDDUUUULLHHULDDLTTTTTTTTD
               1860 UDDDDDUUUULLHHULDDLTTTTTTTTD
               1870 DDDDDDUUUULLHHULDDLTTTTTTTTD
               1880 UDDDDDUUUULLHHULDDLTTTTTTTTD
               1890 DDDDDDUUUULLHHULDDLTTTTTTTTD
               1900 UDDDDDUUUULLHHULDDLTTTTTTTTD
               1910 DDDDDDUUUULLHHULDDLTTTTTTTTD
               1920 UDDDDDUUUULLHHULDDLTTTTTTTTD
               1930 DDDDDDUUUULLHHULDDLTTTTTTTTD
               1940 UDDDDDUUUULLHHULDDLTTTTTTTTD
               1950 DDDDDDUUUULLHHULDDLTTTTTTTTD
               1960 UDDDDDUUUULLHHULDDLTTTTTTTTD
               1970 DDDDDDUUUULLHHULDDLTTTTTTTTD
               1980 UDDDDDUUUULLHHULDDLTTTTTTTTD
               1990 DDDUUDDUUDLLHHDLDDLTTTTTTTTD
               2000 UDDUUDDUUDLLLHDLDDLTTTTTTTTD
               2010 DDDUUDDUUDLLLHDLDDLTTTTTTTTD
               2020 UDDUUDDUUDLLLLDLDDLTTTTTTTTD
               2030 DDDUUDDUUDLLLLDLDDLTTTTTTTTD
               2040 UDDUUDDUUDLLLLDLDDLTTTTTTTTD
               2050 DDDUUDDUUDLLLLDLDDLTTTTTTTTD
               2060 UDDUUDDUUDLLLLDLDDLTTTTTTTTD
               2070 DDDUUDDUUDLLLLDLDDLTTTTTTTTD
               2080 UDDUUDDUUDLLLLDLDDLTTTTTTTTD
               2090 DDDUUDDUUDLLLLDLDDLTTTTTTTTD
               2100 UDDUUDDUUDLLLLDLDDLTTTTTTTTD
               2110 DDDUUDDUUDLLLLDLDDLTTTTTTTTD
               2120 UDDUUDDUUDLLLLDLDDLTTTTTTTTD
               2130 DDDUUDDUUDLLLLDLDDLTTTTTTTTD
               2140 UDDUUDDUUDLLLLDLDDLTTTTTTTTD
               2150 DDDUUDDUUDLLLLDLDDLTTTTTTTTD
               2160 UDDUUDDUUDLLLLDLDDLTTTTTTTTD
               2170 DDDUUDDUUDLLLLDLDDLTTTTTTTTD
               2180 UDDUUDDUUDLLLLDLDDLTTTTTTTTD
               2190 DDDUUDDUUDLLLLDLDDLTTTTTTTTD
               2200 UDDUUDDUUDLLLLDLDDLTTTTTTTTD
