====================================================================================================================================
                                                               S L S                                                                
                                                            version: 3.3                                                            
                                                S I M U L A T I O N   R E S U L T S                                                 
====================================================================================================================================
 time         | c   r   m   m   m   m   m   m   m   m   m   m   r   e   s   l   l   l   w   a   a   a   a   a   a   a   a   d 
 in 1e-09 sec | l   s   a   a   a   a   a   a   a   a   a   a   e   m   t   u   u   u   r   d   d   d   d   d   d   d   d   a 
              | k   t   s   s   s   s   s   s   s   s   s   s   a   p   a   t   t   t   i   d   d   d   d   d   d   d   d   t 
              |         k   k   k   k   k   k   k   k   k   k   d   t   r   _   _   _   t   r   r   r   r   r   r   r   r   a 
              |         _   _   _   _   _   _   _   _   _   _   y   y   t   s   r   e   e   _   _   _   _   _   _   _   _   _ 
              |         7   7   7   7   7   7   7   7   s   s               t   e   r       7   7   7   7   7   7   7   7   i 
              |         _   _   _   _   _   _   _   _   e   e               a   a   r       _   _   _   _   _   _   _   _   n 
              |         0   0   0   0   0   0   0   0   l   l               r   d   o       0   0   0   0   0   0   0   0     
              |         _   _   _   _   _   _   _   _   e   e               t   y   r       _   _   _   _   _   _   _   _     
              |         7   6   5   4   3   2   1   0   c   c                               7   6   5   4   3   2   1   0     
              |                                         t   t                                                                 
              |                                         _   _                                                                 
              |                                         1   1                                                                 
              |                                         _   _                                                                 
              |                                         0   0                                                                 
              |                                         _   _                                                                 
              |                                         1   0                                                                 
====================================================================================================================================
          0.0 | 1   1   x   x   x   x   x   x   x   x   x   x   x   x   0   x   0   0   0   x   x   x   x   x   x   x   x   x
          0.0 | 1   1   x   x   x   x   x   x   x   x   1   0   0   0   0   1   0   0   0   x   x   x   x   x   x   x   x   x
         10.0 | 0   1   x   x   x   x   x   x   x   x   1   0   0   0   0   1   0   0   0   x   x   x   x   x   x   x   x   x
         20.0 | 1   1   x   x   x   x   x   x   x   x   1   0   0   0   0   1   0   0   0   x   x   x   x   x   x   x   x   x
         22.3 | 1   1   x   x   x   x   x   x   x   x   1   0   0   0   0   0   0   0   0   x   x   x   x   x   x   x   x   x
         30.0 | 0   0   x   x   x   x   x   x   x   x   1   0   0   0   0   0   0   0   0   x   x   x   x   x   x   x   x   x
         40.0 | 1   0   x   x   x   x   x   x   x   x   1   0   0   0   0   0   0   0   0   x   x   x   x   x   x   x   x   x
         41.0 | 1   0   x   x   x   x   x   x   x   x   0   0   0   0   0   0   0   0   0   x   x   x   x   x   x   x   x   x
         50.0 | 0   0   0   1   1   0   1   1   0   0   0   0   0   0   1   0   0   0   0   x   x   x   x   x   x   x   x   x
         60.0 | 1   0   0   1   1   0   1   1   0   0   0   0   0   0   1   0   0   0   0   x   x   x   x   x   x   x   x   x
         62.9 | 1   0   0   1   1   0   1   1   0   0   0   0   0   0   1   1   0   0   0   x   x   x   x   x   x   x   x   x
         70.0 | 0   0   0   1   1   0   1   1   0   0   0   0   0   0   1   1   0   0   0   x   x   x   x   x   x   x   x   0
         80.0 | 1   0   0   1   1   0   1   1   0   0   0   0   0   0   1   1   0   0   0   x   x   x   x   x   x   x   x   0
         81.9 | 1   0   0   1   1   0   1   1   0   0   0   0   0   0   1   0   0   0   0   x   x   x   x   x   x   x   x   0
         83.0 | 1   0   0   1   1   0   1   1   0   0   0   0   0   0   1   1   0   0   0   x   x   x   x   x   x   x   x   0
         90.0 | 0   0   0   1   1   0   1   1   0   0   0   0   0   0   1   1   0   0   0   x   x   x   x   x   x   x   x   0
        100.0 | 1   0   0   1   1   0   1   1   0   0   0   0   0   0   1   1   0   0   0   x   x   x   x   x   x   x   x   0
        110.0 | 0   0   0   1   1   0   1   1   0   0   0   0   0   0   1   1   0   0   0   x   x   x   x   x   x   x   x   0
        120.0 | 1   0   0   1   1   0   1   1   0   0   0   0   0   0   1   1   0   0   0   x   x   x   x   x   x   x   x   0
        130.0 | 0   0   0   1   1   0   1   1   0   0   0   0   0   0   1   1   0   0   0   x   x   x   x   x   x   x   x   0
        140.0 | 1   0   0   1   1   0   1   1   0   0   0   0   0   0   1   1   0   0   0   x   x   x   x   x   x   x   x   0
        150.0 | 0   0   0   1   1   0   1   1   0   0   0   0   0   0   1   1   0   0   0   x   x   x   x   x   x   x   x   0
        160.0 | 1   0   0   1   1   0   1   1   0   0   0   0   0   0   1   1   0   0   0   x   x   x   x   x   x   x   x   0
        170.0 | 0   0   0   1   1   0   1   1   0   0   0   0   0   0   1   1   0   0   0   x   x   x   x   x   x   x   x   0
        180.0 | 1   0   0   1   1   0   1   1   0   0   0   0   0   0   1   1   0   0   0   x   x   x   x   x   x   x   x   0
        190.0 | 0   0   0   1   1   0   1   1   0   0   0   0   0   0   1   1   0   0   0   x   x   x   x   x   x   x   x   0
        200.0 | 1   0   0   1   1   0   1   1   0   0   0   0   0   0   1   1   0   0   0   x   x   x   x   x   x   x   x   0
        210.0 | 0   0   0   1   1   0   1   1   0   0   0   0   0   0   1   1   1   0   0   x   x   x   x   x   x   x   x   0
        220.0 | 1   0   0   1   1   0   1   1   0   0   0   0   0   0   1   1   1   0   0   x   x   x   x   x   x   x   x   0
        221.9 | 1   0   0   1   1   0   1   1   0   0   0   0   0   0   1   0   1   0   0   x   x   x   x   x   x   x   x   0
        224.9 | 1   0   0   1   1   0   1   1   0   0   0   0   0   0   1   0   1   0   0   0   1   1   0   1   1   0   0   0
        230.0 | 0   0   0   1   1   0   1   1   0   0   0   0   0   0   1   0   1   0   0   0   1   1   0   1   1   0   0   0
        240.0 | 1   0   0   1   1   0   1   1   0   0   0   0   0   0   1   0   1   0   0   0   1   1   0   1   1   0   0   0
        250.0 | 0   0   0   1   1   0   1   1   0   0   0   0   0   0   1   0   0   0   0   0   1   1   0   1   1   0   0   0
        260.0 | 1   0   0   1   1   0   1   1   0   0   0   0   0   0   1   0   0   0   0   0   1   1   0   1   1   0   0   0
        261.5 | 1   0   0   1   1   0   1   1   0   0   0   1   0   0   1   0   0   0   0   0   1   1   0   1   1   0   0   0
        262.9 | 1   0   0   1   1   0   1   1   0   0   0   1   0   0   1   1   0   0   0   0   1   1   0   1   1   0   0   0
        270.0 | 0   0   0   1   1   0   1   1   0   0   0   1   0   0   1   1   0   0   0   0   1   1   0   1   1   0   0   0
        280.0 | 1   0   0   1   1   0   1   1   0   0   0   1   0   0   1   1   0   0   0   0   1   1   0   1   1   0   0   0
        281.9 | 1   0   0   1   1   0   1   1   0   0   0   1   0   0   1   0   0   0   0   0   1   1   0   1   1   0   0   0
        283.0 | 1   0   0   1   1   0   1   1   0   0   0   1   0   0   1   1   0   0   0   0   1   1   0   1   1   0   0   0
        290.0 | 0   0   0   1   1   0   1   1   0   0   0   1   0   0   1   1   0   0   0   0   1   1   0   1   1   0   0   0
        300.0 | 1   0   0   1   1   0   1   1   0   0   0   1   0   0   1   1   0   0   0   0   1   1   0   1   1   0   0   0
        310.0 | 0   0   0   1   1   0   1   1   0   0   0   1   0   0   1   1   0   0   0   0   1   1   0   1   1   0   0   0
        320.0 | 1   0   0   1   1   0   1   1   0   0   0   1   0   0   1   1   0   0   0   0   1   1   0   1   1   0   0   0
        330.0 | 0   0   0   1   1   0   1   1   0   0   0   1   0   0   1   1   0   0   0   0   1   1   0   1   1   0   0   0
        340.0 | 1   0   0   1   1   0   1   1   0   0   0   1   0   0   1   1   0   0   0   0   1   1   0   1   1   0   0   0
        350.0 | 0   0   0   1   1   0   1   1   0   0   0   1   0   0   1   1   0   0   0   0   1   1   0   1   1   0   0   0
        360.0 | 1   0   0   1   1   0   1   1   0   0   0   1   0   0   1   1   0   0   0   0   1   1   0   1   1   0   0   0
        370.0 | 0   0   0   1   1   0   1   1   0   0   0   1   0   0   1   1   0   0   0   0   1   1   0   1   1   0   0   0
        380.0 | 1   0   0   1   1   0   1   1   0   0   0   1   0   0   1   1   0   0   0   0   1   1   0   1   1   0   0   0
        390.0 | 0   0   0   1   1   0   1   1   0   0   0   1   0   0   1   1   0   0   0   0   1   1   0   1   1   0   0   0
        400.0 | 1   0   0   1   1   0   1   1   0   0   0   1   0   0   1   1   0   0   0   0   1   1   0   1   1   0   0   0
        410.0 | 0   0   0   1   1   0   1   1   0   0   0   1   0   0   1   1   0   0   0   0   1   1   0   1   1   0   0   0
        420.0 | 1   0   0   1   1   0   1   1   0   0   0   1   0   0   1   1   0   0   0   0   1   1   0   1   1   0   0   0
        430.0 | 0   0   0   1   1   0   1   1   0   0   0   1   0   0   1   1   0   0   0   0   1   1   0   1   1   0   0   0
        440.0 | 1   0   0   1   1   0   1   1   0   0   0   1   0   0   1   1   0   0   0   0   1   1   0   1   1   0   0   0
        450.0 | 0   0   0   1   1   0   1   1   0   0   0   1   0   0   1   1   0   0   0   0   1   1   0   1   1   0   0   0
        460.0 | 1   0   0   1   1   0   1   1   0   0   0   1   0   0   1   1   0   0   0   0   1   1   0   1   1   0   0   0
        470.0 | 0   0   0   1   1   0   1   1   0   0   0   1   0   0   1   1   0   0   0   0   1   1   0   1   1   0   0   0
        480.0 | 1   0   0   1   1   0   1   1   0   0   0   1   0   0   1   1   0   0   0   0   1   1   0   1   1   0   0   0
        490.0 | 0   0   0   1   1   0   1   1   0   0   0   1   0   0   1   1   0   0   0   0   1   1   0   1   1   0   0   0
        500.0 | 1   0   0   1   1   0   1   1   0   0   0   1   0   0   1   1   0   0   0   0   1   1   0   1   1   0   0   0
        510.0 | 0   0   0   1   1   0   1   1   0   0   0   1   0   0   1   1   0   0   0   0   1   1   0   1   1   0   0   0
        520.0 | 1   0   0   1   1   0   1   1   0   0   0   1   0   0   1   1   0   0   0   0   1   1   0   1   1   0   0   0
        530.0 | 0   0   0   1   1   0   1   1   0   0   0   1   0   0   1   1   0   0   0   0   1   1   0   1   1   0   0   0
        540.0 | 1   0   0   1   1   0   1   1   0   0   0   1   0   0   1   1   0   0   0   0   1   1   0   1   1   0   0   0
        550.0 | 0   0   0   1   1   0   1   1   0   0   0   1   0   0   1   1   0   0   0   0   1   1   0   1   1   0   0   0
        560.0 | 1   0   0   1   1   0   1   1   0   0   0   1   0   0   1   1   0   0   0   0   1   1   0   1   1   0   0   0
        570.0 | 0   0   0   1   1   0   1   1   0   0   0   1   0   0   1   1   0   0   0   0   1   1   0   1   1   0   0   0
        580.0 | 1   0   0   1   1   0   1   1   0   0   0   1   0   0   1   1   0   0   0   0   1   1   0   1   1   0   0   0
        590.0 | 0   0   0   1   1   0   1   1   0   0   0   1   0   0   1   1   0   0   0   0   1   1   0   1   1   0   0   0
        600.0 | 1   0   0   1   1   0   1   1   0   0   0   1   0   0   1   1   0   0   0   0   1   1   0   1   1   0   0   0
        610.0 | 0   0   0   1   1   0   1   1   0   0   0   1   0   0   1   1   0   0   0   0   1   1   0   1   1   0   0   0
        620.0 | 1   0   0   1   1   0   1   1   0   0   0   1   0   0   1   1   0   0   0   0   1   1   0   1   1   0   0   0
        630.0 | 0   0   0   1   1   0   1   1   0   0   0   1   0   0   1   1   0   0   0   0   1   1   0   1   1   0   0   0
        640.0 | 1   0   0   1   1   0   1   1   0   0   0   1   0   0   1   1   0   0   0   0   1   1   0   1   1   0   0   0
        650.0 | 0   0   0   1   1   0   1   1   0   0   0   1   0   0   1   1   0   0   0   0   1   1   0   1   1   0   0   0
        660.0 | 1   0   0   1   1   0   1   1   0   0   0   1   0   0   1   1   0   0   0   0   1   1   0   1   1   0   0   0
        670.0 | 0   0   0   1   1   0   1   1   0   0   0   1   0   0   1   1   0   0   0   0   1   1   0   1   1   0   0   0
        680.0 | 1   0   0   1   1   0   1   1   0   0   0   1   0   0   1   1   0   0   0   0   1   1   0   1   1   0   0   0
        690.0 | 0   0   0   1   1   0   1   1   0   0   0   1   0   0   1   1   0   0   0   0   1   1   0   1   1   0   0   0
        700.0 | 1   0   0   1   1   0   1   1   0   0   0   1   0   0   1   1   0   0   0   0   1   1   0   1   1   0   0   0
        710.0 | 0   0   0   1   1   0   1   1   0   0   0   1   0   0   1   1   1   0   0   0   1   1   0   1   1   0   0   0
        720.0 | 1   0   0   1   1   0   1   1   0   0   0   1   0   0   1   1   1   0   0   0   1   1   0   1   1   0   0   0
        721.9 | 1   0   0   1   1   0   1   1   0   0   0   1   0   0   1   0   1   0   0   0   1   1   0   1   1   0   0   0
        730.0 | 0   0   0   1   1   0   1   1   0   0   0   1   0   0   1   0   1   0   0   0   1   1   0   1   1   0   0   0
        740.0 | 1   0   0   1   1   0   1   1   0   0   0   1   0   0   1   0   1   0   0   0   1   1   0   1   1   0   0   0
        750.0 | 0   0   0   1   1   0   1   1   0   0   0   1   0   0   1   0   0   0   0   0   1   1   0   1   1   0   0   0
        760.0 | 1   0   0   1   1   0   1   1   0   0   0   1   0   0   1   0   0   0   0   0   1   1   0   1   1   0   0   0
        761.1 | 1   0   0   1   1   0   1   1   0   0   0   0   0   0   1   0   0   0   0   0   1   1   0   1   1   0   0   0
        761.4 | 1   0   0   1   1   0   1   1   0   0   1   0   0   0   1   0   0   0   0   0   1   1   0   1   1   0   0   0
        762.9 | 1   0   0   1   1   0   1   1   0   0   1   0   0   0   1   1   0   0   0   0   1   1   0   1   1   0   0   0
        770.0 | 0   0   0   1   1   0   1   1   0   0   1   0   0   0   1   1   0   0   0   0   1   1   0   1   1   0   0   0
        780.0 | 1   0   0   1   1   0   1   1   0   0   1   0   0   0   1   1   0   0   0   0   1   1   0   1   1   0   0   0
        781.9 | 1   0   0   1   1   0   1   1   0   0   1   0   0   0   1   0   0   0   0   0   1   1   0   1   1   0   0   0
        783.0 | 1   0   0   1   1   0   1   1   0   0   1   0   0   0   1   1   0   0   0   0   1   1   0   1   1   0   0   0
        790.0 | 0   0   0   1   1   0   1   1   0   0   1   0   0   0   1   1   0   0   0   0   1   1   0   1   1   0   0   0
        800.0 | 1   0   0   1   1   0   1   1   0   0   1   0   0   0   1   1   0   0   0   0   1   1   0   1   1   0   0   0
        810.0 | 0   0   0   1   1   0   1   1   0   0   1   0   0   0   1   1   0   0   0   0   1   1   0   1   1   0   0   0
        820.0 | 1   0   0   1   1   0   1   1   0   0   1   0   0   0   1   1   0   0   0   0   1   1   0   1   1   0   0   0
        830.0 | 0   0   0   1   1   0   1   1   0   0   1   0   0   0   1   1   0   0   0   0   1   1   0   1   1   0   0   0
        840.0 | 1   0   0   1   1   0   1   1   0   0   1   0   0   0   1   1   0   0   0   0   1   1   0   1   1   0   0   0
        850.0 | 0   0   0   1   1   0   1   1   0   0   1   0   0   0   1   1   0   0   0   0   1   1   0   1   1   0   0   0
        860.0 | 1   0   0   1   1   0   1   1   0   0   1   0   0   0   1   1   0   0   0   0   1   1   0   1   1   0   0   0
        870.0 | 0   0   0   1   1   0   1   1   0   0   1   0   0   0   1   1   0   0   0   0   1   1   0   1   1   0   0   0
        880.0 | 1   0   0   1   1   0   1   1   0   0   1   0   0   0   1   1   0   0   0   0   1   1   0   1   1   0   0   0
        890.0 | 0   0   0   1   1   0   1   1   0   0   1   0   0   0   1   1   0   0   0   0   1   1   0   1   1   0   0   0
        900.0 | 1   0   0   1   1   0   1   1   0   0   1   0   0   0   1   1   0   0   0   0   1   1   0   1   1   0   0   0
        910.0 | 0   0   0   1   1   0   1   1   0   0   1   0   0   0   1   1   0   0   0   0   1   1   0   1   1   0   0   0
        920.0 | 1   0   0   1   1   0   1   1   0   0   1   0   0   0   1   1   0   0   0   0   1   1   0   1   1   0   0   0
        930.0 | 0   0   0   1   1   0   1   1   0   0   1   0   0   0   1   1   0   0   0   0   1   1   0   1   1   0   0   0
        940.0 | 1   0   0   1   1   0   1   1   0   0   1   0   0   0   1   1   0   0   0   0   1   1   0   1   1   0   0   0
        950.0 | 0   0   0   1   1   0   1   1   0   0   1   0   0   0   1   1   0   0   0   0   1   1   0   1   1   0   0   0
        960.0 | 1   0   0   1   1   0   1   1   0   0   1   0   0   0   1   1   0   0   0   0   1   1   0   1   1   0   0   0
        970.0 | 0   0   0   1   1   0   1   1   0   0   1   0   0   0   1   1   0   0   0   0   1   1   0   1   1   0   0   0
        980.0 | 1   0   0   1   1   0   1   1   0   0   1   0   0   0   1   1   0   0   0   0   1   1   0   1   1   0   0   0
        990.0 | 0   0   0   0   0   0   1   1   1   1   1   0   0   0   1   1   0   0   0   0   1   1   0   1   1   0   0   0
        990.1 | 0   0   0   0   0   0   1   1   1   1   1   0   0   0   1   1   0   0   0   0   x   1   0   1   1   x   x   0
       1000.0 | 1   0   0   0   0   0   1   1   1   1   1   0   0   0   1   1   0   0   0   0   x   1   0   1   1   x   x   0
       1010.0 | 0   0   0   0   0   0   1   1   1   1   1   0   0   0   1   1   0   0   0   0   x   1   0   1   1   x   x   0
       1020.0 | 1   0   0   0   0   0   1   1   1   1   1   0   0   0   1   1   0   0   0   0   x   1   0   1   1   x   x   0
       1030.0 | 0   0   0   0   0   0   1   1   1   1   1   0   0   0   1   1   0   0   0   0   x   1   0   1   1   x   x   0
       1040.0 | 1   0   0   0   0   0   1   1   1   1   1   0   0   0   1   1   0   0   0   0   x   1   0   1   1   x   x   0
       1050.0 | 0   0   0   0   0   0   1   1   1   1   1   0   0   0   1   1   0   0   0   0   x   1   0   1   1   x   x   0
       1060.0 | 1   0   0   0   0   0   1   1   1   1   1   0   0   0   1   1   0   0   0   0   x   1   0   1   1   x   x   0
       1070.0 | 0   0   0   0   0   0   1   1   1   1   1   0   0   0   1   1   0   0   0   0   x   1   0   1   1   x   x   0
       1080.0 | 1   0   0   0   0   0   1   1   1   1   1   0   0   0   1   1   0   0   0   0   x   1   0   1   1   x   x   0
       1090.0 | 0   0   0   0   0   0   1   1   1   1   1   0   0   0   1   1   0   0   0   0   x   1   0   1   1   x   x   0
       1100.0 | 1   0   0   0   0   0   1   1   1   1   1   0   0   0   1   1   0   0   0   0   x   1   0   1   1   x   x   0
       1110.0 | 0   0   0   0   0   0   1   1   1   1   1   0   0   0   1   1   0   0   0   0   x   1   0   1   1   x   x   0
       1120.0 | 1   0   0   0   0   0   1   1   1   1   1   0   0   0   1   1   0   0   0   0   x   1   0   1   1   x   x   0
       1130.0 | 0   0   0   0   0   0   1   1   1   1   1   0   0   0   1   1   0   0   0   0   x   1   0   1   1   x   x   0
       1140.0 | 1   0   0   0   0   0   1   1   1   1   1   0   0   0   1   1   0   0   0   0   x   1   0   1   1   x   x   0
       1150.0 | 0   0   0   0   0   0   1   1   1   1   1   0   0   0   1   1   0   0   0   0   x   1   0   1   1   x   x   0
       1160.0 | 1   0   0   0   0   0   1   1   1   1   1   0   0   0   1   1   0   0   0   0   x   1   0   1   1   x   x   0
       1170.0 | 0   0   0   0   0   0   1   1   1   1   1   0   0   0   1   1   0   0   0   0   x   1   0   1   1   x   x   0
       1180.0 | 1   0   0   0   0   0   1   1   1   1   1   0   0   0   1   1   0   0   0   0   x   1   0   1   1   x   x   0
       1190.0 | 0   0   0   0   0   0   1   1   1   1   1   0   0   0   1   1   0   0   0   0   x   1   0   1   1   x   x   0
       1200.0 | 1   0   0   0   0   0   1   1   1   1   1   0   0   0   1   1   0   0   0   0   x   1   0   1   1   x   x   0
       1210.0 | 0   0   0   0   0   0   1   1   1   1   1   0   0   0   1   1   1   0   0   0   x   1   0   1   1   x   x   0
       1220.0 | 1   0   0   0   0   0   1   1   1   1   1   0   0   0   1   1   1   0   0   0   x   1   0   1   1   x   x   0
       1221.9 | 1   0   0   0   0   0   1   1   1   1   1   0   0   0   1   0   1   0   0   0   x   1   0   1   1   x   x   0
       1224.9 | 1   0   0   0   0   0   1   1   1   1   1   0   0   0   1   0   1   0   0   0   0   0   0   1   1   1   1   0
       1230.0 | 0   0   0   0   0   0   1   1   1   1   1   0   0   0   1   0   1   0   0   0   0   0   0   1   1   1   1   0
       1240.0 | 1   0   0   0   0   0   1   1   1   1   1   0   0   0   1   0   1   0   0   0   0   0   0   1   1   1   1   0
       1250.0 | 0   0   0   0   0   0   1   1   1   1   1   0   0   0   1   0   0   0   0   0   0   0   0   1   1   1   1   0
       1260.0 | 1   0   0   0   0   0   1   1   1   1   1   0   0   0   1   0   0   0   0   0   0   0   0   1   1   1   1   0
       1261.5 | 1   0   0   0   0   0   1   1   1   1   1   1   0   0   1   0   0   0   0   0   0   0   0   1   1   1   1   0
       1262.9 | 1   0   0   0   0   0   1   1   1   1   1   1   0   0   1   1   0   0   0   0   0   0   0   1   1   1   1   0
       1270.0 | 0   0   0   0   0   0   1   1   1   1   1   1   0   0   1   1   0   0   0   0   0   0   0   1   1   1   1   0
       1280.0 | 1   0   0   0   0   0   1   1   1   1   1   1   0   0   1   1   0   0   0   0   0   0   0   1   1   1   1   0
       1281.9 | 1   0   0   0   0   0   1   1   1   1   1   1   0   0   1   0   0   0   0   0   0   0   0   1   1   1   1   0
       1283.0 | 1   0   0   0   0   0   1   1   1   1   1   1   0   0   1   1   0   0   0   0   0   0   0   1   1   1   1   0
       1290.0 | 0   0   0   0   0   0   1   1   1   1   1   1   0   0   1   1   0   0   0   0   0   0   0   1   1   1   1   0
       1300.0 | 1   0   0   0   0   0   1   1   1   1   1   1   0   0   1   1   0   0   0   0   0   0   0   1   1   1   1   0
       1310.0 | 0   0   0   0   0   0   1   1   1   1   1   1   0   0   1   1   0   0   0   0   0   0   0   1   1   1   1   0
       1320.0 | 1   0   0   0   0   0   1   1   1   1   1   1   0   0   1   1   0   0   0   0   0   0   0   1   1   1   1   0
       1330.0 | 0   0   0   0   0   0   1   1   1   1   1   1   0   0   1   1   0   0   0   0   0   0   0   1   1   1   1   0
       1340.0 | 1   0   0   0   0   0   1   1   1   1   1   1   0   0   1   1   0   0   0   0   0   0   0   1   1   1   1   0
       1350.0 | 0   0   0   0   0   0   1   1   1   1   1   1   0   0   1   1   0   0   0   0   0   0   0   1   1   1   1   0
       1360.0 | 1   0   0   0   0   0   1   1   1   1   1   1   0   0   1   1   0   0   0   0   0   0   0   1   1   1   1   0
       1370.0 | 0   0   0   0   0   0   1   1   1   1   1   1   0   0   1   1   0   0   0   0   0   0   0   1   1   1   1   0
       1380.0 | 1   0   0   0   0   0   1   1   1   1   1   1   0   0   1   1   0   0   0   0   0   0   0   1   1   1   1   0
       1390.0 | 0   0   0   0   0   0   1   1   1   1   1   1   0   0   1   1   0   0   0   0   0   0   0   1   1   1   1   0
       1400.0 | 1   0   0   0   0   0   1   1   1   1   1   1   0   0   1   1   0   0   0   0   0   0   0   1   1   1   1   0
       1410.0 | 0   0   0   0   0   0   1   1   1   1   1   1   0   0   1   1   0   0   0   0   0   0   0   1   1   1   1   0
       1420.0 | 1   0   0   0   0   0   1   1   1   1   1   1   0   0   1   1   0   0   0   0   0   0   0   1   1   1   1   0
       1430.0 | 0   0   0   0   0   0   1   1   1   1   1   1   0   0   1   1   0   0   0   0   0   0   0   1   1   1   1   0
       1440.0 | 1   0   0   0   0   0   1   1   1   1   1   1   0   0   1   1   0   0   0   0   0   0   0   1   1   1   1   0
       1450.0 | 0   0   0   0   0   0   1   1   1   1   1   1   0   0   1   1   0   0   0   0   0   0   0   1   1   1   1   0
       1460.0 | 1   0   0   0   0   0   1   1   1   1   1   1   0   0   1   1   0   0   0   0   0   0   0   1   1   1   1   0
       1470.0 | 0   0   0   0   0   0   1   1   1   1   1   1   0   0   1   1   0   0   0   0   0   0   0   1   1   1   1   0
       1480.0 | 1   0   0   0   0   0   1   1   1   1   1   1   0   0   1   1   0   0   0   0   0   0   0   1   1   1   1   0
       1490.0 | 0   0   0   0   0   0   1   1   1   1   1   1   0   0   1   1   0   0   0   0   0   0   0   1   1   1   1   0
       1500.0 | 1   0   0   0   0   0   1   1   1   1   1   1   0   0   1   1   0   0   0   0   0   0   0   1   1   1   1   0
       1510.0 | 0   0   0   0   0   0   1   1   1   1   1   1   0   0   1   1   0   0   0   0   0   0   0   1   1   1   1   0
       1520.0 | 1   0   0   0   0   0   1   1   1   1   1   1   0   0   1   1   0   0   0   0   0   0   0   1   1   1   1   0
       1530.0 | 0   0   0   0   0   0   1   1   1   1   1   1   0   0   1   1   0   0   0   0   0   0   0   1   1   1   1   0
       1540.0 | 1   0   0   0   0   0   1   1   1   1   1   1   0   0   1   1   0   0   0   0   0   0   0   1   1   1   1   0
       1550.0 | 0   0   0   0   0   0   1   1   1   1   1   1   0   0   1   1   0   0   0   0   0   0   0   1   1   1   1   0
       1560.0 | 1   0   0   0   0   0   1   1   1   1   1   1   0   0   1   1   0   0   0   0   0   0   0   1   1   1   1   0
       1570.0 | 0   0   0   0   0   0   1   1   1   1   1   1   0   0   1   1   0   0   0   0   0   0   0   1   1   1   1   0
       1580.0 | 1   0   0   0   0   0   1   1   1   1   1   1   0   0   1   1   0   0   0   0   0   0   0   1   1   1   1   0
       1590.0 | 0   0   0   0   0   0   1   1   1   1   1   1   0   0   1   1   0   0   0   0   0   0   0   1   1   1   1   0
       1600.0 | 1   0   0   0   0   0   1   1   1   1   1   1   0   0   1   1   0   0   0   0   0   0   0   1   1   1   1   0
       1610.0 | 0   0   0   0   0   0   1   1   1   1   1   1   0   0   1   1   0   0   0   0   0   0   0   1   1   1   1   0
       1620.0 | 1   0   0   0   0   0   1   1   1   1   1   1   0   0   1   1   0   0   0   0   0   0   0   1   1   1   1   0
       1630.0 | 0   0   0   0   0   0   1   1   1   1   1   1   0   0   1   1   0   0   0   0   0   0   0   1   1   1   1   0
       1640.0 | 1   0   0   0   0   0   1   1   1   1   1   1   0   0   1   1   0   0   0   0   0   0   0   1   1   1   1   0
       1650.0 | 0   0   0   0   0   0   1   1   1   1   1   1   0   0   1   1   0   0   0   0   0   0   0   1   1   1   1   0
       1660.0 | 1   0   0   0   0   0   1   1   1   1   1   1   0   0   1   1   0   0   0   0   0   0   0   1   1   1   1   0
       1670.0 | 0   0   0   0   0   0   1   1   1   1   1   1   0   0   1   1   0   0   0   0   0   0   0   1   1   1   1   0
       1680.0 | 1   0   0   0   0   0   1   1   1   1   1   1   0   0   1   1   0   0   0   0   0   0   0   1   1   1   1   0
       1690.0 | 0   0   0   0   0   0   1   1   1   1   1   1   0   0   1   1   0   0   0   0   0   0   0   1   1   1   1   0
       1700.0 | 1   0   0   0   0   0   1   1   1   1   1   1   0   0   1   1   0   0   0   0   0   0   0   1   1   1   1   0
       1710.0 | 0   0   0   0   0   0   1   1   1   1   1   1   0   0   1   1   1   0   0   0   0   0   0   1   1   1   1   0
       1720.0 | 1   0   0   0   0   0   1   1   1   1   1   1   0   0   1   1   1   0   0   0   0   0   0   1   1   1   1   0
       1721.9 | 1   0   0   0   0   0   1   1   1   1   1   1   0   0   1   0   1   0   0   0   0   0   0   1   1   1   1   0
       1730.0 | 0   0   0   0   0   0   1   1   1   1   1   1   0   0   1   0   1   0   0   0   0   0   0   1   1   1   1   0
       1740.0 | 1   0   0   0   0   0   1   1   1   1   1   1   0   0   1   0   1   0   0   0   0   0   0   1   1   1   1   0
       1750.0 | 0   0   0   0   0   0   1   1   1   1   1   1   0   0   1   0   0   0   0   0   0   0   0   1   1   1   1   0
       1760.0 | 1   0   0   0   0   0   1   1   1   1   1   1   0   0   1   0   0   0   0   0   0   0   0   1   1   1   1   0
       1760.9 | 1   0   0   0   0   0   1   1   1   1   1   1   0   1   1   0   0   0   0   0   0   0   0   1   1   1   1   0
       1761.0 | 1   0   0   0   0   0   1   1   1   1   0   1   0   1   1   0   0   0   0   0   0   0   0   1   1   1   1   0
       1761.1 | 1   0   0   0   0   0   1   1   1   1   0   0   0   1   1   0   0   0   0   0   0   0   0   1   1   1   1   0
       1762.3 | 1   0   0   0   0   0   1   1   1   1   0   0   1   1   1   0   0   0   0   0   0   0   0   1   1   1   1   0
       1770.0 | 0   0   0   0   0   0   1   1   1   1   0   0   1   1   1   0   0   0   0   0   0   0   0   1   1   1   1   0
       1780.0 | 1   0   0   0   0   0   1   1   1   1   0   0   1   1   1   0   0   0   0   0   0   0   0   1   1   1   1   0
       1790.0 | 0   0   0   0   0   0   1   1   1   1   0   0   1   1   1   0   0   0   0   0   0   0   0   1   1   1   1   0
       1800.0 | 1   0   0   0   0   0   1   1   1   1   0   0   1   1   1   0   0   0   0   0   0   0   0   1   1   1   1   0
       1810.0 | 0   0   0   0   0   0   1   1   1   1   0   0   1   1   1   0   0   0   0   0   0   0   0   1   1   1   1   0
       1820.0 | 1   0   0   0   0   0   1   1   1   1   0   0   1   1   1   0   0   0   0   0   0   0   0   1   1   1   1   0
       1830.0 | 0   0   0   0   0   0   1   1   1   1   0   0   1   1   1   0   0   0   0   0   0   0   0   1   1   1   1   0
       1840.0 | 1   0   0   0   0   0   1   1   1   1   0   0   1   1   1   0   0   0   0   0   0   0   0   1   1   1   1   0
       1850.0 | 0   0   0   0   0   0   1   1   1   1   0   0   1   1   1   0   0   0   0   0   0   0   0   1   1   1   1   0
       1860.0 | 1   0   0   0   0   0   1   1   1   1   0   0   1   1   1   0   0   0   0   0   0   0   0   1   1   1   1   0
       1870.0 | 0   0   0   0   0   0   1   1   1   1   0   0   1   1   1   0   0   0   0   0   0   0   0   1   1   1   1   0
       1880.0 | 1   0   0   0   0   0   1   1   1   1   0   0   1   1   1   0   0   0   0   0   0   0   0   1   1   1   1   0
       1890.0 | 0   0   0   0   0   0   1   1   1   1   0   0   1   1   1   0   0   0   0   0   0   0   0   1   1   1   1   0
       1900.0 | 1   0   0   0   0   0   1   1   1   1   0   0   1   1   1   0   0   0   0   0   0   0   0   1   1   1   1   0
       1910.0 | 0   0   0   0   0   0   1   1   1   1   0   0   1   1   1   0   0   0   0   0   0   0   0   1   1   1   1   0
       1920.0 | 1   0   0   0   0   0   1   1   1   1   0   0   1   1   1   0   0   0   0   0   0   0   0   1   1   1   1   0
       1930.0 | 0   0   0   0   0   0   1   1   1   1   0   0   1   1   1   0   0   0   0   0   0   0   0   1   1   1   1   0
       1940.0 | 1   0   0   0   0   0   1   1   1   1   0   0   1   1   1   0   0   0   0   0   0   0   0   1   1   1   1   0
       1950.0 | 0   0   0   0   0   0   1   1   1   1   0   0   1   1   1   0   0   0   0   0   0   0   0   1   1   1   1   0
       1960.0 | 1   0   0   0   0   0   1   1   1   1   0   0   1   1   1   0   0   0   0   0   0   0   0   1   1   1   1   0
       1970.0 | 0   0   0   0   0   0   1   1   1   1   0   0   1   1   1   0   0   0   0   0   0   0   0   1   1   1   1   0
       1980.0 | 1   0   0   0   0   0   1   1   1   1   0   0   1   1   1   0   0   0   0   0   0   0   0   1   1   1   1   0
       1990.0 | 0   0   0   1   1   0   0   1   1   0   0   0   1   1   0   0   0   0   0   0   0   0   0   1   1   1   1   0
       1990.1 | 0   0   0   1   1   0   0   1   1   0   0   0   1   1   0   0   0   0   0   0   x   x   0   1   1   1   1   0
       2000.0 | 1   0   0   1   1   0   0   1   1   0   0   0   1   1   0   0   0   0   0   0   x   x   0   1   1   1   1   0
       2001.4 | 1   0   0   1   1   0   0   1   1   0   0   0   0   1   0   0   0   0   0   0   x   x   0   1   1   1   1   0
       2010.0 | 0   0   0   1   1   0   0   1   1   0   0   0   0   1   0   0   0   0   0   0   x   x   0   1   1   1   1   0
       2020.0 | 1   0   0   1   1   0   0   1   1   0   0   0   0   1   0   0   0   0   0   0   x   x   0   1   1   1   1   0
       2020.8 | 1   0   0   1   1   0   0   1   1   0   0   0   0   0   0   0   0   0   0   0   x   x   0   1   1   1   1   0
       2030.0 | 0   0   0   1   1   0   0   1   1   0   0   0   0   0   0   0   0   0   0   0   x   x   0   1   1   1   1   0
       2040.0 | 1   0   0   1   1   0   0   1   1   0   0   0   0   0   0   0   0   0   0   0   x   x   0   1   1   1   1   0
       2050.0 | 0   0   0   1   1   0   0   1   1   0   0   0   0   0   0   0   0   0   0   0   x   x   0   1   1   1   1   0
       2060.0 | 1   0   0   1   1   0   0   1   1   0   0   0   0   0   0   0   0   0   0   0   x   x   0   1   1   1   1   0
       2070.0 | 0   0   0   1   1   0   0   1   1   0   0   0   0   0   0   0   0   0   0   0   x   x   0   1   1   1   1   0
       2080.0 | 1   0   0   1   1   0   0   1   1   0   0   0   0   0   0   0   0   0   0   0   x   x   0   1   1   1   1   0
       2090.0 | 0   0   0   1   1   0   0   1   1   0   0   0   0   0   0   0   0   0   0   0   x   x   0   1   1   1   1   0
       2100.0 | 1   0   0   1   1   0   0   1   1   0   0   0   0   0   0   0   0   0   0   0   x   x   0   1   1   1   1   0
       2110.0 | 0   0   0   1   1   0   0   1   1   0   0   0   0   0   0   0   0   0   0   0   x   x   0   1   1   1   1   0
       2120.0 | 1   0   0   1   1   0   0   1   1   0   0   0   0   0   0   0   0   0   0   0   x   x   0   1   1   1   1   0
       2130.0 | 0   0   0   1   1   0   0   1   1   0   0   0   0   0   0   0   0   0   0   0   x   x   0   1   1   1   1   0
       2140.0 | 1   0   0   1   1   0   0   1   1   0   0   0   0   0   0   0   0   0   0   0   x   x   0   1   1   1   1   0
       2150.0 | 0   0   0   1   1   0   0   1   1   0   0   0   0   0   0   0   0   0   0   0   x   x   0   1   1   1   1   0
       2160.0 | 1   0   0   1   1   0   0   1   1   0   0   0   0   0   0   0   0   0   0   0   x   x   0   1   1   1   1   0
       2170.0 | 0   0   0   1   1   0   0   1   1   0   0   0   0   0   0   0   0   0   0   0   x   x   0   1   1   1   1   0
       2180.0 | 1   0   0   1   1   0   0   1   1   0   0   0   0   0   0   0   0   0   0   0   x   x   0   1   1   1   1   0
       2190.0 | 0   0   0   1   1   0   0   1   1   0   0   0   0   0   0   0   0   0   0   0   x   x   0   1   1   1   1   0
       2199.9 | 0   0   0   1   1   0   0   1   1   0   0   0   0   0   0   0   0   0   0   0   x   x   0   1   1   1   1   0
====================================================================================================================================
  network : Check_mask                                                                                                 nodes : 255  
====================================================================================================================================
