                  0 UULLLLLLLLDUDUUUUUDDUDUUDLLLDLHHLHLHUDDD
                 10 DULLLLLLLLDUDUUUUUDDUDUUDLLLDLHHLHLHUDDD
                 20 UULLLLLLLLDUDUUUUUDDUDUUDLLLDLHHLHLHUDDD
                 30 DDLLLLLLHHDUDUUUUUDDUDUUDLLLDLHHLHLHUDDD
                 40 UDLLLLLLHHDUDUUUUUDDUDUUDLLLDLHHLHLHUDDD
                 50 DDLLLLLLHHDUDUUUUUDDUDUUDLLLDLHHLHLHUDDD
                 60 UDLLLLLLHHDUDUUUUUDDUDUUDLLLDLHHLHLHUDDD
                 70 DDLLLLLLHHDUDUUUUUDDUDUUDLLLDLHHLHLHUDDD
                 80 UDLLLLLLHHDUDUUUUUDDUDUUDLLLDLHHLHLHUDDD
                 90 DDLLLLLLHHDUDUUUUUDDUDUUDLLLDLHHLHLHUDDD
                100 UDLLLLLLHHDUDUUUUUDDUDUUDLLLDLHHLHLHUDDD
                110 DDLLLLLLHHDUDUUUUUDDUDUUDLLLULHHLHLHUDDD
                120 UDLLLLLLHHDUDUUUUUDDUDUUDLLLULHHLHLHUDDD
                130 DDLLLLLLHHDUDUUUUUDDUDUUDLLLDLHHLHLHUDDD
                140 UDLLLLLLHHDUDUUUUUDDUDUUDLLLDLHHLHLHUDDD
                150 DDLLLLLLHHDUDUUUUUDDUDUUDLLLDLHHLHLHUDDD
                160 UDLLLLLLHHDUDUUUUUDDUDUUDLLLDLHHLHLHUDDD
                170 DDLLLLLLHHDUDUUUUUDDUDUUDLLLDLHHLHLHUDDD
                180 UDLLLLLLHHDUDUUUUUDDUDUUDLLLDLHHLHLHUDDD
                190 DDLLLLLLHHDUDUUUUUDDUDUUDLLLDLHHLHLHUDDD
                200 UDLLLLLLHHDUDUUUUUDDUDUUDLLLDLHHLHLHUDDD
                210 DDLLLLLLHHDUDUUUUUDDUDUUDLLLDLHHLHLHUDDD
                220 UDLLLLLLHHDUDUUUUUDDUDUUDLLHDLHHLHLHUDDD
                230 DDLLLLLLHHDUDUUUUUDDUDUUDLLHDLHHLHLHUDDD
                240 UDLLLLLLHHDUDUUUUUDDUDUUDLLLDLHHLHLHUDDD
                250 DDLLLLLLHHDUDUUUUUDDUDUUDLLLDLHHLHLHUDDD
                260 UDLLLLLLHHDUDUUUUUDDUDUUDLLLDLHHLHLHUDDD
                270 DDLLLLLLHHDUDUUUUUDDUDUUDLLLDLHHLHLHUDDD
                280 UDLLLLLLHHDUDUUUUUDDUDUUDLLLDLHHLHLHUDDD
                290 DDLLLLLLHHUDDUUUUUDDUDUUDLLLDLHHLHLHUDDD
                300 UDLLLLLLHHUDDUUUUUDDUDUUDLLLDLHHLHLHUDDD
                310 DDLLLLLLHHUDDUUUUUDDUDUUDLLLULHHLHHLUDDD
                320 UDLLLLLLHHUDDUUUUUDDUDUUDLLLULHHLHHLUDDD
                330 DDLLLLLLHHUDDUUUUUDDUDUUDLLLDLHHLHHLUDDD
                340 UDLLLLLLHHUDDUUUUUDDUDUUDLLLDLHHLHHLUDDD
                350 DDLLLLLLHHUDDUUUUUDDUDUUDLLLDLHHLHHLUDDU
                360 UDLLLLLLHHUDDUUUUUDDUDUUDLLLDLHHLHHLUDDU
                370 DDLLLLLLHHUDDUUUUUDDUDUUDLLLDLHHLHHLUDDU
                380 UDLLLLLHLLUDDUUUUUDDUDUUDLLLDLHHLHHLUDDU
                390 DDLLLLLHLLUDDUUUUUDDUDUUDLLLDLHHLHHLUDDU
                400 UDLLLLLHLLUDDUUUUUDDUDUUDLLLDLHHLHHLUDDU
                410 DDLLLLLHLLUDDUUUUUDDUDUUDLLLDLHHLHHLUDDU
                420 UDLLLLLHLLUDDUUUUUDDUDUUDLLHDLHHLHHLUDDU
                430 DDLLLLLHLLUDDUUUUUDDUDUUDLLHDLHHLHHLUDDU
                440 UDLLLLLHLLUDDUUUUUDDUDUUDLLLDLHHLHHLUDDU
                450 DDLLLLLHLLUDDUUUUUDDUDUUDLLLDLHHLHHLUDDU
                460 UDLLLLLHLLUDDUUUUUDDUDUUDLLLDLHHLHHLUDDU
                470 DDLLLLLHLLUDDUUUUUDDUDUUDLLLDLHHLHHLUDDU
                480 UDLLLLLHLLUDDUUUUUDDUDUUDLLLDLHHLHHLUDDU
                490 DDLLLLLHLLUUDUUUUUDDUDUUDLLLDLHHLHHLUDDU
                500 UDLLLLLHLLUUDUUUUUDDUDUUDLLLDLHHLHHLUDDU
                510 DDLLLLLHLLUUDUUUUUDDUDUUDLLLULHHLHHHUDDU
                520 UDLLLLLHLLUUDUUUUUDDUDUUDLLLULHHLHHHUDDU
                530 DDLLLLLHLLUUDUUUUUDDUDUUDLLLDLHHLHHHUDDU
                540 UDLLLLLHLLUUDUUUUUDDUDUUDLLLDLHHLHHHUDDU
                550 DDLLLLLHLLUUDUUUUUDDUDUUDLLLDLHHLHHHUDUD
                560 UDLLLLLHLLUUDUUUUUDDUDUUDLLLDLHHLHHHUDUD
                570 DDLLLLLHLLUUDUUUUUDDUDUUDLLLDLHHLHHHUDUD
                580 UDLLLLLHLHUUDUUUUUDDUDUUDLLLDLHHLHHHUDUD
                590 DDLLLLLHLHUUDUUUUUDDUDUUDLLLDLHHLHHHUDUD
                600 UDLLLLLHLHUUDUUUUUDDUDUUDLLLDLHHLHHHUDUD
                610 DDLLLLLHLHUUDUUUUUDDUDUUDLLLDLHHLHHHUDUD
                620 UDLLLLLHLHUUDUUUUUDDUDUUDLLHDLHHLHHHUDUD
                630 DDLLLLLHLHUUDUUUUUDDUDUUDLLHDLHHLHHHUDUD
                640 UDLLLLLHLHUUDUUUUUDDUDUUDLLLDLHHLHHHUDUD
                650 DDLLLLLHLHUUDUUUUUDDUDUUDLLLDLHHLHHHUDUD
                660 UDLLLLLHLHUUDUUUUUDDUDUUDLLLDLHHLHHHUDUD
                670 DDLLLLLHLHUUDUUUUUDDUDUUDLLLDLHHLHHHUDUD
                680 UDLLLLLHLHUUDUUUUUDDUDUUDLLLDLHHLHHHUDUD
                690 DDLLLLLHLHDDDUUUUUDDUDUUDLLLDLHHLHHHUDUD
                700 UDLLLLLHLHDDDUUUUUDDUDUUDLLLDLHHLHHHUDUD
                710 DDLLLLLHLHDDDUUUUUDDUDUUDLLLULHHLHLLUDUD
                720 UDLLLLLHLHDDDUUUUUDDUDUUDLLLULHHLHLLUDUD
                730 DDLLLLLHLHDDDUUUUUDDUDUUDLLLDLHHLHLLUDUD
                740 UDLLLLLHLHDDDUUUUUDDUDUUDLLLDLHHLHLLUDUD
                750 DDLLLLLHLHDDDUUUUUDDUDUUDLLLDLHHLHLLUDUU
                760 UDLLLLLHLHDDDUUUUUDDUDUUDLLLDLHHLHLLUDUU
                770 DDLLLLLHLHDDDUUUUUDDUDUUDLLLDLHHLHLLUDUU
                780 UDLLLLLHHLDDDUUUUUDDUDUUDLLLDLHHLHLLUDUU
                790 DDLLLLLHHLDDDUUUUUDDUDUUDLLLDLHHLHLLUDUU
                800 UDLLLLLHHLDDDUUUUUDDUDUUDLLLDLHHLHLLUDUU
                810 DDLLLLLHHLDDDUUUUUDDUDUUDLLLDLHHLHLLUDUU
                820 UDLLLLLHHLDDDUUUUUDDUDUUDLLHDLHHLHLLUDUU
                830 DDLLLLLHHLDDDUUUUUDDUDUUDLLHDLHHLHLLUDUU
                840 UDLLLLLHHLDDDUUUUUDDUDUUDLLLDLHHLHLLUDUU
                850 DDLLLLLHHLDDDUUUUUDDUDUUDLLLDLHHLHLLUDUU
                860 UDLLLLLHHLDDDUUUUUDDUDUUDLLLDLHHLHLLUDUU
                870 DDLLLLLHHLDDDUUUUUDDUDUUDLLLDLHHLHLLUDUU
                880 UDLLLLLHHLDDDUUUUUDDUDUUDLLLDLHHLHLLUDUU
                890 DDLLLLLHHLDDDUUUUUDDUDUUDLLLDLHHLHLLUDUU
                900 UDLLLLLHHLDDDUUUUUDDUDUUDLLLDLHHLHLLUDUU
                910 DDLLLLLHHLDDDUUUUUDDUDUUDLLLDLHHLHLLUDUU
                920 UDLLLLLHHLDDDUUUUUDDUDUUDLLLDLHHLHLLUDUU
                930 DDLLLLLHHLDDDUUUUUDDUDUUDLLLDLHHLHLLUDUU
                940 UDLLLLLHHLDDDUUUUUDDUDUUDLLLDLHHLHLLUDUU
                950 DDLLLLLHHLDDDUUUUUDDUDUUDLLLDLHHLHLLUDUU
                960 UDLLLLLHHLDDDUUUUUDDUDUUDLLLDLHHLHLLUDUU
                970 DDLLLLLHHLDDDUUUUUDDUDUUDLLLDLHHLHLLUDUU
                980 UDLLLLLHHLDDDUUUUUDDUDUUDLLLDLHHLHLLUDUU
                990 DDLLLLLHHLDDDUUUUUDDUDUUDLLLDLHHLHLLUDUU
               1000 UDLLLLLHHLDDDUUUUUDDUDUUDLLLDLHHLHLLUDUU
