                  0 UUNLLDNNNNNNNNNNNNNNNN
                 80 DUNLLDNNNNNNNNNNNNNNNN
                160 UUNLLDNNNNNNNNNNNNNNNN
                220 UDDLLDDDDDDDUDDDDDDDUD
                240 DDDLLDDDDDDDUDDDDDDDUD
                320 UDDLLDDDDDDDUDDDDDDDUD
                400 DDDLLDDDDDDDUDDDDDDDUD
                480 UDDLLDDDDDDDUDDDDDDDUD
                560 DDDLLDDDDDDDUDDDDDDDUD
                640 UDDLLDDDDDDDUDDDDDDDUD
                720 DDDLLDDDDDDDUDDDDDDDUD
                800 UDDLLDDDDDDDUDDDDDDDUD
                860 UDULLUDDDDDDUDDDDDDDUD
                880 DDULLUDDDDDDUDDDDDDDUD
                960 UDULLUDDDDDDUDDDDDDDUD
               1040 DDULLUDDDDDDUDDDDDDDUD
               1120 UDUHHUDDDDDDUDDDDDDDUD
               1200 DDUHHUDDDDDDUDDDDDDDUD
               1280 UDUHHUDDDDDDUDDDDDDDUD
               1360 DDUHHUDDDDDDUDDDDDDDUD
               1440 UDUHHUDDDDDDUDDDDDDDUD
               1500 UDDHHDDDDDDDUDDDDDDDUD
               1520 DDDHHDDDDDDDUDDDDDDDUD
               1600 UDDHHDDDDDDDUDDDDDDDUD
               1680 DDDHHDDDDDDDUDDDDDDDUD
               1760 UDDHHDDDDDDDUDDDDDDDUD
               1840 DDDHHDDDDDDDUDDDDDDDUD
               1920 UDDHHDDDDDDDUDDDDDDDUD
               2000 DDDHHDDDDDDDUDDDDDDDUD
               2080 UDDHHDDDDDDDUDDDDDDDUD
               2140 UDDHHDUDDDDDDDDDDDDDUD
               2160 DDDHHDUDDDDDDDDDDDDDUD
               2240 UDDLHDUDDDDDDDDDDDDDUD
               2320 DDDLHDUDDDDDDDDDDDDDUD
               2400 UDDLHDUDDDDDDDDDDDDDUD
               2480 DDDLHDUDDDDDDDDDDDDDUD
               2560 UDDLHDUDDDDDDDDDDDDDUD
               2640 DDDLHDUDDDDDDDDDDDDDUD
               2720 UDDLHDUDDDDDDDDDDDDDUD
               2780 UDULHUUDDDDDDDDDDDDDUD
               2800 DDULHUUDDDDDDDDDDDDDUD
               2880 UDULHUUDDDDDDDDDDDDDUD
               2960 DDULHUUDDDDDDDDDDDDDUD
               3040 UDULHUUDDDDDDDDDDDDDUD
               3120 DDULHUUDDDDDDDDDDDDDUD
               3200 UDULHUUDDDDDDDDDDDDDUD
               3280 DDULHUUDDDDDDDDDDDDDUD
               3360 UDULHUUDDDDDDDDDDDDDUD
               3420 UDDLHDUDDDDDDDDDDDDDUD
               3440 DDDLHDUDDDDDDDDDDDDDUD
               3520 UDDLHDUDDDDDDDDDDDDDUD
               3600 DDDLHDUDDDDDDDDDDDDDUD
               3680 UDDLHDUDDDDDDDDDDDDDUD
               3760 DDDLHDUDDDDDDDDDDDDDUD
               3840 UDDLHDUDDDDDDDDDDDDDUD
               3920 DDDLHDUDDDDDDDDDDDDDUD
               4000 UDDLHDUDDDDDDDDDDDDDUD
               4060 UUDLLDUDDDDDDDDDDDDDUD
               4080 DUDLLDUDDDDDDDDDDDDDUD
               4160 UUDLLDUDDDDDDDDDDDDDUD
               4240 DUDLLDUDDDDDDDDDDDDDUD
               4280 DDDLLDDDDDDDUDDDDDDDUD
               4320 UDDLLDDDDDDDUDDDDDDDUD
               4400 DDDLLDDDDDDDUDDDDDDDUD
               4480 UDDLLDDDDDDDUDDDDDDDUD
               4560 DDDLLDDDDDDDUDDDDDDDUD
               4640 UDDLLDDDDDDDUDDDDDDDUD
               4720 DDDLLDDDDDDDUDDDDDDDUD
               4800 UDDLLDDDDDDDUDDDDDDDUD
               4880 DDDLLDDDDDDDUDDDDDDDUD
               4920 DDULLUDDDDDDUDDDDDDDUD
               4960 UDULLUDDDDDDUDDDDDDDUD
               5040 DDULLUDDDDDDUDDDDDDDUD
               5120 UDUHHUDDDDDDUDDDDDDDUD
               5200 DDUHHUDDDDDDUDDDDDDDUD
               5280 UDUHHUDDDDDDUDDDDDDDUD
               5360 DDUHHUDDDDDDUDDDDDDDUD
               5440 UDUHHUDDDDDDUDDDDDDDUD
               5520 DDUHHUDDDDDDUDDDDDDDUD
               5560 DDDHHDDDDDDDUDDDDDDDUD
               5600 UDDHHDDDDDDDUDDDDDDDUD
               5680 DDDHHDDDDDDDUDDDDDDDUD
               5760 UDDHHDDDDDDDUDDDDDDDUD
               5840 DDDHHDDDDDDDUDDDDDDDUD
               5920 UDDHHDDDDDDDUDDDDDDDUD
               6000 DDDHHDDDDDDDUDDDDDDDUD
               6080 UDDHHDDDDDDDUDDDDDDDUD
               6160 DDDHHDDDDDDDUDDDDDDDUD
               6200 DDDHHDUDDDDDDDDDDDDDUD
               6240 UDDLHDUDDDDDDDDDDDDDUD
               6320 DDDLHDUDDDDDDDDDDDDDUD
               6400 UDDLHDUDDDDDDDDDDDDDUD
               6480 DDDLHDUDDDDDDDDDDDDDUD
               6560 UDDLHDUDDDDDDDDDDDDDUD
               6640 DDDLHDUDDDDDDDDDDDDDUD
               6720 UDDLHDUDDDDDDDDDDDDDUD
               6800 DDDLHDUDDDDDDDDDDDDDUD
               6840 DDULHUUDDDDDDDDDDDDDUD
               6880 UDULHUUDDDDDDDDDDDDDUD
               6960 DDULHUUDDDDDDDDDDDDDUD
