                  0 UUNXXDNNNNNNNNNN
                 10 DUNXXDNNNNNNNNNN
                 11 DUNLLDNNNNNNNNNN
                 15 DDDLLDDDDUDDDDUD
                 20 UDDLLDDDDUDDDDUD
                 30 DDDLLDDDDUDDDDUD
                 40 UDDLLDDDDUDDDDUD
                 50 DDDLLDDDDUDDDDUD
                 60 UDDLLDDDDUDDDDUD
                 70 DDDLLDDDDUDDDDUD
                 80 UDDLLDDDDUDDDDUD
                 90 DDDLLDDDDUDDDDUD
                 95 DDULLUDDDUDDDDUD
                100 UDULLUDDDUDDDDUD
                110 DDULLUDDDUDDDDUD
                111 DDUHHUDDDUDDDDUD
                120 UDUHHUDDDUDDDDUD
                130 DDUHHUDDDUDDDDUD
                140 UDUHHUDDDUDDDDUD
                150 DDUHHUDDDUDDDDUD
                160 UDUHHUDDDUDDDDUD
                170 DDUHHUDDDUDDDDUD
                175 DDDHHDDDDUDDDDUD
                180 UDDHHDDDDUDDDDUD
                190 DDDHHDDDDUDDDDUD
                200 UDDHHDDDDUDDDDUD
                210 DDDHHDDDDUDDDDUD
                220 UDDHHDDDDUDDDDUD
                230 DDDHHDDDDUDDDDUD
                240 UDDHHDDDDUDDDDUD
                250 DDDHHDDDDUDDDDUD
                255 DDDHHDUDDDDDDDUD
                258 DDDLHDUDDDDDDDUD
                260 UDDLHDUDDDDDDDUD
                270 DDDLHDUDDDDDDDUD
                280 UDDLHDUDDDDDDDUD
                290 DDDLHDUDDDDDDDUD
                300 UDDLHDUDDDDDDDUD
                310 DDDLHDUDDDDDDDUD
                320 UDDLHDUDDDDDDDUD
                330 DDDLHDUDDDDDDDUD
                335 DDULHUUDDDDDDDUD
                340 UDULHUUDDDDDDDUD
                350 DDULHUUDDDDDDDUD
                351 DDUHHUUDDDDDDDUD
                360 UDUHHUUDDDDDDDUD
                370 DDUHHUUDDDDDDDUD
                380 UDUHHUUDDDDDDDUD
                390 DDUHHUUDDDDDDDUD
                400 UDUHHUUDDDDDDDUD
                410 DDUHHUUDDDDDDDUD
                415 DDDHHDUDDDDDDDUD
                420 UDDHHDUDDDDDDDUD
                430 DDDHHDUDDDDDDDUD
                440 UDDHHDUDDDDDDDUD
                450 DDDHHDUDDDDDDDUD
                460 UDDHHDUDDDDDDDUD
                470 DDDHHDUDDDDDDDUD
                480 UDDHHDUDDDDDDDUD
                490 DDDHHDUDDDDDDDUD
                495 DUDHHDUDDDDDDDUD
                500 UUDHHDUDDDDDDDUD
                510 DDDHHDDDDUDDDDUD
                511 DDDHLDDDDUDDDDUD
                513 DDDLLDDDDUDDDDUD
                520 UDDLLDDDDUDDDDUD
                530 DDDLLDDDDUDDDDUD
                540 UDDLLDDDDUDDDDUD
                550 DDDLLDDDDUDDDDUD
                560 UDDLLDDDDUDDDDUD
                570 DDDLLDDDDUDDDDUD
                580 UDDLLDDDDUDDDDUD
                590 DDULLUDDDUDDDDUD
                600 UDULLUDDDUDDDDUD
                610 DDULLUDDDUDDDDUD
                611 DDUHHUDDDUDDDDUD
                620 UDUHHUDDDUDDDDUD
                630 DDUHHUDDDUDDDDUD
                640 UDUHHUDDDUDDDDUD
                650 DDUHHUDDDUDDDDUD
                660 UDUHHUDDDUDDDDUD
                670 DDDHHDDDDUDDDDUD
                680 UDDHHDDDDUDDDDUD
                690 DDDHHDDDDUDDDDUD
                700 UDDHHDDDDUDDDDUD
                710 DDDHHDDDDUDDDDUD
                720 UDDHHDDDDUDDDDUD
                730 DDDHHDDDDUDDDDUD
                740 UDDHHDDDDUDDDDUD
                750 DDDHHDUDDDDDDDUD
                753 DDDLHDUDDDDDDDUD
                760 UDDLHDUDDDDDDDUD
                770 DDDLHDUDDDDDDDUD
                780 UDDLHDUDDDDDDDUD
                790 DDDLHDUDDDDDDDUD
                800 UDDLHDUDDDDDDDUD
                810 DDDLHDUDDDDDDDUD
                820 UDDLHDUDDDDDDDUD
                830 DDULHUUDDDDDDDUD
                840 UDULHUUDDDDDDDUD
                850 DDULHUUDDDDDDDUD
                851 DDUHHUUDDDDDDDUD
                860 UDUHHUUDDDDDDDUD
                870 DDUHHUUDDDDDDDUD
                880 UDUHHUUDDDDDDDUD
                890 DDUHHUUDDDDDDDUD
                900 UDUHHUUDDDDDDDUD
                910 DDDHHDUDDDDDDDUD
                920 UDDHHDUDDDDDDDUD
                930 DDDHHDUDDDDDDDUD
                940 UDDHHDUDDDDDDDUD
                950 DDDHHDUDDDDDDDUD
                960 UDDHHDUDDDDDDDUD
                970 DDDHHDUDDDDDDDUD
                980 UDDHHDUDDDDDDDUD
                990 DUDHHDUDDDDDDDUD
               1000 UUDHHDUDDDDDDDUD
