================================================================================
                                     S L S                                      
                                  version: 3.3                                  
                      S I M U L A T I O N   R E S U L T S                       
================================================================================
 time         | t   t   t   t   t   t   t   t   t   t   t   t   t 
 in 1e-09 sec | i   i   i   i   i   i   i   i   i   i   i   i   i 
              | m   m   m   m   m   m   m   m   m   m   m   m   m 
              | e   e   e   e   e   e   e   e   e   e   e   e   e 
              | r   r   r   r   r   r   r   r   r   r   r   r   r 
              | _   _   _   _   _   _   _   _   _   _   _   _   _ 
              | c   v   r   t   t   t   t   t   t   t   t   s   d 
              | l   g   s   i   i   i   i   i   i   i   i   t   o 
              | k   a   t   m   m   m   m   m   m   m   m   a   n 
              |     _       e   e   e   e   e   e   e   e   r   e 
              |     c       _   _   _   _   _   _   _   _   t     
              |     l       7   7   7   7   7   7   7   7         
              |     k       _   _   _   _   _   _   _   _         
              |             0   0   0   0   0   0   0   0         
              |             _   _   _   _   _   _   _   _         
              |             7   6   5   4   3   2   1   0         
================================================================================
          0.0 | 1   1   1   0   0   0   0   0   1   0   0   0   x
          0.0 | 1   1   1   0   0   0   0   0   1   0   0   0   1
         50.0 | 0   1   1   0   0   0   0   0   1   0   0   0   1
         80.0 | 0   0   1   0   0   0   0   0   1   0   0   0   1
        100.0 | 1   0   1   0   0   0   0   0   1   0   0   0   1
        103.7 | 1   0   1   0   0   0   0   0   1   0   0   0   0
        120.0 | 1   0   0   0   0   0   0   0   1   0   0   0   0
        150.0 | 0   0   0   0   0   0   0   0   1   0   0   0   0
        160.0 | 0   1   0   0   0   0   0   0   1   0   0   0   0
        200.0 | 1   1   0   0   0   0   0   0   1   0   0   0   0
        220.0 | 1   1   0   0   0   0   0   0   1   0   0   1   0
        240.0 | 1   0   0   0   0   0   0   0   1   0   0   1   0
        250.0 | 0   0   0   0   0   0   0   0   1   0   0   1   0
        300.0 | 1   0   0   0   0   0   0   0   1   0   0   1   0
        320.0 | 1   1   0   0   0   0   0   0   1   0   0   1   0
        350.0 | 0   1   0   0   0   0   0   0   1   0   0   1   0
        400.0 | 1   0   0   0   0   0   0   0   1   0   0   1   0
        450.0 | 0   0   0   0   0   0   0   0   1   0   0   1   0
        480.0 | 0   1   0   0   0   0   0   0   1   0   0   1   0
        500.0 | 1   1   0   0   0   0   0   0   1   0   0   1   0
        550.0 | 0   1   0   0   0   0   0   0   1   0   0   1   0
        560.0 | 0   0   0   0   0   0   0   0   1   0   0   1   0
        600.0 | 1   0   0   0   0   0   0   0   1   0   0   1   0
        640.0 | 1   1   0   0   0   0   0   0   1   0   0   1   0
        650.0 | 0   1   0   0   0   0   0   0   1   0   0   1   0
        700.0 | 1   1   0   0   0   0   0   0   1   0   0   1   0
        720.0 | 1   0   0   0   0   0   0   0   1   0   0   1   0
        750.0 | 0   0   0   0   0   0   0   0   1   0   0   1   0
        800.0 | 1   1   0   0   0   0   0   0   1   0   0   1   0
        850.0 | 0   1   0   0   0   0   0   0   1   0   0   1   0
        880.0 | 0   0   0   0   0   0   0   0   1   0   0   1   0
        900.0 | 1   0   0   0   0   0   0   0   1   0   0   1   0
        950.0 | 0   0   0   0   0   0   0   0   1   0   0   1   0
        960.0 | 0   1   0   0   0   0   0   0   1   0   0   1   0
       1000.0 | 1   1   0   0   0   0   0   0   1   0   0   1   0
       1040.0 | 1   0   0   0   0   0   0   0   1   0   0   1   0
       1050.0 | 0   0   0   0   0   0   0   0   1   0   0   1   0
       1100.0 | 1   0   0   0   0   0   0   0   1   0   0   1   0
       1120.0 | 1   1   0   0   0   0   0   0   1   0   0   1   0
       1124.2 | 1   1   0   0   0   0   0   0   1   0   0   1   1
       1150.0 | 0   1   0   0   0   0   0   0   1   0   0   1   1
       1200.0 | 1   0   0   0   0   0   0   0   1   0   0   1   1
       1250.0 | 0   0   0   0   0   0   0   0   1   0   0   1   1
       1280.0 | 0   1   0   0   0   0   0   0   1   0   0   1   1
       1300.0 | 1   1   0   0   0   0   0   0   1   0   0   1   1
       1350.0 | 0   1   0   0   0   0   0   0   1   0   0   1   1
       1360.0 | 0   0   0   0   0   0   0   0   1   0   0   1   1
       1400.0 | 1   0   0   0   0   0   0   0   1   0   0   1   1
       1440.0 | 1   1   0   0   0   0   0   0   1   0   0   1   1
       1450.0 | 0   1   0   0   0   0   0   0   1   0   0   1   1
       1500.0 | 1   1   0   0   0   0   0   0   1   0   0   1   1
       1520.0 | 1   0   0   0   0   0   0   0   1   0   0   1   1
       1522.0 | 1   0   0   0   0   0   0   0   1   0   0   0   1
       1550.0 | 0   0   0   0   0   0   0   0   1   0   0   0   1
       1600.0 | 1   1   0   0   0   0   0   0   1   0   0   0   1
       1650.0 | 0   1   0   0   0   0   0   0   1   0   0   0   1
       1680.0 | 0   0   0   0   0   0   0   0   1   0   0   0   1
       1700.0 | 1   0   0   0   0   0   0   0   1   0   0   0   1
       1750.0 | 0   0   0   0   0   0   0   0   1   0   0   0   1
       1760.0 | 0   1   0   0   0   0   0   0   1   0   0   0   1
       1800.0 | 1   1   0   0   0   0   0   0   1   0   0   0   1
       1840.0 | 1   0   0   0   0   0   0   0   1   0   0   0   1
       1850.0 | 0   0   0   0   0   0   0   0   1   0   0   0   1
       1900.0 | 1   0   0   0   0   0   0   0   1   0   0   0   1
       1920.0 | 1   1   0   0   0   0   0   0   1   0   0   0   1
       1950.0 | 0   1   0   0   0   0   0   0   1   0   0   0   1
       2000.0 | 1   0   0   0   0   0   0   0   1   0   0   0   1
       2030.0 | 1   0   0   0   0   0   0   0   1   0   0   1   1
       2050.0 | 0   0   0   0   0   0   0   0   1   0   0   1   1
       2080.0 | 0   1   0   0   0   0   0   0   1   0   0   1   1
       2083.8 | 0   1   0   0   0   0   0   0   1   0   0   1   0
       2100.0 | 1   1   0   0   0   0   0   0   1   0   0   1   0
       2150.0 | 0   1   0   0   0   0   0   0   1   0   0   1   0
       2160.0 | 0   0   0   0   0   0   0   0   1   0   0   1   0
       2200.0 | 1   0   0   0   0   0   0   0   1   0   0   1   0
       2240.0 | 1   1   0   0   0   0   0   0   1   0   0   1   0
       2250.0 | 0   1   0   0   0   0   0   0   1   0   0   1   0
       2300.0 | 1   1   0   0   0   0   0   0   1   0   0   1   0
       2320.0 | 1   0   0   0   0   0   0   0   1   0   0   1   0
       2350.0 | 0   0   0   0   0   0   0   0   1   0   0   1   0
       2400.0 | 1   1   0   0   0   0   0   0   1   0   0   1   0
       2450.0 | 0   1   0   0   0   0   0   0   1   0   0   1   0
       2480.0 | 0   0   0   0   0   0   0   0   1   0   0   1   0
       2500.0 | 1   0   0   0   0   0   0   0   1   0   0   1   0
       2550.0 | 0   0   0   0   0   0   0   0   1   0   0   1   0
       2560.0 | 0   1   0   0   0   0   0   0   1   0   0   1   0
       2600.0 | 1   1   0   0   0   0   0   0   1   0   0   1   0
       2640.0 | 1   0   0   0   0   0   0   0   1   0   0   1   0
       2650.0 | 0   0   0   0   0   0   0   0   1   0   0   1   0
       2700.0 | 1   0   0   0   0   0   0   0   1   0   0   1   0
       2720.0 | 1   1   0   0   0   0   0   0   1   0   0   1   0
       2750.0 | 0   1   0   0   0   0   0   0   1   0   0   1   0
       2800.0 | 1   0   0   0   0   0   0   0   1   0   0   1   0
       2850.0 | 0   0   0   0   0   0   0   0   1   0   0   1   0
       2880.0 | 0   1   0   0   0   0   0   0   1   0   0   1   0
       2884.2 | 0   1   0   0   0   0   0   0   1   0   0   1   1
       2900.0 | 1   1   0   0   0   0   0   0   1   0   0   1   1
       2950.0 | 0   1   0   0   0   0   0   0   1   0   0   1   1
       2960.0 | 0   0   0   0   0   0   0   0   1   0   0   1   1
       2999.9 | 0   0   0   0   0   0   0   0   1   0   0   1   1
================================================================================
  network : Timer                                                  nodes : 404  
================================================================================
