                  0 UUUDDDDDUDDDL
                 50 DUUDDDDDUDDDL
                 80 DDUDDDDDUDDDL
                100 UDUDDDDDUDDDL
                120 UDDDDDDDUDDDL
                150 DDDDDDDDUDDDL
                160 DUDDDDDDUDDDL
                200 UUDDDDDDUDDDL
                220 UUDDDDDDUDDUL
                240 UDDDDDDDUDDUL
                250 DDDDDDDDUDDUL
                300 UDDDDDDDUDDUL
                320 UUDDDDDDUDDUL
                350 DUDDDDDDUDDUL
                400 UDDDDDDDUDDUL
                450 DDDDDDDDUDDUL
                480 DUDDDDDDUDDUL
                500 UUDDDDDDUDDUL
                550 DUDDDDDDUDDUL
                560 DDDDDDDDUDDUL
                600 UDDDDDDDUDDUL
                640 UUDDDDDDUDDUL
                650 DUDDDDDDUDDUL
                700 UUDDDDDDUDDUL
                720 UDDDDDDDUDDUL
                750 DDDDDDDDUDDUL
                800 UUDDDDDDUDDUL
                850 DUDDDDDDUDDUL
                880 DDDDDDDDUDDUL
                900 UDDDDDDDUDDUL
                950 DDDDDDDDUDDUL
                960 DUDDDDDDUDDUL
               1000 UUDDDDDDUDDUL
               1040 UDDDDDDDUDDUL
               1050 DDDDDDDDUDDUL
               1100 UDDDDDDDUDDUL
               1120 UUDDDDDDUDDUH
               1150 DUDDDDDDUDDUH
               1200 UDDDDDDDUDDUH
               1250 DDDDDDDDUDDUH
               1280 DUDDDDDDUDDUH
               1300 UUDDDDDDUDDUH
               1350 DUDDDDDDUDDUH
               1360 DDDDDDDDUDDUH
               1400 UDDDDDDDUDDUH
               1440 UUDDDDDDUDDUH
               1450 DUDDDDDDUDDUH
               1500 UUDDDDDDUDDUH
               1520 UDDDDDDDUDDUH
               1522 UDDDDDDDUDDDH
               1550 DDDDDDDDUDDDH
               1600 UUDDDDDDUDDDH
               1650 DUDDDDDDUDDDH
               1680 DDDDDDDDUDDDH
               1700 UDDDDDDDUDDDH
               1750 DDDDDDDDUDDDH
               1760 DUDDDDDDUDDDH
               1800 UUDDDDDDUDDDH
               1840 UDDDDDDDUDDDH
               1850 DDDDDDDDUDDDH
               1900 UDDDDDDDUDDDH
               1920 UUDDDDDDUDDDH
               1950 DUDDDDDDUDDDH
               2000 UDDDDDDDUDDDH
               2030 UDDDDDDDUDDUH
               2050 DDDDDDDDUDDUH
               2080 DUDDDDDDUDDUL
               2100 UUDDDDDDUDDUL
               2150 DUDDDDDDUDDUL
               2160 DDDDDDDDUDDUL
               2200 UDDDDDDDUDDUL
               2240 UUDDDDDDUDDUL
               2250 DUDDDDDDUDDUL
               2300 UUDDDDDDUDDUL
               2320 UDDDDDDDUDDUL
               2350 DDDDDDDDUDDUL
               2400 UUDDDDDDUDDUL
               2450 DUDDDDDDUDDUL
               2480 DDDDDDDDUDDUL
               2500 UDDDDDDDUDDUL
               2550 DDDDDDDDUDDUL
               2560 DUDDDDDDUDDUL
               2600 UUDDDDDDUDDUL
               2640 UDDDDDDDUDDUL
               2650 DDDDDDDDUDDUL
               2700 UDDDDDDDUDDUL
               2720 UUDDDDDDUDDUL
               2750 DUDDDDDDUDDUL
               2800 UDDDDDDDUDDUL
               2850 DDDDDDDDUDDUL
               2880 DUDDDDDDUDDUH
               2900 UUDDDDDDUDDUH
               2950 DUDDDDDDUDDUH
               2960 DDDDDDDDUDDUH
               3000 UDDDDDDDUDDUH
