                  0 UUUUUDUUUUDLDTTLDLTTTTTTTT1
                 50 DUUUUDUUUUDLDTTLDLTTTTTTTT1
                100 UUUUUDUUUUDLDTTLDLTTTTTTTT1
                150 DUUUUDUUUUDLDTTLDLTTTTTTTT1
                200 UUUUUDUUUUDLDTTLDLTTTTTTTT1
                250 DUUUUDUUUUDLDTTLDLTTTTTTTT1
                300 UUUUUDUUUUDLDTTLDLTTTTTTTT1
                350 DUUUUDUUUUDLDTTLDLTTTTTTTT1
                400 UUUUUDUUUUDLDTTLDLTTTTTTTT1
                450 DUUUUDUUUUDLDTTLDLTTTTTTTT1
                500 UUUUUDUUUUDLDTTLDLTTTTTTTT1
                550 DUUUUDUUUUDLDTTLDLTTTTTTTT1
                600 UUUUUDUUUUDLDTTLDLTTTTTTTT1
                650 DUUUUDUUUUDLDTTLDLTTTTTTTT1
                700 UUUUUDUUUUDLDTTLDLTTTTTTTT1
                750 DUUUUDUUUUDLDTTLDLTTTTTTTT1
                800 UUUUUDUUUUDLDTTLDLTTTTTTTT1
                850 DUUUUDUUUUDLDTTLDLTTTTTTTT1
                900 UUUUUDUUUUDLDTTLDLTTTTTTTT1
                950 DUUUUDUUUUDLDTTLDLTTTTTTTT1
               1000 UUUUUDUUUUDLDTTLDLTTTTTTTTF
               1050 DUUUUDUUUUDLDTTLDLTTTTTTTTF
               1100 UUUUUDUUUUDLDTTLDLTTTTTTTTF
               1150 DUUUUDUUUUDLDTTLDLTTTTTTTTF
               1200 UUUUUDUUUUDLDTTLDLTTTTTTTTF
               1250 DUUUUDUUUUDLDTTLDLTTTTTTTTF
               1300 UUUUUDUUUUDLDTTLDLTTTTTTTTF
               1350 DUUUUDUUUUDLDTTLDLTTTTTTTTF
               1400 UUUUUDUUUUDLDTTLDLTTTTTTTTF
               1450 DUUUUDUUUUDLDTTLDLTTTTTTTTF
               1500 UUUUUDUUUUDLDTTLDLTTTTTTTTF
               1550 DUUUUDUUUUDLDTTLDLTTTTTTTTF
               1600 UUUUUDUUUUDLDTTLDLTTTTTTTTF
               1650 DUUUUDUUUUDLDTTLDLTTTTTTTTF
               1700 UUUUUDUUUUDLDTTLDLTTTTTTTTF
               1750 DUUUUDUUUUDLDTTLDLTTTTTTTTF
               1800 UUUUUDUUUUDLDTTLDLTTTTTTTTF
               1850 DUUUUDUUUUDLDTTLDLTTTTTTTTF
               1900 UUUUUDUUUUDLDTTLDLTTTTTTTTF
               1950 DUUUUDUUUUDLDTTLDLTTTTTTTTF
               2000 UDUUUDUUUUDLDTTLDLTTTTTTTTF
               2050 DDUUUDUUUUDLDTTLDLTTTTTTTTF
               2100 UDUUUDUUUUDLDTTLDLTTTTTTTTF
               2150 DDUUUDUUUUDLDTTLDLTTTTTTTTF
               2200 UDUUUDUUUUDLDTTLDLTTTTTTTTF
               2250 DDUUUDUUUUDLDTTLDLTTTTTTTTF
               2300 UDUUUDUUUUDLDTTLDLTTTTTTTTF
               2350 DDUUUDUUUUDLDTTLDLTTTTTTTTF
               2400 UDUUUDUUUUDLDTTLDLTTTTTTTTF
               2450 DDUUUDUUUUDLDTTLDLTTTTTTTTF
               2500 UDUUUDUUUUDLDTTLDLTTTTTTTTF
               2550 DDUUUDUUUUDLDTTLDLTTTTTTTTF
               2600 UDUUUDUUUUDLDTTLDLTTTTTTTTF
               2650 DDUUUDUUUUDLDTTLDLTTTTTTTTF
               2700 UDUUUDUUUUDLDTTLDLTTTTTTTTF
               2750 DDUUUDUUUUDLDTTLDLTTTTTTTTF
               2800 UDUUUDUUUUDLDTTLDLTTTTTTTTF
               2850 DDUUUDUUUUDLDTTLDLTTTTTTTTF
               2900 UDUUUDUUUUDLDTTLDLTTTTTTTTF
               2950 DDUUUDUUUUDLDTTLDLTTTTTTTTF
               3000 UDUUUDUUUUULUTTLDLTTTTTTTTF
               3050 DDUUUDUUUUULUTTLDLTTTTTTTTF
               3100 UDUUUDUUUUULULLHDLTTTTTTTTF
               3150 DDUUUDUUUUULULLHDLTTTTTTTTF
               3200 UDUUUDUUUUULULLHDLTTTTTTTTF
               3250 DDUUUDUUUUULULLHDLTTTTTTTTF
               3300 UDUUUDUUUUULULLHDLTTTTTTTTF
               3350 DDUUUDUUUUULULLHDLTTTTTTTTF
               3400 UDUUUDUUUUULULLHDLTTTTTTTTF
               3450 DDUUUDUUUUULULLHDLTTTTTTTTF
               3500 UDUUUDUUUUULULLHDLTTTTTTTTF
               3550 DDUUUDUUUUULULLHDLTTTTTTTTF
               3600 UDUUUDUUUUULULLHDLTTTTTTTTF
               3650 DDUUUDUUUUULULLHDLTTTTTTTTF
               3700 UDUUUDUUUUULULLHDLTTTTTTTTF
               3750 DDUUUDUUUUULULLHDLTTTTTTTTF
               3800 UDUUUDUUUUULULLHDLTTTTTTTTF
               3850 DDUUUDUUUUULULLHDLTTTTTTTTF
               3900 UDUUUDUUUUULULLHDLTTTTTTTTF
               3950 DDUUUDUUUUULULLHDLTTTTTTTTF
               4000 UDUUUDUUUUULULLHULTTTTTTTTF
               4050 DDUUUDUUUUULULLHULTTTTTTTTF
               4100 UDUUUDUUUUULUTTLUHHHHLHHHH1
               4150 DDUUUDUUUUULUTTLUHHHHLHHHH1
               4200 UDUUUDUUUUULULHHULTTTTTTTTF
               4250 DDUUUDUUUUULULHHULTTTTTTTTF
               4300 UDUUUDUUUUULUTTLUHHHHLHHHH1
               4350 DDUUUDUUUUULUTTLUHHHHLHHHH1
               4400 UDUUUDUUUUULUHLHULTTTTTTTTF
               4450 DDUUUDUUUUULUHLHULTTTTTTTTF
               4500 UDUUUDUUUUULUTTLUHHHHLHHHH1
               4550 DDUUUDUUUUULUTTLUHHHHLHHHH1
               4600 UDUUUDUUUUULUHHHULTTTTTTTTF
               4650 DDUUUDUUUUULUHHHULTTTTTTTTF
               4700 UDUUUDUUUUULUTTLUHHHHLHHHH1
               4750 DDUUUDUUUUULUTTLUHHHHLHHHH1
               4800 UDUUUDUUUUUHUTTLULTTTTTTTTF
               4850 DDUUUDUUUUUHUTTLULTTTTTTTTF
               4900 UDUUUDUUUUUHUTTLULTTTTTTTTF
               4950 DDUUUDUUUUUHUTTLDLTTTTTTTTF
               5000 UDUDUUDDDUUHUTTLDLTTTTTTTT0
               5050 DDUDUUDDDUUHUTTLDLTTTTTTTT0
               5100 UDUDUUDDDUUHUTTLDLTTTTTTTT0
               5150 DDUDUUDDDUUHUTTLDLTTTTTTTT0
               5200 UDUDUUDDDUUHUTTLDLTTTTTTTT0
               5250 DDUDUUDDDUUHUTTLDLTTTTTTTT0
               5300 UDUDUUDDDUUHUTTLDLTTTTTTTT0
               5350 DDUDUUDDDUUHUTTLDLTTTTTTTT0
               5400 UDUDUUDDDUUHUTTLDLTTTTTTTT0
               5450 DDUDUUDDDUUHUTTLDLTTTTTTTT0
               5500 UDUDUUDDDUUHDTTLDLTTTTTTTT0
               5550 DDUDUUDDDUUHDTTLDLTTTTTTTT0
               5600 UDUDUUDDDUULDTTLDLTTTTTTTT0
               5650 DDUDUUDDDUULDTTLDLTTTTTTTT0
               5700 UDUDUUDDDUULDTTLDLTTTTTTTT0
               5750 DDUDUUDDDUULDTTLDLTTTTTTTT0
               5800 UDUDUUDDDUULDTTLDLTTTTTTTT0
               5850 DDUDUUDDDUULDTTLDLTTTTTTTT0
               5900 UDUDUUDDDUULDTTLDLTTTTTTTT0
               5950 DDUDUUDDDUULDTTLDLTTTTTTTT0
               6000 UDUDUUDDDUULDTTLDLTTTTTTTT0
               6050 DDUDUUDDDUULDTTLDLTTTTTTTT0
               6100 UDUDUUDDDUULDTTLDLTTTTTTTT0
               6150 DDUDUUDDDUULDTTLDLTTTTTTTT0
               6200 UDUDUUDDDUULDTTLDLTTTTTTTT0
               6250 DDUDUUDDDUULDTTLDLTTTTTTTT0
               6300 UDUDUUDDDUULDTTLDLTTTTTTTT0
               6350 DDUDUUDDDUULDTTLDLTTTTTTTT0
               6400 UDUDUUDDDUULDTTLDLTTTTTTTT0
               6450 DDUDUUDDDUULDTTLDLTTTTTTTT0
               6500 UDUDUUDDDUULDTTLDLTTTTTTTT0
               6550 DDUDUUDDDUULDTTLDLTTTTTTTT0
               6600 UDUDUUDDDUULDTTLDLTTTTTTTT0
               6650 DDUDUUDDDUULDTTLDLTTTTTTTT0
               6700 UDUDUUDDDUULDTTLDLTTTTTTTT0
               6750 DDUDUUDDDUULDTTLDLTTTTTTTT0
               6800 UDUDUUDDDUULDTTLDLTTTTTTTT0
               6850 DDUDUUDDDUULDTTLDLTTTTTTTT0
               6900 UDUDUUDDDUULDTTLDLTTTTTTTT0
               6950 DDUDUUDDDUULDTTLDLTTTTTTTT0
               7000 UDUDUUDDDUULDTTLDLTTTTTTTT0
               7050 DDUDUUDDDUULDTTLDLTTTTTTTT0
               7100 UDUDUUDDDUULDTTLDLTTTTTTTT0
               7150 DDUDUUDDDUULDTTLDLTTTTTTTT0
               7200 UDUDUUDDDUULDTTLDLTTTTTTTT0
               7250 DDUDUUDDDUULDTTLDLTTTTTTTT0
               7300 UDUDUUDDDUULDTTLDLTTTTTTTT0
               7350 DDUDUUDDDUULDTTLDLTTTTTTTT0
               7400 UDUDUUDDDUULDTTLDLTTTTTTTT0
               7450 DDUDUUDDDUULDTTLDLTTTTTTTT0
               7500 UDUDUUDDDUULDTTLDLTTTTTTTT0
               7550 DDUDUUDDDUULDTTLDLTTTTTTTT0
               7600 UDUDUUDDDUULDTTLDLTTTTTTTT0
               7650 DDUDUUDDDUULDTTLDLTTTTTTTT0
               7700 UDUDUUDDDUULDTTLDLTTTTTTTT0
               7750 DDUDUUDDDUULDTTLDLTTTTTTTT0
               7800 UDUDUUDDDUULDTTLDLTTTTTTTTF
               7850 DDUDUUDDDUULDTTLDLTTTTTTTTF
               7900 UDUDUUDDDUULDTTLDLTTTTTTTTF
               7950 DDUDUUDDDUULDTTLDLTTTTTTTTF
               8000 UDUDUUDDDUDLUTTLDLTTTTTTTTF
               8050 DDUDUUDDDUDLUTTLDLTTTTTTTTF
               8100 UDUDUUDDDUDLULLHDLTTTTTTTTF
               8150 DDUDUUDDDUDLULLHDLTTTTTTTTF
               8200 UDUDUUDDDUDLULLHULTTTTTTTTF
               8250 DDUDUUDDDUDLULLHULTTTTTTTTF
               8300 UDUDUUDDDUDLUTTLUHHLHHLLLH0
               8350 DDUDUUDDDUDLUTTLUHHLHHLLLH0
               8400 UDUDUUDDDUDLULHHULTTTTTTTTF
               8450 DDUDUUDDDUDLULHHULTTTTTTTTF
               8500 UDUDUUDDDUDLUTTLUHHLHHLLLH0
               8550 DDUDUUDDDUDLUTTLUHHLHHLLLH0
               8600 UDUDUUDDDUDLUHLHULTTTTTTTTF
               8650 DDUDUUDDDUDLUHLHULTTTTTTTTF
               8700 UDUDUUDDDUDLUTTLUHHLHHLLLH0
               8750 DDUDUUDDDUDLUTTLUHHLHHLLLH0
               8800 UDUDUUDDDUDLUHHHULTTTTTTTTF
               8850 DDUDUUDDDUDLUHHHULTTTTTTTTF
               8900 UDUDUUDDDUDLUTTLUHHLHHLLLH0
               8950 DDUDUUDDDUDLUTTLDHHLHHLLLH0
               9000 UDUDUUDDDUUHDTTLDLTTTTTTTTF
               9050 DDUDUUDDDUUHDTTLDLTTTTTTTTF
               9100 UDUDUUDDDUULDTTLDLTTTTTTTTF
               9150 DDUDUUDDDUULDTTLDLTTTTTTTTF
               9200 UDUDUUDDDUULDTTLDLTTTTTTTTF
               9250 DDUDUUDDDUULDTTLDLTTTTTTTTF
               9300 UDUDUUDDDUULDTTLDLTTTTTTTTF
               9350 DDUDUUDDDUULDTTLDLTTTTTTTTF
               9400 UDUDUUDDDUULDTTLDLTTTTTTTTF
               9450 DDUDUUDDDUULDTTLDLTTTTTTTTF
               9500 UDUDUUDDDUULDTTLDLTTTTTTTTF
               9550 DDUDUUDDDUULDTTLDLTTTTTTTTF
               9600 UDUDUUDDDUULDTTLDLTTTTTTTTF
               9650 DDUDUUDDDUULDTTLDLTTTTTTTTF
               9700 UDUDUUDDDUULDTTLDLTTTTTTTTF
               9750 DDUDUUDDDUULDTTLDLTTTTTTTTF
               9800 UDUDUUDDDUULDTTLDLTTTTTTTTF
               9850 DDUDUUDDDUULDTTLDLTTTTTTTTF
               9900 UDUDUUDDDUULDTTLDLTTTTTTTTF
               9950 DDUDUUDDDUULDTTLDLTTTTTTTTF
              10000 UDUDUUDDDUULDTTLDLTTTTTTTT1
              10050 DDUDUUDDDUULDTTLDLTTTTTTTT1
              10100 UDUDUUDDDUULDTTLDLTTTTTTTT1
              10150 DDUDUUDDDUULDTTLDLTTTTTTTT1
              10200 UDUDUUDDDUULDTTLDLTTTTTTTT1
              10250 DDUDUUDDDUULDTTLDLTTTTTTTT1
              10300 UDUDUUDDDUULDTTLDLTTTTTTTT1
              10350 DDUDUUDDDUULDTTLDLTTTTTTTT1
              10400 UDUDUUDDDUULDTTLDLTTTTTTTT1
              10450 DDUDUUDDDUULDTTLDLTTTTTTTT1
              10500 UDUDUUDDDUULDTTLDLTTTTTTTT1
              10550 DDUDUUDDDUULDTTLDLTTTTTTTT1
              10600 UDUDUUDDDUULDTTLDLTTTTTTTT1
              10650 DDUDUUDDDUULDTTLDLTTTTTTTT1
              10700 UDUDUUDDDUULDTTLDLTTTTTTTT1
              10750 DDUDUUDDDUULDTTLDLTTTTTTTT1
              10800 UDUDUUDDDUULDTTLDLTTTTTTTT1
              10850 DDUDUUDDDUULDTTLDLTTTTTTTT1
              10900 UDUDUUDDDUULDTTLDLTTTTTTTT1
              10950 DDUDUUDDDUULDTTLDLTTTTTTTT1
              11000 UDUUUUDDDDULDTTLDLTTTTTTTT1
              11050 DDUUUUDDDDULDTTLDLTTTTTTTT1
              11100 UDUUUUDDDDULDTTLDLTTTTTTTT1
              11150 DDUUUUDDDDULDTTLDLTTTTTTTT1
              11200 UDUUUUDDDDULDTTLDLTTTTTTTT1
              11250 DDUUUUDDDDULDTTLDLTTTTTTTT1
              11300 UDUUUUDDDDULDTTLDLTTTTTTTT1
              11350 DDUUUUDDDDULDTTLDLTTTTTTTT1
              11400 UDUUUUDDDDULDTTLDLTTTTTTTT1
              11450 DDUUUUDDDDULDTTLDLTTTTTTTT1
              11500 UDUUUUDDDDULDTTLDLTTTTTTTT1
              11550 DDUUUUDDDDULDTTLDLTTTTTTTT1
              11600 UDUUUUDDDDULDTTLDLTTTTTTTT1
              11650 DDUUUUDDDDULDTTLDLTTTTTTTT1
              11700 UDUUUUDDDDULDTTLDLTTTTTTTT1
              11750 DDUUUUDDDDULDTTLDLTTTTTTTT1
              11800 UDUUUUDDDDULDTTLDLTTTTTTTT1
              11850 DDUUUUDDDDULDTTLDLTTTTTTTT1
              11900 UDUUUUDDDDULDTTLDLTTTTTTTT1
              11950 DDUUUUDDDDULDTTLDLTTTTTTTT1
              12000 UDUUUUDDDDULDTTLDLTTTTTTTT1
              12050 DDUUUUDDDDULDTTLDLTTTTTTTT1
              12100 UDUUUUDDDDULDTTLDLTTTTTTTT1
              12150 DDUUUUDDDDULDTTLDLTTTTTTTT1
              12200 UDUUUUDDDDULDTTLDLTTTTTTTT1
              12250 DDUUUUDDDDULDTTLDLTTTTTTTT1
              12300 UDUUUUDDDDULDTTLDLTTTTTTTT1
              12350 DDUUUUDDDDULDTTLDLTTTTTTTT1
              12400 UDUUUUDDDDULDTTLDLTTTTTTTT1
              12450 DDUUUUDDDDULDTTLDLTTTTTTTT1
              12500 UDUUUUDDDDULDTTLDLTTTTTTTT1
              12550 DDUUUUDDDDULDTTLDLTTTTTTTT1
              12600 UDUUUUDDDDULDTTLDLTTTTTTTT1
              12650 DDUUUUDDDDULDTTLDLTTTTTTTT1
              12700 UDUUUUDDDDULDTTLDLTTTTTTTT1
              12750 DDUUUUDDDDULDTTLDLTTTTTTTT1
              12800 UDUUUUDDDDULDTTLDLTTTTTTTT1
              12850 DDUUUUDDDDULDTTLDLTTTTTTTT1
              12900 UDUUUUDDDDULDTTLDLTTTTTTTT1
              12950 DDUUUUDDDDULDTTLDLTTTTTTTT1
              13000 UDUUUUDDDDULDTTLDLTTTTTTTT1
              13050 DDUUUUDDDDULDTTLDLTTTTTTTT1
              13100 UDUUUUDDDDULDTTLDLTTTTTTTT1
              13150 DDUUUUDDDDULDTTLDLTTTTTTTT1
              13200 UDUUUUDDDDULDTTLDLTTTTTTTT1
              13250 DDUUUUDDDDULDTTLDLTTTTTTTT1
              13300 UDUUUUDDDDULDTTLDLTTTTTTTT1
              13350 DDUUUUDDDDULDTTLDLTTTTTTTT1
              13400 UDUUUUDDDDULDTTLDLTTTTTTTT1
              13450 DDUUUUDDDDULDTTLDLTTTTTTTT1
              13500 UDUUUUDDDDULDTTLDLTTTTTTTT1
              13550 DDUUUUDDDDULDTTLDLTTTTTTTT1
              13600 UDUUUUDDDDULDTTLDLTTTTTTTT1
              13650 DDUUUUDDDDULDTTLDLTTTTTTTT1
              13700 UDUUUUDDDDULDTTLDLTTTTTTTT1
              13750 DDUUUUDDDDULDTTLDLTTTTTTTT1
              13800 UDUUUUDDDDULDTTLDLTTTTTTTTF
              13850 DDUUUUDDDDULDTTLDLTTTTTTTTF
              13900 UDUUUUDDDDULDTTLDLTTTTTTTTF
              13950 DDUUUUDDDDULDTTLDLTTTTTTTTF
              14000 UDUUUUDDDDULUTTLDLTTTTTTTTF
              14050 DDUUUUDDDDULUTTLDLTTTTTTTTF
              14100 UDUUUUDDDDULULLHDLTTTTTTTTF
              14150 DDUUUUDDDDULULLHDLTTTTTTTTF
              14200 UDUUUUDDDDULULLHDLTTTTTTTTF
              14250 DDUUUUDDDDULULLHDLTTTTTTTTF
              14300 UDUUUUDDDDULULLHDLTTTTTTTTF
              14350 DDUUUUDDDDULULLHDLTTTTTTTTF
              14400 UDUUUUDDDDULULLHDLTTTTTTTTF
              14450 DDUUUUDDDDULULLHDLTTTTTTTTF
              14500 UDUUUUDDDDULULLHDLTTTTTTTTF
              14550 DDUUUUDDDDULULLHDLTTTTTTTTF
              14600 UDUUUUDDDDULDLLHDLTTTTTTTTF
              14650 DDUUUUDDDDULDLLHDLTTTTTTTTF
              14700 UDUUUUDDDDULDLLHDLTTTTTTTTF
              14750 DDUUUUDDDDULDLLHDLTTTTTTTTF
              14800 UDUUUUDDDDULDLLHDLTTTTTTTTF
              14850 DDUUUUDDDDULDLLHDLTTTTTTTTF
              14900 UDUUUUDDDDULDLLHDLTTTTTTTTF
              14950 DDUUUUDDDDULDLLHDLTTTTTTTTF
              15000 UDUUUUDDDDULDLLHULTTTTTTTTF
              15050 DDUUUUDDDDULDLLHULTTTTTTTTF
              15100 UDUUUUDDDDULDTTLUHHHHHLLLL1
              15150 DDUUUUDDDDULDTTLUHHHHHLLLL1
              15200 UDUUUUDDDDULDLHHULTTTTTTTTF
              15250 DDUUUUDDDDULDLHHULTTTTTTTTF
              15300 UDUUUUDDDDULDTTLUHHHHHLLLL1
              15350 DDUUUUDDDDULDTTLUHHHHHLLLL1
              15400 UDUUUUDDDDULDHLHULTTTTTTTTF
              15450 DDUUUUDDDDULDHLHULTTTTTTTTF
              15500 UDUUUUDDDDULDTTLUHHHHHLLLL1
              15550 DDUUUUDDDDULDTTLUHHHHHLLLL1
              15600 UDUUUUDDDDULDHHHULTTTTTTTTF
              15650 DDUUUUDDDDULDHHHULTTTTTTTTF
              15700 UDUUUUDDDDULDTTLUHHHHHLLLL1
              15750 DDUUUUDDDDULDTTLUHHHHHLLLL1
              15800 UDUUUUDDDDUHDTTLULTTTTTTTTF
              15850 DDUUUUDDDDUHDTTLULTTTTTTTTF
              15900 UDUUUUDDDDULDTTLULTTTTTTTTF
              15950 DDUUUUDDDDULDTTLULTTTTTTTTF
              16000 UDUUUUDDDDULDTTLDLTTTTTTTTF
              16050 DDUUUUDDDDULDTTLDLTTTTTTTTF
              16100 UDUUUUDDDDULDTTLDLTTTTTTTTF
              16150 DDUUUUDDDDULDTTLDLTTTTTTTTF
              16200 UDUUUUDDDDULDTTLDLTTTTTTTTF
              16250 DDUUUUDDDDULDTTLDLTTTTTTTTF
              16300 UDUUUUDDDDULDTTLDLTTTTTTTTF
              16350 DDUUUUDDDDULDTTLDLTTTTTTTTF
              16400 UDUUUUDDDDULDTTLDLTTTTTTTTF
              16450 DDUUUUDDDDULDTTLDLTTTTTTTTF
              16500 UDUUUUDDDDULDTTLDLTTTTTTTTF
              16550 DDUUUUDDDDULDTTLDLTTTTTTTTF
              16600 UDUUUUDDDDULDTTLDLTTTTTTTTF
              16650 DDUUUUDDDDULDTTLDLTTTTTTTTF
              16700 UDUUUUDDDDULDTTLDLTTTTTTTTF
              16750 DDUUUUDDDDULDTTLDLTTTTTTTTF
              16800 UDUUUUDDDDULDTTLDLTTTTTTTTF
              16850 DDUUUUDDDDULDTTLDLTTTTTTTTF
              16900 UDUUUUDDDDULDTTLDLTTTTTTTTF
              16950 DDUUUUDDDDULDTTLDLTTTTTTTTF
              17000 UDUUUUDDDDULDTTLDLTTTTTTTTF
              17050 DDUUUUDDDDULDTTLDLTTTTTTTTF
              17100 UDUUUUDDDDULDTTLDLTTTTTTTTF
              17150 DDUUUUDDDDULDTTLDLTTTTTTTTF
              17200 UDUUUUDDDDULDTTLDLTTTTTTTTF
              17250 DDUUUUDDDDULDTTLDLTTTTTTTTF
              17300 UDUUUUDDDDULDTTLDLTTTTTTTTF
              17350 DDUUUUDDDDULDTTLDLTTTTTTTTF
              17400 UDUUUUDDDDULDTTLDLTTTTTTTTF
              17450 DDUUUUDDDDULDTTLDLTTTTTTTTF
              17500 UDUUUUDDDDULDTTLDLTTTTTTTTF
              17550 DDUUUUDDDDULDTTLDLTTTTTTTTF
              17600 UDUUUUDDDDULDTTLDLTTTTTTTTF
              17650 DDUUUUDDDDULDTTLDLTTTTTTTTF
              17700 UDUUUUDDDDULDTTLDLTTTTTTTTF
              17750 DDUUUUDDDDULDTTLDLTTTTTTTTF
              17800 UDUUUUDDDDULDTTLDLTTTTTTTTF
              17850 DDUUUUDDDDULDTTLDLTTTTTTTTF
              17900 UDUUUUDDDDULDTTLDLTTTTTTTTF
              17950 DDUUUUDDDDULDTTLDLTTTTTTTTF
              18000 UDUUUUDDDDULDTTLDLTTTTTTTTF
              18050 DDUUUUDDDDULDTTLDLTTTTTTTTF
              18100 UDUUUUDDDDULDTTLDLTTTTTTTTF
              18150 DDUUUUDDDDULDTTLDLTTTTTTTTF
              18200 UDUUUUDDDDULDTTLDLTTTTTTTTF
              18250 DDUUUUDDDDULDTTLDLTTTTTTTTF
              18300 UDUUUUDDDDULDTTLDLTTTTTTTTF
              18350 DDUUUUDDDDULDTTLDLTTTTTTTTF
              18400 UDUUUUDDDDULDTTLDLTTTTTTTTF
              18450 DDUUUUDDDDULDTTLDLTTTTTTTTF
              18500 UDUUUUDDDDULDTTLDLTTTTTTTTF
              18550 DDUUUUDDDDULDTTLDLTTTTTTTTF
              18600 UDUUUUDDDDULDTTLDLTTTTTTTTF
              18650 DDUUUUDDDDULDTTLDLTTTTTTTTF
              18700 UDUUUUDDDDULDTTLDLTTTTTTTTF
              18750 DDUUUUDDDDULDTTLDLTTTTTTTTF
              18800 UDUUUUDDDDULDTTLDLTTTTTTTTF
              18850 DDUUUUDDDDULDTTLDLTTTTTTTTF
              18900 UDUUUUDDDDULDTTLDLTTTTTTTTF
              18950 DDUUUUDDDDULDTTLDLTTTTTTTTF
              19000 UDUUUUDDDDULDTTLDLTTTTTTTTF
              19050 DDUUUUDDDDULDTTLDLTTTTTTTTF
              19100 UDUUUUDDDDULDTTLDLTTTTTTTTF
              19150 DDUUUUDDDDULDTTLDLTTTTTTTTF
              19200 UDUUUUDDDDULDTTLDLTTTTTTTTF
              19250 DDUUUUDDDDULDTTLDLTTTTTTTTF
              19300 UDUUUUDDDDULDTTLDLTTTTTTTTF
              19350 DDUUUUDDDDULDTTLDLTTTTTTTTF
              19400 UDUUUUDDDDULDTTLDLTTTTTTTTF
              19450 DDUUUUDDDDULDTTLDLTTTTTTTTF
              19500 UDUUUUDDDDULDTTLDLTTTTTTTTF
              19550 DDUUUUDDDDULDTTLDLTTTTTTTTF
              19600 UDUUUUDDDDULDTTLDLTTTTTTTTF
              19650 DDUUUUDDDDULDTTLDLTTTTTTTTF
              19700 UDUUUUDDDDULDTTLDLTTTTTTTTF
              19750 DDUUUUDDDDULDTTLDLTTTTTTTTF
              19800 UDUUUUDDDDULDTTLDLTTTTTTTTF
              19850 DDUUUUDDDDULDTTLDLTTTTTTTTF
              19900 UDUUUUDDDDULDTTLDLTTTTTTTTF
              19950 DDUUUUDDDDULDTTLDLTTTTTTTTF
              20000 UDUUUUDDDDULDTTLDLTTTTTTTTF
