====================================================================================================================================
                                                               S L S                                                                
                                                            version: 3.3                                                            
                                                S I M U L A T I O N   R E S U L T S                                                 
====================================================================================================================================
 time         | c   r   m   m   m   m   m   m   m   m   d   r   s   m   m   l   l   w   a   a   a   a   a   a   a   a   d 
 in 1e-09 sec | l   s   a   a   a   a   a   a   a   a   r   e   t   a   a   u   u   r   d   d   d   d   d   d   d   d   a 
              | k   t   s   s   s   s   s   s   s   s   a   a   a   s   s   t   t   i   d   d   d   d   d   d   d   d   t 
              |         k   k   k   k   k   k   k   k   w   d   r   k   k   _   _   t   r   r   r   r   r   r   r   r   a 
              |         _   _   _   _   _   _   _   _   _   y   t   _   _   s   r   e   _   _   _   _   _   _   _   _     
              |         7   7   7   7   7   7   7   7   e           s   s   t   e       7   7   7   7   7   7   7   7     
              |         _   _   _   _   _   _   _   _   r           e   e   a   a       _   _   _   _   _   _   _   _     
              |         0   0   0   0   0   0   0   0   a           l   l   r   d       0   0   0   0   0   0   0   0     
              |         _   _   _   _   _   _   _   _   s           e   e   t   y       _   _   _   _   _   _   _   _     
              |         7   6   5   4   3   2   1   0   e           c   c               7   6   5   4   3   2   1   0     
              |                                                     t   t                                                 
              |                                                     _   _                                                 
              |                                                     1   1                                                 
              |                                                     _   _                                                 
              |                                                     0   0                                                 
              |                                                     _   _                                                 
              |                                                     1   0                                                 
====================================================================================================================================
          0.0 | 1   1   1   1   1   0   1   1   1   1   0   x   0   x   x   x   0   x   x   x   x   x   x   x   x   x   x
          0.0 | 1   1   1   1   1   0   1   1   1   1   0   1   0   1   1   0   0   0   0   0   0   0   1   1   1   1   1
         50.0 | 0   1   1   1   1   0   1   1   1   1   0   1   0   1   1   0   0   0   0   0   0   0   1   1   1   1   1
        100.0 | 1   1   1   1   1   0   1   1   1   1   0   1   0   1   1   0   0   0   0   0   0   0   1   1   1   1   1
        101.1 | 1   1   1   1   1   0   1   1   1   1   0   1   0   x   1   0   0   0   0   0   0   0   1   1   1   1   1
        101.2 | 1   1   1   1   1   0   1   1   1   1   0   0   0   x   1   0   0   0   0   0   0   0   1   1   1   1   1
        150.0 | 0   1   1   1   1   0   1   1   1   1   0   0   0   x   1   0   0   0   0   0   0   0   1   1   1   1   1
        200.0 | 1   1   1   1   1   0   1   1   1   1   0   0   0   x   1   0   0   0   0   0   0   0   1   1   1   1   1
        250.0 | 0   1   1   1   1   0   1   1   1   1   0   0   0   x   1   0   0   0   0   0   0   0   1   1   1   1   1
        300.0 | 1   1   1   1   1   0   1   1   1   1   0   0   0   x   1   0   0   0   0   0   0   0   1   1   1   1   1
        350.0 | 0   1   1   1   1   0   1   1   1   1   0   0   0   x   1   0   0   0   0   0   0   0   1   1   1   1   1
        400.0 | 1   1   1   1   1   0   1   1   1   1   0   0   0   x   1   0   0   0   0   0   0   0   1   1   1   1   1
        450.0 | 0   1   1   1   1   0   1   1   1   1   0   0   0   x   1   0   0   0   0   0   0   0   1   1   1   1   1
        500.0 | 1   1   1   1   1   0   1   1   1   1   0   0   0   x   1   0   0   0   0   0   0   0   1   1   1   1   1
        550.0 | 0   1   1   1   1   0   1   1   1   1   0   0   0   x   1   0   0   0   0   0   0   0   1   1   1   1   1
        600.0 | 1   1   1   1   1   0   1   1   1   1   0   0   0   x   1   0   0   0   0   0   0   0   1   1   1   1   1
        650.0 | 0   1   1   1   1   0   1   1   1   1   0   0   0   x   1   0   0   0   0   0   0   0   1   1   1   1   1
        700.0 | 1   1   1   1   1   0   1   1   1   1   0   0   0   x   1   0   0   0   0   0   0   0   1   1   1   1   1
        750.0 | 0   1   1   1   1   0   1   1   1   1   0   0   0   x   1   0   0   0   0   0   0   0   1   1   1   1   1
        800.0 | 1   1   1   1   1   0   1   1   1   1   0   0   0   x   1   0   0   0   0   0   0   0   1   1   1   1   1
        850.0 | 0   1   1   1   1   0   1   1   1   1   0   0   0   x   1   0   0   0   0   0   0   0   1   1   1   1   1
        900.0 | 1   1   1   1   1   0   1   1   1   1   0   0   0   x   1   0   0   0   0   0   0   0   1   1   1   1   1
        950.0 | 0   1   1   1   1   0   1   1   1   1   0   0   0   x   1   0   0   0   0   0   0   0   1   1   1   1   1
       1000.0 | 1   1   1   1   1   0   1   1   1   1   0   0   0   x   1   0   0   0   0   0   0   0   1   1   1   1   1
       1050.0 | 0   1   1   1   1   0   1   1   1   1   0   0   0   x   1   0   0   0   0   0   0   0   1   1   1   1   1
       1100.0 | 1   1   1   1   1   0   1   1   1   1   0   0   0   x   1   0   0   0   0   0   0   0   1   1   1   1   1
       1150.0 | 0   1   1   1   1   0   1   1   1   1   0   0   0   x   1   0   0   0   0   0   0   0   1   1   1   1   1
       1200.0 | 1   1   1   1   1   0   1   1   1   1   0   0   0   x   1   0   0   0   0   0   0   0   1   1   1   1   1
       1250.0 | 0   1   1   1   1   0   1   1   1   1   0   0   0   x   1   0   0   0   0   0   0   0   1   1   1   1   1
       1300.0 | 1   1   1   1   1   0   1   1   1   1   0   0   0   x   1   0   0   0   0   0   0   0   1   1   1   1   1
       1350.0 | 0   1   1   1   1   0   1   1   1   1   0   0   0   x   1   0   0   0   0   0   0   0   1   1   1   1   1
       1400.0 | 1   1   1   1   1   0   1   1   1   1   0   0   0   x   1   0   0   0   0   0   0   0   1   1   1   1   1
       1450.0 | 0   1   1   1   1   0   1   1   1   1   0   0   0   x   1   0   0   0   0   0   0   0   1   1   1   1   1
       1500.0 | 1   1   1   1   1   0   1   1   1   1   0   0   0   x   1   0   0   0   0   0   0   0   1   1   1   1   1
       1550.0 | 0   1   1   1   1   0   1   1   1   1   0   0   0   x   1   0   0   0   0   0   0   0   1   1   1   1   1
       1600.0 | 1   1   1   1   1   0   1   1   1   1   0   0   0   x   1   0   0   0   0   0   0   0   1   1   1   1   1
       1650.0 | 0   1   1   1   1   0   1   1   1   1   0   0   0   x   1   0   0   0   0   0   0   0   1   1   1   1   1
       1700.0 | 1   1   1   1   1   0   1   1   1   1   0   0   0   x   1   0   0   0   0   0   0   0   1   1   1   1   1
       1750.0 | 0   1   1   1   1   0   1   1   1   1   0   0   0   x   1   0   0   0   0   0   0   0   1   1   1   1   1
       1800.0 | 1   1   1   1   1   0   1   1   1   1   0   0   0   x   1   0   0   0   0   0   0   0   1   1   1   1   1
       1850.0 | 0   1   1   1   1   0   1   1   1   1   0   0   0   x   1   0   0   0   0   0   0   0   1   1   1   1   1
       1900.0 | 1   1   1   1   1   0   1   1   1   1   0   0   0   x   1   0   0   0   0   0   0   0   1   1   1   1   1
       1950.0 | 0   1   1   1   1   0   1   1   1   1   0   0   0   x   1   0   0   0   0   0   0   0   1   1   1   1   1
       2000.0 | 1   0   1   1   1   0   1   1   1   1   0   0   0   x   1   0   0   0   0   0   0   0   1   1   1   1   1
       2050.0 | 0   0   1   1   1   0   1   1   1   1   0   0   0   x   1   0   0   0   0   0   0   0   1   1   1   1   1
       2100.0 | 1   0   1   1   1   0   1   1   1   1   0   0   0   x   1   0   0   0   0   0   0   0   1   1   1   1   1
       2150.0 | 0   0   1   1   1   0   1   1   1   1   0   0   0   x   1   0   0   0   0   0   0   0   1   1   1   1   1
       2200.0 | 1   0   1   1   1   0   1   1   1   1   0   0   0   x   1   0   0   0   0   0   0   0   1   1   1   1   1
       2250.0 | 0   0   1   1   1   0   1   1   1   1   0   0   0   x   1   0   0   0   0   0   0   0   1   1   1   1   1
       2300.0 | 1   0   1   1   1   0   1   1   1   1   0   0   0   x   1   0   0   0   0   0   0   0   1   1   1   1   1
       2350.0 | 0   0   1   1   1   0   1   1   1   1   0   0   0   x   1   0   0   0   0   0   0   0   1   1   1   1   1
       2400.0 | 1   0   1   1   1   0   1   1   1   1   0   0   0   x   1   0   0   0   0   0   0   0   1   1   1   1   1
       2450.0 | 0   0   1   1   1   0   1   1   1   1   0   0   0   x   1   0   0   0   0   0   0   0   1   1   1   1   1
       2500.0 | 1   0   1   1   1   0   1   1   1   1   0   0   0   x   1   0   0   0   0   0   0   0   1   1   1   1   1
       2550.0 | 0   0   1   1   1   0   1   1   1   1   0   0   0   x   1   0   0   0   0   0   0   0   1   1   1   1   1
       2600.0 | 1   0   1   1   1   0   1   1   1   1   0   0   0   x   1   0   0   0   0   0   0   0   1   1   1   1   1
       2650.0 | 0   0   1   1   1   0   1   1   1   1   0   0   0   x   1   0   0   0   0   0   0   0   1   1   1   1   1
       2700.0 | 1   0   1   1   1   0   1   1   1   1   0   0   0   x   1   0   0   0   0   0   0   0   1   1   1   1   1
       2750.0 | 0   0   1   1   1   0   1   1   1   1   0   0   0   x   1   0   0   0   0   0   0   0   1   1   1   1   1
       2800.0 | 1   0   1   1   1   0   1   1   1   1   0   0   0   x   1   0   0   0   0   0   0   0   1   1   1   1   1
       2850.0 | 0   0   1   1   1   0   1   1   1   1   0   0   0   x   1   0   0   0   0   0   0   0   1   1   1   1   1
       2900.0 | 1   0   1   1   1   0   1   1   1   1   0   0   0   x   1   0   0   0   0   0   0   0   1   1   1   1   1
       2950.0 | 0   0   1   1   1   0   1   1   1   1   0   0   0   x   1   0   0   0   0   0   0   0   1   1   1   1   1
       3000.0 | 1   0   1   1   1   0   1   1   1   1   1   0   1   x   1   0   0   0   0   0   0   0   1   1   1   1   1
       3000.1 | 1   0   1   1   1   0   1   1   1   1   1   0   1   x   1   0   0   0   0   0   0   0   1   1   1   1   x
       3050.0 | 0   0   1   1   1   0   1   1   1   1   1   0   1   x   1   0   0   0   0   0   0   0   1   1   1   1   x
       3100.0 | 1   0   1   1   1   0   1   1   1   1   1   0   1   x   1   0   0   0   0   0   0   0   1   1   1   1   x
       3101.3 | 1   0   1   1   1   0   1   1   1   1   1   1   1   x   1   0   0   0   0   0   0   0   1   1   1   1   x
       3102.0 | 1   0   1   1   1   0   1   1   1   1   1   0   1   x   1   0   0   0   0   0   0   0   1   1   1   1   x
       3103.0 | 1   0   1   1   1   0   1   1   1   1   1   0   1   0   0   1   0   0   0   0   0   0   1   1   1   1   x
       3150.0 | 0   0   1   1   1   0   1   1   1   1   1   0   1   0   0   1   0   0   0   0   0   0   1   1   1   1   x
       3200.0 | 1   0   1   1   1   0   1   1   1   1   1   0   1   0   0   1   0   0   0   0   0   0   1   1   1   1   x
       3250.0 | 0   0   1   1   1   0   1   1   1   1   1   0   1   0   0   1   0   0   0   0   0   0   1   1   1   1   x
       3300.0 | 1   0   1   1   1   0   1   1   1   1   1   0   1   0   0   1   0   0   0   0   0   0   1   1   1   1   x
       3350.0 | 0   0   1   1   1   0   1   1   1   1   1   0   1   0   0   1   0   0   0   0   0   0   1   1   1   1   x
       3400.0 | 1   0   1   1   1   0   1   1   1   1   1   0   1   0   0   1   0   0   0   0   0   0   1   1   1   1   x
       3450.0 | 0   0   1   1   1   0   1   1   1   1   1   0   1   0   0   1   0   0   0   0   0   0   1   1   1   1   x
       3500.0 | 1   0   1   1   1   0   1   1   1   1   1   0   1   0   0   1   0   0   0   0   0   0   1   1   1   1   x
       3550.0 | 0   0   1   1   1   0   1   1   1   1   1   0   1   0   0   1   0   0   0   0   0   0   1   1   1   1   x
       3600.0 | 1   0   1   1   1   0   1   1   1   1   1   0   1   0   0   1   0   0   0   0   0   0   1   1   1   1   x
       3650.0 | 0   0   1   1   1   0   1   1   1   1   1   0   1   0   0   1   0   0   0   0   0   0   1   1   1   1   x
       3700.0 | 1   0   1   1   1   0   1   1   1   1   1   0   1   0   0   1   0   0   0   0   0   0   1   1   1   1   x
       3750.0 | 0   0   1   1   1   0   1   1   1   1   1   0   1   0   0   1   0   0   0   0   0   0   1   1   1   1   x
       3800.0 | 1   0   1   1   1   0   1   1   1   1   1   0   1   0   0   1   0   0   0   0   0   0   1   1   1   1   x
       3850.0 | 0   0   1   1   1   0   1   1   1   1   1   0   1   0   0   1   0   0   0   0   0   0   1   1   1   1   x
       3900.0 | 1   0   1   1   1   0   1   1   1   1   1   0   1   0   0   1   0   0   0   0   0   0   1   1   1   1   x
       3950.0 | 0   0   1   1   1   0   1   1   1   1   1   0   1   0   0   1   0   0   0   0   0   0   1   1   1   1   x
       4000.0 | 1   0   1   1   1   0   1   1   1   1   1   0   1   0   0   1   1   0   0   0   0   0   1   1   1   1   x
       4050.0 | 0   0   1   1   1   0   1   1   1   1   1   0   1   0   0   1   1   0   0   0   0   0   1   1   1   1   x
       4100.0 | 1   0   1   1   1   0   1   1   1   1   1   0   1   0   0   1   1   0   0   0   0   0   1   1   1   1   x
       4101.4 | 1   0   1   1   1   0   1   1   1   1   1   0   1   0   0   0   1   0   0   0   0   0   1   1   1   1   x
       4103.8 | 1   0   1   1   1   0   1   1   1   1   1   0   1   0   0   0   1   1   1   1   1   0   1   1   1   1   1
       4150.0 | 0   0   1   1   1   0   1   1   1   1   1   0   1   0   0   0   1   1   1   1   1   0   1   1   1   1   1
       4200.0 | 1   0   1   1   1   0   1   1   1   1   1   0   1   0   0   0   1   1   1   1   1   0   1   1   1   1   1
       4201.4 | 1   0   1   1   1   0   1   1   1   1   1   0   1   0   x   0   1   1   1   1   1   0   1   1   1   1   1
       4202.1 | 1   0   1   1   1   0   1   1   1   1   1   0   1   0   1   1   1   1   1   1   1   0   1   1   1   1   1
       4202.8 | 1   0   1   1   1   0   1   1   1   1   1   0   1   0   1   1   1   0   1   1   1   0   1   1   1   1   1
       4250.0 | 0   0   1   1   1   0   1   1   1   1   1   0   1   0   1   1   1   0   1   1   1   0   1   1   1   1   1
       4300.0 | 1   0   1   1   1   0   1   1   1   1   1   0   1   0   1   1   1   0   1   1   1   0   1   1   1   1   1
       4301.4 | 1   0   1   1   1   0   1   1   1   1   1   0   1   0   1   0   1   0   1   1   1   0   1   1   1   1   1
       4303.8 | 1   0   1   1   1   0   1   1   1   1   1   0   1   0   1   0   1   1   1   1   1   0   1   1   1   1   1
       4350.0 | 0   0   1   1   1   0   1   1   1   1   1   0   1   0   1   0   1   1   1   1   1   0   1   1   1   1   1
       4400.0 | 1   0   1   1   1   0   1   1   1   1   1   0   1   0   1   0   1   1   1   1   1   0   1   1   1   1   1
       4401.3 | 1   0   1   1   1   0   1   1   1   1   1   0   1   0   x   0   1   1   1   1   1   0   1   1   1   1   1
       4401.5 | 1   0   1   1   1   0   1   1   1   1   1   0   1   x   x   0   1   1   1   1   1   0   1   1   1   1   1
       4402.1 | 1   0   1   1   1   0   1   1   1   1   1   0   1   1   0   1   1   1   1   1   1   0   1   1   1   1   1
       4402.8 | 1   0   1   1   1   0   1   1   1   1   1   0   1   1   0   1   1   0   1   1   1   0   1   1   1   1   1
       4450.0 | 0   0   1   1   1   0   1   1   1   1   1   0   1   1   0   1   1   0   1   1   1   0   1   1   1   1   1
       4500.0 | 1   0   1   1   1   0   1   1   1   1   1   0   1   1   0   1   1   0   1   1   1   0   1   1   1   1   1
       4501.4 | 1   0   1   1   1   0   1   1   1   1   1   0   1   1   0   0   1   0   1   1   1   0   1   1   1   1   1
       4503.8 | 1   0   1   1   1   0   1   1   1   1   1   0   1   1   0   0   1   1   1   1   1   0   1   1   1   1   1
       4550.0 | 0   0   1   1   1   0   1   1   1   1   1   0   1   1   0   0   1   1   1   1   1   0   1   1   1   1   1
       4600.0 | 1   0   1   1   1   0   1   1   1   1   1   0   1   1   0   0   1   1   1   1   1   0   1   1   1   1   1
       4601.4 | 1   0   1   1   1   0   1   1   1   1   1   0   1   1   x   0   1   1   1   1   1   0   1   1   1   1   1
       4602.1 | 1   0   1   1   1   0   1   1   1   1   1   0   1   1   1   1   1   1   1   1   1   0   1   1   1   1   1
       4602.8 | 1   0   1   1   1   0   1   1   1   1   1   0   1   1   1   1   1   0   1   1   1   0   1   1   1   1   1
       4650.0 | 0   0   1   1   1   0   1   1   1   1   1   0   1   1   1   1   1   0   1   1   1   0   1   1   1   1   1
       4700.0 | 1   0   1   1   1   0   1   1   1   1   1   0   1   1   1   1   1   0   1   1   1   0   1   1   1   1   1
       4701.4 | 1   0   1   1   1   0   1   1   1   1   1   0   1   1   1   0   1   0   1   1   1   0   1   1   1   1   1
       4703.8 | 1   0   1   1   1   0   1   1   1   1   1   0   1   1   1   0   1   1   1   1   1   0   1   1   1   1   1
       4750.0 | 0   0   1   1   1   0   1   1   1   1   1   0   1   1   1   0   1   1   1   1   1   0   1   1   1   1   1
       4800.0 | 1   0   1   1   1   0   1   1   1   1   1   0   1   1   1   0   1   1   1   1   1   0   1   1   1   1   1
       4801.1 | 1   0   1   1   1   0   1   1   1   1   1   0   1   x   1   0   1   1   1   1   1   0   1   1   1   1   1
       4801.3 | 1   0   1   1   1   0   1   1   1   1   1   1   1   x   x   0   1   1   1   1   1   0   1   1   1   1   1
       4802.6 | 1   0   1   1   1   0   1   1   1   1   1   1   1   x   x   0   1   0   1   1   1   0   1   1   1   1   1
       4850.0 | 0   0   1   1   1   0   1   1   1   1   1   1   1   x   x   0   1   0   1   1   1   0   1   1   1   1   1
       4900.0 | 1   0   1   1   1   0   1   1   1   1   1   1   1   x   x   0   1   0   1   1   1   0   1   1   1   1   1
       4950.0 | 0   0   1   1   1   0   1   1   1   1   1   1   1   x   x   0   0   0   1   1   1   0   1   1   1   1   1
       5000.0 | 1   0   1   0   1   1   0   0   0   1   1   1   1   x   x   0   0   0   1   1   1   0   1   1   1   1   1
       5000.1 | 1   0   1   0   1   1   0   0   0   1   1   1   1   x   x   0   0   0   1   x   1   x   x   x   x   1   1
       5050.0 | 0   0   1   0   1   1   0   0   0   1   1   1   1   x   x   0   0   0   1   x   1   x   x   x   x   1   1
       5100.0 | 1   0   1   0   1   1   0   0   0   1   1   1   1   x   x   0   0   0   1   x   1   x   x   x   x   1   1
       5150.0 | 0   0   1   0   1   1   0   0   0   1   1   1   1   x   x   0   0   0   1   x   1   x   x   x   x   1   1
       5200.0 | 1   0   1   0   1   1   0   0   0   1   1   1   1   x   x   0   0   0   1   x   1   x   x   x   x   1   1
       5250.0 | 0   0   1   0   1   1   0   0   0   1   1   1   1   x   x   0   0   0   1   x   1   x   x   x   x   1   1
       5300.0 | 1   0   1   0   1   1   0   0   0   1   1   1   1   x   x   0   0   0   1   x   1   x   x   x   x   1   1
       5350.0 | 0   0   1   0   1   1   0   0   0   1   1   1   1   x   x   0   0   0   1   x   1   x   x   x   x   1   1
       5400.0 | 1   0   1   0   1   1   0   0   0   1   1   1   1   x   x   0   0   0   1   x   1   x   x   x   x   1   1
       5450.0 | 0   0   1   0   1   1   0   0   0   1   1   1   1   x   x   0   0   0   1   x   1   x   x   x   x   1   1
       5500.0 | 1   0   1   0   1   1   0   0   0   1   1   1   0   x   x   0   0   0   1   x   1   x   x   x   x   1   1
       5550.0 | 0   0   1   0   1   1   0   0   0   1   1   1   0   x   x   0   0   0   1   x   1   x   x   x   x   1   1
       5600.0 | 1   0   1   0   1   1   0   0   0   1   1   1   0   x   x   0   0   0   1   x   1   x   x   x   x   1   1
       5601.2 | 1   0   1   0   1   1   0   0   0   1   1   0   0   x   x   0   0   0   1   x   1   x   x   x   x   1   1
       5650.0 | 0   0   1   0   1   1   0   0   0   1   1   0   0   x   x   0   0   0   1   x   1   x   x   x   x   1   1
       5700.0 | 1   0   1   0   1   1   0   0   0   1   1   0   0   x   x   0   0   0   1   x   1   x   x   x   x   1   1
       5750.0 | 0   0   1   0   1   1   0   0   0   1   1   0   0   x   x   0   0   0   1   x   1   x   x   x   x   1   1
       5800.0 | 1   0   1   0   1   1   0   0   0   1   1   0   0   x   x   0   0   0   1   x   1   x   x   x   x   1   1
       5850.0 | 0   0   1   0   1   1   0   0   0   1   1   0   0   x   x   0   0   0   1   x   1   x   x   x   x   1   1
       5900.0 | 1   0   1   0   1   1   0   0   0   1   1   0   0   x   x   0   0   0   1   x   1   x   x   x   x   1   1
       5950.0 | 0   0   1   0   1   1   0   0   0   1   1   0   0   x   x   0   0   0   1   x   1   x   x   x   x   1   1
       6000.0 | 1   0   1   0   1   1   0   0   0   1   1   0   0   x   x   0   0   0   1   x   1   x   x   x   x   1   1
       6050.0 | 0   0   1   0   1   1   0   0   0   1   1   0   0   x   x   0   0   0   1   x   1   x   x   x   x   1   1
       6100.0 | 1   0   1   0   1   1   0   0   0   1   1   0   0   x   x   0   0   0   1   x   1   x   x   x   x   1   1
       6150.0 | 0   0   1   0   1   1   0   0   0   1   1   0   0   x   x   0   0   0   1   x   1   x   x   x   x   1   1
       6200.0 | 1   0   1   0   1   1   0   0   0   1   1   0   0   x   x   0   0   0   1   x   1   x   x   x   x   1   1
       6250.0 | 0   0   1   0   1   1   0   0   0   1   1   0   0   x   x   0   0   0   1   x   1   x   x   x   x   1   1
       6300.0 | 1   0   1   0   1   1   0   0   0   1   1   0   0   x   x   0   0   0   1   x   1   x   x   x   x   1   1
       6350.0 | 0   0   1   0   1   1   0   0   0   1   1   0   0   x   x   0   0   0   1   x   1   x   x   x   x   1   1
       6400.0 | 1   0   1   0   1   1   0   0   0   1   1   0   0   x   x   0   0   0   1   x   1   x   x   x   x   1   1
       6450.0 | 0   0   1   0   1   1   0   0   0   1   1   0   0   x   x   0   0   0   1   x   1   x   x   x   x   1   1
       6500.0 | 1   0   1   0   1   1   0   0   0   1   1   0   0   x   x   0   0   0   1   x   1   x   x   x   x   1   1
       6550.0 | 0   0   1   0   1   1   0   0   0   1   1   0   0   x   x   0   0   0   1   x   1   x   x   x   x   1   1
       6600.0 | 1   0   1   0   1   1   0   0   0   1   1   0   0   x   x   0   0   0   1   x   1   x   x   x   x   1   1
       6650.0 | 0   0   1   0   1   1   0   0   0   1   1   0   0   x   x   0   0   0   1   x   1   x   x   x   x   1   1
       6700.0 | 1   0   1   0   1   1   0   0   0   1   1   0   0   x   x   0   0   0   1   x   1   x   x   x   x   1   1
       6750.0 | 0   0   1   0   1   1   0   0   0   1   1   0   0   x   x   0   0   0   1   x   1   x   x   x   x   1   1
       6800.0 | 1   0   1   0   1   1   0   0   0   1   1   0   0   x   x   0   0   0   1   x   1   x   x   x   x   1   1
       6850.0 | 0   0   1   0   1   1   0   0   0   1   1   0   0   x   x   0   0   0   1   x   1   x   x   x   x   1   1
       6900.0 | 1   0   1   0   1   1   0   0   0   1   1   0   0   x   x   0   0   0   1   x   1   x   x   x   x   1   1
       6950.0 | 0   0   1   0   1   1   0   0   0   1   1   0   0   x   x   0   0   0   1   x   1   x   x   x   x   1   1
       7000.0 | 1   0   1   0   1   1   0   0   0   1   1   0   0   x   x   0   0   0   1   x   1   x   x   x   x   1   1
       7050.0 | 0   0   1   0   1   1   0   0   0   1   1   0   0   x   x   0   0   0   1   x   1   x   x   x   x   1   1
       7100.0 | 1   0   1   0   1   1   0   0   0   1   1   0   0   x   x   0   0   0   1   x   1   x   x   x   x   1   1
       7150.0 | 0   0   1   0   1   1   0   0   0   1   1   0   0   x   x   0   0   0   1   x   1   x   x   x   x   1   1
       7200.0 | 1   0   1   0   1   1   0   0   0   1   1   0   0   x   x   0   0   0   1   x   1   x   x   x   x   1   1
       7250.0 | 0   0   1   0   1   1   0   0   0   1   1   0   0   x   x   0   0   0   1   x   1   x   x   x   x   1   1
       7300.0 | 1   0   1   0   1   1   0   0   0   1   1   0   0   x   x   0   0   0   1   x   1   x   x   x   x   1   1
       7350.0 | 0   0   1   0   1   1   0   0   0   1   1   0   0   x   x   0   0   0   1   x   1   x   x   x   x   1   1
       7400.0 | 1   0   1   0   1   1   0   0   0   1   1   0   0   x   x   0   0   0   1   x   1   x   x   x   x   1   1
       7450.0 | 0   0   1   0   1   1   0   0   0   1   1   0   0   x   x   0   0   0   1   x   1   x   x   x   x   1   1
       7500.0 | 1   0   1   0   1   1   0   0   0   1   1   0   0   x   x   0   0   0   1   x   1   x   x   x   x   1   1
       7550.0 | 0   0   1   0   1   1   0   0   0   1   1   0   0   x   x   0   0   0   1   x   1   x   x   x   x   1   1
       7600.0 | 1   0   1   0   1   1   0   0   0   1   1   0   0   x   x   0   0   0   1   x   1   x   x   x   x   1   1
       7650.0 | 0   0   1   0   1   1   0   0   0   1   1   0   0   x   x   0   0   0   1   x   1   x   x   x   x   1   1
       7700.0 | 1   0   1   0   1   1   0   0   0   1   1   0   0   x   x   0   0   0   1   x   1   x   x   x   x   1   1
       7750.0 | 0   0   1   0   1   1   0   0   0   1   1   0   0   x   x   0   0   0   1   x   1   x   x   x   x   1   1
       7800.0 | 1   0   1   0   1   1   0   0   0   1   1   0   0   x   x   0   0   0   1   x   1   x   x   x   x   1   1
       7850.0 | 0   0   1   0   1   1   0   0   0   1   1   0   0   x   x   0   0   0   1   x   1   x   x   x   x   1   1
       7900.0 | 1   0   1   0   1   1   0   0   0   1   1   0   0   x   x   0   0   0   1   x   1   x   x   x   x   1   1
       7950.0 | 0   0   1   0   1   1   0   0   0   1   1   0   0   x   x   0   0   0   1   x   1   x   x   x   x   1   1
       8000.0 | 1   0   1   0   1   1   0   0   0   1   0   0   1   x   x   0   0   0   1   x   1   x   x   x   x   1   1
       8000.1 | 1   0   1   0   1   1   0   0   0   1   0   0   1   x   x   0   0   0   1   x   1   x   x   x   x   1   x
       8050.0 | 0   0   1   0   1   1   0   0   0   1   0   0   1   x   x   0   0   0   1   x   1   x   x   x   x   1   x
       8100.0 | 1   0   1   0   1   1   0   0   0   1   0   0   1   x   x   0   0   0   1   x   1   x   x   x   x   1   x
       8101.3 | 1   0   1   0   1   1   0   0   0   1   0   1   1   x   x   0   0   0   1   x   1   x   x   x   x   1   x
       8102.0 | 1   0   1   0   1   1   0   0   0   1   0   0   1   x   x   0   0   0   1   x   1   x   x   x   x   1   x
       8103.0 | 1   0   1   0   1   1   0   0   0   1   0   0   1   0   0   1   0   0   1   x   1   x   x   x   x   1   x
       8150.0 | 0   0   1   0   1   1   0   0   0   1   0   0   1   0   0   1   0   0   1   x   1   x   x   x   x   1   x
       8200.0 | 1   0   1   0   1   1   0   0   0   1   0   0   1   0   0   1   1   0   1   x   1   x   x   x   x   1   x
       8250.0 | 0   0   1   0   1   1   0   0   0   1   0   0   1   0   0   1   1   0   1   x   1   x   x   x   x   1   x
       8300.0 | 1   0   1   0   1   1   0   0   0   1   0   0   1   0   0   1   1   0   1   x   1   x   x   x   x   1   x
       8301.4 | 1   0   1   0   1   1   0   0   0   1   0   0   1   0   0   0   1   0   1   x   1   x   x   x   x   1   x
       8303.8 | 1   0   1   0   1   1   0   0   0   1   0   0   1   0   0   0   1   1   1   0   1   1   0   0   0   1   0
       8350.0 | 0   0   1   0   1   1   0   0   0   1   0   0   1   0   0   0   1   1   1   0   1   1   0   0   0   1   0
       8400.0 | 1   0   1   0   1   1   0   0   0   1   0   0   1   0   0   0   1   1   1   0   1   1   0   0   0   1   0
       8401.4 | 1   0   1   0   1   1   0   0   0   1   0   0   1   0   x   0   1   1   1   0   1   1   0   0   0   1   0
       8402.1 | 1   0   1   0   1   1   0   0   0   1   0   0   1   0   1   1   1   1   1   0   1   1   0   0   0   1   0
       8402.8 | 1   0   1   0   1   1   0   0   0   1   0   0   1   0   1   1   1   0   1   0   1   1   0   0   0   1   0
       8450.0 | 0   0   1   0   1   1   0   0   0   1   0   0   1   0   1   1   1   0   1   0   1   1   0   0   0   1   0
       8500.0 | 1   0   1   0   1   1   0   0   0   1   0   0   1   0   1   1   1   0   1   0   1   1   0   0   0   1   0
       8501.4 | 1   0   1   0   1   1   0   0   0   1   0   0   1   0   1   0   1   0   1   0   1   1   0   0   0   1   0
       8503.8 | 1   0   1   0   1   1   0   0   0   1   0   0   1   0   1   0   1   1   1   0   1   1   0   0   0   1   0
       8550.0 | 0   0   1   0   1   1   0   0   0   1   0   0   1   0   1   0   1   1   1   0   1   1   0   0   0   1   0
       8600.0 | 1   0   1   0   1   1   0   0   0   1   0   0   1   0   1   0   1   1   1   0   1   1   0   0   0   1   0
       8601.3 | 1   0   1   0   1   1   0   0   0   1   0   0   1   0   x   0   1   1   1   0   1   1   0   0   0   1   0
       8601.5 | 1   0   1   0   1   1   0   0   0   1   0   0   1   x   x   0   1   1   1   0   1   1   0   0   0   1   0
       8602.1 | 1   0   1   0   1   1   0   0   0   1   0   0   1   1   0   1   1   1   1   0   1   1   0   0   0   1   0
       8602.8 | 1   0   1   0   1   1   0   0   0   1   0   0   1   1   0   1   1   0   1   0   1   1   0   0   0   1   0
       8650.0 | 0   0   1   0   1   1   0   0   0   1   0   0   1   1   0   1   1   0   1   0   1   1   0   0   0   1   0
       8700.0 | 1   0   1   0   1   1   0   0   0   1   0   0   1   1   0   1   1   0   1   0   1   1   0   0   0   1   0
       8701.4 | 1   0   1   0   1   1   0   0   0   1   0   0   1   1   0   0   1   0   1   0   1   1   0   0   0   1   0
       8703.8 | 1   0   1   0   1   1   0   0   0   1   0   0   1   1   0   0   1   1   1   0   1   1   0   0   0   1   0
       8750.0 | 0   0   1   0   1   1   0   0   0   1   0   0   1   1   0   0   1   1   1   0   1   1   0   0   0   1   0
       8800.0 | 1   0   1   0   1   1   0   0   0   1   0   0   1   1   0   0   1   1   1   0   1   1   0   0   0   1   0
       8801.4 | 1   0   1   0   1   1   0   0   0   1   0   0   1   1   x   0   1   1   1   0   1   1   0   0   0   1   0
       8802.1 | 1   0   1   0   1   1   0   0   0   1   0   0   1   1   1   1   1   1   1   0   1   1   0   0   0   1   0
       8802.8 | 1   0   1   0   1   1   0   0   0   1   0   0   1   1   1   1   1   0   1   0   1   1   0   0   0   1   0
       8850.0 | 0   0   1   0   1   1   0   0   0   1   0   0   1   1   1   1   1   0   1   0   1   1   0   0   0   1   0
       8900.0 | 1   0   1   0   1   1   0   0   0   1   0   0   1   1   1   1   1   0   1   0   1   1   0   0   0   1   0
       8901.4 | 1   0   1   0   1   1   0   0   0   1   0   0   1   1   1   0   1   0   1   0   1   1   0   0   0   1   0
       8903.8 | 1   0   1   0   1   1   0   0   0   1   0   0   1   1   1   0   1   1   1   0   1   1   0   0   0   1   0
       8950.0 | 0   0   1   0   1   1   0   0   0   1   0   0   1   1   1   0   0   1   1   0   1   1   0   0   0   1   0
       9000.0 | 1   0   1   0   1   1   0   0   0   1   1   0   0   1   1   0   0   1   1   0   1   1   0   0   0   1   0
       9000.1 | 1   0   1   0   1   1   0   0   0   1   1   0   0   1   1   0   0   1   1   0   1   1   0   0   0   1   1
       9001.1 | 1   0   1   0   1   1   0   0   0   1   1   0   0   x   1   0   0   1   1   0   1   1   0   0   0   1   1
       9001.3 | 1   0   1   0   1   1   0   0   0   1   1   1   0   x   x   0   0   1   1   0   1   1   0   0   0   1   1
       9002.6 | 1   0   1   0   1   1   0   0   0   1   1   1   0   x   x   0   0   0   1   0   1   1   0   0   0   1   1
       9050.0 | 0   0   1   0   1   1   0   0   0   1   1   1   0   x   x   0   0   0   1   0   1   1   0   0   0   1   1
       9100.0 | 1   0   1   0   1   1   0   0   0   1   1   1   0   x   x   0   0   0   1   0   1   1   0   0   0   1   1
       9101.2 | 1   0   1   0   1   1   0   0   0   1   1   0   0   x   x   0   0   0   1   0   1   1   0   0   0   1   1
       9150.0 | 0   0   1   0   1   1   0   0   0   1   1   0   0   x   x   0   0   0   1   0   1   1   0   0   0   1   1
       9200.0 | 1   0   1   0   1   1   0   0   0   1   1   0   0   x   x   0   0   0   1   0   1   1   0   0   0   1   1
       9250.0 | 0   0   1   0   1   1   0   0   0   1   1   0   0   x   x   0   0   0   1   0   1   1   0   0   0   1   1
       9300.0 | 1   0   1   0   1   1   0   0   0   1   1   0   0   x   x   0   0   0   1   0   1   1   0   0   0   1   1
       9350.0 | 0   0   1   0   1   1   0   0   0   1   1   0   0   x   x   0   0   0   1   0   1   1   0   0   0   1   1
       9400.0 | 1   0   1   0   1   1   0   0   0   1   1   0   0   x   x   0   0   0   1   0   1   1   0   0   0   1   1
       9450.0 | 0   0   1   0   1   1   0   0   0   1   1   0   0   x   x   0   0   0   1   0   1   1   0   0   0   1   1
       9500.0 | 1   0   1   0   1   1   0   0   0   1   1   0   0   x   x   0   0   0   1   0   1   1   0   0   0   1   1
       9550.0 | 0   0   1   0   1   1   0   0   0   1   1   0   0   x   x   0   0   0   1   0   1   1   0   0   0   1   1
       9600.0 | 1   0   1   0   1   1   0   0   0   1   1   0   0   x   x   0   0   0   1   0   1   1   0   0   0   1   1
       9650.0 | 0   0   1   0   1   1   0   0   0   1   1   0   0   x   x   0   0   0   1   0   1   1   0   0   0   1   1
       9700.0 | 1   0   1   0   1   1   0   0   0   1   1   0   0   x   x   0   0   0   1   0   1   1   0   0   0   1   1
       9750.0 | 0   0   1   0   1   1   0   0   0   1   1   0   0   x   x   0   0   0   1   0   1   1   0   0   0   1   1
       9800.0 | 1   0   1   0   1   1   0   0   0   1   1   0   0   x   x   0   0   0   1   0   1   1   0   0   0   1   1
       9850.0 | 0   0   1   0   1   1   0   0   0   1   1   0   0   x   x   0   0   0   1   0   1   1   0   0   0   1   1
       9900.0 | 1   0   1   0   1   1   0   0   0   1   1   0   0   x   x   0   0   0   1   0   1   1   0   0   0   1   1
       9950.0 | 0   0   1   0   1   1   0   0   0   1   1   0   0   x   x   0   0   0   1   0   1   1   0   0   0   1   1
      10000.0 | 1   0   1   0   1   1   0   0   0   1   1   0   0   x   x   0   0   0   1   0   1   1   0   0   0   1   1
      10050.0 | 0   0   1   0   1   1   0   0   0   1   1   0   0   x   x   0   0   0   1   0   1   1   0   0   0   1   1
      10100.0 | 1   0   1   0   1   1   0   0   0   1   1   0   0   x   x   0   0   0   1   0   1   1   0   0   0   1   1
      10150.0 | 0   0   1   0   1   1   0   0   0   1   1   0   0   x   x   0   0   0   1   0   1   1   0   0   0   1   1
      10200.0 | 1   0   1   0   1   1   0   0   0   1   1   0   0   x   x   0   0   0   1   0   1   1   0   0   0   1   1
      10250.0 | 0   0   1   0   1   1   0   0   0   1   1   0   0   x   x   0   0   0   1   0   1   1   0   0   0   1   1
      10300.0 | 1   0   1   0   1   1   0   0   0   1   1   0   0   x   x   0   0   0   1   0   1   1   0   0   0   1   1
      10350.0 | 0   0   1   0   1   1   0   0   0   1   1   0   0   x   x   0   0   0   1   0   1   1   0   0   0   1   1
      10400.0 | 1   0   1   0   1   1   0   0   0   1   1   0   0   x   x   0   0   0   1   0   1   1   0   0   0   1   1
      10450.0 | 0   0   1   0   1   1   0   0   0   1   1   0   0   x   x   0   0   0   1   0   1   1   0   0   0   1   1
      10500.0 | 1   0   1   0   1   1   0   0   0   1   1   0   0   x   x   0   0   0   1   0   1   1   0   0   0   1   1
      10550.0 | 0   0   1   0   1   1   0   0   0   1   1   0   0   x   x   0   0   0   1   0   1   1   0   0   0   1   1
      10600.0 | 1   0   1   0   1   1   0   0   0   1   1   0   0   x   x   0   0   0   1   0   1   1   0   0   0   1   1
      10650.0 | 0   0   1   0   1   1   0   0   0   1   1   0   0   x   x   0   0   0   1   0   1   1   0   0   0   1   1
      10700.0 | 1   0   1   0   1   1   0   0   0   1   1   0   0   x   x   0   0   0   1   0   1   1   0   0   0   1   1
      10750.0 | 0   0   1   0   1   1   0   0   0   1   1   0   0   x   x   0   0   0   1   0   1   1   0   0   0   1   1
      10800.0 | 1   0   1   0   1   1   0   0   0   1   1   0   0   x   x   0   0   0   1   0   1   1   0   0   0   1   1
      10850.0 | 0   0   1   0   1   1   0   0   0   1   1   0   0   x   x   0   0   0   1   0   1   1   0   0   0   1   1
      10900.0 | 1   0   1   0   1   1   0   0   0   1   1   0   0   x   x   0   0   0   1   0   1   1   0   0   0   1   1
      10950.0 | 0   0   1   0   1   1   0   0   0   1   1   0   0   x   x   0   0   0   1   0   1   1   0   0   0   1   1
      11000.0 | 1   0   1   1   1   1   0   0   0   0   1   0   0   x   x   0   0   0   1   0   1   1   0   0   0   1   1
      11000.1 | 1   0   1   1   1   1   0   0   0   0   1   0   0   x   x   0   0   0   1   x   1   1   0   0   0   x   1
      11050.0 | 0   0   1   1   1   1   0   0   0   0   1   0   0   x   x   0   0   0   1   x   1   1   0   0   0   x   1
      11100.0 | 1   0   1   1   1   1   0   0   0   0   1   0   0   x   x   0   0   0   1   x   1   1   0   0   0   x   1
      11150.0 | 0   0   1   1   1   1   0   0   0   0   1   0   0   x   x   0   0   0   1   x   1   1   0   0   0   x   1
      11200.0 | 1   0   1   1   1   1   0   0   0   0   1   0   0   x   x   0   0   0   1   x   1   1   0   0   0   x   1
      11250.0 | 0   0   1   1   1   1   0   0   0   0   1   0   0   x   x   0   0   0   1   x   1   1   0   0   0   x   1
      11300.0 | 1   0   1   1   1   1   0   0   0   0   1   0   0   x   x   0   0   0   1   x   1   1   0   0   0   x   1
      11350.0 | 0   0   1   1   1   1   0   0   0   0   1   0   0   x   x   0   0   0   1   x   1   1   0   0   0   x   1
      11400.0 | 1   0   1   1   1   1   0   0   0   0   1   0   0   x   x   0   0   0   1   x   1   1   0   0   0   x   1
      11450.0 | 0   0   1   1   1   1   0   0   0   0   1   0   0   x   x   0   0   0   1   x   1   1   0   0   0   x   1
      11500.0 | 1   0   1   1   1   1   0   0   0   0   1   0   0   x   x   0   0   0   1   x   1   1   0   0   0   x   1
      11550.0 | 0   0   1   1   1   1   0   0   0   0   1   0   0   x   x   0   0   0   1   x   1   1   0   0   0   x   1
      11600.0 | 1   0   1   1   1   1   0   0   0   0   1   0   0   x   x   0   0   0   1   x   1   1   0   0   0   x   1
      11650.0 | 0   0   1   1   1   1   0   0   0   0   1   0   0   x   x   0   0   0   1   x   1   1   0   0   0   x   1
      11700.0 | 1   0   1   1   1   1   0   0   0   0   1   0   0   x   x   0   0   0   1   x   1   1   0   0   0   x   1
      11750.0 | 0   0   1   1   1   1   0   0   0   0   1   0   0   x   x   0   0   0   1   x   1   1   0   0   0   x   1
      11800.0 | 1   0   1   1   1   1   0   0   0   0   1   0   0   x   x   0   0   0   1   x   1   1   0   0   0   x   1
      11850.0 | 0   0   1   1   1   1   0   0   0   0   1   0   0   x   x   0   0   0   1   x   1   1   0   0   0   x   1
      11900.0 | 1   0   1   1   1   1   0   0   0   0   1   0   0   x   x   0   0   0   1   x   1   1   0   0   0   x   1
      11950.0 | 0   0   1   1   1   1   0   0   0   0   1   0   0   x   x   0   0   0   1   x   1   1   0   0   0   x   1
      12000.0 | 1   0   1   1   1   1   0   0   0   0   1   0   0   x   x   0   0   0   1   x   1   1   0   0   0   x   1
      12050.0 | 0   0   1   1   1   1   0   0   0   0   1   0   0   x   x   0   0   0   1   x   1   1   0   0   0   x   1
      12100.0 | 1   0   1   1   1   1   0   0   0   0   1   0   0   x   x   0   0   0   1   x   1   1   0   0   0   x   1
      12150.0 | 0   0   1   1   1   1   0   0   0   0   1   0   0   x   x   0   0   0   1   x   1   1   0   0   0   x   1
      12200.0 | 1   0   1   1   1   1   0   0   0   0   1   0   0   x   x   0   0   0   1   x   1   1   0   0   0   x   1
      12250.0 | 0   0   1   1   1   1   0   0   0   0   1   0   0   x   x   0   0   0   1   x   1   1   0   0   0   x   1
      12300.0 | 1   0   1   1   1   1   0   0   0   0   1   0   0   x   x   0   0   0   1   x   1   1   0   0   0   x   1
      12350.0 | 0   0   1   1   1   1   0   0   0   0   1   0   0   x   x   0   0   0   1   x   1   1   0   0   0   x   1
      12400.0 | 1   0   1   1   1   1   0   0   0   0   1   0   0   x   x   0   0   0   1   x   1   1   0   0   0   x   1
      12450.0 | 0   0   1   1   1   1   0   0   0   0   1   0   0   x   x   0   0   0   1   x   1   1   0   0   0   x   1
      12500.0 | 1   0   1   1   1   1   0   0   0   0   1   0   0   x   x   0   0   0   1   x   1   1   0   0   0   x   1
      12550.0 | 0   0   1   1   1   1   0   0   0   0   1   0   0   x   x   0   0   0   1   x   1   1   0   0   0   x   1
      12600.0 | 1   0   1   1   1   1   0   0   0   0   1   0   0   x   x   0   0   0   1   x   1   1   0   0   0   x   1
      12650.0 | 0   0   1   1   1   1   0   0   0   0   1   0   0   x   x   0   0   0   1   x   1   1   0   0   0   x   1
      12700.0 | 1   0   1   1   1   1   0   0   0   0   1   0   0   x   x   0   0   0   1   x   1   1   0   0   0   x   1
      12750.0 | 0   0   1   1   1   1   0   0   0   0   1   0   0   x   x   0   0   0   1   x   1   1   0   0   0   x   1
      12800.0 | 1   0   1   1   1   1   0   0   0   0   1   0   0   x   x   0   0   0   1   x   1   1   0   0   0   x   1
      12850.0 | 0   0   1   1   1   1   0   0   0   0   1   0   0   x   x   0   0   0   1   x   1   1   0   0   0   x   1
      12900.0 | 1   0   1   1   1   1   0   0   0   0   1   0   0   x   x   0   0   0   1   x   1   1   0   0   0   x   1
      12950.0 | 0   0   1   1   1   1   0   0   0   0   1   0   0   x   x   0   0   0   1   x   1   1   0   0   0   x   1
      13000.0 | 1   0   1   1   1   1   0   0   0   0   1   0   0   x   x   0   0   0   1   x   1   1   0   0   0   x   1
      13050.0 | 0   0   1   1   1   1   0   0   0   0   1   0   0   x   x   0   0   0   1   x   1   1   0   0   0   x   1
      13100.0 | 1   0   1   1   1   1   0   0   0   0   1   0   0   x   x   0   0   0   1   x   1   1   0   0   0   x   1
      13150.0 | 0   0   1   1   1   1   0   0   0   0   1   0   0   x   x   0   0   0   1   x   1   1   0   0   0   x   1
      13200.0 | 1   0   1   1   1   1   0   0   0   0   1   0   0   x   x   0   0   0   1   x   1   1   0   0   0   x   1
      13250.0 | 0   0   1   1   1   1   0   0   0   0   1   0   0   x   x   0   0   0   1   x   1   1   0   0   0   x   1
      13300.0 | 1   0   1   1   1   1   0   0   0   0   1   0   0   x   x   0   0   0   1   x   1   1   0   0   0   x   1
      13350.0 | 0   0   1   1   1   1   0   0   0   0   1   0   0   x   x   0   0   0   1   x   1   1   0   0   0   x   1
      13400.0 | 1   0   1   1   1   1   0   0   0   0   1   0   0   x   x   0   0   0   1   x   1   1   0   0   0   x   1
      13450.0 | 0   0   1   1   1   1   0   0   0   0   1   0   0   x   x   0   0   0   1   x   1   1   0   0   0   x   1
      13500.0 | 1   0   1   1   1   1   0   0   0   0   1   0   0   x   x   0   0   0   1   x   1   1   0   0   0   x   1
      13550.0 | 0   0   1   1   1   1   0   0   0   0   1   0   0   x   x   0   0   0   1   x   1   1   0   0   0   x   1
      13600.0 | 1   0   1   1   1   1   0   0   0   0   1   0   0   x   x   0   0   0   1   x   1   1   0   0   0   x   1
      13650.0 | 0   0   1   1   1   1   0   0   0   0   1   0   0   x   x   0   0   0   1   x   1   1   0   0   0   x   1
      13700.0 | 1   0   1   1   1   1   0   0   0   0   1   0   0   x   x   0   0   0   1   x   1   1   0   0   0   x   1
      13750.0 | 0   0   1   1   1   1   0   0   0   0   1   0   0   x   x   0   0   0   1   x   1   1   0   0   0   x   1
      13800.0 | 1   0   1   1   1   1   0   0   0   0   1   0   0   x   x   0   0   0   1   x   1   1   0   0   0   x   1
      13850.0 | 0   0   1   1   1   1   0   0   0   0   1   0   0   x   x   0   0   0   1   x   1   1   0   0   0   x   1
      13900.0 | 1   0   1   1   1   1   0   0   0   0   1   0   0   x   x   0   0   0   1   x   1   1   0   0   0   x   1
      13950.0 | 0   0   1   1   1   1   0   0   0   0   1   0   0   x   x   0   0   0   1   x   1   1   0   0   0   x   1
      14000.0 | 1   0   1   1   1   1   0   0   0   0   1   0   1   x   x   0   0   0   1   x   1   1   0   0   0   x   1
      14050.0 | 0   0   1   1   1   1   0   0   0   0   1   0   1   x   x   0   0   0   1   x   1   1   0   0   0   x   1
      14100.0 | 1   0   1   1   1   1   0   0   0   0   1   0   1   x   x   0   0   0   1   x   1   1   0   0   0   x   1
      14101.3 | 1   0   1   1   1   1   0   0   0   0   1   1   1   x   x   0   0   0   1   x   1   1   0   0   0   x   1
      14102.0 | 1   0   1   1   1   1   0   0   0   0   1   0   1   x   x   0   0   0   1   x   1   1   0   0   0   x   1
      14103.0 | 1   0   1   1   1   1   0   0   0   0   1   0   1   0   0   1   0   0   1   x   1   1   0   0   0   x   1
      14150.0 | 0   0   1   1   1   1   0   0   0   0   1   0   1   0   0   1   0   0   1   x   1   1   0   0   0   x   1
      14200.0 | 1   0   1   1   1   1   0   0   0   0   1   0   1   0   0   1   0   0   1   x   1   1   0   0   0   x   1
      14250.0 | 0   0   1   1   1   1   0   0   0   0   1   0   1   0   0   1   0   0   1   x   1   1   0   0   0   x   1
      14300.0 | 1   0   1   1   1   1   0   0   0   0   1   0   1   0   0   1   0   0   1   x   1   1   0   0   0   x   1
      14350.0 | 0   0   1   1   1   1   0   0   0   0   1   0   1   0   0   1   0   0   1   x   1   1   0   0   0   x   1
      14400.0 | 1   0   1   1   1   1   0   0   0   0   1   0   1   0   0   1   0   0   1   x   1   1   0   0   0   x   1
      14450.0 | 0   0   1   1   1   1   0   0   0   0   1   0   1   0   0   1   0   0   1   x   1   1   0   0   0   x   1
      14500.0 | 1   0   1   1   1   1   0   0   0   0   1   0   1   0   0   1   0   0   1   x   1   1   0   0   0   x   1
      14550.0 | 0   0   1   1   1   1   0   0   0   0   1   0   1   0   0   1   0   0   1   x   1   1   0   0   0   x   1
      14600.0 | 1   0   1   1   1   1   0   0   0   0   1   0   0   0   0   1   0   0   1   x   1   1   0   0   0   x   1
      14650.0 | 0   0   1   1   1   1   0   0   0   0   1   0   0   0   0   1   0   0   1   x   1   1   0   0   0   x   1
      14700.0 | 1   0   1   1   1   1   0   0   0   0   1   0   0   0   0   1   0   0   1   x   1   1   0   0   0   x   1
      14750.0 | 0   0   1   1   1   1   0   0   0   0   1   0   0   0   0   1   0   0   1   x   1   1   0   0   0   x   1
      14800.0 | 1   0   1   1   1   1   0   0   0   0   1   0   0   0   0   1   0   0   1   x   1   1   0   0   0   x   1
      14850.0 | 0   0   1   1   1   1   0   0   0   0   1   0   0   0   0   1   0   0   1   x   1   1   0   0   0   x   1
      14900.0 | 1   0   1   1   1   1   0   0   0   0   1   0   0   0   0   1   0   0   1   x   1   1   0   0   0   x   1
      14950.0 | 0   0   1   1   1   1   0   0   0   0   1   0   0   0   0   1   0   0   1   x   1   1   0   0   0   x   1
      15000.0 | 1   0   1   1   1   1   0   0   0   0   1   0   0   0   0   1   1   0   1   x   1   1   0   0   0   x   1
      15050.0 | 0   0   1   1   1   1   0   0   0   0   1   0   0   0   0   1   1   0   1   x   1   1   0   0   0   x   1
      15100.0 | 1   0   1   1   1   1   0   0   0   0   1   0   0   0   0   1   1   0   1   x   1   1   0   0   0   x   1
      15101.4 | 1   0   1   1   1   1   0   0   0   0   1   0   0   0   0   0   1   0   1   x   1   1   0   0   0   x   1
      15103.8 | 1   0   1   1   1   1   0   0   0   0   1   0   0   0   0   0   1   1   1   1   1   1   0   0   0   0   1
      15150.0 | 0   0   1   1   1   1   0   0   0   0   1   0   0   0   0   0   1   1   1   1   1   1   0   0   0   0   1
      15200.0 | 1   0   1   1   1   1   0   0   0   0   1   0   0   0   0   0   1   1   1   1   1   1   0   0   0   0   1
      15201.4 | 1   0   1   1   1   1   0   0   0   0   1   0   0   0   x   0   1   1   1   1   1   1   0   0   0   0   1
      15202.1 | 1   0   1   1   1   1   0   0   0   0   1   0   0   0   1   1   1   1   1   1   1   1   0   0   0   0   1
      15202.8 | 1   0   1   1   1   1   0   0   0   0   1   0   0   0   1   1   1   0   1   1   1   1   0   0   0   0   1
      15250.0 | 0   0   1   1   1   1   0   0   0   0   1   0   0   0   1   1   1   0   1   1   1   1   0   0   0   0   1
      15300.0 | 1   0   1   1   1   1   0   0   0   0   1   0   0   0   1   1   1   0   1   1   1   1   0   0   0   0   1
      15301.4 | 1   0   1   1   1   1   0   0   0   0   1   0   0   0   1   0   1   0   1   1   1   1   0   0   0   0   1
      15303.8 | 1   0   1   1   1   1   0   0   0   0   1   0   0   0   1   0   1   1   1   1   1   1   0   0   0   0   1
      15350.0 | 0   0   1   1   1   1   0   0   0   0   1   0   0   0   1   0   1   1   1   1   1   1   0   0   0   0   1
      15400.0 | 1   0   1   1   1   1   0   0   0   0   1   0   0   0   1   0   1   1   1   1   1   1   0   0   0   0   1
      15401.3 | 1   0   1   1   1   1   0   0   0   0   1   0   0   0   x   0   1   1   1   1   1   1   0   0   0   0   1
      15401.5 | 1   0   1   1   1   1   0   0   0   0   1   0   0   x   x   0   1   1   1   1   1   1   0   0   0   0   1
      15402.1 | 1   0   1   1   1   1   0   0   0   0   1   0   0   1   0   1   1   1   1   1   1   1   0   0   0   0   1
      15402.8 | 1   0   1   1   1   1   0   0   0   0   1   0   0   1   0   1   1   0   1   1   1   1   0   0   0   0   1
      15450.0 | 0   0   1   1   1   1   0   0   0   0   1   0   0   1   0   1   1   0   1   1   1   1   0   0   0   0   1
      15500.0 | 1   0   1   1   1   1   0   0   0   0   1   0   0   1   0   1   1   0   1   1   1   1   0   0   0   0   1
      15501.4 | 1   0   1   1   1   1   0   0   0   0   1   0   0   1   0   0   1   0   1   1   1   1   0   0   0   0   1
      15503.8 | 1   0   1   1   1   1   0   0   0   0   1   0   0   1   0   0   1   1   1   1   1   1   0   0   0   0   1
      15550.0 | 0   0   1   1   1   1   0   0   0   0   1   0   0   1   0   0   1   1   1   1   1   1   0   0   0   0   1
      15600.0 | 1   0   1   1   1   1   0   0   0   0   1   0   0   1   0   0   1   1   1   1   1   1   0   0   0   0   1
      15601.4 | 1   0   1   1   1   1   0   0   0   0   1   0   0   1   x   0   1   1   1   1   1   1   0   0   0   0   1
      15602.1 | 1   0   1   1   1   1   0   0   0   0   1   0   0   1   1   1   1   1   1   1   1   1   0   0   0   0   1
      15602.8 | 1   0   1   1   1   1   0   0   0   0   1   0   0   1   1   1   1   0   1   1   1   1   0   0   0   0   1
      15650.0 | 0   0   1   1   1   1   0   0   0   0   1   0   0   1   1   1   1   0   1   1   1   1   0   0   0   0   1
      15700.0 | 1   0   1   1   1   1   0   0   0   0   1   0   0   1   1   1   1   0   1   1   1   1   0   0   0   0   1
      15701.4 | 1   0   1   1   1   1   0   0   0   0   1   0   0   1   1   0   1   0   1   1   1   1   0   0   0   0   1
      15703.8 | 1   0   1   1   1   1   0   0   0   0   1   0   0   1   1   0   1   1   1   1   1   1   0   0   0   0   1
      15750.0 | 0   0   1   1   1   1   0   0   0   0   1   0   0   1   1   0   1   1   1   1   1   1   0   0   0   0   1
      15800.0 | 1   0   1   1   1   1   0   0   0   0   1   0   0   1   1   0   1   1   1   1   1   1   0   0   0   0   1
      15801.1 | 1   0   1   1   1   1   0   0   0   0   1   0   0   x   1   0   1   1   1   1   1   1   0   0   0   0   1
      15801.3 | 1   0   1   1   1   1   0   0   0   0   1   1   0   x   x   0   1   1   1   1   1   1   0   0   0   0   1
      15802.6 | 1   0   1   1   1   1   0   0   0   0   1   1   0   x   x   0   1   0   1   1   1   1   0   0   0   0   1
      15850.0 | 0   0   1   1   1   1   0   0   0   0   1   1   0   x   x   0   1   0   1   1   1   1   0   0   0   0   1
      15900.0 | 1   0   1   1   1   1   0   0   0   0   1   1   0   x   x   0   1   0   1   1   1   1   0   0   0   0   1
      15901.2 | 1   0   1   1   1   1   0   0   0   0   1   0   0   x   x   0   1   0   1   1   1   1   0   0   0   0   1
      15950.0 | 0   0   1   1   1   1   0   0   0   0   1   0   0   x   x   0   1   0   1   1   1   1   0   0   0   0   1
      16000.0 | 1   0   1   1   1   1   0   0   0   0   1   0   0   x   x   0   0   0   1   1   1   1   0   0   0   0   1
      16050.0 | 0   0   1   1   1   1   0   0   0   0   1   0   0   x   x   0   0   0   1   1   1   1   0   0   0   0   1
      16100.0 | 1   0   1   1   1   1   0   0   0   0   1   0   0   x   x   0   0   0   1   1   1   1   0   0   0   0   1
      16150.0 | 0   0   1   1   1   1   0   0   0   0   1   0   0   x   x   0   0   0   1   1   1   1   0   0   0   0   1
      16200.0 | 1   0   1   1   1   1   0   0   0   0   1   0   0   x   x   0   0   0   1   1   1   1   0   0   0   0   1
      16250.0 | 0   0   1   1   1   1   0   0   0   0   1   0   0   x   x   0   0   0   1   1   1   1   0   0   0   0   1
      16300.0 | 1   0   1   1   1   1   0   0   0   0   1   0   0   x   x   0   0   0   1   1   1   1   0   0   0   0   1
      16350.0 | 0   0   1   1   1   1   0   0   0   0   1   0   0   x   x   0   0   0   1   1   1   1   0   0   0   0   1
      16400.0 | 1   0   1   1   1   1   0   0   0   0   1   0   0   x   x   0   0   0   1   1   1   1   0   0   0   0   1
      16450.0 | 0   0   1   1   1   1   0   0   0   0   1   0   0   x   x   0   0   0   1   1   1   1   0   0   0   0   1
      16500.0 | 1   0   1   1   1   1   0   0   0   0   1   0   0   x   x   0   0   0   1   1   1   1   0   0   0   0   1
      16550.0 | 0   0   1   1   1   1   0   0   0   0   1   0   0   x   x   0   0   0   1   1   1   1   0   0   0   0   1
      16600.0 | 1   0   1   1   1   1   0   0   0   0   1   0   0   x   x   0   0   0   1   1   1   1   0   0   0   0   1
      16650.0 | 0   0   1   1   1   1   0   0   0   0   1   0   0   x   x   0   0   0   1   1   1   1   0   0   0   0   1
      16700.0 | 1   0   1   1   1   1   0   0   0   0   1   0   0   x   x   0   0   0   1   1   1   1   0   0   0   0   1
      16750.0 | 0   0   1   1   1   1   0   0   0   0   1   0   0   x   x   0   0   0   1   1   1   1   0   0   0   0   1
      16800.0 | 1   0   1   1   1   1   0   0   0   0   1   0   0   x   x   0   0   0   1   1   1   1   0   0   0   0   1
      16850.0 | 0   0   1   1   1   1   0   0   0   0   1   0   0   x   x   0   0   0   1   1   1   1   0   0   0   0   1
      16900.0 | 1   0   1   1   1   1   0   0   0   0   1   0   0   x   x   0   0   0   1   1   1   1   0   0   0   0   1
      16950.0 | 0   0   1   1   1   1   0   0   0   0   1   0   0   x   x   0   0   0   1   1   1   1   0   0   0   0   1
      17000.0 | 1   0   1   1   1   1   0   0   0   0   1   0   0   x   x   0   0   0   1   1   1   1   0   0   0   0   1
      17050.0 | 0   0   1   1   1   1   0   0   0   0   1   0   0   x   x   0   0   0   1   1   1   1   0   0   0   0   1
      17100.0 | 1   0   1   1   1   1   0   0   0   0   1   0   0   x   x   0   0   0   1   1   1   1   0   0   0   0   1
      17150.0 | 0   0   1   1   1   1   0   0   0   0   1   0   0   x   x   0   0   0   1   1   1   1   0   0   0   0   1
      17200.0 | 1   0   1   1   1   1   0   0   0   0   1   0   0   x   x   0   0   0   1   1   1   1   0   0   0   0   1
      17250.0 | 0   0   1   1   1   1   0   0   0   0   1   0   0   x   x   0   0   0   1   1   1   1   0   0   0   0   1
      17300.0 | 1   0   1   1   1   1   0   0   0   0   1   0   0   x   x   0   0   0   1   1   1   1   0   0   0   0   1
      17350.0 | 0   0   1   1   1   1   0   0   0   0   1   0   0   x   x   0   0   0   1   1   1   1   0   0   0   0   1
      17400.0 | 1   0   1   1   1   1   0   0   0   0   1   0   0   x   x   0   0   0   1   1   1   1   0   0   0   0   1
      17450.0 | 0   0   1   1   1   1   0   0   0   0   1   0   0   x   x   0   0   0   1   1   1   1   0   0   0   0   1
      17500.0 | 1   0   1   1   1   1   0   0   0   0   1   0   0   x   x   0   0   0   1   1   1   1   0   0   0   0   1
      17550.0 | 0   0   1   1   1   1   0   0   0   0   1   0   0   x   x   0   0   0   1   1   1   1   0   0   0   0   1
      17600.0 | 1   0   1   1   1   1   0   0   0   0   1   0   0   x   x   0   0   0   1   1   1   1   0   0   0   0   1
      17650.0 | 0   0   1   1   1   1   0   0   0   0   1   0   0   x   x   0   0   0   1   1   1   1   0   0   0   0   1
      17700.0 | 1   0   1   1   1   1   0   0   0   0   1   0   0   x   x   0   0   0   1   1   1   1   0   0   0   0   1
      17750.0 | 0   0   1   1   1   1   0   0   0   0   1   0   0   x   x   0   0   0   1   1   1   1   0   0   0   0   1
      17800.0 | 1   0   1   1   1   1   0   0   0   0   1   0   0   x   x   0   0   0   1   1   1   1   0   0   0   0   1
      17850.0 | 0   0   1   1   1   1   0   0   0   0   1   0   0   x   x   0   0   0   1   1   1   1   0   0   0   0   1
      17900.0 | 1   0   1   1   1   1   0   0   0   0   1   0   0   x   x   0   0   0   1   1   1   1   0   0   0   0   1
      17950.0 | 0   0   1   1   1   1   0   0   0   0   1   0   0   x   x   0   0   0   1   1   1   1   0   0   0   0   1
      18000.0 | 1   0   1   1   1   1   0   0   0   0   1   0   0   x   x   0   0   0   1   1   1   1   0   0   0   0   1
      18050.0 | 0   0   1   1   1   1   0   0   0   0   1   0   0   x   x   0   0   0   1   1   1   1   0   0   0   0   1
      18100.0 | 1   0   1   1   1   1   0   0   0   0   1   0   0   x   x   0   0   0   1   1   1   1   0   0   0   0   1
      18150.0 | 0   0   1   1   1   1   0   0   0   0   1   0   0   x   x   0   0   0   1   1   1   1   0   0   0   0   1
      18200.0 | 1   0   1   1   1   1   0   0   0   0   1   0   0   x   x   0   0   0   1   1   1   1   0   0   0   0   1
      18250.0 | 0   0   1   1   1   1   0   0   0   0   1   0   0   x   x   0   0   0   1   1   1   1   0   0   0   0   1
      18300.0 | 1   0   1   1   1   1   0   0   0   0   1   0   0   x   x   0   0   0   1   1   1   1   0   0   0   0   1
      18350.0 | 0   0   1   1   1   1   0   0   0   0   1   0   0   x   x   0   0   0   1   1   1   1   0   0   0   0   1
      18400.0 | 1   0   1   1   1   1   0   0   0   0   1   0   0   x   x   0   0   0   1   1   1   1   0   0   0   0   1
      18450.0 | 0   0   1   1   1   1   0   0   0   0   1   0   0   x   x   0   0   0   1   1   1   1   0   0   0   0   1
      18500.0 | 1   0   1   1   1   1   0   0   0   0   1   0   0   x   x   0   0   0   1   1   1   1   0   0   0   0   1
      18550.0 | 0   0   1   1   1   1   0   0   0   0   1   0   0   x   x   0   0   0   1   1   1   1   0   0   0   0   1
      18600.0 | 1   0   1   1   1   1   0   0   0   0   1   0   0   x   x   0   0   0   1   1   1   1   0   0   0   0   1
      18650.0 | 0   0   1   1   1   1   0   0   0   0   1   0   0   x   x   0   0   0   1   1   1   1   0   0   0   0   1
      18700.0 | 1   0   1   1   1   1   0   0   0   0   1   0   0   x   x   0   0   0   1   1   1   1   0   0   0   0   1
      18750.0 | 0   0   1   1   1   1   0   0   0   0   1   0   0   x   x   0   0   0   1   1   1   1   0   0   0   0   1
      18800.0 | 1   0   1   1   1   1   0   0   0   0   1   0   0   x   x   0   0   0   1   1   1   1   0   0   0   0   1
      18850.0 | 0   0   1   1   1   1   0   0   0   0   1   0   0   x   x   0   0   0   1   1   1   1   0   0   0   0   1
      18900.0 | 1   0   1   1   1   1   0   0   0   0   1   0   0   x   x   0   0   0   1   1   1   1   0   0   0   0   1
      18950.0 | 0   0   1   1   1   1   0   0   0   0   1   0   0   x   x   0   0   0   1   1   1   1   0   0   0   0   1
      19000.0 | 1   0   1   1   1   1   0   0   0   0   1   0   0   x   x   0   0   0   1   1   1   1   0   0   0   0   1
      19050.0 | 0   0   1   1   1   1   0   0   0   0   1   0   0   x   x   0   0   0   1   1   1   1   0   0   0   0   1
      19100.0 | 1   0   1   1   1   1   0   0   0   0   1   0   0   x   x   0   0   0   1   1   1   1   0   0   0   0   1
      19150.0 | 0   0   1   1   1   1   0   0   0   0   1   0   0   x   x   0   0   0   1   1   1   1   0   0   0   0   1
      19200.0 | 1   0   1   1   1   1   0   0   0   0   1   0   0   x   x   0   0   0   1   1   1   1   0   0   0   0   1
      19250.0 | 0   0   1   1   1   1   0   0   0   0   1   0   0   x   x   0   0   0   1   1   1   1   0   0   0   0   1
      19300.0 | 1   0   1   1   1   1   0   0   0   0   1   0   0   x   x   0   0   0   1   1   1   1   0   0   0   0   1
      19350.0 | 0   0   1   1   1   1   0   0   0   0   1   0   0   x   x   0   0   0   1   1   1   1   0   0   0   0   1
      19400.0 | 1   0   1   1   1   1   0   0   0   0   1   0   0   x   x   0   0   0   1   1   1   1   0   0   0   0   1
      19450.0 | 0   0   1   1   1   1   0   0   0   0   1   0   0   x   x   0   0   0   1   1   1   1   0   0   0   0   1
      19500.0 | 1   0   1   1   1   1   0   0   0   0   1   0   0   x   x   0   0   0   1   1   1   1   0   0   0   0   1
      19550.0 | 0   0   1   1   1   1   0   0   0   0   1   0   0   x   x   0   0   0   1   1   1   1   0   0   0   0   1
      19600.0 | 1   0   1   1   1   1   0   0   0   0   1   0   0   x   x   0   0   0   1   1   1   1   0   0   0   0   1
      19650.0 | 0   0   1   1   1   1   0   0   0   0   1   0   0   x   x   0   0   0   1   1   1   1   0   0   0   0   1
      19700.0 | 1   0   1   1   1   1   0   0   0   0   1   0   0   x   x   0   0   0   1   1   1   1   0   0   0   0   1
      19750.0 | 0   0   1   1   1   1   0   0   0   0   1   0   0   x   x   0   0   0   1   1   1   1   0   0   0   0   1
      19800.0 | 1   0   1   1   1   1   0   0   0   0   1   0   0   x   x   0   0   0   1   1   1   1   0   0   0   0   1
      19850.0 | 0   0   1   1   1   1   0   0   0   0   1   0   0   x   x   0   0   0   1   1   1   1   0   0   0   0   1
      19900.0 | 1   0   1   1   1   1   0   0   0   0   1   0   0   x   x   0   0   0   1   1   1   1   0   0   0   0   1
      19950.0 | 0   0   1   1   1   1   0   0   0   0   1   0   0   x   x   0   0   0   1   1   1   1   0   0   0   0   1
      19999.9 | 0   0   1   1   1   1   0   0   0   0   1   0   0   x   x   0   0   0   1   1   1   1   0   0   0   0   1
====================================================================================================================================
  network : De_piece                                                                                                   nodes : 189  
====================================================================================================================================
