                  0 UNDLLLLLLLL
                 85 DNDLLLLLLLL
                 90 DUDLLLLLLLL
                170 UUDLLLLLLLL
                180 UDDLLLLLLLL
                255 DDDLLLLLLLL
                270 DDULLLLLLLL
                340 UDULLLLLLLH
                425 DDULLLLLLLH
                510 UDULLLLLLHH
                595 DDULLLLLLHH
                680 UDULLLLLLHH
                765 DDULLLLLLHH
                850 UDULLLLLHHH
                935 DDULLLLLHHH
               1020 UDULLLLLHHH
               1105 DDULLLLLHHH
               1170 DDDLLLLLHHH
               1190 UDDLLLLLHHH
               1270 UDULLLLLHHH
               1275 DDULLLLLHHH
               1360 UDULLLLLHHH
               1370 UDDLLLLLHHH
               1445 DDDLLLLLHHH
               1530 UDDLLLLLHHH
               1615 DDDLLLLLHHH
               1700 UDDLLLLLHHH
               1785 DDDLLLLLHHH
               1870 UDDLLLLLHHH
               1955 DDDLLLLLHHH
