                  0 UNDDDNXXXXXXXX
               1000 DNDDDNXXXXXXXX
               2000 UNDDDNXXXXXXXX
               3000 DNDDDNXXXXXXXX
               4000 UUDDDNXXXXXXXX
               4004 UUDDDNLLLLLLLL
               5000 DUDDDNLLLLLLLL
               6000 UUDDDNLLLLLLLL
               7000 DUDDDNLLLLLLLL
               8000 UDDDDNLLLLLLLL
               9000 DDDDDNLLLLLLLL
              10000 UDDDDNLLLLLLLL
              10200 UDDDDULLLLLLLL
              11000 DDDDDULLLLLLLL
              12000 UDDDDULLLLLLLL
              13000 DDDDDULLLLLLLL
              14000 UDDDDULLLLLLLL
              14200 UDDDDDLLLLLLLL
              15000 DDDDDDLLLLLLLL
              16000 UDDDDDLLLLLLLL
              17000 DDDDDDLLLLLLLL
              18000 UDDDDDLLLLLLLL
              19000 DDDDDDLLLLLLLL
              20000 UDDDDDLLLLLLLL
              21000 DDDDDDLLLLLLLL
              22000 UDDDDDLLLLLLLL
              23000 DDDDDDLLLLLLLL
              24000 UDDDDDLLLLLLLL
              25000 DDDDDDLLLLLLLL
              26000 UDDDDDLLLLLLLL
              27000 DDDDDDLLLLLLLL
              28000 UDDDDDLLLLLLLL
              29000 DDDDDDLLLLLLLL
              30000 UDDDDDLLLLLLLL
              31000 DDDDDDLLLLLLLL
              32000 UDDDDDLLLLLLLL
              33000 DDDDDDLLLLLLLL
              34000 UDDDDDLLLLLLLL
              35000 DDDDDDLLLLLLLL
              36000 UDDDDDLLLLLLLL
              37000 DDDDDDLLLLLLLL
              38000 UDDDDDLLLLLLLL
              39000 DDDDDDLLLLLLLL
              40000 UDDDDDLLLLLLLL
              41000 DDDDDDLLLLLLLL
              42000 UDDDDDLLLLLLLL
              43000 DDDDDDLLLLLLLL
              44000 UDDDDDLLLLLLLL
              45000 DDDDDDLLLLLLLL
              46000 UDDDDDLLLLLLLL
              47000 DDDDDDLLLLLLLL
              48000 UDDDDDLLLLLLLL
              49000 DDDDDDLLLLLLLL
              50000 UDDDDDLLLLLLLL
              51000 DDDDDDLLLLLLLL
              52000 UDDDDDLLLLLLLL
              53000 DDDDDDLLLLLLLL
              54000 UDDDDDLLLLLLLL
              54200 UDDDUULLLLLLLL
              55000 DDDDUULLLLLLLL
              56000 UDDDUULLLLLLLL
              56004 UDDDUULLLLLLLH
              57000 DDDDUULLLLLLLH
              58000 UDDDUULLLLLLLH
              58004 UDDDUULLLLLLHL
              58200 UDDDUDLLLLLLHL
              59000 DDDDUDLLLLLLHL
              60000 UDDDUDLLLLLLHL
              61000 DDDDUDLLLLLLHL
              62000 UDDDUDLLLLLLHL
              63000 DDDDUDLLLLLLHL
              64000 UDDDUDLLLLLLHL
              65000 DDDDUDLLLLLLHL
              66000 UDDDUDLLLLLLHL
              67000 DDDDUDLLLLLLHL
              68000 UDDDUDLLLLLLHL
              69000 DDDDUDLLLLLLHL
              70000 UDDDUDLLLLLLHL
              71000 DDDDUDLLLLLLHL
              72000 UDDDUDLLLLLLHL
              73000 DDDDUDLLLLLLHL
              74000 UDDDUDLLLLLLHL
              75000 DDDDUDLLLLLLHL
              76000 UDDDUDLLLLLLHL
              77000 DDDDUDLLLLLLHL
              78000 UDDDUDLLLLLLHL
              78200 UDUUUULLLLLLHL
              79000 DDUUUULLLLLLHL
              80000 UDUUUULLLLLLHL
              80004 UDUUUULLLLHLLH
              81000 DDUUUULLLLHLLH
              82000 UDUUUULLLLHLLH
              82004 UDUUUULLLHLLLL
              83000 DDUUUULLLHLLLL
              84000 UDUUUULLLHLLLL
              84004 UDUUUULLLHLHHH
              85000 DDUUUULLLHLHHH
              86000 UDUUUULLLHLHHH
              86004 UDUUUULLLHHHHL
              87000 DDUUUULLLHHHHL
              88000 UDUUUULLLHHHHL
              88004 UDUUUULLHLLHLH
              89000 DDUUUULLHLLHLH
              90000 UDUUUULLHLLHLH
              90004 UDUUUULLHLHHLL
              91000 DDUUUULLHLHHLL
              92000 UDUUUULLHLHHLL
              92004 UDUUUULLHHLLHH
              93000 DDUUUULLHHLLHH
              94000 UDUUUULLHHLLHH
              94004 UDUUUULLHHHLHL
              95000 DDUUUULLHHHLHL
              96000 UDUUUULLHHHLHL
              96004 UDUUUULHLLLLLH
              97000 DDUUUULHLLLLLH
              98000 UDUUUULHLLLLLH
              98004 UDUUUULHLLHLLL
              99000 DDUUUULHLLHLLL
             100000 UDUUUULHLLHLLL
